{"uuid":"73eedc88-e0da-4884-bd78-65043ec462f4","historyId":"10f3c97734deecc9caa9fb42741bfc63","testCaseId":"[engine:junit-jupiter]/[class:HACIENDA.Tramite31601.Tramite31601Test]/[method:Proceso31601()]","testCaseName":"Proceso31601()","fullName":"HACIENDA.Tramite31601.Tramite31601Test.Proceso31601","labels":[{"name":"junit.platform.uniqueid","value":"[engine:junit-jupiter]/[class:HACIENDA.Tramite31601.Tramite31601Test]/[method:Proceso31601()]"},{"name":"host","value":"EquipoUltrasist"},{"name":"thread","value":"4296@EquipoUltrasist.main(1)"},{"name":"framework","value":"junit-platform"},{"name":"language","value":"java"},{"name":"package","value":"HACIENDA.Tramite31601.Tramite31601Test"},{"name":"testClass","value":"HACIENDA.Tramite31601.Tramite31601Test"},{"name":"testMethod","value":"Proceso31601"},{"name":"suite","value":"HACIENDA.Tramite31601.Tramite31601Test"}],"links":[],"name":"Proceso31601()","status":"broken","statusDetails":{"known":false,"muted":false,"flaky":false,"message":"invalid selector: An invalid or illegal selector was specified\n  (Session info: chrome=134.0.6998.35)\nFor documentation on this error, please visit: https://www.selenium.dev/documentation/webdriver/troubleshooting/errors#invalid-selector-exception\nBuild info: version: '4.19.1', revision: 'abe0ee07dc'\nSystem info: os.name: 'Windows 11', os.arch: 'amd64', os.version: '10.0', java.version: '22.0.2'\nDriver info: org.openqa.selenium.chrome.ChromeDriver\nCommand: [04f21c53c92d9544968e5c9eed77d4a8, findElement {using=css selector, value=span.ui-button-text:contains('Aceptar')}]\nCapabilities {acceptInsecureCerts: true, browserName: chrome, browserVersion: 134.0.6998.35, chrome: {chromedriverVersion: 134.0.6998.35 (ea6ef4c2ac15..., userDataDir: C:\\Users\\JOSSUE~1\\AppData\\L...}, fedcm:accounts: true, goog:chromeOptions: {debuggerAddress: localhost:65455}, networkConnectionEnabled: false, pageLoadStrategy: normal, platformName: windows, proxy: Proxy(), se:cdp: ws://localhost:65455/devtoo..., se:cdpVersion: 134.0.6998.35, setWindowRect: true, strictFileInteractability: false, timeouts: {implicit: 0, pageLoad: 300000, script: 30000}, unhandledPromptBehavior: accept, webauthn:extension:credBlob: true, webauthn:extension:largeBlob: true, webauthn:extension:minPinLength: true, webauthn:extension:prf: true, webauthn:virtualAuthenticators: true}\nSession ID: 04f21c53c92d9544968e5c9eed77d4a8","trace":"org.openqa.selenium.InvalidSelectorException: invalid selector: An invalid or illegal selector was specified\n  (Session info: chrome=134.0.6998.35)\nFor documentation on this error, please visit: https://www.selenium.dev/documentation/webdriver/troubleshooting/errors#invalid-selector-exception\nBuild info: version: '4.19.1', revision: 'abe0ee07dc'\nSystem info: os.name: 'Windows 11', os.arch: 'amd64', os.version: '10.0', java.version: '22.0.2'\nDriver info: org.openqa.selenium.chrome.ChromeDriver\nCommand: [04f21c53c92d9544968e5c9eed77d4a8, findElement {using=css selector, value=span.ui-button-text:contains('Aceptar')}]\nCapabilities {acceptInsecureCerts: true, browserName: chrome, browserVersion: 134.0.6998.35, chrome: {chromedriverVersion: 134.0.6998.35 (ea6ef4c2ac15..., userDataDir: C:\\Users\\JOSSUE~1\\AppData\\L...}, fedcm:accounts: true, goog:chromeOptions: {debuggerAddress: localhost:65455}, networkConnectionEnabled: false, pageLoadStrategy: normal, platformName: windows, proxy: Proxy(), se:cdp: ws://localhost:65455/devtoo..., se:cdpVersion: 134.0.6998.35, setWindowRect: true, strictFileInteractability: false, timeouts: {implicit: 0, pageLoad: 300000, script: 30000}, unhandledPromptBehavior: accept, webauthn:extension:credBlob: true, webauthn:extension:largeBlob: true, webauthn:extension:minPinLength: true, webauthn:extension:prf: true, webauthn:virtualAuthenticators: true}\nSession ID: 04f21c53c92d9544968e5c9eed77d4a8\r\n\tat java.base/jdk.internal.reflect.DirectConstructorHandleAccessor.newInstance(DirectConstructorHandleAccessor.java:62)\r\n\tat java.base/java.lang.reflect.Constructor.newInstanceWithCaller(Constructor.java:502)\r\n\tat java.base/java.lang.reflect.Constructor.newInstance(Constructor.java:486)\r\n\tat org.openqa.selenium.remote.ErrorCodec.decode(ErrorCodec.java:167)\r\n\tat org.openqa.selenium.remote.codec.w3c.W3CHttpResponseCodec.decode(W3CHttpResponseCodec.java:138)\r\n\tat org.openqa.selenium.remote.codec.w3c.W3CHttpResponseCodec.decode(W3CHttpResponseCodec.java:50)\r\n\tat org.openqa.selenium.remote.HttpCommandExecutor.execute(HttpCommandExecutor.java:190)\r\n\tat org.openqa.selenium.remote.service.DriverCommandExecutor.invokeExecute(DriverCommandExecutor.java:216)\r\n\tat org.openqa.selenium.remote.service.DriverCommandExecutor.execute(DriverCommandExecutor.java:174)\r\n\tat org.openqa.selenium.remote.RemoteWebDriver.execute(RemoteWebDriver.java:518)\r\n\tat org.openqa.selenium.remote.ElementLocation$ElementFinder$2.findElement(ElementLocation.java:165)\r\n\tat org.openqa.selenium.remote.ElementLocation.findElement(ElementLocation.java:59)\r\n\tat org.openqa.selenium.remote.RemoteWebDriver.findElement(RemoteWebDriver.java:355)\r\n\tat org.openqa.selenium.remote.RemoteWebDriver.findElement(RemoteWebDriver.java:349)\r\n\tat com.codeborne.selenide.impl.WebElementSelector.findElement(WebElementSelector.java:73)\r\n\tat com.codeborne.selenide.impl.WebElementSelector.findElement(WebElementSelector.java:46)\r\n\tat com.codeborne.selenide.impl.WebElementSelector.findElement(WebElementSelector.java:35)\r\n\tat com.codeborne.selenide.impl.ElementFinder.getWebElement(ElementFinder.java:122)\r\n\tat com.codeborne.selenide.impl.WebElementSource.checkConditionAndReturnElement(WebElementSource.java:114)\r\n\tat com.codeborne.selenide.impl.WebElementSource.findAndAssertElementIsClickable(WebElementSource.java:171)\r\n\tat com.codeborne.selenide.commands.Click.findElement(Click.java:53)\r\n\tat com.codeborne.selenide.commands.Click.execute(Click.java:34)\r\n\tat com.codeborne.selenide.commands.Click.execute(Click.java:26)\r\n\tat com.codeborne.selenide.commands.Commands.execute(Commands.java:162)\r\n\tat com.codeborne.selenide.impl.SelenideElementProxy.dispatchAndRetry(SelenideElementProxy.java:134)\r\n\tat com.codeborne.selenide.impl.SelenideElementProxy.invoke(SelenideElementProxy.java:86)\r\n\tat jdk.proxy2/jdk.proxy2.$Proxy10.click(Unknown Source)\r\n\tat HACIENDA.Tramite31601.Tramite31601Test.lambda$Proceso31601$0(Tramite31601Test.java:145)\r\n\tat HACIENDA.Tramite31601.Tramite31601Test.ejecutarProcesoNRunnable(Tramite31601Test.java:183)\r\n\tat HACIENDA.Tramite31601.Tramite31601Test.Proceso31601(Tramite31601Test.java:85)\r\n\tat java.base/jdk.internal.reflect.DirectMethodHandleAccessor.invoke(DirectMethodHandleAccessor.java:103)\r\n\tat java.base/java.lang.reflect.Method.invoke(Method.java:580)\r\n\tat org.junit.platform.commons.util.ReflectionUtils.invokeMethod(ReflectionUtils.java:728)\r\n\tat org.junit.jupiter.engine.execution.MethodInvocation.proceed(MethodInvocation.java:60)\r\n\tat org.junit.jupiter.engine.execution.InvocationInterceptorChain$ValidatingInvocation.proceed(InvocationInterceptorChain.java:131)\r\n\tat org.junit.jupiter.engine.extension.TimeoutExtension.intercept(TimeoutExtension.java:156)\r\n\tat org.junit.jupiter.engine.extension.TimeoutExtension.interceptTestableMethod(TimeoutExtension.java:147)\r\n\tat org.junit.jupiter.engine.extension.TimeoutExtension.interceptTestMethod(TimeoutExtension.java:86)\r\n\tat org.junit.jupiter.engine.execution.InterceptingExecutableInvoker$ReflectiveInterceptorCall.lambda$ofVoidMethod$0(InterceptingExecutableInvoker.java:103)\r\n\tat org.junit.jupiter.engine.execution.InterceptingExecutableInvoker.lambda$invoke$0(InterceptingExecutableInvoker.java:93)\r\n\tat org.junit.jupiter.engine.execution.InvocationInterceptorChain$InterceptedInvocation.proceed(InvocationInterceptorChain.java:106)\r\n\tat org.junit.jupiter.engine.execution.InvocationInterceptorChain.proceed(InvocationInterceptorChain.java:64)\r\n\tat org.junit.jupiter.engine.execution.InvocationInterceptorChain.chainAndInvoke(InvocationInterceptorChain.java:45)\r\n\tat org.junit.jupiter.engine.execution.InvocationInterceptorChain.invoke(InvocationInterceptorChain.java:37)\r\n\tat org.junit.jupiter.engine.execution.InterceptingExecutableInvoker.invoke(InterceptingExecutableInvoker.java:92)\r\n\tat org.junit.jupiter.engine.execution.InterceptingExecutableInvoker.invoke(InterceptingExecutableInvoker.java:86)\r\n\tat org.junit.jupiter.engine.descriptor.TestMethodTestDescriptor.lambda$invokeTestMethod$7(TestMethodTestDescriptor.java:218)\r\n\tat org.junit.platform.engine.support.hierarchical.ThrowableCollector.execute(ThrowableCollector.java:73)\r\n\tat org.junit.jupiter.engine.descriptor.TestMethodTestDescriptor.invokeTestMethod(TestMethodTestDescriptor.java:214)\r\n\tat org.junit.jupiter.engine.descriptor.TestMethodTestDescriptor.execute(TestMethodTestDescriptor.java:139)\r\n\tat org.junit.jupiter.engine.descriptor.TestMethodTestDescriptor.execute(TestMethodTestDescriptor.java:69)\r\n\tat org.junit.platform.engine.support.hierarchical.NodeTestTask.lambda$executeRecursively$6(NodeTestTask.java:151)\r\n\tat org.junit.platform.engine.support.hierarchical.ThrowableCollector.execute(ThrowableCollector.java:73)\r\n\tat org.junit.platform.engine.support.hierarchical.NodeTestTask.lambda$executeRecursively$8(NodeTestTask.java:141)\r\n\tat org.junit.platform.engine.support.hierarchical.Node.around(Node.java:137)\r\n\tat org.junit.platform.engine.support.hierarchical.NodeTestTask.lambda$executeRecursively$9(NodeTestTask.java:139)\r\n\tat org.junit.platform.engine.support.hierarchical.ThrowableCollector.execute(ThrowableCollector.java:73)\r\n\tat org.junit.platform.engine.support.hierarchical.NodeTestTask.executeRecursively(NodeTestTask.java:138)\r\n\tat org.junit.platform.engine.support.hierarchical.NodeTestTask.execute(NodeTestTask.java:95)\r\n\tat java.base/java.util.ArrayList.forEach(ArrayList.java:1597)\r\n\tat org.junit.platform.engine.support.hierarchical.SameThreadHierarchicalTestExecutorService.invokeAll(SameThreadHierarchicalTestExecutorService.java:41)\r\n\tat org.junit.platform.engine.support.hierarchical.NodeTestTask.lambda$executeRecursively$6(NodeTestTask.java:155)\r\n\tat org.junit.platform.engine.support.hierarchical.ThrowableCollector.execute(ThrowableCollector.java:73)\r\n\tat org.junit.platform.engine.support.hierarchical.NodeTestTask.lambda$executeRecursively$8(NodeTestTask.java:141)\r\n\tat org.junit.platform.engine.support.hierarchical.Node.around(Node.java:137)\r\n\tat org.junit.platform.engine.support.hierarchical.NodeTestTask.lambda$executeRecursively$9(NodeTestTask.java:139)\r\n\tat org.junit.platform.engine.support.hierarchical.ThrowableCollector.execute(ThrowableCollector.java:73)\r\n\tat org.junit.platform.engine.support.hierarchical.NodeTestTask.executeRecursively(NodeTestTask.java:138)\r\n\tat org.junit.platform.engine.support.hierarchical.NodeTestTask.execute(NodeTestTask.java:95)\r\n\tat java.base/java.util.ArrayList.forEach(ArrayList.java:1597)\r\n\tat org.junit.platform.engine.support.hierarchical.SameThreadHierarchicalTestExecutorService.invokeAll(SameThreadHierarchicalTestExecutorService.java:41)\r\n\tat org.junit.platform.engine.support.hierarchical.NodeTestTask.lambda$executeRecursively$6(NodeTestTask.java:155)\r\n\tat org.junit.platform.engine.support.hierarchical.ThrowableCollector.execute(ThrowableCollector.java:73)\r\n\tat org.junit.platform.engine.support.hierarchical.NodeTestTask.lambda$executeRecursively$8(NodeTestTask.java:141)\r\n\tat org.junit.platform.engine.support.hierarchical.Node.around(Node.java:137)\r\n\tat org.junit.platform.engine.support.hierarchical.NodeTestTask.lambda$executeRecursively$9(NodeTestTask.java:139)\r\n\tat org.junit.platform.engine.support.hierarchical.ThrowableCollector.execute(ThrowableCollector.java:73)\r\n\tat org.junit.platform.engine.support.hierarchical.NodeTestTask.executeRecursively(NodeTestTask.java:138)\r\n\tat org.junit.platform.engine.support.hierarchical.NodeTestTask.execute(NodeTestTask.java:95)\r\n\tat org.junit.platform.engine.support.hierarchical.SameThreadHierarchicalTestExecutorService.submit(SameThreadHierarchicalTestExecutorService.java:35)\r\n\tat org.junit.platform.engine.support.hierarchical.HierarchicalTestExecutor.execute(HierarchicalTestExecutor.java:57)\r\n\tat org.junit.platform.engine.support.hierarchical.HierarchicalTestEngine.execute(HierarchicalTestEngine.java:54)\r\n\tat org.junit.platform.launcher.core.EngineExecutionOrchestrator.execute(EngineExecutionOrchestrator.java:147)\r\n\tat org.junit.platform.launcher.core.EngineExecutionOrchestrator.execute(EngineExecutionOrchestrator.java:127)\r\n\tat org.junit.platform.launcher.core.EngineExecutionOrchestrator.execute(EngineExecutionOrchestrator.java:90)\r\n\tat org.junit.platform.launcher.core.EngineExecutionOrchestrator.lambda$execute$0(EngineExecutionOrchestrator.java:55)\r\n\tat org.junit.platform.launcher.core.EngineExecutionOrchestrator.withInterceptedStreams(EngineExecutionOrchestrator.java:102)\r\n\tat org.junit.platform.launcher.core.EngineExecutionOrchestrator.execute(EngineExecutionOrchestrator.java:54)\r\n\tat org.junit.platform.launcher.core.DefaultLauncher.execute(DefaultLauncher.java:114)\r\n\tat org.junit.platform.launcher.core.DefaultLauncher.execute(DefaultLauncher.java:86)\r\n\tat org.junit.platform.launcher.core.DefaultLauncherSession$DelegatingLauncher.execute(DefaultLauncherSession.java:86)\r\n\tat org.junit.platform.launcher.core.SessionPerRequestLauncher.execute(SessionPerRequestLauncher.java:53)\r\n\tat com.intellij.junit5.JUnit5IdeaTestRunner.startRunnerWithArgs(JUnit5IdeaTestRunner.java:57)\r\n\tat com.intellij.rt.junit.IdeaTestRunner$Repeater$1.execute(IdeaTestRunner.java:38)\r\n\tat com.intellij.rt.execution.junit.TestsRepeater.repeat(TestsRepeater.java:11)\r\n\tat com.intellij.rt.junit.IdeaTestRunner$Repeater.startRunnerWithArgs(IdeaTestRunner.java:35)\r\n\tat com.intellij.rt.junit.JUnitStarter.prepareStreamsAndStart(JUnitStarter.java:232)\r\n\tat com.intellij.rt.junit.JUnitStarter.main(JUnitStarter.java:55)\r\n"},"stage":"finished","description":"","steps":[{"name":"$(\"open\") https://wwwqa.ventanillaunica.gob.mx/ventanilla-HA/authentication.action?showLogin=%22;","status":"passed","stage":"finished","steps":[{"name":"$(\"webdriver\") create()","status":"passed","stage":"finished","steps":[],"attachments":[],"parameters":[],"start":1741386858974,"stop":1741386864119}],"attachments":[],"parameters":[],"start":1741386858957,"stop":1741386869869},{"name":"$(\"By.xpath: //*[@id='certificate']\") set value(C:\\VucemAuto\\automations\\src\\test\\resources\\CredSoli\\aal0409235e6.cer)","status":"passed","stage":"finished","steps":[],"attachments":[],"parameters":[],"start":1741386869874,"stop":1741386870234},{"name":"$(\"By.xpath: //*[@id='privateKey']\") set value(C:\\VucemAuto\\automations\\src\\test\\resources\\CredSoli\\AAL0409235E6_1012231310.key)","status":"passed","stage":"finished","steps":[],"attachments":[],"parameters":[],"start":1741386870235,"stop":1741386870367},{"name":"$(\"By.xpath: //*[@id='privateKeyPassword']\") set value(delfin40)","status":"passed","stage":"finished","steps":[],"attachments":[],"parameters":[],"start":1741386870367,"stop":1741386870572},{"name":"$(\"By.xpath: //button[@onclick='ejecutarProcesoFirma(1)']\") click()","status":"passed","stage":"finished","steps":[],"attachments":[],"parameters":[],"start":1741386870572,"stop":1741386870719},{"name":"$(\"By.xpath: //*[@id='claveRol']\") send keys(Persona Moral)","status":"passed","stage":"finished","steps":[],"attachments":[],"parameters":[],"start":1741386870719,"stop":1741386872990},{"name":"$(\"By.xpath: //button[@name='ingresar']\") click()","status":"passed","stage":"finished","steps":[],"attachments":[],"parameters":[],"start":1741386873997,"stop":1741386877020},{"name":"$(\"By.xpath: //*[@id='Trámites']\") send keys(Solicitudes nuevas)","status":"passed","stage":"finished","steps":[],"attachments":[],"parameters":[],"start":1741386878025,"stop":1741386878137},{"name":"$(\"By.xpath: /html/body/main/div/div[2]/div[1]/div[1]/div/nav/div/div[2]/ul/li[5]/ul/li[3]/a\") click()","status":"passed","stage":"finished","steps":[],"attachments":[],"parameters":[],"start":1741386879151,"stop":1741386879875},{"name":"$(\"By.xpath: //img[contains(@alt, 'General')]\") click()","status":"passed","stage":"finished","steps":[],"attachments":[],"parameters":[],"start":1741386880876,"stop":1741386882029},{"name":"$(\"By.xpath: /html/body/main/div/div[3]/div/div[8]/ul/li/a\") click()","status":"passed","stage":"finished","steps":[],"attachments":[],"parameters":[],"start":1741386883033,"stop":1741386883135},{"name":"$(\"By.xpath: /html/body/main/div/div[3]/div/div[8]/ul/li/ul/li[3]/a\") click()","status":"passed","stage":"finished","steps":[],"attachments":[],"parameters":[],"start":1741386884137,"stop":1741386884270},{"name":"$(\"By.xpath: /html/body/main/div/div[3]/div/div[8]/ul/li/ul/li[3]/ul/li[1]/a\") click()","status":"passed","stage":"finished","steps":[],"attachments":[],"parameters":[],"start":1741386885283,"stop":1741386900715},{"name":"$(\"By.xpath: //*[@id=\"tabs\"]/ul/li[2]/a\") click()","status":"passed","stage":"finished","steps":[],"attachments":[],"parameters":[],"start":1741386901726,"stop":1741386901835},{"name":"$(\"By.xpath: //*[@id=\"preOperativoANo\"]\") click()","status":"passed","stage":"finished","steps":[],"attachments":[],"parameters":[],"start":1741386902847,"stop":1741386903064},{"name":"$(\"By.xpath: //*[@id=\"regimen_3\"]\") click()","status":"passed","stage":"finished","steps":[],"attachments":[],"parameters":[],"start":1741386904075,"stop":1741386904214},{"name":"$(\"By.xpath: //*[@id=\"solicitud.listaCatalogoSolicitud[0].catalogo\"]\") send keys(Fabricación de equipo ferroviario)","status":"passed","stage":"finished","steps":[],"attachments":[],"parameters":[],"start":1741386905226,"stop":1741386905318},{"name":"$(\"By.xpath: //*[@id=\"si190\"]\") click()","status":"passed","stage":"finished","steps":[],"attachments":[],"parameters":[],"start":1741386906329,"stop":1741386906479},{"name":"$(\"By.xpath: //*[@id=\"si191\"]\") click()","status":"passed","stage":"finished","steps":[],"attachments":[],"parameters":[],"start":1741386907484,"stop":1741386907606},{"name":"$(\"By.xpath: //*[@id=\"emPropiosSi\"]\") click()","status":"passed","stage":"finished","steps":[],"attachments":[],"parameters":[],"start":1741386908617,"stop":1741386908752},{"name":"$(\"By.xpath: //*[@id=\"empPropios\"]\") send keys(10)","status":"passed","stage":"finished","steps":[],"attachments":[],"parameters":[],"start":1741386909764,"stop":1741386909899},{"name":"$(\"By.xpath: //*[@id=\"solicitud.empleadosPropios.bimestre\"]\") send keys(Mayo-Junio)","status":"passed","stage":"finished","steps":[],"attachments":[],"parameters":[],"start":1741386910905,"stop":1741386911015},{"name":"$(\"By.xpath: //*[@id=\"no2011\"]\") click()","status":"passed","stage":"finished","steps":[],"attachments":[],"parameters":[],"start":1741386912027,"stop":1741386912217},{"name":"$(\"By.xpath: //*[@id=\"no237A\"]\") click()","status":"passed","stage":"finished","steps":[],"attachments":[],"parameters":[],"start":1741386913220,"stop":1741386913350},{"name":"$(\"By.xpath: //*[@id=\"no238A\"]\") click()","status":"passed","stage":"finished","steps":[],"attachments":[],"parameters":[],"start":1741386914352,"stop":1741386914469},{"name":"$(\"By.xpath: //*[@id=\"si239\"]\") click()","status":"passed","stage":"finished","steps":[],"attachments":[],"parameters":[],"start":1741386915483,"stop":1741386915589},{"name":"$(\"By.xpath: //*[@id=\"no240A\"]\") click()","status":"passed","stage":"finished","steps":[],"attachments":[],"parameters":[],"start":1741386916593,"stop":1741386916676},{"name":"$(\"By.xpath: //*[@id=\"si243\"]\") click()","status":"passed","stage":"finished","steps":[],"attachments":[],"parameters":[],"start":1741386917678,"stop":1741386917819},{"name":"$(\"By.xpath: //*[@id=\"no244A\"]\") click()","status":"passed","stage":"finished","steps":[],"attachments":[],"parameters":[],"start":1741386918831,"stop":1741386918933},{"name":"$(\"By.xpath: //*[@id=\"IMMEX\"]\") send keys(42025 - Autorización Programa Nueva Industrial)","status":"passed","stage":"finished","steps":[],"attachments":[],"parameters":[],"start":1741386919937,"stop":1741386920608},{"name":"$(\"By.xpath: //*[@id=\"btnAgregarDomicilios\"]\") click()","status":"passed","stage":"finished","steps":[],"attachments":[],"parameters":[],"start":1741386921618,"stop":1741386921820},{"name":"$(\"By.xpath: //*[@id=\"entidadFederativaIDC\"]\") send keys(SINALOA)","status":"passed","stage":"finished","steps":[],"attachments":[],"parameters":[],"start":1741386922829,"stop":1741386922930},{"name":"$(\"By.xpath: //*[@id=\"cb_gridDomiciliosModal\"]\") click()","status":"passed","stage":"finished","steps":[],"attachments":[],"parameters":[],"start":1741386923935,"stop":1741386924074},{"name":"$(\"By.xpath: /html/body/div[9]/div[2]/table/tbody/tr[4]/td/input[1]\") click()","status":"passed","stage":"finished","steps":[],"attachments":[],"parameters":[],"start":1741386925080,"stop":1741386925525},{"name":"$(\"By.xpath: //*[@id=\"archivo\"]\") set value(C:\\VucemAuto\\automations\\src\\test\\resources\\Doc31601\\carga_proveedoresExtranjerosIC (1).xls)","status":"passed","stage":"finished","steps":[],"attachments":[],"parameters":[],"start":1741386926533,"stop":1741386926647},{"name":"$(\"By.xpath: //*[@id=\"uploadNewFileExtranjeros\"]\") click()","status":"passed","stage":"finished","steps":[],"attachments":[],"parameters":[],"start":1741386927656,"stop":1741386928211},{"name":"$(\"by text: Ok\") should be(visible)","status":"passed","stage":"finished","steps":[],"attachments":[],"parameters":[],"start":1741386929737,"stop":1741386929776},{"name":"$(\"by text: Ok\") should have(text \"Ok\")","status":"passed","stage":"finished","steps":[],"attachments":[],"parameters":[],"start":1741386929776,"stop":1741386929842},{"name":"$(\"by text: Ok\") click()","status":"passed","stage":"finished","steps":[],"attachments":[],"parameters":[],"start":1741386929842,"stop":1741386929989},{"name":"$(\"By.xpath: //*[@id=\"archivoNacionales\"]\") set value(C:\\VucemAuto\\automations\\src\\test\\resources\\Doc31601\\carga_proveedoresNacionesIC (1).xls)","status":"passed","stage":"finished","steps":[],"attachments":[],"parameters":[],"start":1741386930996,"stop":1741386931103},{"name":"$(\"By.xpath: //*[@id=\"uploadFileExtranjerosN\"]\") click()","status":"passed","stage":"finished","steps":[],"attachments":[],"parameters":[],"start":1741386932117,"stop":1741386932610},{"name":"$(\"by text: Ok[1]\") click()","status":"passed","stage":"finished","steps":[],"attachments":[],"parameters":[],"start":1741386934136,"stop":1741386934285},{"name":"$(\"By.xpath: //*[@id=\"no705\"]\") click()","status":"passed","stage":"finished","steps":[],"attachments":[],"parameters":[],"start":1741386934285,"stop":1741386934426},{"name":"$(\"By.xpath: //*[@id=\"siInventario\"]\") click()","status":"passed","stage":"finished","steps":[],"attachments":[],"parameters":[],"start":1741386935436,"stop":1741386935534},{"name":"$(\"By.xpath: //*[@id=\"nombre.inventario\"]\") send keys(Nombrejhgjk)","status":"passed","stage":"finished","steps":[],"attachments":[],"parameters":[],"start":1741386936537,"stop":1741386936672},{"name":"$(\"By.xpath: //*[@id=\"lugarR.inventario\"]\") send keys(gwegw)","status":"passed","stage":"finished","steps":[],"attachments":[],"parameters":[],"start":1741386937674,"stop":1741386937852},{"name":"$(\"By.xpath: //*[@id=\"anexo.inventario\"]\") click()","status":"passed","stage":"finished","steps":[],"attachments":[],"parameters":[],"start":1741386938864,"stop":1741386939039},{"name":"$(\"By.xpath: //*[@id=\"btnAgregar.inventario\"]\") click()","status":"passed","stage":"finished","steps":[],"attachments":[],"parameters":[],"start":1741386940045,"stop":1741386940201},{"name":"$(\"by text: Aceptar\") should be(visible)","status":"passed","stage":"finished","steps":[],"attachments":[],"parameters":[],"start":1741386941713,"stop":1741386941753},{"name":"$(\"by text: Aceptar\") should have(text \"Aceptar\")","status":"passed","stage":"finished","steps":[],"attachments":[],"parameters":[],"start":1741386941753,"stop":1741386941791},{"name":"$(\"by text: Aceptar\") click()","status":"passed","stage":"finished","steps":[],"attachments":[],"parameters":[],"start":1741386941791,"stop":1741386941892},{"name":"$(\"By.xpath: //*[@id=\"si251\"]\") click()","status":"passed","stage":"finished","steps":[],"attachments":[],"parameters":[],"start":1741386943395,"stop":1741386943519},{"name":"$(\"By.xpath: //*[@id=\"no706\"]\") click()","status":"passed","stage":"finished","steps":[],"attachments":[],"parameters":[],"start":1741386945028,"stop":1741386945177},{"name":"$(\"By.xpath: //*[@id=\"no707\"]\") click()","status":"passed","stage":"finished","steps":[],"attachments":[],"parameters":[],"start":1741386946683,"stop":1741386946832},{"name":"$(\"By.xpath: //*[@id=\"no708\"]\") click()","status":"passed","stage":"finished","steps":[],"attachments":[],"parameters":[],"start":1741386948333,"stop":1741386948433},{"name":"$(\"By.xpath: /html/body/div[1]/div[3]/div[3]/div/form/div[2]/div[2]/div[5]/table/tbody/tr/td/table/tbody/tr[6]/td/input[1]\") click()","status":"passed","stage":"finished","steps":[],"attachments":[],"parameters":[],"start":1741386949935,"stop":1741386950119},{"name":"$(\"By.xpath: //*[@id=\"socio.caracterDe\"]\") send keys(Administrador único)","status":"passed","stage":"finished","steps":[],"attachments":[],"parameters":[],"start":1741386951121,"stop":1741386951204},{"name":"$(\"By.xpath: //*[@id=\"socio.tributarMexicoFalse\"]\") click()","status":"passed","stage":"finished","steps":[],"attachments":[],"parameters":[],"start":1741386952215,"stop":1741386952323},{"name":"$(\"By.xpath: //*[@id=\"socio.tipoPersona\"]\") send keys(Moral)","status":"passed","stage":"finished","steps":[],"attachments":[],"parameters":[],"start":1741386953337,"stop":1741386953408},{"name":"$(\"By.xpath: //*[@id=\"agregarSocio\"]\") send keys(egwgwegwg)","status":"passed","stage":"finished","steps":[],"attachments":[],"parameters":[],"start":1741386954417,"stop":1741386954495},{"name":"$(\"By.xpath: //*[@id=\"socio.nacionalidad\"]\") send keys(ANTARTIDA)","status":"passed","stage":"finished","steps":[],"attachments":[],"parameters":[],"start":1741386955505,"stop":1741386955584},{"name":"$(\"By.xpath: //*[@id=\"btnSocioAgregarModal\"]\") click()","status":"passed","stage":"finished","steps":[],"attachments":[],"parameters":[],"start":1741386956591,"stop":1741386956702},{"name":"$(\"span.ui-button-text:contains('Aceptar')\") click()","status":"broken","statusDetails":{"known":false,"muted":false,"flaky":false,"message":"invalid selector: An invalid or illegal selector was specified\n  (Session info: chrome=134.0.6998.35)\nFor documentation on this error, please visit: https://www.selenium.dev/documentation/webdriver/troubleshooting/errors#invalid-selector-exception\nBuild info: version: '4.19.1', revision: 'abe0ee07dc'\nSystem info: os.name: 'Windows 11', os.arch: 'amd64', os.version: '10.0', java.version: '22.0.2'\nDriver info: org.openqa.selenium.chrome.ChromeDriver\nCommand: [04f21c53c92d9544968e5c9eed77d4a8, findElement {using=css selector, value=span.ui-button-text:contains('Aceptar')}]\nCapabilities {acceptInsecureCerts: true, browserName: chrome, browserVersion: 134.0.6998.35, chrome: {chromedriverVersion: 134.0.6998.35 (ea6ef4c2ac15..., userDataDir: C:\\Users\\JOSSUE~1\\AppData\\L...}, fedcm:accounts: true, goog:chromeOptions: {debuggerAddress: localhost:65455}, networkConnectionEnabled: false, pageLoadStrategy: normal, platformName: windows, proxy: Proxy(), se:cdp: ws://localhost:65455/devtoo..., se:cdpVersion: 134.0.6998.35, setWindowRect: true, strictFileInteractability: false, timeouts: {implicit: 0, pageLoad: 300000, script: 30000}, unhandledPromptBehavior: accept, webauthn:extension:credBlob: true, webauthn:extension:largeBlob: true, webauthn:extension:minPinLength: true, webauthn:extension:prf: true, webauthn:virtualAuthenticators: true}\nSession ID: 04f21c53c92d9544968e5c9eed77d4a8","trace":"org.openqa.selenium.InvalidSelectorException: invalid selector: An invalid or illegal selector was specified\n  (Session info: chrome=134.0.6998.35)\nFor documentation on this error, please visit: https://www.selenium.dev/documentation/webdriver/troubleshooting/errors#invalid-selector-exception\nBuild info: version: '4.19.1', revision: 'abe0ee07dc'\nSystem info: os.name: 'Windows 11', os.arch: 'amd64', os.version: '10.0', java.version: '22.0.2'\nDriver info: org.openqa.selenium.chrome.ChromeDriver\nCommand: [04f21c53c92d9544968e5c9eed77d4a8, findElement {using=css selector, value=span.ui-button-text:contains('Aceptar')}]\nCapabilities {acceptInsecureCerts: true, browserName: chrome, browserVersion: 134.0.6998.35, chrome: {chromedriverVersion: 134.0.6998.35 (ea6ef4c2ac15..., userDataDir: C:\\Users\\JOSSUE~1\\AppData\\L...}, fedcm:accounts: true, goog:chromeOptions: {debuggerAddress: localhost:65455}, networkConnectionEnabled: false, pageLoadStrategy: normal, platformName: windows, proxy: Proxy(), se:cdp: ws://localhost:65455/devtoo..., se:cdpVersion: 134.0.6998.35, setWindowRect: true, strictFileInteractability: false, timeouts: {implicit: 0, pageLoad: 300000, script: 30000}, unhandledPromptBehavior: accept, webauthn:extension:credBlob: true, webauthn:extension:largeBlob: true, webauthn:extension:minPinLength: true, webauthn:extension:prf: true, webauthn:virtualAuthenticators: true}\nSession ID: 04f21c53c92d9544968e5c9eed77d4a8\r\n\tat java.base/jdk.internal.reflect.DirectConstructorHandleAccessor.newInstance(DirectConstructorHandleAccessor.java:62)\r\n\tat java.base/java.lang.reflect.Constructor.newInstanceWithCaller(Constructor.java:502)\r\n\tat java.base/java.lang.reflect.Constructor.newInstance(Constructor.java:486)\r\n\tat org.openqa.selenium.remote.ErrorCodec.decode(ErrorCodec.java:167)\r\n\tat org.openqa.selenium.remote.codec.w3c.W3CHttpResponseCodec.decode(W3CHttpResponseCodec.java:138)\r\n\tat org.openqa.selenium.remote.codec.w3c.W3CHttpResponseCodec.decode(W3CHttpResponseCodec.java:50)\r\n\tat org.openqa.selenium.remote.HttpCommandExecutor.execute(HttpCommandExecutor.java:190)\r\n\tat org.openqa.selenium.remote.service.DriverCommandExecutor.invokeExecute(DriverCommandExecutor.java:216)\r\n\tat org.openqa.selenium.remote.service.DriverCommandExecutor.execute(DriverCommandExecutor.java:174)\r\n\tat org.openqa.selenium.remote.RemoteWebDriver.execute(RemoteWebDriver.java:518)\r\n\tat org.openqa.selenium.remote.ElementLocation$ElementFinder$2.findElement(ElementLocation.java:165)\r\n\tat org.openqa.selenium.remote.ElementLocation.findElement(ElementLocation.java:59)\r\n\tat org.openqa.selenium.remote.RemoteWebDriver.findElement(RemoteWebDriver.java:355)\r\n\tat org.openqa.selenium.remote.RemoteWebDriver.findElement(RemoteWebDriver.java:349)\r\n\tat com.codeborne.selenide.impl.WebElementSelector.findElement(WebElementSelector.java:73)\r\n\tat com.codeborne.selenide.impl.WebElementSelector.findElement(WebElementSelector.java:46)\r\n\tat com.codeborne.selenide.impl.WebElementSelector.findElement(WebElementSelector.java:35)\r\n\tat com.codeborne.selenide.impl.ElementFinder.getWebElement(ElementFinder.java:122)\r\n\tat com.codeborne.selenide.impl.WebElementSource.checkConditionAndReturnElement(WebElementSource.java:114)\r\n\tat com.codeborne.selenide.impl.WebElementSource.findAndAssertElementIsClickable(WebElementSource.java:171)\r\n\tat com.codeborne.selenide.commands.Click.findElement(Click.java:53)\r\n\tat com.codeborne.selenide.commands.Click.execute(Click.java:34)\r\n\tat com.codeborne.selenide.commands.Click.execute(Click.java:26)\r\n\tat com.codeborne.selenide.commands.Commands.execute(Commands.java:162)\r\n\tat com.codeborne.selenide.impl.SelenideElementProxy.dispatchAndRetry(SelenideElementProxy.java:134)\r\n\tat com.codeborne.selenide.impl.SelenideElementProxy.invoke(SelenideElementProxy.java:86)\r\n\tat jdk.proxy2/jdk.proxy2.$Proxy10.click(Unknown Source)\r\n\tat HACIENDA.Tramite31601.Tramite31601Test.lambda$Proceso31601$0(Tramite31601Test.java:145)\r\n\tat HACIENDA.Tramite31601.Tramite31601Test.ejecutarProcesoNRunnable(Tramite31601Test.java:183)\r\n\tat HACIENDA.Tramite31601.Tramite31601Test.Proceso31601(Tramite31601Test.java:85)\r\n\tat java.base/jdk.internal.reflect.DirectMethodHandleAccessor.invoke(DirectMethodHandleAccessor.java:103)\r\n\tat java.base/java.lang.reflect.Method.invoke(Method.java:580)\r\n\tat org.junit.platform.commons.util.ReflectionUtils.invokeMethod(ReflectionUtils.java:728)\r\n\tat org.junit.jupiter.engine.execution.MethodInvocation.proceed(MethodInvocation.java:60)\r\n\tat org.junit.jupiter.engine.execution.InvocationInterceptorChain$ValidatingInvocation.proceed(InvocationInterceptorChain.java:131)\r\n\tat org.junit.jupiter.engine.extension.TimeoutExtension.intercept(TimeoutExtension.java:156)\r\n\tat org.junit.jupiter.engine.extension.TimeoutExtension.interceptTestableMethod(TimeoutExtension.java:147)\r\n\tat org.junit.jupiter.engine.extension.TimeoutExtension.interceptTestMethod(TimeoutExtension.java:86)\r\n\tat org.junit.jupiter.engine.execution.InterceptingExecutableInvoker$ReflectiveInterceptorCall.lambda$ofVoidMethod$0(InterceptingExecutableInvoker.java:103)\r\n\tat org.junit.jupiter.engine.execution.InterceptingExecutableInvoker.lambda$invoke$0(InterceptingExecutableInvoker.java:93)\r\n\tat org.junit.jupiter.engine.execution.InvocationInterceptorChain$InterceptedInvocation.proceed(InvocationInterceptorChain.java:106)\r\n\tat org.junit.jupiter.engine.execution.InvocationInterceptorChain.proceed(InvocationInterceptorChain.java:64)\r\n\tat org.junit.jupiter.engine.execution.InvocationInterceptorChain.chainAndInvoke(InvocationInterceptorChain.java:45)\r\n\tat org.junit.jupiter.engine.execution.InvocationInterceptorChain.invoke(InvocationInterceptorChain.java:37)\r\n\tat org.junit.jupiter.engine.execution.InterceptingExecutableInvoker.invoke(InterceptingExecutableInvoker.java:92)\r\n\tat org.junit.jupiter.engine.execution.InterceptingExecutableInvoker.invoke(InterceptingExecutableInvoker.java:86)\r\n\tat org.junit.jupiter.engine.descriptor.TestMethodTestDescriptor.lambda$invokeTestMethod$7(TestMethodTestDescriptor.java:218)\r\n\tat org.junit.platform.engine.support.hierarchical.ThrowableCollector.execute(ThrowableCollector.java:73)\r\n\tat org.junit.jupiter.engine.descriptor.TestMethodTestDescriptor.invokeTestMethod(TestMethodTestDescriptor.java:214)\r\n\tat org.junit.jupiter.engine.descriptor.TestMethodTestDescriptor.execute(TestMethodTestDescriptor.java:139)\r\n\tat org.junit.jupiter.engine.descriptor.TestMethodTestDescriptor.execute(TestMethodTestDescriptor.java:69)\r\n\tat org.junit.platform.engine.support.hierarchical.NodeTestTask.lambda$executeRecursively$6(NodeTestTask.java:151)\r\n\tat org.junit.platform.engine.support.hierarchical.ThrowableCollector.execute(ThrowableCollector.java:73)\r\n\tat org.junit.platform.engine.support.hierarchical.NodeTestTask.lambda$executeRecursively$8(NodeTestTask.java:141)\r\n\tat org.junit.platform.engine.support.hierarchical.Node.around(Node.java:137)\r\n\tat org.junit.platform.engine.support.hierarchical.NodeTestTask.lambda$executeRecursively$9(NodeTestTask.java:139)\r\n\tat org.junit.platform.engine.support.hierarchical.ThrowableCollector.execute(ThrowableCollector.java:73)\r\n\tat org.junit.platform.engine.support.hierarchical.NodeTestTask.executeRecursively(NodeTestTask.java:138)\r\n\tat org.junit.platform.engine.support.hierarchical.NodeTestTask.execute(NodeTestTask.java:95)\r\n\tat java.base/java.util.ArrayList.forEach(ArrayList.java:1597)\r\n\tat org.junit.platform.engine.support.hierarchical.SameThreadHierarchicalTestExecutorService.invokeAll(SameThreadHierarchicalTestExecutorService.java:41)\r\n\tat org.junit.platform.engine.support.hierarchical.NodeTestTask.lambda$executeRecursively$6(NodeTestTask.java:155)\r\n\tat org.junit.platform.engine.support.hierarchical.ThrowableCollector.execute(ThrowableCollector.java:73)\r\n\tat org.junit.platform.engine.support.hierarchical.NodeTestTask.lambda$executeRecursively$8(NodeTestTask.java:141)\r\n\tat org.junit.platform.engine.support.hierarchical.Node.around(Node.java:137)\r\n\tat org.junit.platform.engine.support.hierarchical.NodeTestTask.lambda$executeRecursively$9(NodeTestTask.java:139)\r\n\tat org.junit.platform.engine.support.hierarchical.ThrowableCollector.execute(ThrowableCollector.java:73)\r\n\tat org.junit.platform.engine.support.hierarchical.NodeTestTask.executeRecursively(NodeTestTask.java:138)\r\n\tat org.junit.platform.engine.support.hierarchical.NodeTestTask.execute(NodeTestTask.java:95)\r\n\tat java.base/java.util.ArrayList.forEach(ArrayList.java:1597)\r\n\tat org.junit.platform.engine.support.hierarchical.SameThreadHierarchicalTestExecutorService.invokeAll(SameThreadHierarchicalTestExecutorService.java:41)\r\n\tat org.junit.platform.engine.support.hierarchical.NodeTestTask.lambda$executeRecursively$6(NodeTestTask.java:155)\r\n\tat org.junit.platform.engine.support.hierarchical.ThrowableCollector.execute(ThrowableCollector.java:73)\r\n\tat org.junit.platform.engine.support.hierarchical.NodeTestTask.lambda$executeRecursively$8(NodeTestTask.java:141)\r\n\tat org.junit.platform.engine.support.hierarchical.Node.around(Node.java:137)\r\n\tat org.junit.platform.engine.support.hierarchical.NodeTestTask.lambda$executeRecursively$9(NodeTestTask.java:139)\r\n\tat org.junit.platform.engine.support.hierarchical.ThrowableCollector.execute(ThrowableCollector.java:73)\r\n\tat org.junit.platform.engine.support.hierarchical.NodeTestTask.executeRecursively(NodeTestTask.java:138)\r\n\tat org.junit.platform.engine.support.hierarchical.NodeTestTask.execute(NodeTestTask.java:95)\r\n\tat org.junit.platform.engine.support.hierarchical.SameThreadHierarchicalTestExecutorService.submit(SameThreadHierarchicalTestExecutorService.java:35)\r\n\tat org.junit.platform.engine.support.hierarchical.HierarchicalTestExecutor.execute(HierarchicalTestExecutor.java:57)\r\n\tat org.junit.platform.engine.support.hierarchical.HierarchicalTestEngine.execute(HierarchicalTestEngine.java:54)\r\n\tat org.junit.platform.launcher.core.EngineExecutionOrchestrator.execute(EngineExecutionOrchestrator.java:147)\r\n\tat org.junit.platform.launcher.core.EngineExecutionOrchestrator.execute(EngineExecutionOrchestrator.java:127)\r\n\tat org.junit.platform.launcher.core.EngineExecutionOrchestrator.execute(EngineExecutionOrchestrator.java:90)\r\n\tat org.junit.platform.launcher.core.EngineExecutionOrchestrator.lambda$execute$0(EngineExecutionOrchestrator.java:55)\r\n\tat org.junit.platform.launcher.core.EngineExecutionOrchestrator.withInterceptedStreams(EngineExecutionOrchestrator.java:102)\r\n\tat org.junit.platform.launcher.core.EngineExecutionOrchestrator.execute(EngineExecutionOrchestrator.java:54)\r\n\tat org.junit.platform.launcher.core.DefaultLauncher.execute(DefaultLauncher.java:114)\r\n\tat org.junit.platform.launcher.core.DefaultLauncher.execute(DefaultLauncher.java:86)\r\n\tat org.junit.platform.launcher.core.DefaultLauncherSession$DelegatingLauncher.execute(DefaultLauncherSession.java:86)\r\n\tat org.junit.platform.launcher.core.SessionPerRequestLauncher.execute(SessionPerRequestLauncher.java:53)\r\n\tat com.intellij.junit5.JUnit5IdeaTestRunner.startRunnerWithArgs(JUnit5IdeaTestRunner.java:57)\r\n\tat com.intellij.rt.junit.IdeaTestRunner$Repeater$1.execute(IdeaTestRunner.java:38)\r\n\tat com.intellij.rt.execution.junit.TestsRepeater.repeat(TestsRepeater.java:11)\r\n\tat com.intellij.rt.junit.IdeaTestRunner$Repeater.startRunnerWithArgs(IdeaTestRunner.java:35)\r\n\tat com.intellij.rt.junit.JUnitStarter.prepareStreamsAndStart(JUnitStarter.java:232)\r\n\tat com.intellij.rt.junit.JUnitStarter.main(JUnitStarter.java:55)\r\n"},"stage":"finished","steps":[],"attachments":[{"name":"Screenshot","source":"0dc41f3c-45cc-40a2-87e9-be71f3b55e15-attachment.png","type":"image/png"},{"name":"Page source","source":"500e6f2e-71c9-4e1d-9db6-62617f0ce6ec-attachment.html","type":"text/html"}],"parameters":[],"start":1741386958216,"stop":1741386958482}],"attachments":[],"parameters":[],"start":1741386853488,"stop":1741386958492}