{"uuid":"a8fceca1-e6de-4268-bbc2-9e5d747c3209","historyId":"80258fc6606c9c08106acf21781e762f","testCaseId":"[engine:junit-jupiter]/[class:HACIENDA.TramiteB4.MainPageB4Test]/[method:Procesob4()]","testCaseName":"Procesob4()","fullName":"HACIENDA.TramiteB4.MainPageB4Test.Procesob4","labels":[{"name":"junit.platform.uniqueid","value":"[engine:junit-jupiter]/[class:HACIENDA.TramiteB4.MainPageB4Test]/[method:Procesob4()]"},{"name":"host","value":"EquipoUltrasist"},{"name":"thread","value":"17880@EquipoUltrasist.main(1)"},{"name":"framework","value":"junit-platform"},{"name":"language","value":"java"},{"name":"package","value":"HACIENDA.TramiteB4.MainPageB4Test"},{"name":"testClass","value":"HACIENDA.TramiteB4.MainPageB4Test"},{"name":"testMethod","value":"Procesob4"},{"name":"suite","value":"HACIENDA.TramiteB4.MainPageB4Test"}],"links":[],"name":"Procesob4()","status":"failed","statusDetails":{"known":false,"muted":false,"flaky":false,"message":"Invalid element state [By.xpath: //*[@id='btnCerrar']]: element click intercepted: Element <input id=\"btnCerrar\" name=\"Cerrar\" value=\"Cerrar\" onclick=\"javascript: cerrarDoc();\" class=\"btn btn-default\" type=\"button\"> is not clickable at point (1331, 960). Other element would receive the click: <div class=\"ui-widget-overlay ui-front\" style=\"z-index: 100;\"></div>\r\nScreenshot: file:/C:/VucemAuto/automations/build/reports/tests/1742855154347.0.png\r\nPage source: file:/C:/VucemAuto/automations/build/reports/tests/1742855154347.0.html\r\nTimeout: 4 s.\r\nCaused by: ElementClickInterceptedException: element click intercepted: Element <input id=\"btnCerrar\" name=\"Cerrar\" value=\"Cerrar\" onclick=\"javascript: cerrarDoc();\" class=\"btn btn-default\" type=\"button\"> is not clickable at point (1331, 960). Other element would receive the click: <div class=\"ui-widget-overlay ui-front\" style=\"z-index: 100;\"></div>","trace":"Invalid element state [By.xpath: //*[@id='btnCerrar']]: element click intercepted: Element <input id=\"btnCerrar\" name=\"Cerrar\" value=\"Cerrar\" onclick=\"javascript: cerrarDoc();\" class=\"btn btn-default\" type=\"button\"> is not clickable at point (1331, 960). Other element would receive the click: <div class=\"ui-widget-overlay ui-front\" style=\"z-index: 100;\"></div>\r\nScreenshot: file:/C:/VucemAuto/automations/build/reports/tests/1742855154347.0.png\r\nPage source: file:/C:/VucemAuto/automations/build/reports/tests/1742855154347.0.html\r\nTimeout: 4 s.\r\nCaused by: ElementClickInterceptedException: element click intercepted: Element <input id=\"btnCerrar\" name=\"Cerrar\" value=\"Cerrar\" onclick=\"javascript: cerrarDoc();\" class=\"btn btn-default\" type=\"button\"> is not clickable at point (1331, 960). Other element would receive the click: <div class=\"ui-widget-overlay ui-front\" style=\"z-index: 100;\"></div>\r\n\tat com.codeborne.selenide.impl.ExceptionWrapper.wrap(ExceptionWrapper.java:26)\r\n\tat com.codeborne.selenide.impl.SelenideElementProxy.dispatchAndRetry(SelenideElementProxy.java:156)\r\n\tat com.codeborne.selenide.impl.SelenideElementProxy.invoke(SelenideElementProxy.java:86)\r\n\tat jdk.proxy2/jdk.proxy2.$Proxy10.click(Unknown Source)\r\n\tat HACIENDA.TramiteB4.MainPageB4Test.lambda$Procesob4$0(MainPageB4Test.java:100)\r\n\tat HACIENDA.TramiteB4.MainPageB4Test.ejecutarProcesoNRunnable(MainPageB4Test.java:129)\r\n\tat HACIENDA.TramiteB4.MainPageB4Test.Procesob4(MainPageB4Test.java:55)\r\n\tat java.base/jdk.internal.reflect.DirectMethodHandleAccessor.invoke(DirectMethodHandleAccessor.java:103)\r\n\tat java.base/java.lang.reflect.Method.invoke(Method.java:580)\r\n\tat org.junit.platform.commons.util.ReflectionUtils.invokeMethod(ReflectionUtils.java:728)\r\n\tat org.junit.jupiter.engine.execution.MethodInvocation.proceed(MethodInvocation.java:60)\r\n\tat org.junit.jupiter.engine.execution.InvocationInterceptorChain$ValidatingInvocation.proceed(InvocationInterceptorChain.java:131)\r\n\tat org.junit.jupiter.engine.extension.TimeoutExtension.intercept(TimeoutExtension.java:156)\r\n\tat org.junit.jupiter.engine.extension.TimeoutExtension.interceptTestableMethod(TimeoutExtension.java:147)\r\n\tat org.junit.jupiter.engine.extension.TimeoutExtension.interceptTestMethod(TimeoutExtension.java:86)\r\n\tat org.junit.jupiter.engine.execution.InterceptingExecutableInvoker$ReflectiveInterceptorCall.lambda$ofVoidMethod$0(InterceptingExecutableInvoker.java:103)\r\n\tat org.junit.jupiter.engine.execution.InterceptingExecutableInvoker.lambda$invoke$0(InterceptingExecutableInvoker.java:93)\r\n\tat org.junit.jupiter.engine.execution.InvocationInterceptorChain$InterceptedInvocation.proceed(InvocationInterceptorChain.java:106)\r\n\tat org.junit.jupiter.engine.execution.InvocationInterceptorChain.proceed(InvocationInterceptorChain.java:64)\r\n\tat org.junit.jupiter.engine.execution.InvocationInterceptorChain.chainAndInvoke(InvocationInterceptorChain.java:45)\r\n\tat org.junit.jupiter.engine.execution.InvocationInterceptorChain.invoke(InvocationInterceptorChain.java:37)\r\n\tat org.junit.jupiter.engine.execution.InterceptingExecutableInvoker.invoke(InterceptingExecutableInvoker.java:92)\r\n\tat org.junit.jupiter.engine.execution.InterceptingExecutableInvoker.invoke(InterceptingExecutableInvoker.java:86)\r\n\tat org.junit.jupiter.engine.descriptor.TestMethodTestDescriptor.lambda$invokeTestMethod$7(TestMethodTestDescriptor.java:218)\r\n\tat org.junit.platform.engine.support.hierarchical.ThrowableCollector.execute(ThrowableCollector.java:73)\r\n\tat org.junit.jupiter.engine.descriptor.TestMethodTestDescriptor.invokeTestMethod(TestMethodTestDescriptor.java:214)\r\n\tat org.junit.jupiter.engine.descriptor.TestMethodTestDescriptor.execute(TestMethodTestDescriptor.java:139)\r\n\tat org.junit.jupiter.engine.descriptor.TestMethodTestDescriptor.execute(TestMethodTestDescriptor.java:69)\r\n\tat org.junit.platform.engine.support.hierarchical.NodeTestTask.lambda$executeRecursively$6(NodeTestTask.java:151)\r\n\tat org.junit.platform.engine.support.hierarchical.ThrowableCollector.execute(ThrowableCollector.java:73)\r\n\tat org.junit.platform.engine.support.hierarchical.NodeTestTask.lambda$executeRecursively$8(NodeTestTask.java:141)\r\n\tat org.junit.platform.engine.support.hierarchical.Node.around(Node.java:137)\r\n\tat org.junit.platform.engine.support.hierarchical.NodeTestTask.lambda$executeRecursively$9(NodeTestTask.java:139)\r\n\tat org.junit.platform.engine.support.hierarchical.ThrowableCollector.execute(ThrowableCollector.java:73)\r\n\tat org.junit.platform.engine.support.hierarchical.NodeTestTask.executeRecursively(NodeTestTask.java:138)\r\n\tat org.junit.platform.engine.support.hierarchical.NodeTestTask.execute(NodeTestTask.java:95)\r\n\tat java.base/java.util.ArrayList.forEach(ArrayList.java:1597)\r\n\tat org.junit.platform.engine.support.hierarchical.SameThreadHierarchicalTestExecutorService.invokeAll(SameThreadHierarchicalTestExecutorService.java:41)\r\n\tat org.junit.platform.engine.support.hierarchical.NodeTestTask.lambda$executeRecursively$6(NodeTestTask.java:155)\r\n\tat org.junit.platform.engine.support.hierarchical.ThrowableCollector.execute(ThrowableCollector.java:73)\r\n\tat org.junit.platform.engine.support.hierarchical.NodeTestTask.lambda$executeRecursively$8(NodeTestTask.java:141)\r\n\tat org.junit.platform.engine.support.hierarchical.Node.around(Node.java:137)\r\n\tat org.junit.platform.engine.support.hierarchical.NodeTestTask.lambda$executeRecursively$9(NodeTestTask.java:139)\r\n\tat org.junit.platform.engine.support.hierarchical.ThrowableCollector.execute(ThrowableCollector.java:73)\r\n\tat org.junit.platform.engine.support.hierarchical.NodeTestTask.executeRecursively(NodeTestTask.java:138)\r\n\tat org.junit.platform.engine.support.hierarchical.NodeTestTask.execute(NodeTestTask.java:95)\r\n\tat java.base/java.util.ArrayList.forEach(ArrayList.java:1597)\r\n\tat org.junit.platform.engine.support.hierarchical.SameThreadHierarchicalTestExecutorService.invokeAll(SameThreadHierarchicalTestExecutorService.java:41)\r\n\tat org.junit.platform.engine.support.hierarchical.NodeTestTask.lambda$executeRecursively$6(NodeTestTask.java:155)\r\n\tat org.junit.platform.engine.support.hierarchical.ThrowableCollector.execute(ThrowableCollector.java:73)\r\n\tat org.junit.platform.engine.support.hierarchical.NodeTestTask.lambda$executeRecursively$8(NodeTestTask.java:141)\r\n\tat org.junit.platform.engine.support.hierarchical.Node.around(Node.java:137)\r\n\tat org.junit.platform.engine.support.hierarchical.NodeTestTask.lambda$executeRecursively$9(NodeTestTask.java:139)\r\n\tat org.junit.platform.engine.support.hierarchical.ThrowableCollector.execute(ThrowableCollector.java:73)\r\n\tat org.junit.platform.engine.support.hierarchical.NodeTestTask.executeRecursively(NodeTestTask.java:138)\r\n\tat org.junit.platform.engine.support.hierarchical.NodeTestTask.execute(NodeTestTask.java:95)\r\n\tat org.junit.platform.engine.support.hierarchical.SameThreadHierarchicalTestExecutorService.submit(SameThreadHierarchicalTestExecutorService.java:35)\r\n\tat org.junit.platform.engine.support.hierarchical.HierarchicalTestExecutor.execute(HierarchicalTestExecutor.java:57)\r\n\tat org.junit.platform.engine.support.hierarchical.HierarchicalTestEngine.execute(HierarchicalTestEngine.java:54)\r\n\tat org.junit.platform.launcher.core.EngineExecutionOrchestrator.execute(EngineExecutionOrchestrator.java:147)\r\n\tat org.junit.platform.launcher.core.EngineExecutionOrchestrator.execute(EngineExecutionOrchestrator.java:127)\r\n\tat org.junit.platform.launcher.core.EngineExecutionOrchestrator.execute(EngineExecutionOrchestrator.java:90)\r\n\tat org.junit.platform.launcher.core.EngineExecutionOrchestrator.lambda$execute$0(EngineExecutionOrchestrator.java:55)\r\n\tat org.junit.platform.launcher.core.EngineExecutionOrchestrator.withInterceptedStreams(EngineExecutionOrchestrator.java:102)\r\n\tat org.junit.platform.launcher.core.EngineExecutionOrchestrator.execute(EngineExecutionOrchestrator.java:54)\r\n\tat org.junit.platform.launcher.core.DefaultLauncher.execute(DefaultLauncher.java:114)\r\n\tat org.junit.platform.launcher.core.DefaultLauncher.execute(DefaultLauncher.java:86)\r\n\tat org.junit.platform.launcher.core.DefaultLauncherSession$DelegatingLauncher.execute(DefaultLauncherSession.java:86)\r\n\tat org.junit.platform.launcher.core.SessionPerRequestLauncher.execute(SessionPerRequestLauncher.java:53)\r\n\tat com.intellij.junit5.JUnit5IdeaTestRunner.startRunnerWithArgs(JUnit5IdeaTestRunner.java:57)\r\n\tat com.intellij.rt.junit.IdeaTestRunner$Repeater$1.execute(IdeaTestRunner.java:38)\r\n\tat com.intellij.rt.execution.junit.TestsRepeater.repeat(TestsRepeater.java:11)\r\n\tat com.intellij.rt.junit.IdeaTestRunner$Repeater.startRunnerWithArgs(IdeaTestRunner.java:35)\r\n\tat com.intellij.rt.junit.JUnitStarter.prepareStreamsAndStart(JUnitStarter.java:232)\r\n\tat com.intellij.rt.junit.JUnitStarter.main(JUnitStarter.java:55)\r\nCaused by: org.openqa.selenium.ElementClickInterceptedException: element click intercepted: Element <input id=\"btnCerrar\" name=\"Cerrar\" value=\"Cerrar\" onclick=\"javascript: cerrarDoc();\" class=\"btn btn-default\" type=\"button\"> is not clickable at point (1331, 960). Other element would receive the click: <div class=\"ui-widget-overlay ui-front\" style=\"z-index: 100;\"></div>\n  (Session info: chrome=134.0.6998.118)\nBuild info: version: '4.19.1', revision: 'abe0ee07dc'\nSystem info: os.name: 'Windows 11', os.arch: 'amd64', os.version: '10.0', java.version: '22.0.2'\nDriver info: org.openqa.selenium.chrome.ChromeDriver\nCommand: [80f8d7a2161c2252987099691f442ac8, clickElement {id=f.55B65380F87A3E30415B849EE350F9E7.d.FA98F73B393DB80286E9C3B722DF6ACA.e.530}]\nCapabilities {acceptInsecureCerts: true, browserName: chrome, browserVersion: 134.0.6998.118, chrome: {chromedriverVersion: 134.0.6998.165 (fd886e2cb29..., userDataDir: C:\\Users\\JOSSUE~1\\AppData\\L...}, fedcm:accounts: true, goog:chromeOptions: {debuggerAddress: localhost:50816}, networkConnectionEnabled: false, pageLoadStrategy: normal, platformName: windows, proxy: Proxy(), se:cdp: ws://localhost:50816/devtoo..., se:cdpVersion: 134.0.6998.118, setWindowRect: true, strictFileInteractability: false, timeouts: {implicit: 0, pageLoad: 300000, script: 30000}, unhandledPromptBehavior: accept, webauthn:extension:credBlob: true, webauthn:extension:largeBlob: true, webauthn:extension:minPinLength: true, webauthn:extension:prf: true, webauthn:virtualAuthenticators: true}\nElement: [[ChromeDriver: chrome on windows (80f8d7a2161c2252987099691f442ac8)] -> xpath: //*[@id='btnCerrar']]\nSession ID: 80f8d7a2161c2252987099691f442ac8\r\n\tat java.base/jdk.internal.reflect.DirectConstructorHandleAccessor.newInstance(DirectConstructorHandleAccessor.java:62)\r\n\tat java.base/java.lang.reflect.Constructor.newInstanceWithCaller(Constructor.java:502)\r\n\tat java.base/java.lang.reflect.Constructor.newInstance(Constructor.java:486)\r\n\tat org.openqa.selenium.remote.ErrorCodec.decode(ErrorCodec.java:167)\r\n\tat org.openqa.selenium.remote.codec.w3c.W3CHttpResponseCodec.decode(W3CHttpResponseCodec.java:138)\r\n\tat org.openqa.selenium.remote.codec.w3c.W3CHttpResponseCodec.decode(W3CHttpResponseCodec.java:50)\r\n\tat org.openqa.selenium.remote.HttpCommandExecutor.execute(HttpCommandExecutor.java:190)\r\n\tat org.openqa.selenium.remote.service.DriverCommandExecutor.invokeExecute(DriverCommandExecutor.java:216)\r\n\tat org.openqa.selenium.remote.service.DriverCommandExecutor.execute(DriverCommandExecutor.java:174)\r\n\tat org.openqa.selenium.remote.RemoteWebDriver.execute(RemoteWebDriver.java:518)\r\n\tat org.openqa.selenium.remote.RemoteWebElement.execute(RemoteWebElement.java:223)\r\n\tat org.openqa.selenium.remote.RemoteWebElement.click(RemoteWebElement.java:76)\r\n\tat com.codeborne.selenide.commands.Click.defaultClick(Click.java:106)\r\n\tat com.codeborne.selenide.commands.Click.doClick(Click.java:83)\r\n\tat com.codeborne.selenide.commands.Click.click(Click.java:59)\r\n\tat com.codeborne.selenide.commands.Click.execute(Click.java:34)\r\n\tat com.codeborne.selenide.commands.Click.execute(Click.java:26)\r\n\tat com.codeborne.selenide.commands.Commands.execute(Commands.java:162)\r\n\tat com.codeborne.selenide.impl.SelenideElementProxy.dispatchAndRetry(SelenideElementProxy.java:134)\r\n\t... 73 more\r\n"},"stage":"finished","description":"","steps":[{"name":"$(\"open\") https://wwwqa.ventanillaunica.gob.mx/ventanilla-HA/authentication.action?showLogin=%22;","status":"passed","stage":"finished","steps":[{"name":"$(\"webdriver\") create()","status":"passed","stage":"finished","steps":[],"attachments":[],"parameters":[],"start":1742855113192,"stop":1742855120304}],"attachments":[],"parameters":[],"start":1742855113169,"stop":1742855126732},{"name":"$(\"By.xpath: //*[@id='certificate']\") set value(C:\\VucemAuto\\automations\\src\\test\\resources\\CredSoli\\aal0409235e6.cer)","status":"passed","stage":"finished","steps":[],"attachments":[],"parameters":[],"start":1742855126734,"stop":1742855126979},{"name":"$(\"By.xpath: //*[@id='privateKey']\") set value(C:\\VucemAuto\\automations\\src\\test\\resources\\CredSoli\\AAL0409235E6_1012231310.key)","status":"passed","stage":"finished","steps":[],"attachments":[],"parameters":[],"start":1742855126979,"stop":1742855127052},{"name":"$(\"By.xpath: //*[@id='privateKeyPassword']\") set value(delfin40)","status":"passed","stage":"finished","steps":[],"attachments":[],"parameters":[],"start":1742855127052,"stop":1742855127158},{"name":"$(\"By.xpath: /html/body/div[2]/form/div[1]/div/div[2]/div/div[4]/div/button[2]\") click()","status":"passed","stage":"finished","steps":[],"attachments":[],"parameters":[],"start":1742855127158,"stop":1742855127243},{"name":"$(\"By.xpath: //*[@id='claveRol']\") send keys(Persona Moral)","status":"passed","stage":"finished","steps":[],"attachments":[],"parameters":[],"start":1742855127244,"stop":1742855129144},{"name":"$(\"By.xpath: //button[@name='ingresar']\") click()","status":"passed","stage":"finished","steps":[],"attachments":[],"parameters":[],"start":1742855129144,"stop":1742855129882},{"name":"$(\"By.xpath: //*[@id='Trámites']\") send keys(Solicitudes nuevas)","status":"passed","stage":"finished","steps":[],"attachments":[],"parameters":[],"start":1742855129882,"stop":1742855132918},{"name":"$(\"By.xpath: /html/body/main/div/div[2]/div[1]/div[1]/div/nav/div/div[2]/ul/li[5]/ul/li[3]/a\") click()","status":"passed","stage":"finished","steps":[],"attachments":[],"parameters":[],"start":1742855132918,"stop":1742855132997},{"name":"$(\"By.xpath: //img[contains(@alt, 'General')]\") click()","status":"passed","stage":"finished","steps":[],"attachments":[],"parameters":[],"start":1742855132997,"stop":1742855134548},{"name":"$(\"By.xpath: /html/body/main/div/div[3]/div/div[6]/ul/li[19]/a\") click()","status":"passed","stage":"finished","steps":[],"attachments":[],"parameters":[],"start":1742855134548,"stop":1742855135248},{"name":"$(\"By.xpath: //a[contains(@onclick, 'ranja')]\") click()","status":"passed","stage":"finished","steps":[],"attachments":[],"parameters":[],"start":1742855135249,"stop":1742855135662},{"name":"$(\"By.xpath: //*[@id='ui-id-2']\") click()","status":"passed","stage":"finished","steps":[],"attachments":[],"parameters":[],"start":1742855135663,"stop":1742855140475},{"name":"$(\"By.xpath: //*[@id='numRegistro']\") set value(A222222222222222222222222)","status":"passed","stage":"finished","steps":[],"attachments":[],"parameters":[],"start":1742855140475,"stop":1742855140602},{"name":"$(\"By.xpath: //*[@id='donante.razonSocial']\") set value(Esto es una prueba 1)","status":"passed","stage":"finished","steps":[],"attachments":[],"parameters":[],"start":1742855140602,"stop":1742855140721},{"name":"$(\"By.xpath: //*[@id='donante.rfcotaxid']\") set value(AAL0409235E6)","status":"passed","stage":"finished","steps":[],"attachments":[],"parameters":[],"start":1742855140721,"stop":1742855140849},{"name":"$(\"By.xpath: //*[@id='donante.telefono']\") set value(2841028899)","status":"passed","stage":"finished","steps":[],"attachments":[],"parameters":[],"start":1742855140849,"stop":1742855140993},{"name":"$(\"By.xpath: //*[@id='donante.email']\") set value(Prueba@gmail.com)","status":"passed","stage":"finished","steps":[],"attachments":[],"parameters":[],"start":1742855140993,"stop":1742855141129},{"name":"$(\"By.xpath: //*[@id='solicitud.donante.domicilio.entidadFederativa.clave']\") send keys(MÉXICO)","status":"passed","stage":"finished","steps":[],"attachments":[],"parameters":[],"start":1742855141129,"stop":1742855141516},{"name":"$(\"By.xpath: //*[@id='solicitud.donante.domicilio.delegacionMunicipio.clave']\") send keys(CHALCO)","status":"passed","stage":"finished","steps":[],"attachments":[],"parameters":[],"start":1742855141516,"stop":1742855142166},{"name":"$(\"By.xpath: //*[@id='solicitud.donante.domicilio.colonia.clave']\") send keys(CENTRO)","status":"passed","stage":"finished","steps":[],"attachments":[],"parameters":[],"start":1742855142166,"stop":1742855142234},{"name":"$(\"By.xpath: //*[@id='domicilioD.codigoPostal']\") set value(95270)","status":"passed","stage":"finished","steps":[],"attachments":[],"parameters":[],"start":1742855142234,"stop":1742855142340},{"name":"$(\"By.xpath: //*[@id='domicilioD.calle']\") set value(calle de prueba calle 2)","status":"passed","stage":"finished","steps":[],"attachments":[],"parameters":[],"start":1742855142340,"stop":1742855142521},{"name":"$(\"By.xpath: //*[@id='domicilioD.numeroExterior']\") set value(A1)","status":"passed","stage":"finished","steps":[],"attachments":[],"parameters":[],"start":1742855142521,"stop":1742855142642},{"name":"$(\"By.xpath: //*[@id='domicilioD.numeroInterior']\") set value(B2)","status":"passed","stage":"finished","steps":[],"attachments":[],"parameters":[],"start":1742855142642,"stop":1742855142740},{"name":"$(\"By.xpath: //*[@id='domicilioD.entreCalle1']\") set value(entre calle 1)","status":"passed","stage":"finished","steps":[],"attachments":[],"parameters":[],"start":1742855142740,"stop":1742855142934},{"name":"$(\"By.xpath: //*[@id='domicilioD.entreCalle2']\") set value(entre calle 2)","status":"passed","stage":"finished","steps":[],"attachments":[],"parameters":[],"start":1742855142934,"stop":1742855143073},{"name":"$(\"By.xpath: //*[@id='idTipoCarga2']\") click()","status":"passed","stage":"finished","steps":[],"attachments":[],"parameters":[],"start":1742855143073,"stop":1742855143147},{"name":"$(\"By.xpath: //*[@id='archivoCargaMasiva']\") send keys(C:\\VucemAuto\\RepoN\\src\\test\\resources\\plantilla_Aviso_6904_B4.xlsx)","status":"passed","stage":"finished","steps":[],"attachments":[],"parameters":[],"start":1742855143147,"stop":1742855143180},{"name":"$(\"By.xpath: //*[@id='cargarArchivoDatosAviso']\") click()","status":"passed","stage":"finished","steps":[],"attachments":[],"parameters":[],"start":1742855143180,"stop":1742855143861},{"name":"$(\"By.xpath: //*[@id='guardarSolicitud']\") click()","status":"passed","stage":"finished","steps":[],"attachments":[],"parameters":[],"start":1742855143862,"stop":1742855147013},{"name":"$(\"By.xpath: //input[@value='Continuar']\") click()","status":"passed","stage":"finished","steps":[],"attachments":[],"parameters":[],"start":1742855147014,"stop":1742855148634},{"name":"$(\"By.xpath: //input[contains(@style, '0px;')]\") click()","status":"passed","stage":"finished","steps":[],"attachments":[],"parameters":[],"start":1742855148634,"stop":1742855148727},{"name":"$(\"By.xpath: //input[@name='documentos[0].file']\") send keys(C:\\VucemAuto\\RepoN\\src\\test\\resources\\Lorem_ipsum.pdf)","status":"passed","stage":"finished","steps":[],"attachments":[],"parameters":[],"start":1742855148727,"stop":1742855149201},{"name":"$(\"By.xpath: //input[@name='documentos[1].file']\") send keys(C:\\VucemAuto\\RepoN\\src\\test\\resources\\Lorem_ipsum.pdf)","status":"passed","stage":"finished","steps":[],"attachments":[],"parameters":[],"start":1742855149201,"stop":1742855149243},{"name":"$(\"By.xpath: //*[@id='btnAnexar']\") click()","status":"passed","stage":"finished","steps":[],"attachments":[],"parameters":[],"start":1742855149243,"stop":1742855149329},{"name":"$(\"By.xpath: //*[@id='btnCerrar']\") click()","status":"failed","statusDetails":{"known":false,"muted":false,"flaky":false,"message":"Invalid element state [By.xpath: //*[@id='btnCerrar']]: element click intercepted: Element <input id=\"btnCerrar\" name=\"Cerrar\" value=\"Cerrar\" onclick=\"javascript: cerrarDoc();\" class=\"btn btn-default\" type=\"button\"> is not clickable at point (1331, 960). Other element would receive the click: <div class=\"ui-widget-overlay ui-front\" style=\"z-index: 100;\"></div>\r\nScreenshot: file:/C:/VucemAuto/automations/build/reports/tests/1742855154347.0.png\r\nPage source: file:/C:/VucemAuto/automations/build/reports/tests/1742855154347.0.html\r\nTimeout: 4 s.\r\nCaused by: ElementClickInterceptedException: element click intercepted: Element <input id=\"btnCerrar\" name=\"Cerrar\" value=\"Cerrar\" onclick=\"javascript: cerrarDoc();\" class=\"btn btn-default\" type=\"button\"> is not clickable at point (1331, 960). Other element would receive the click: <div class=\"ui-widget-overlay ui-front\" style=\"z-index: 100;\"></div>","trace":"Invalid element state [By.xpath: //*[@id='btnCerrar']]: element click intercepted: Element <input id=\"btnCerrar\" name=\"Cerrar\" value=\"Cerrar\" onclick=\"javascript: cerrarDoc();\" class=\"btn btn-default\" type=\"button\"> is not clickable at point (1331, 960). Other element would receive the click: <div class=\"ui-widget-overlay ui-front\" style=\"z-index: 100;\"></div>\r\nScreenshot: file:/C:/VucemAuto/automations/build/reports/tests/1742855154347.0.png\r\nPage source: file:/C:/VucemAuto/automations/build/reports/tests/1742855154347.0.html\r\nTimeout: 4 s.\r\nCaused by: ElementClickInterceptedException: element click intercepted: Element <input id=\"btnCerrar\" name=\"Cerrar\" value=\"Cerrar\" onclick=\"javascript: cerrarDoc();\" class=\"btn btn-default\" type=\"button\"> is not clickable at point (1331, 960). Other element would receive the click: <div class=\"ui-widget-overlay ui-front\" style=\"z-index: 100;\"></div>\r\n\tat com.codeborne.selenide.impl.ExceptionWrapper.wrap(ExceptionWrapper.java:26)\r\n\tat com.codeborne.selenide.impl.SelenideElementProxy.dispatchAndRetry(SelenideElementProxy.java:156)\r\n\tat com.codeborne.selenide.impl.SelenideElementProxy.invoke(SelenideElementProxy.java:86)\r\n\tat jdk.proxy2/jdk.proxy2.$Proxy10.click(Unknown Source)\r\n\tat HACIENDA.TramiteB4.MainPageB4Test.lambda$Procesob4$0(MainPageB4Test.java:100)\r\n\tat HACIENDA.TramiteB4.MainPageB4Test.ejecutarProcesoNRunnable(MainPageB4Test.java:129)\r\n\tat HACIENDA.TramiteB4.MainPageB4Test.Procesob4(MainPageB4Test.java:55)\r\n\tat java.base/jdk.internal.reflect.DirectMethodHandleAccessor.invoke(DirectMethodHandleAccessor.java:103)\r\n\tat java.base/java.lang.reflect.Method.invoke(Method.java:580)\r\n\tat org.junit.platform.commons.util.ReflectionUtils.invokeMethod(ReflectionUtils.java:728)\r\n\tat org.junit.jupiter.engine.execution.MethodInvocation.proceed(MethodInvocation.java:60)\r\n\tat org.junit.jupiter.engine.execution.InvocationInterceptorChain$ValidatingInvocation.proceed(InvocationInterceptorChain.java:131)\r\n\tat org.junit.jupiter.engine.extension.TimeoutExtension.intercept(TimeoutExtension.java:156)\r\n\tat org.junit.jupiter.engine.extension.TimeoutExtension.interceptTestableMethod(TimeoutExtension.java:147)\r\n\tat org.junit.jupiter.engine.extension.TimeoutExtension.interceptTestMethod(TimeoutExtension.java:86)\r\n\tat org.junit.jupiter.engine.execution.InterceptingExecutableInvoker$ReflectiveInterceptorCall.lambda$ofVoidMethod$0(InterceptingExecutableInvoker.java:103)\r\n\tat org.junit.jupiter.engine.execution.InterceptingExecutableInvoker.lambda$invoke$0(InterceptingExecutableInvoker.java:93)\r\n\tat org.junit.jupiter.engine.execution.InvocationInterceptorChain$InterceptedInvocation.proceed(InvocationInterceptorChain.java:106)\r\n\tat org.junit.jupiter.engine.execution.InvocationInterceptorChain.proceed(InvocationInterceptorChain.java:64)\r\n\tat org.junit.jupiter.engine.execution.InvocationInterceptorChain.chainAndInvoke(InvocationInterceptorChain.java:45)\r\n\tat org.junit.jupiter.engine.execution.InvocationInterceptorChain.invoke(InvocationInterceptorChain.java:37)\r\n\tat org.junit.jupiter.engine.execution.InterceptingExecutableInvoker.invoke(InterceptingExecutableInvoker.java:92)\r\n\tat org.junit.jupiter.engine.execution.InterceptingExecutableInvoker.invoke(InterceptingExecutableInvoker.java:86)\r\n\tat org.junit.jupiter.engine.descriptor.TestMethodTestDescriptor.lambda$invokeTestMethod$7(TestMethodTestDescriptor.java:218)\r\n\tat org.junit.platform.engine.support.hierarchical.ThrowableCollector.execute(ThrowableCollector.java:73)\r\n\tat org.junit.jupiter.engine.descriptor.TestMethodTestDescriptor.invokeTestMethod(TestMethodTestDescriptor.java:214)\r\n\tat org.junit.jupiter.engine.descriptor.TestMethodTestDescriptor.execute(TestMethodTestDescriptor.java:139)\r\n\tat org.junit.jupiter.engine.descriptor.TestMethodTestDescriptor.execute(TestMethodTestDescriptor.java:69)\r\n\tat org.junit.platform.engine.support.hierarchical.NodeTestTask.lambda$executeRecursively$6(NodeTestTask.java:151)\r\n\tat org.junit.platform.engine.support.hierarchical.ThrowableCollector.execute(ThrowableCollector.java:73)\r\n\tat org.junit.platform.engine.support.hierarchical.NodeTestTask.lambda$executeRecursively$8(NodeTestTask.java:141)\r\n\tat org.junit.platform.engine.support.hierarchical.Node.around(Node.java:137)\r\n\tat org.junit.platform.engine.support.hierarchical.NodeTestTask.lambda$executeRecursively$9(NodeTestTask.java:139)\r\n\tat org.junit.platform.engine.support.hierarchical.ThrowableCollector.execute(ThrowableCollector.java:73)\r\n\tat org.junit.platform.engine.support.hierarchical.NodeTestTask.executeRecursively(NodeTestTask.java:138)\r\n\tat org.junit.platform.engine.support.hierarchical.NodeTestTask.execute(NodeTestTask.java:95)\r\n\tat java.base/java.util.ArrayList.forEach(ArrayList.java:1597)\r\n\tat org.junit.platform.engine.support.hierarchical.SameThreadHierarchicalTestExecutorService.invokeAll(SameThreadHierarchicalTestExecutorService.java:41)\r\n\tat org.junit.platform.engine.support.hierarchical.NodeTestTask.lambda$executeRecursively$6(NodeTestTask.java:155)\r\n\tat org.junit.platform.engine.support.hierarchical.ThrowableCollector.execute(ThrowableCollector.java:73)\r\n\tat org.junit.platform.engine.support.hierarchical.NodeTestTask.lambda$executeRecursively$8(NodeTestTask.java:141)\r\n\tat org.junit.platform.engine.support.hierarchical.Node.around(Node.java:137)\r\n\tat org.junit.platform.engine.support.hierarchical.NodeTestTask.lambda$executeRecursively$9(NodeTestTask.java:139)\r\n\tat org.junit.platform.engine.support.hierarchical.ThrowableCollector.execute(ThrowableCollector.java:73)\r\n\tat org.junit.platform.engine.support.hierarchical.NodeTestTask.executeRecursively(NodeTestTask.java:138)\r\n\tat org.junit.platform.engine.support.hierarchical.NodeTestTask.execute(NodeTestTask.java:95)\r\n\tat java.base/java.util.ArrayList.forEach(ArrayList.java:1597)\r\n\tat org.junit.platform.engine.support.hierarchical.SameThreadHierarchicalTestExecutorService.invokeAll(SameThreadHierarchicalTestExecutorService.java:41)\r\n\tat org.junit.platform.engine.support.hierarchical.NodeTestTask.lambda$executeRecursively$6(NodeTestTask.java:155)\r\n\tat org.junit.platform.engine.support.hierarchical.ThrowableCollector.execute(ThrowableCollector.java:73)\r\n\tat org.junit.platform.engine.support.hierarchical.NodeTestTask.lambda$executeRecursively$8(NodeTestTask.java:141)\r\n\tat org.junit.platform.engine.support.hierarchical.Node.around(Node.java:137)\r\n\tat org.junit.platform.engine.support.hierarchical.NodeTestTask.lambda$executeRecursively$9(NodeTestTask.java:139)\r\n\tat org.junit.platform.engine.support.hierarchical.ThrowableCollector.execute(ThrowableCollector.java:73)\r\n\tat org.junit.platform.engine.support.hierarchical.NodeTestTask.executeRecursively(NodeTestTask.java:138)\r\n\tat org.junit.platform.engine.support.hierarchical.NodeTestTask.execute(NodeTestTask.java:95)\r\n\tat org.junit.platform.engine.support.hierarchical.SameThreadHierarchicalTestExecutorService.submit(SameThreadHierarchicalTestExecutorService.java:35)\r\n\tat org.junit.platform.engine.support.hierarchical.HierarchicalTestExecutor.execute(HierarchicalTestExecutor.java:57)\r\n\tat org.junit.platform.engine.support.hierarchical.HierarchicalTestEngine.execute(HierarchicalTestEngine.java:54)\r\n\tat org.junit.platform.launcher.core.EngineExecutionOrchestrator.execute(EngineExecutionOrchestrator.java:147)\r\n\tat org.junit.platform.launcher.core.EngineExecutionOrchestrator.execute(EngineExecutionOrchestrator.java:127)\r\n\tat org.junit.platform.launcher.core.EngineExecutionOrchestrator.execute(EngineExecutionOrchestrator.java:90)\r\n\tat org.junit.platform.launcher.core.EngineExecutionOrchestrator.lambda$execute$0(EngineExecutionOrchestrator.java:55)\r\n\tat org.junit.platform.launcher.core.EngineExecutionOrchestrator.withInterceptedStreams(EngineExecutionOrchestrator.java:102)\r\n\tat org.junit.platform.launcher.core.EngineExecutionOrchestrator.execute(EngineExecutionOrchestrator.java:54)\r\n\tat org.junit.platform.launcher.core.DefaultLauncher.execute(DefaultLauncher.java:114)\r\n\tat org.junit.platform.launcher.core.DefaultLauncher.execute(DefaultLauncher.java:86)\r\n\tat org.junit.platform.launcher.core.DefaultLauncherSession$DelegatingLauncher.execute(DefaultLauncherSession.java:86)\r\n\tat org.junit.platform.launcher.core.SessionPerRequestLauncher.execute(SessionPerRequestLauncher.java:53)\r\n\tat com.intellij.junit5.JUnit5IdeaTestRunner.startRunnerWithArgs(JUnit5IdeaTestRunner.java:57)\r\n\tat com.intellij.rt.junit.IdeaTestRunner$Repeater$1.execute(IdeaTestRunner.java:38)\r\n\tat com.intellij.rt.execution.junit.TestsRepeater.repeat(TestsRepeater.java:11)\r\n\tat com.intellij.rt.junit.IdeaTestRunner$Repeater.startRunnerWithArgs(IdeaTestRunner.java:35)\r\n\tat com.intellij.rt.junit.JUnitStarter.prepareStreamsAndStart(JUnitStarter.java:232)\r\n\tat com.intellij.rt.junit.JUnitStarter.main(JUnitStarter.java:55)\r\nCaused by: org.openqa.selenium.ElementClickInterceptedException: element click intercepted: Element <input id=\"btnCerrar\" name=\"Cerrar\" value=\"Cerrar\" onclick=\"javascript: cerrarDoc();\" class=\"btn btn-default\" type=\"button\"> is not clickable at point (1331, 960). Other element would receive the click: <div class=\"ui-widget-overlay ui-front\" style=\"z-index: 100;\"></div>\n  (Session info: chrome=134.0.6998.118)\nBuild info: version: '4.19.1', revision: 'abe0ee07dc'\nSystem info: os.name: 'Windows 11', os.arch: 'amd64', os.version: '10.0', java.version: '22.0.2'\nDriver info: org.openqa.selenium.chrome.ChromeDriver\nCommand: [80f8d7a2161c2252987099691f442ac8, clickElement {id=f.55B65380F87A3E30415B849EE350F9E7.d.FA98F73B393DB80286E9C3B722DF6ACA.e.530}]\nCapabilities {acceptInsecureCerts: true, browserName: chrome, browserVersion: 134.0.6998.118, chrome: {chromedriverVersion: 134.0.6998.165 (fd886e2cb29..., userDataDir: C:\\Users\\JOSSUE~1\\AppData\\L...}, fedcm:accounts: true, goog:chromeOptions: {debuggerAddress: localhost:50816}, networkConnectionEnabled: false, pageLoadStrategy: normal, platformName: windows, proxy: Proxy(), se:cdp: ws://localhost:50816/devtoo..., se:cdpVersion: 134.0.6998.118, setWindowRect: true, strictFileInteractability: false, timeouts: {implicit: 0, pageLoad: 300000, script: 30000}, unhandledPromptBehavior: accept, webauthn:extension:credBlob: true, webauthn:extension:largeBlob: true, webauthn:extension:minPinLength: true, webauthn:extension:prf: true, webauthn:virtualAuthenticators: true}\nElement: [[ChromeDriver: chrome on windows (80f8d7a2161c2252987099691f442ac8)] -> xpath: //*[@id='btnCerrar']]\nSession ID: 80f8d7a2161c2252987099691f442ac8\r\n\tat java.base/jdk.internal.reflect.DirectConstructorHandleAccessor.newInstance(DirectConstructorHandleAccessor.java:62)\r\n\tat java.base/java.lang.reflect.Constructor.newInstanceWithCaller(Constructor.java:502)\r\n\tat java.base/java.lang.reflect.Constructor.newInstance(Constructor.java:486)\r\n\tat org.openqa.selenium.remote.ErrorCodec.decode(ErrorCodec.java:167)\r\n\tat org.openqa.selenium.remote.codec.w3c.W3CHttpResponseCodec.decode(W3CHttpResponseCodec.java:138)\r\n\tat org.openqa.selenium.remote.codec.w3c.W3CHttpResponseCodec.decode(W3CHttpResponseCodec.java:50)\r\n\tat org.openqa.selenium.remote.HttpCommandExecutor.execute(HttpCommandExecutor.java:190)\r\n\tat org.openqa.selenium.remote.service.DriverCommandExecutor.invokeExecute(DriverCommandExecutor.java:216)\r\n\tat org.openqa.selenium.remote.service.DriverCommandExecutor.execute(DriverCommandExecutor.java:174)\r\n\tat org.openqa.selenium.remote.RemoteWebDriver.execute(RemoteWebDriver.java:518)\r\n\tat org.openqa.selenium.remote.RemoteWebElement.execute(RemoteWebElement.java:223)\r\n\tat org.openqa.selenium.remote.RemoteWebElement.click(RemoteWebElement.java:76)\r\n\tat com.codeborne.selenide.commands.Click.defaultClick(Click.java:106)\r\n\tat com.codeborne.selenide.commands.Click.doClick(Click.java:83)\r\n\tat com.codeborne.selenide.commands.Click.click(Click.java:59)\r\n\tat com.codeborne.selenide.commands.Click.execute(Click.java:34)\r\n\tat com.codeborne.selenide.commands.Click.execute(Click.java:26)\r\n\tat com.codeborne.selenide.commands.Commands.execute(Commands.java:162)\r\n\tat com.codeborne.selenide.impl.SelenideElementProxy.dispatchAndRetry(SelenideElementProxy.java:134)\r\n\t... 73 more\r\n"},"stage":"finished","steps":[],"attachments":[{"name":"Screenshot","source":"ebf66673-efa4-461a-aafc-b13850277c18-attachment.png","type":"image/png"},{"name":"Page source","source":"05b5f341-5187-473f-bda6-d0f26b333885-attachment.html","type":"text/html"}],"parameters":[],"start":1742855149329,"stop":1742855154593}],"attachments":[],"parameters":[],"start":1742855110876,"stop":1742855154614}