{"uuid":"bd531b9b-2e38-4105-89ac-cab339b88920","historyId":"10f3c97734deecc9caa9fb42741bfc63","testCaseId":"[engine:junit-jupiter]/[class:HACIENDA.Tramite31601.Tramite31601Test]/[method:Proceso31601()]","testCaseName":"Proceso31601()","fullName":"HACIENDA.Tramite31601.Tramite31601Test.Proceso31601","labels":[{"name":"junit.platform.uniqueid","value":"[engine:junit-jupiter]/[class:HACIENDA.Tramite31601.Tramite31601Test]/[method:Proceso31601()]"},{"name":"host","value":"EquipoUltrasist"},{"name":"thread","value":"25564@EquipoUltrasist.main(1)"},{"name":"framework","value":"junit-platform"},{"name":"language","value":"java"},{"name":"package","value":"HACIENDA.Tramite31601.Tramite31601Test"},{"name":"testClass","value":"HACIENDA.Tramite31601.Tramite31601Test"},{"name":"testMethod","value":"Proceso31601"},{"name":"suite","value":"HACIENDA.Tramite31601.Tramite31601Test"}],"links":[],"name":"Proceso31601()","status":"failed","statusDetails":{"known":false,"muted":false,"flaky":false,"message":"Element not found {By.xpath: /html/body/div[21]/div[3]/div/button}\r\nExpected: clickable: interactable and enabled\r\nScreenshot: file:/C:/VucemAuto/automations/build/reports/tests/1741370932425.0.png\r\nPage source: file:/C:/VucemAuto/automations/build/reports/tests/1741370932425.0.html\r\nTimeout: 4 s.\r\nCaused by: NoSuchElementException: no such element: Unable to locate element: {\"method\":\"xpath\",\"selector\":\"/html/body/div[21]/div[3]/div/button\"}","trace":"Element not found {By.xpath: /html/body/div[21]/div[3]/div/button}\r\nExpected: clickable: interactable and enabled\r\nScreenshot: file:/C:/VucemAuto/automations/build/reports/tests/1741370932425.0.png\r\nPage source: file:/C:/VucemAuto/automations/build/reports/tests/1741370932425.0.html\r\nTimeout: 4 s.\r\nCaused by: NoSuchElementException: no such element: Unable to locate element: {\"method\":\"xpath\",\"selector\":\"/html/body/div[21]/div[3]/div/button\"}\r\n\tat com.codeborne.selenide.impl.WebElementSource.createElementNotFoundError(WebElementSource.java:89)\r\n\tat com.codeborne.selenide.impl.ElementFinder.createElementNotFoundError(ElementFinder.java:142)\r\n\tat com.codeborne.selenide.impl.WebElementSource.handleError(WebElementSource.java:141)\r\n\tat com.codeborne.selenide.impl.WebElementSource.checkConditionAndReturnElement(WebElementSource.java:125)\r\n\tat com.codeborne.selenide.impl.WebElementSource.findAndAssertElementIsClickable(WebElementSource.java:171)\r\n\tat com.codeborne.selenide.commands.Click.findElement(Click.java:53)\r\n\tat com.codeborne.selenide.commands.Click.execute(Click.java:34)\r\n\tat com.codeborne.selenide.commands.Click.execute(Click.java:26)\r\n\tat com.codeborne.selenide.commands.Commands.execute(Commands.java:162)\r\n\tat com.codeborne.selenide.impl.SelenideElementProxy.dispatchAndRetry(SelenideElementProxy.java:134)\r\n\tat com.codeborne.selenide.impl.SelenideElementProxy.invoke(SelenideElementProxy.java:86)\r\n\tat jdk.proxy2/jdk.proxy2.$Proxy10.click(Unknown Source)\r\n\tat HACIENDA.Tramite31601.Tramite31601Test.lambda$Proceso31601$0(Tramite31601Test.java:144)\r\n\tat HACIENDA.Tramite31601.Tramite31601Test.ejecutarProcesoNRunnable(Tramite31601Test.java:179)\r\n\tat HACIENDA.Tramite31601.Tramite31601Test.Proceso31601(Tramite31601Test.java:85)\r\n\tat java.base/jdk.internal.reflect.DirectMethodHandleAccessor.invoke(DirectMethodHandleAccessor.java:103)\r\n\tat java.base/java.lang.reflect.Method.invoke(Method.java:580)\r\n\tat org.junit.platform.commons.util.ReflectionUtils.invokeMethod(ReflectionUtils.java:728)\r\n\tat org.junit.jupiter.engine.execution.MethodInvocation.proceed(MethodInvocation.java:60)\r\n\tat org.junit.jupiter.engine.execution.InvocationInterceptorChain$ValidatingInvocation.proceed(InvocationInterceptorChain.java:131)\r\n\tat org.junit.jupiter.engine.extension.TimeoutExtension.intercept(TimeoutExtension.java:156)\r\n\tat org.junit.jupiter.engine.extension.TimeoutExtension.interceptTestableMethod(TimeoutExtension.java:147)\r\n\tat org.junit.jupiter.engine.extension.TimeoutExtension.interceptTestMethod(TimeoutExtension.java:86)\r\n\tat org.junit.jupiter.engine.execution.InterceptingExecutableInvoker$ReflectiveInterceptorCall.lambda$ofVoidMethod$0(InterceptingExecutableInvoker.java:103)\r\n\tat org.junit.jupiter.engine.execution.InterceptingExecutableInvoker.lambda$invoke$0(InterceptingExecutableInvoker.java:93)\r\n\tat org.junit.jupiter.engine.execution.InvocationInterceptorChain$InterceptedInvocation.proceed(InvocationInterceptorChain.java:106)\r\n\tat org.junit.jupiter.engine.execution.InvocationInterceptorChain.proceed(InvocationInterceptorChain.java:64)\r\n\tat org.junit.jupiter.engine.execution.InvocationInterceptorChain.chainAndInvoke(InvocationInterceptorChain.java:45)\r\n\tat org.junit.jupiter.engine.execution.InvocationInterceptorChain.invoke(InvocationInterceptorChain.java:37)\r\n\tat org.junit.jupiter.engine.execution.InterceptingExecutableInvoker.invoke(InterceptingExecutableInvoker.java:92)\r\n\tat org.junit.jupiter.engine.execution.InterceptingExecutableInvoker.invoke(InterceptingExecutableInvoker.java:86)\r\n\tat org.junit.jupiter.engine.descriptor.TestMethodTestDescriptor.lambda$invokeTestMethod$7(TestMethodTestDescriptor.java:218)\r\n\tat org.junit.platform.engine.support.hierarchical.ThrowableCollector.execute(ThrowableCollector.java:73)\r\n\tat org.junit.jupiter.engine.descriptor.TestMethodTestDescriptor.invokeTestMethod(TestMethodTestDescriptor.java:214)\r\n\tat org.junit.jupiter.engine.descriptor.TestMethodTestDescriptor.execute(TestMethodTestDescriptor.java:139)\r\n\tat org.junit.jupiter.engine.descriptor.TestMethodTestDescriptor.execute(TestMethodTestDescriptor.java:69)\r\n\tat org.junit.platform.engine.support.hierarchical.NodeTestTask.lambda$executeRecursively$6(NodeTestTask.java:151)\r\n\tat org.junit.platform.engine.support.hierarchical.ThrowableCollector.execute(ThrowableCollector.java:73)\r\n\tat org.junit.platform.engine.support.hierarchical.NodeTestTask.lambda$executeRecursively$8(NodeTestTask.java:141)\r\n\tat org.junit.platform.engine.support.hierarchical.Node.around(Node.java:137)\r\n\tat org.junit.platform.engine.support.hierarchical.NodeTestTask.lambda$executeRecursively$9(NodeTestTask.java:139)\r\n\tat org.junit.platform.engine.support.hierarchical.ThrowableCollector.execute(ThrowableCollector.java:73)\r\n\tat org.junit.platform.engine.support.hierarchical.NodeTestTask.executeRecursively(NodeTestTask.java:138)\r\n\tat org.junit.platform.engine.support.hierarchical.NodeTestTask.execute(NodeTestTask.java:95)\r\n\tat java.base/java.util.ArrayList.forEach(ArrayList.java:1597)\r\n\tat org.junit.platform.engine.support.hierarchical.SameThreadHierarchicalTestExecutorService.invokeAll(SameThreadHierarchicalTestExecutorService.java:41)\r\n\tat org.junit.platform.engine.support.hierarchical.NodeTestTask.lambda$executeRecursively$6(NodeTestTask.java:155)\r\n\tat org.junit.platform.engine.support.hierarchical.ThrowableCollector.execute(ThrowableCollector.java:73)\r\n\tat org.junit.platform.engine.support.hierarchical.NodeTestTask.lambda$executeRecursively$8(NodeTestTask.java:141)\r\n\tat org.junit.platform.engine.support.hierarchical.Node.around(Node.java:137)\r\n\tat org.junit.platform.engine.support.hierarchical.NodeTestTask.lambda$executeRecursively$9(NodeTestTask.java:139)\r\n\tat org.junit.platform.engine.support.hierarchical.ThrowableCollector.execute(ThrowableCollector.java:73)\r\n\tat org.junit.platform.engine.support.hierarchical.NodeTestTask.executeRecursively(NodeTestTask.java:138)\r\n\tat org.junit.platform.engine.support.hierarchical.NodeTestTask.execute(NodeTestTask.java:95)\r\n\tat java.base/java.util.ArrayList.forEach(ArrayList.java:1597)\r\n\tat org.junit.platform.engine.support.hierarchical.SameThreadHierarchicalTestExecutorService.invokeAll(SameThreadHierarchicalTestExecutorService.java:41)\r\n\tat org.junit.platform.engine.support.hierarchical.NodeTestTask.lambda$executeRecursively$6(NodeTestTask.java:155)\r\n\tat org.junit.platform.engine.support.hierarchical.ThrowableCollector.execute(ThrowableCollector.java:73)\r\n\tat org.junit.platform.engine.support.hierarchical.NodeTestTask.lambda$executeRecursively$8(NodeTestTask.java:141)\r\n\tat org.junit.platform.engine.support.hierarchical.Node.around(Node.java:137)\r\n\tat org.junit.platform.engine.support.hierarchical.NodeTestTask.lambda$executeRecursively$9(NodeTestTask.java:139)\r\n\tat org.junit.platform.engine.support.hierarchical.ThrowableCollector.execute(ThrowableCollector.java:73)\r\n\tat org.junit.platform.engine.support.hierarchical.NodeTestTask.executeRecursively(NodeTestTask.java:138)\r\n\tat org.junit.platform.engine.support.hierarchical.NodeTestTask.execute(NodeTestTask.java:95)\r\n\tat org.junit.platform.engine.support.hierarchical.SameThreadHierarchicalTestExecutorService.submit(SameThreadHierarchicalTestExecutorService.java:35)\r\n\tat org.junit.platform.engine.support.hierarchical.HierarchicalTestExecutor.execute(HierarchicalTestExecutor.java:57)\r\n\tat org.junit.platform.engine.support.hierarchical.HierarchicalTestEngine.execute(HierarchicalTestEngine.java:54)\r\n\tat org.junit.platform.launcher.core.EngineExecutionOrchestrator.execute(EngineExecutionOrchestrator.java:147)\r\n\tat org.junit.platform.launcher.core.EngineExecutionOrchestrator.execute(EngineExecutionOrchestrator.java:127)\r\n\tat org.junit.platform.launcher.core.EngineExecutionOrchestrator.execute(EngineExecutionOrchestrator.java:90)\r\n\tat org.junit.platform.launcher.core.EngineExecutionOrchestrator.lambda$execute$0(EngineExecutionOrchestrator.java:55)\r\n\tat org.junit.platform.launcher.core.EngineExecutionOrchestrator.withInterceptedStreams(EngineExecutionOrchestrator.java:102)\r\n\tat org.junit.platform.launcher.core.EngineExecutionOrchestrator.execute(EngineExecutionOrchestrator.java:54)\r\n\tat org.junit.platform.launcher.core.DefaultLauncher.execute(DefaultLauncher.java:114)\r\n\tat org.junit.platform.launcher.core.DefaultLauncher.execute(DefaultLauncher.java:86)\r\n\tat org.junit.platform.launcher.core.DefaultLauncherSession$DelegatingLauncher.execute(DefaultLauncherSession.java:86)\r\n\tat org.junit.platform.launcher.core.SessionPerRequestLauncher.execute(SessionPerRequestLauncher.java:53)\r\n\tat com.intellij.junit5.JUnit5IdeaTestRunner.startRunnerWithArgs(JUnit5IdeaTestRunner.java:57)\r\n\tat com.intellij.rt.junit.IdeaTestRunner$Repeater$1.execute(IdeaTestRunner.java:38)\r\n\tat com.intellij.rt.execution.junit.TestsRepeater.repeat(TestsRepeater.java:11)\r\n\tat com.intellij.rt.junit.IdeaTestRunner$Repeater.startRunnerWithArgs(IdeaTestRunner.java:35)\r\n\tat com.intellij.rt.junit.JUnitStarter.prepareStreamsAndStart(JUnitStarter.java:232)\r\n\tat com.intellij.rt.junit.JUnitStarter.main(JUnitStarter.java:55)\r\nCaused by: org.openqa.selenium.NoSuchElementException: no such element: Unable to locate element: {\"method\":\"xpath\",\"selector\":\"/html/body/div[21]/div[3]/div/button\"}\n  (Session info: chrome=134.0.6998.35)\nFor documentation on this error, please visit: https://www.selenium.dev/documentation/webdriver/troubleshooting/errors#no-such-element-exception\nBuild info: version: '4.19.1', revision: 'abe0ee07dc'\nSystem info: os.name: 'Windows 11', os.arch: 'amd64', os.version: '10.0', java.version: '22.0.2'\nDriver info: org.openqa.selenium.chrome.ChromeDriver\nCommand: [4152df56b34dbd280c600c6b1416f6ca, findElement {using=xpath, value=/html/body/div[21]/div[3]/div/button}]\nCapabilities {acceptInsecureCerts: true, browserName: chrome, browserVersion: 134.0.6998.35, chrome: {chromedriverVersion: 134.0.6998.35 (ea6ef4c2ac15..., userDataDir: C:\\Users\\JOSSUE~1\\AppData\\L...}, fedcm:accounts: true, goog:chromeOptions: {debuggerAddress: localhost:51288}, networkConnectionEnabled: false, pageLoadStrategy: normal, platformName: windows, proxy: Proxy(), se:cdp: ws://localhost:51288/devtoo..., se:cdpVersion: 134.0.6998.35, setWindowRect: true, strictFileInteractability: false, timeouts: {implicit: 0, pageLoad: 300000, script: 30000}, unhandledPromptBehavior: accept, webauthn:extension:credBlob: true, webauthn:extension:largeBlob: true, webauthn:extension:minPinLength: true, webauthn:extension:prf: true, webauthn:virtualAuthenticators: true}\nSession ID: 4152df56b34dbd280c600c6b1416f6ca\r\n\tat java.base/jdk.internal.reflect.DirectConstructorHandleAccessor.newInstance(DirectConstructorHandleAccessor.java:62)\r\n\tat java.base/java.lang.reflect.Constructor.newInstanceWithCaller(Constructor.java:502)\r\n\tat java.base/java.lang.reflect.Constructor.newInstance(Constructor.java:486)\r\n\tat org.openqa.selenium.remote.ErrorCodec.decode(ErrorCodec.java:167)\r\n\tat org.openqa.selenium.remote.codec.w3c.W3CHttpResponseCodec.decode(W3CHttpResponseCodec.java:138)\r\n\tat org.openqa.selenium.remote.codec.w3c.W3CHttpResponseCodec.decode(W3CHttpResponseCodec.java:50)\r\n\tat org.openqa.selenium.remote.HttpCommandExecutor.execute(HttpCommandExecutor.java:190)\r\n\tat org.openqa.selenium.remote.service.DriverCommandExecutor.invokeExecute(DriverCommandExecutor.java:216)\r\n\tat org.openqa.selenium.remote.service.DriverCommandExecutor.execute(DriverCommandExecutor.java:174)\r\n\tat org.openqa.selenium.remote.RemoteWebDriver.execute(RemoteWebDriver.java:518)\r\n\tat org.openqa.selenium.remote.ElementLocation$ElementFinder$2.findElement(ElementLocation.java:165)\r\n\tat org.openqa.selenium.remote.ElementLocation.findElement(ElementLocation.java:59)\r\n\tat org.openqa.selenium.remote.RemoteWebDriver.findElement(RemoteWebDriver.java:355)\r\n\tat org.openqa.selenium.remote.RemoteWebDriver.findElement(RemoteWebDriver.java:349)\r\n\tat com.codeborne.selenide.impl.WebElementSelector.findElement(WebElementSelector.java:73)\r\n\tat com.codeborne.selenide.impl.WebElementSelector.findElement(WebElementSelector.java:46)\r\n\tat com.codeborne.selenide.impl.WebElementSelector.findElement(WebElementSelector.java:35)\r\n\tat com.codeborne.selenide.impl.ElementFinder.getWebElement(ElementFinder.java:122)\r\n\tat com.codeborne.selenide.impl.WebElementSource.checkConditionAndReturnElement(WebElementSource.java:114)\r\n\t... 79 more\r\n"},"stage":"finished","description":"","steps":[{"name":"$(\"open\") https://wwwqa.ventanillaunica.gob.mx/ventanilla-HA/authentication.action?showLogin=%22;","status":"passed","stage":"finished","steps":[{"name":"$(\"webdriver\") create()","status":"passed","stage":"finished","steps":[],"attachments":[],"parameters":[],"start":1741370829520,"stop":1741370835241}],"attachments":[],"parameters":[],"start":1741370829511,"stop":1741370841554},{"name":"$(\"By.xpath: //*[@id='certificate']\") set value(C:\\VucemAuto\\automations\\src\\test\\resources\\CredSoli\\aal0409235e6.cer)","status":"passed","stage":"finished","steps":[],"attachments":[],"parameters":[],"start":1741370841558,"stop":1741370841826},{"name":"$(\"By.xpath: //*[@id='privateKey']\") set value(C:\\VucemAuto\\automations\\src\\test\\resources\\CredSoli\\AAL0409235E6_1012231310.key)","status":"passed","stage":"finished","steps":[],"attachments":[],"parameters":[],"start":1741370841826,"stop":1741370841919},{"name":"$(\"By.xpath: //*[@id='privateKeyPassword']\") set value(delfin40)","status":"passed","stage":"finished","steps":[],"attachments":[],"parameters":[],"start":1741370841920,"stop":1741370842020},{"name":"$(\"By.xpath: //button[@onclick='ejecutarProcesoFirma(1)']\") click()","status":"passed","stage":"finished","steps":[],"attachments":[],"parameters":[],"start":1741370842020,"stop":1741370842111},{"name":"$(\"By.xpath: //*[@id='claveRol']\") send keys(Persona Moral)","status":"passed","stage":"finished","steps":[],"attachments":[],"parameters":[],"start":1741370842112,"stop":1741370844367},{"name":"$(\"By.xpath: //button[@name='ingresar']\") click()","status":"passed","stage":"finished","steps":[],"attachments":[],"parameters":[],"start":1741370845376,"stop":1741370845448},{"name":"$(\"By.xpath: //*[@id='Trámites']\") send keys(Solicitudes nuevas)","status":"passed","stage":"finished","steps":[],"attachments":[],"parameters":[],"start":1741370846456,"stop":1741370848791},{"name":"$(\"By.xpath: /html/body/main/div/div[2]/div[1]/div[1]/div/nav/div/div[2]/ul/li[5]/ul/li[3]/a\") click()","status":"passed","stage":"finished","steps":[],"attachments":[],"parameters":[],"start":1741370849798,"stop":1741370849893},{"name":"$(\"By.xpath: //img[contains(@alt, 'General')]\") click()","status":"passed","stage":"finished","steps":[],"attachments":[],"parameters":[],"start":1741370850898,"stop":1741370851676},{"name":"$(\"By.xpath: /html/body/main/div/div[3]/div/div[8]/ul/li/a\") click()","status":"passed","stage":"finished","steps":[],"attachments":[],"parameters":[],"start":1741370852680,"stop":1741370852791},{"name":"$(\"By.xpath: /html/body/main/div/div[3]/div/div[8]/ul/li/ul/li[3]/a\") click()","status":"passed","stage":"finished","steps":[],"attachments":[],"parameters":[],"start":1741370853802,"stop":1741370853932},{"name":"$(\"By.xpath: /html/body/main/div/div[3]/div/div[8]/ul/li/ul/li[3]/ul/li[1]/a\") click()","status":"passed","stage":"finished","steps":[],"attachments":[],"parameters":[],"start":1741370854937,"stop":1741370873388},{"name":"$(\"By.xpath: //*[@id=\"tabs\"]/ul/li[2]/a\") click()","status":"passed","stage":"finished","steps":[],"attachments":[],"parameters":[],"start":1741370874402,"stop":1741370874492},{"name":"$(\"By.xpath: //*[@id=\"preOperativoANo\"]\") click()","status":"passed","stage":"finished","steps":[],"attachments":[],"parameters":[],"start":1741370875495,"stop":1741370875625},{"name":"$(\"By.xpath: //*[@id=\"regimen_3\"]\") click()","status":"passed","stage":"finished","steps":[],"attachments":[],"parameters":[],"start":1741370876632,"stop":1741370876726},{"name":"$(\"By.xpath: //*[@id=\"solicitud.listaCatalogoSolicitud[0].catalogo\"]\") send keys(Fabricación de equipo ferroviario)","status":"passed","stage":"finished","steps":[],"attachments":[],"parameters":[],"start":1741370877728,"stop":1741370877798},{"name":"$(\"By.xpath: //*[@id=\"si190\"]\") click()","status":"passed","stage":"finished","steps":[],"attachments":[],"parameters":[],"start":1741370878802,"stop":1741370878936},{"name":"$(\"By.xpath: //*[@id=\"si191\"]\") click()","status":"passed","stage":"finished","steps":[],"attachments":[],"parameters":[],"start":1741370879940,"stop":1741370880055},{"name":"$(\"By.xpath: //*[@id=\"emPropiosSi\"]\") click()","status":"passed","stage":"finished","steps":[],"attachments":[],"parameters":[],"start":1741370881067,"stop":1741370881147},{"name":"$(\"By.xpath: //*[@id=\"empPropios\"]\") send keys(10)","status":"passed","stage":"finished","steps":[],"attachments":[],"parameters":[],"start":1741370882150,"stop":1741370882204},{"name":"$(\"By.xpath: //*[@id=\"solicitud.empleadosPropios.bimestre\"]\") send keys(Mayo-Junio)","status":"passed","stage":"finished","steps":[],"attachments":[],"parameters":[],"start":1741370883217,"stop":1741370883280},{"name":"$(\"By.xpath: //*[@id=\"no2011\"]\") click()","status":"passed","stage":"finished","steps":[],"attachments":[],"parameters":[],"start":1741370884297,"stop":1741370884383},{"name":"$(\"By.xpath: //*[@id=\"no237A\"]\") click()","status":"passed","stage":"finished","steps":[],"attachments":[],"parameters":[],"start":1741370885398,"stop":1741370885501},{"name":"$(\"By.xpath: //*[@id=\"no238A\"]\") click()","status":"passed","stage":"finished","steps":[],"attachments":[],"parameters":[],"start":1741370886507,"stop":1741370886589},{"name":"$(\"By.xpath: //*[@id=\"si239\"]\") click()","status":"passed","stage":"finished","steps":[],"attachments":[],"parameters":[],"start":1741370887596,"stop":1741370887676},{"name":"$(\"By.xpath: //*[@id=\"no240A\"]\") click()","status":"passed","stage":"finished","steps":[],"attachments":[],"parameters":[],"start":1741370888680,"stop":1741370888766},{"name":"$(\"By.xpath: //*[@id=\"si243\"]\") click()","status":"passed","stage":"finished","steps":[],"attachments":[],"parameters":[],"start":1741370889779,"stop":1741370889901},{"name":"$(\"By.xpath: //*[@id=\"no244A\"]\") click()","status":"passed","stage":"finished","steps":[],"attachments":[],"parameters":[],"start":1741370890911,"stop":1741370891002},{"name":"$(\"By.xpath: //*[@id=\"IMMEX\"]\") send keys(42025 - Autorización Programa Nueva Industrial)","status":"passed","stage":"finished","steps":[],"attachments":[],"parameters":[],"start":1741370892009,"stop":1741370892710},{"name":"$(\"By.xpath: //*[@id=\"btnAgregarDomicilios\"]\") click()","status":"passed","stage":"finished","steps":[],"attachments":[],"parameters":[],"start":1741370893726,"stop":1741370893819},{"name":"$(\"By.xpath: //*[@id=\"entidadFederativaIDC\"]\") send keys(SINALOA)","status":"passed","stage":"finished","steps":[],"attachments":[],"parameters":[],"start":1741370894821,"stop":1741370894874},{"name":"$(\"By.xpath: //*[@id=\"cb_gridDomiciliosModal\"]\") click()","status":"passed","stage":"finished","steps":[],"attachments":[],"parameters":[],"start":1741370895889,"stop":1741370895961},{"name":"$(\"By.xpath: /html/body/div[9]/div[2]/table/tbody/tr[4]/td/input[1]\") click()","status":"passed","stage":"finished","steps":[],"attachments":[],"parameters":[],"start":1741370896967,"stop":1741370897354},{"name":"$(\"By.xpath: //*[@id=\"archivo\"]\") set value(C:\\VucemAuto\\automations\\src\\test\\resources\\Doc31601\\carga_proveedoresExtranjerosIC (1).xls)","status":"passed","stage":"finished","steps":[],"attachments":[],"parameters":[],"start":1741370898363,"stop":1741370898456},{"name":"$(\"By.xpath: //*[@id=\"uploadNewFileExtranjeros\"]\") click()","status":"passed","stage":"finished","steps":[],"attachments":[],"parameters":[],"start":1741370899464,"stop":1741370899904},{"name":"$(\"by text: Ok\") should be(visible)","status":"passed","stage":"finished","steps":[],"attachments":[],"parameters":[],"start":1741370901433,"stop":1741370901467},{"name":"$(\"by text: Ok\") should have(text \"Ok\")","status":"passed","stage":"finished","steps":[],"attachments":[],"parameters":[],"start":1741370901467,"stop":1741370901510},{"name":"$(\"by text: Ok\") click()","status":"passed","stage":"finished","steps":[],"attachments":[],"parameters":[],"start":1741370901510,"stop":1741370901605},{"name":"$(\"By.xpath: //*[@id=\"archivoNacionales\"]\") set value(C:\\VucemAuto\\automations\\src\\test\\resources\\Doc31601\\carga_proveedoresNacionesIC (1).xls)","status":"passed","stage":"finished","steps":[],"attachments":[],"parameters":[],"start":1741370902614,"stop":1741370902729},{"name":"$(\"By.xpath: //*[@id=\"uploadFileExtranjerosN\"]\") click()","status":"passed","stage":"finished","steps":[],"attachments":[],"parameters":[],"start":1741370903739,"stop":1741370904210},{"name":"$(\"by text: Ok[1]\") click()","status":"passed","stage":"finished","steps":[],"attachments":[],"parameters":[],"start":1741370905732,"stop":1741370905829},{"name":"$(\"By.xpath: //*[@id=\"no705\"]\") click()","status":"passed","stage":"finished","steps":[],"attachments":[],"parameters":[],"start":1741370905830,"stop":1741370905932},{"name":"$(\"By.xpath: //*[@id=\"siInventario\"]\") click()","status":"passed","stage":"finished","steps":[],"attachments":[],"parameters":[],"start":1741370906936,"stop":1741370907024},{"name":"$(\"By.xpath: //*[@id=\"nombre.inventario\"]\") send keys(Nombrejhgjk)","status":"passed","stage":"finished","steps":[],"attachments":[],"parameters":[],"start":1741370908032,"stop":1741370908088},{"name":"$(\"By.xpath: //*[@id=\"lugarR.inventario\"]\") send keys(gwegw)","status":"passed","stage":"finished","steps":[],"attachments":[],"parameters":[],"start":1741370909094,"stop":1741370909167},{"name":"$(\"By.xpath: //*[@id=\"anexo.inventario\"]\") click()","status":"passed","stage":"finished","steps":[],"attachments":[],"parameters":[],"start":1741370910179,"stop":1741370910283},{"name":"$(\"By.xpath: //*[@id=\"btnAgregar.inventario\"]\") click()","status":"passed","stage":"finished","steps":[],"attachments":[],"parameters":[],"start":1741370911292,"stop":1741370911393},{"name":"$(\"by text: Aceptar\") should be(visible)","status":"passed","stage":"finished","steps":[],"attachments":[],"parameters":[],"start":1741370912895,"stop":1741370912921},{"name":"$(\"by text: Aceptar\") should have(text \"Aceptar\")","status":"passed","stage":"finished","steps":[],"attachments":[],"parameters":[],"start":1741370912921,"stop":1741370912953},{"name":"$(\"by text: Aceptar\") click()","status":"passed","stage":"finished","steps":[],"attachments":[],"parameters":[],"start":1741370912953,"stop":1741370913034},{"name":"$(\"By.xpath: //*[@id=\"si251\"]\") click()","status":"passed","stage":"finished","steps":[],"attachments":[],"parameters":[],"start":1741370914541,"stop":1741370914618},{"name":"$(\"By.xpath: //*[@id=\"no706\"]\") click()","status":"passed","stage":"finished","steps":[],"attachments":[],"parameters":[],"start":1741370916119,"stop":1741370916200},{"name":"$(\"By.xpath: //*[@id=\"no707\"]\") click()","status":"passed","stage":"finished","steps":[],"attachments":[],"parameters":[],"start":1741370917704,"stop":1741370917783},{"name":"$(\"By.xpath: //*[@id=\"no708\"]\") click()","status":"passed","stage":"finished","steps":[],"attachments":[],"parameters":[],"start":1741370919284,"stop":1741370919364},{"name":"$(\"By.xpath: /html/body/div[1]/div[3]/div[3]/div/form/div[2]/div[2]/div[5]/table/tbody/tr/td/table/tbody/tr[6]/td/input[1]\") click()","status":"passed","stage":"finished","steps":[],"attachments":[],"parameters":[],"start":1741370920870,"stop":1741370920967},{"name":"$(\"By.xpath: //*[@id=\"socio.caracterDe\"]\") send keys(Administrador único)","status":"passed","stage":"finished","steps":[],"attachments":[],"parameters":[],"start":1741370921976,"stop":1741370922031},{"name":"$(\"By.xpath: //*[@id=\"socio.tributarMexicoFalse\"]\") click()","status":"passed","stage":"finished","steps":[],"attachments":[],"parameters":[],"start":1741370923042,"stop":1741370923109},{"name":"$(\"By.xpath: //*[@id=\"socio.tipoPersona\"]\") send keys(Moral)","status":"passed","stage":"finished","steps":[],"attachments":[],"parameters":[],"start":1741370924119,"stop":1741370924184},{"name":"$(\"By.xpath: //*[@id=\"agregarSocio\"]\") send keys(egwgwegwg)","status":"passed","stage":"finished","steps":[],"attachments":[],"parameters":[],"start":1741370925191,"stop":1741370925265},{"name":"$(\"By.xpath: //*[@id=\"socio.nacionalidad\"]\") send keys(ANTARTIDA)","status":"passed","stage":"finished","steps":[],"attachments":[],"parameters":[],"start":1741370926267,"stop":1741370926321},{"name":"$(\"By.xpath: //*[@id=\"btnSocioAgregarModal\"]\") click()","status":"passed","stage":"finished","steps":[],"attachments":[],"parameters":[],"start":1741370927328,"stop":1741370927410},{"name":"$(\"By.xpath: /html/body/div[21]/div[3]/div/button\") click()","status":"failed","statusDetails":{"known":false,"muted":false,"flaky":false,"message":"Element not found {By.xpath: /html/body/div[21]/div[3]/div/button}\r\nExpected: clickable: interactable and enabled\r\nScreenshot: file:/C:/VucemAuto/automations/build/reports/tests/1741370932425.0.png\r\nPage source: file:/C:/VucemAuto/automations/build/reports/tests/1741370932425.0.html\r\nTimeout: 4 s.\r\nCaused by: NoSuchElementException: no such element: Unable to locate element: {\"method\":\"xpath\",\"selector\":\"/html/body/div[21]/div[3]/div/button\"}","trace":"Element not found {By.xpath: /html/body/div[21]/div[3]/div/button}\r\nExpected: clickable: interactable and enabled\r\nScreenshot: file:/C:/VucemAuto/automations/build/reports/tests/1741370932425.0.png\r\nPage source: file:/C:/VucemAuto/automations/build/reports/tests/1741370932425.0.html\r\nTimeout: 4 s.\r\nCaused by: NoSuchElementException: no such element: Unable to locate element: {\"method\":\"xpath\",\"selector\":\"/html/body/div[21]/div[3]/div/button\"}\r\n\tat com.codeborne.selenide.impl.WebElementSource.createElementNotFoundError(WebElementSource.java:89)\r\n\tat com.codeborne.selenide.impl.ElementFinder.createElementNotFoundError(ElementFinder.java:142)\r\n\tat com.codeborne.selenide.impl.WebElementSource.handleError(WebElementSource.java:141)\r\n\tat com.codeborne.selenide.impl.WebElementSource.checkConditionAndReturnElement(WebElementSource.java:125)\r\n\tat com.codeborne.selenide.impl.WebElementSource.findAndAssertElementIsClickable(WebElementSource.java:171)\r\n\tat com.codeborne.selenide.commands.Click.findElement(Click.java:53)\r\n\tat com.codeborne.selenide.commands.Click.execute(Click.java:34)\r\n\tat com.codeborne.selenide.commands.Click.execute(Click.java:26)\r\n\tat com.codeborne.selenide.commands.Commands.execute(Commands.java:162)\r\n\tat com.codeborne.selenide.impl.SelenideElementProxy.dispatchAndRetry(SelenideElementProxy.java:134)\r\n\tat com.codeborne.selenide.impl.SelenideElementProxy.invoke(SelenideElementProxy.java:86)\r\n\tat jdk.proxy2/jdk.proxy2.$Proxy10.click(Unknown Source)\r\n\tat HACIENDA.Tramite31601.Tramite31601Test.lambda$Proceso31601$0(Tramite31601Test.java:144)\r\n\tat HACIENDA.Tramite31601.Tramite31601Test.ejecutarProcesoNRunnable(Tramite31601Test.java:179)\r\n\tat HACIENDA.Tramite31601.Tramite31601Test.Proceso31601(Tramite31601Test.java:85)\r\n\tat java.base/jdk.internal.reflect.DirectMethodHandleAccessor.invoke(DirectMethodHandleAccessor.java:103)\r\n\tat java.base/java.lang.reflect.Method.invoke(Method.java:580)\r\n\tat org.junit.platform.commons.util.ReflectionUtils.invokeMethod(ReflectionUtils.java:728)\r\n\tat org.junit.jupiter.engine.execution.MethodInvocation.proceed(MethodInvocation.java:60)\r\n\tat org.junit.jupiter.engine.execution.InvocationInterceptorChain$ValidatingInvocation.proceed(InvocationInterceptorChain.java:131)\r\n\tat org.junit.jupiter.engine.extension.TimeoutExtension.intercept(TimeoutExtension.java:156)\r\n\tat org.junit.jupiter.engine.extension.TimeoutExtension.interceptTestableMethod(TimeoutExtension.java:147)\r\n\tat org.junit.jupiter.engine.extension.TimeoutExtension.interceptTestMethod(TimeoutExtension.java:86)\r\n\tat org.junit.jupiter.engine.execution.InterceptingExecutableInvoker$ReflectiveInterceptorCall.lambda$ofVoidMethod$0(InterceptingExecutableInvoker.java:103)\r\n\tat org.junit.jupiter.engine.execution.InterceptingExecutableInvoker.lambda$invoke$0(InterceptingExecutableInvoker.java:93)\r\n\tat org.junit.jupiter.engine.execution.InvocationInterceptorChain$InterceptedInvocation.proceed(InvocationInterceptorChain.java:106)\r\n\tat org.junit.jupiter.engine.execution.InvocationInterceptorChain.proceed(InvocationInterceptorChain.java:64)\r\n\tat org.junit.jupiter.engine.execution.InvocationInterceptorChain.chainAndInvoke(InvocationInterceptorChain.java:45)\r\n\tat org.junit.jupiter.engine.execution.InvocationInterceptorChain.invoke(InvocationInterceptorChain.java:37)\r\n\tat org.junit.jupiter.engine.execution.InterceptingExecutableInvoker.invoke(InterceptingExecutableInvoker.java:92)\r\n\tat org.junit.jupiter.engine.execution.InterceptingExecutableInvoker.invoke(InterceptingExecutableInvoker.java:86)\r\n\tat org.junit.jupiter.engine.descriptor.TestMethodTestDescriptor.lambda$invokeTestMethod$7(TestMethodTestDescriptor.java:218)\r\n\tat org.junit.platform.engine.support.hierarchical.ThrowableCollector.execute(ThrowableCollector.java:73)\r\n\tat org.junit.jupiter.engine.descriptor.TestMethodTestDescriptor.invokeTestMethod(TestMethodTestDescriptor.java:214)\r\n\tat org.junit.jupiter.engine.descriptor.TestMethodTestDescriptor.execute(TestMethodTestDescriptor.java:139)\r\n\tat org.junit.jupiter.engine.descriptor.TestMethodTestDescriptor.execute(TestMethodTestDescriptor.java:69)\r\n\tat org.junit.platform.engine.support.hierarchical.NodeTestTask.lambda$executeRecursively$6(NodeTestTask.java:151)\r\n\tat org.junit.platform.engine.support.hierarchical.ThrowableCollector.execute(ThrowableCollector.java:73)\r\n\tat org.junit.platform.engine.support.hierarchical.NodeTestTask.lambda$executeRecursively$8(NodeTestTask.java:141)\r\n\tat org.junit.platform.engine.support.hierarchical.Node.around(Node.java:137)\r\n\tat org.junit.platform.engine.support.hierarchical.NodeTestTask.lambda$executeRecursively$9(NodeTestTask.java:139)\r\n\tat org.junit.platform.engine.support.hierarchical.ThrowableCollector.execute(ThrowableCollector.java:73)\r\n\tat org.junit.platform.engine.support.hierarchical.NodeTestTask.executeRecursively(NodeTestTask.java:138)\r\n\tat org.junit.platform.engine.support.hierarchical.NodeTestTask.execute(NodeTestTask.java:95)\r\n\tat java.base/java.util.ArrayList.forEach(ArrayList.java:1597)\r\n\tat org.junit.platform.engine.support.hierarchical.SameThreadHierarchicalTestExecutorService.invokeAll(SameThreadHierarchicalTestExecutorService.java:41)\r\n\tat org.junit.platform.engine.support.hierarchical.NodeTestTask.lambda$executeRecursively$6(NodeTestTask.java:155)\r\n\tat org.junit.platform.engine.support.hierarchical.ThrowableCollector.execute(ThrowableCollector.java:73)\r\n\tat org.junit.platform.engine.support.hierarchical.NodeTestTask.lambda$executeRecursively$8(NodeTestTask.java:141)\r\n\tat org.junit.platform.engine.support.hierarchical.Node.around(Node.java:137)\r\n\tat org.junit.platform.engine.support.hierarchical.NodeTestTask.lambda$executeRecursively$9(NodeTestTask.java:139)\r\n\tat org.junit.platform.engine.support.hierarchical.ThrowableCollector.execute(ThrowableCollector.java:73)\r\n\tat org.junit.platform.engine.support.hierarchical.NodeTestTask.executeRecursively(NodeTestTask.java:138)\r\n\tat org.junit.platform.engine.support.hierarchical.NodeTestTask.execute(NodeTestTask.java:95)\r\n\tat java.base/java.util.ArrayList.forEach(ArrayList.java:1597)\r\n\tat org.junit.platform.engine.support.hierarchical.SameThreadHierarchicalTestExecutorService.invokeAll(SameThreadHierarchicalTestExecutorService.java:41)\r\n\tat org.junit.platform.engine.support.hierarchical.NodeTestTask.lambda$executeRecursively$6(NodeTestTask.java:155)\r\n\tat org.junit.platform.engine.support.hierarchical.ThrowableCollector.execute(ThrowableCollector.java:73)\r\n\tat org.junit.platform.engine.support.hierarchical.NodeTestTask.lambda$executeRecursively$8(NodeTestTask.java:141)\r\n\tat org.junit.platform.engine.support.hierarchical.Node.around(Node.java:137)\r\n\tat org.junit.platform.engine.support.hierarchical.NodeTestTask.lambda$executeRecursively$9(NodeTestTask.java:139)\r\n\tat org.junit.platform.engine.support.hierarchical.ThrowableCollector.execute(ThrowableCollector.java:73)\r\n\tat org.junit.platform.engine.support.hierarchical.NodeTestTask.executeRecursively(NodeTestTask.java:138)\r\n\tat org.junit.platform.engine.support.hierarchical.NodeTestTask.execute(NodeTestTask.java:95)\r\n\tat org.junit.platform.engine.support.hierarchical.SameThreadHierarchicalTestExecutorService.submit(SameThreadHierarchicalTestExecutorService.java:35)\r\n\tat org.junit.platform.engine.support.hierarchical.HierarchicalTestExecutor.execute(HierarchicalTestExecutor.java:57)\r\n\tat org.junit.platform.engine.support.hierarchical.HierarchicalTestEngine.execute(HierarchicalTestEngine.java:54)\r\n\tat org.junit.platform.launcher.core.EngineExecutionOrchestrator.execute(EngineExecutionOrchestrator.java:147)\r\n\tat org.junit.platform.launcher.core.EngineExecutionOrchestrator.execute(EngineExecutionOrchestrator.java:127)\r\n\tat org.junit.platform.launcher.core.EngineExecutionOrchestrator.execute(EngineExecutionOrchestrator.java:90)\r\n\tat org.junit.platform.launcher.core.EngineExecutionOrchestrator.lambda$execute$0(EngineExecutionOrchestrator.java:55)\r\n\tat org.junit.platform.launcher.core.EngineExecutionOrchestrator.withInterceptedStreams(EngineExecutionOrchestrator.java:102)\r\n\tat org.junit.platform.launcher.core.EngineExecutionOrchestrator.execute(EngineExecutionOrchestrator.java:54)\r\n\tat org.junit.platform.launcher.core.DefaultLauncher.execute(DefaultLauncher.java:114)\r\n\tat org.junit.platform.launcher.core.DefaultLauncher.execute(DefaultLauncher.java:86)\r\n\tat org.junit.platform.launcher.core.DefaultLauncherSession$DelegatingLauncher.execute(DefaultLauncherSession.java:86)\r\n\tat org.junit.platform.launcher.core.SessionPerRequestLauncher.execute(SessionPerRequestLauncher.java:53)\r\n\tat com.intellij.junit5.JUnit5IdeaTestRunner.startRunnerWithArgs(JUnit5IdeaTestRunner.java:57)\r\n\tat com.intellij.rt.junit.IdeaTestRunner$Repeater$1.execute(IdeaTestRunner.java:38)\r\n\tat com.intellij.rt.execution.junit.TestsRepeater.repeat(TestsRepeater.java:11)\r\n\tat com.intellij.rt.junit.IdeaTestRunner$Repeater.startRunnerWithArgs(IdeaTestRunner.java:35)\r\n\tat com.intellij.rt.junit.JUnitStarter.prepareStreamsAndStart(JUnitStarter.java:232)\r\n\tat com.intellij.rt.junit.JUnitStarter.main(JUnitStarter.java:55)\r\nCaused by: org.openqa.selenium.NoSuchElementException: no such element: Unable to locate element: {\"method\":\"xpath\",\"selector\":\"/html/body/div[21]/div[3]/div/button\"}\n  (Session info: chrome=134.0.6998.35)\nFor documentation on this error, please visit: https://www.selenium.dev/documentation/webdriver/troubleshooting/errors#no-such-element-exception\nBuild info: version: '4.19.1', revision: 'abe0ee07dc'\nSystem info: os.name: 'Windows 11', os.arch: 'amd64', os.version: '10.0', java.version: '22.0.2'\nDriver info: org.openqa.selenium.chrome.ChromeDriver\nCommand: [4152df56b34dbd280c600c6b1416f6ca, findElement {using=xpath, value=/html/body/div[21]/div[3]/div/button}]\nCapabilities {acceptInsecureCerts: true, browserName: chrome, browserVersion: 134.0.6998.35, chrome: {chromedriverVersion: 134.0.6998.35 (ea6ef4c2ac15..., userDataDir: C:\\Users\\JOSSUE~1\\AppData\\L...}, fedcm:accounts: true, goog:chromeOptions: {debuggerAddress: localhost:51288}, networkConnectionEnabled: false, pageLoadStrategy: normal, platformName: windows, proxy: Proxy(), se:cdp: ws://localhost:51288/devtoo..., se:cdpVersion: 134.0.6998.35, setWindowRect: true, strictFileInteractability: false, timeouts: {implicit: 0, pageLoad: 300000, script: 30000}, unhandledPromptBehavior: accept, webauthn:extension:credBlob: true, webauthn:extension:largeBlob: true, webauthn:extension:minPinLength: true, webauthn:extension:prf: true, webauthn:virtualAuthenticators: true}\nSession ID: 4152df56b34dbd280c600c6b1416f6ca\r\n\tat java.base/jdk.internal.reflect.DirectConstructorHandleAccessor.newInstance(DirectConstructorHandleAccessor.java:62)\r\n\tat java.base/java.lang.reflect.Constructor.newInstanceWithCaller(Constructor.java:502)\r\n\tat java.base/java.lang.reflect.Constructor.newInstance(Constructor.java:486)\r\n\tat org.openqa.selenium.remote.ErrorCodec.decode(ErrorCodec.java:167)\r\n\tat org.openqa.selenium.remote.codec.w3c.W3CHttpResponseCodec.decode(W3CHttpResponseCodec.java:138)\r\n\tat org.openqa.selenium.remote.codec.w3c.W3CHttpResponseCodec.decode(W3CHttpResponseCodec.java:50)\r\n\tat org.openqa.selenium.remote.HttpCommandExecutor.execute(HttpCommandExecutor.java:190)\r\n\tat org.openqa.selenium.remote.service.DriverCommandExecutor.invokeExecute(DriverCommandExecutor.java:216)\r\n\tat org.openqa.selenium.remote.service.DriverCommandExecutor.execute(DriverCommandExecutor.java:174)\r\n\tat org.openqa.selenium.remote.RemoteWebDriver.execute(RemoteWebDriver.java:518)\r\n\tat org.openqa.selenium.remote.ElementLocation$ElementFinder$2.findElement(ElementLocation.java:165)\r\n\tat org.openqa.selenium.remote.ElementLocation.findElement(ElementLocation.java:59)\r\n\tat org.openqa.selenium.remote.RemoteWebDriver.findElement(RemoteWebDriver.java:355)\r\n\tat org.openqa.selenium.remote.RemoteWebDriver.findElement(RemoteWebDriver.java:349)\r\n\tat com.codeborne.selenide.impl.WebElementSelector.findElement(WebElementSelector.java:73)\r\n\tat com.codeborne.selenide.impl.WebElementSelector.findElement(WebElementSelector.java:46)\r\n\tat com.codeborne.selenide.impl.WebElementSelector.findElement(WebElementSelector.java:35)\r\n\tat com.codeborne.selenide.impl.ElementFinder.getWebElement(ElementFinder.java:122)\r\n\tat com.codeborne.selenide.impl.WebElementSource.checkConditionAndReturnElement(WebElementSource.java:114)\r\n\t... 79 more\r\n"},"stage":"finished","steps":[],"attachments":[{"name":"Screenshot","source":"d0feeb6b-d541-4dcd-b061-dfc4f07e2e34-attachment.png","type":"image/png"},{"name":"Page source","source":"3a74155a-53e7-44ce-ba0f-10cc655462a7-attachment.html","type":"text/html"}],"parameters":[],"start":1741370928414,"stop":1741370932900}],"attachments":[],"parameters":[],"start":1741370826715,"stop":1741370932915}