{"uuid":"c0ea9d33-061a-4612-8141-a083049e04b6","historyId":"10f3c97734deecc9caa9fb42741bfc63","testCaseId":"[engine:junit-jupiter]/[class:HACIENDA.Tramite31601.Tramite31601Test]/[method:Proceso31601()]","testCaseName":"Proceso31601()","fullName":"HACIENDA.Tramite31601.Tramite31601Test.Proceso31601","labels":[{"name":"junit.platform.uniqueid","value":"[engine:junit-jupiter]/[class:HACIENDA.Tramite31601.Tramite31601Test]/[method:Proceso31601()]"},{"name":"host","value":"EquipoUltrasist"},{"name":"thread","value":"12100@EquipoUltrasist.main(1)"},{"name":"framework","value":"junit-platform"},{"name":"language","value":"java"},{"name":"package","value":"HACIENDA.Tramite31601.Tramite31601Test"},{"name":"testClass","value":"HACIENDA.Tramite31601.Tramite31601Test"},{"name":"testMethod","value":"Proceso31601"},{"name":"suite","value":"HACIENDA.Tramite31601.Tramite31601Test"}],"links":[],"name":"Proceso31601()","status":"failed","statusDetails":{"known":false,"muted":false,"flaky":false,"message":"Element not found {By.xpath: /html/body/div[22]/div[3]/div/button}\r\nExpected: clickable: interactable and enabled\r\nScreenshot: file:/C:/VucemAuto/automations/build/reports/tests/1741393273073.0.png\r\nPage source: file:/C:/VucemAuto/automations/build/reports/tests/1741393273073.0.html\r\nTimeout: 4 s.\r\nCaused by: NoSuchElementException: no such element: Unable to locate element: {\"method\":\"xpath\",\"selector\":\"/html/body/div[22]/div[3]/div/button\"}","trace":"Element not found {By.xpath: /html/body/div[22]/div[3]/div/button}\r\nExpected: clickable: interactable and enabled\r\nScreenshot: file:/C:/VucemAuto/automations/build/reports/tests/1741393273073.0.png\r\nPage source: file:/C:/VucemAuto/automations/build/reports/tests/1741393273073.0.html\r\nTimeout: 4 s.\r\nCaused by: NoSuchElementException: no such element: Unable to locate element: {\"method\":\"xpath\",\"selector\":\"/html/body/div[22]/div[3]/div/button\"}\r\n\tat com.codeborne.selenide.impl.WebElementSource.createElementNotFoundError(WebElementSource.java:89)\r\n\tat com.codeborne.selenide.impl.ElementFinder.createElementNotFoundError(ElementFinder.java:142)\r\n\tat com.codeborne.selenide.impl.WebElementSource.handleError(WebElementSource.java:141)\r\n\tat com.codeborne.selenide.impl.WebElementSource.checkConditionAndReturnElement(WebElementSource.java:125)\r\n\tat com.codeborne.selenide.impl.WebElementSource.findAndAssertElementIsClickable(WebElementSource.java:171)\r\n\tat com.codeborne.selenide.commands.Click.findElement(Click.java:53)\r\n\tat com.codeborne.selenide.commands.Click.execute(Click.java:34)\r\n\tat com.codeborne.selenide.commands.Click.execute(Click.java:26)\r\n\tat com.codeborne.selenide.commands.Commands.execute(Commands.java:162)\r\n\tat com.codeborne.selenide.impl.SelenideElementProxy.dispatchAndRetry(SelenideElementProxy.java:134)\r\n\tat com.codeborne.selenide.impl.SelenideElementProxy.invoke(SelenideElementProxy.java:86)\r\n\tat jdk.proxy2/jdk.proxy2.$Proxy10.click(Unknown Source)\r\n\tat HACIENDA.Tramite31601.Tramite31601Test.lambda$Proceso31601$0(Tramite31601Test.java:156)\r\n\tat HACIENDA.Tramite31601.Tramite31601Test.ejecutarProcesoNRunnable(Tramite31601Test.java:193)\r\n\tat HACIENDA.Tramite31601.Tramite31601Test.Proceso31601(Tramite31601Test.java:95)\r\n\tat java.base/jdk.internal.reflect.DirectMethodHandleAccessor.invoke(DirectMethodHandleAccessor.java:103)\r\n\tat java.base/java.lang.reflect.Method.invoke(Method.java:580)\r\n\tat org.junit.platform.commons.util.ReflectionUtils.invokeMethod(ReflectionUtils.java:728)\r\n\tat org.junit.jupiter.engine.execution.MethodInvocation.proceed(MethodInvocation.java:60)\r\n\tat org.junit.jupiter.engine.execution.InvocationInterceptorChain$ValidatingInvocation.proceed(InvocationInterceptorChain.java:131)\r\n\tat org.junit.jupiter.engine.extension.TimeoutExtension.intercept(TimeoutExtension.java:156)\r\n\tat org.junit.jupiter.engine.extension.TimeoutExtension.interceptTestableMethod(TimeoutExtension.java:147)\r\n\tat org.junit.jupiter.engine.extension.TimeoutExtension.interceptTestMethod(TimeoutExtension.java:86)\r\n\tat org.junit.jupiter.engine.execution.InterceptingExecutableInvoker$ReflectiveInterceptorCall.lambda$ofVoidMethod$0(InterceptingExecutableInvoker.java:103)\r\n\tat org.junit.jupiter.engine.execution.InterceptingExecutableInvoker.lambda$invoke$0(InterceptingExecutableInvoker.java:93)\r\n\tat org.junit.jupiter.engine.execution.InvocationInterceptorChain$InterceptedInvocation.proceed(InvocationInterceptorChain.java:106)\r\n\tat org.junit.jupiter.engine.execution.InvocationInterceptorChain.proceed(InvocationInterceptorChain.java:64)\r\n\tat org.junit.jupiter.engine.execution.InvocationInterceptorChain.chainAndInvoke(InvocationInterceptorChain.java:45)\r\n\tat org.junit.jupiter.engine.execution.InvocationInterceptorChain.invoke(InvocationInterceptorChain.java:37)\r\n\tat org.junit.jupiter.engine.execution.InterceptingExecutableInvoker.invoke(InterceptingExecutableInvoker.java:92)\r\n\tat org.junit.jupiter.engine.execution.InterceptingExecutableInvoker.invoke(InterceptingExecutableInvoker.java:86)\r\n\tat org.junit.jupiter.engine.descriptor.TestMethodTestDescriptor.lambda$invokeTestMethod$7(TestMethodTestDescriptor.java:218)\r\n\tat org.junit.platform.engine.support.hierarchical.ThrowableCollector.execute(ThrowableCollector.java:73)\r\n\tat org.junit.jupiter.engine.descriptor.TestMethodTestDescriptor.invokeTestMethod(TestMethodTestDescriptor.java:214)\r\n\tat org.junit.jupiter.engine.descriptor.TestMethodTestDescriptor.execute(TestMethodTestDescriptor.java:139)\r\n\tat org.junit.jupiter.engine.descriptor.TestMethodTestDescriptor.execute(TestMethodTestDescriptor.java:69)\r\n\tat org.junit.platform.engine.support.hierarchical.NodeTestTask.lambda$executeRecursively$6(NodeTestTask.java:151)\r\n\tat org.junit.platform.engine.support.hierarchical.ThrowableCollector.execute(ThrowableCollector.java:73)\r\n\tat org.junit.platform.engine.support.hierarchical.NodeTestTask.lambda$executeRecursively$8(NodeTestTask.java:141)\r\n\tat org.junit.platform.engine.support.hierarchical.Node.around(Node.java:137)\r\n\tat org.junit.platform.engine.support.hierarchical.NodeTestTask.lambda$executeRecursively$9(NodeTestTask.java:139)\r\n\tat org.junit.platform.engine.support.hierarchical.ThrowableCollector.execute(ThrowableCollector.java:73)\r\n\tat org.junit.platform.engine.support.hierarchical.NodeTestTask.executeRecursively(NodeTestTask.java:138)\r\n\tat org.junit.platform.engine.support.hierarchical.NodeTestTask.execute(NodeTestTask.java:95)\r\n\tat java.base/java.util.ArrayList.forEach(ArrayList.java:1597)\r\n\tat org.junit.platform.engine.support.hierarchical.SameThreadHierarchicalTestExecutorService.invokeAll(SameThreadHierarchicalTestExecutorService.java:41)\r\n\tat org.junit.platform.engine.support.hierarchical.NodeTestTask.lambda$executeRecursively$6(NodeTestTask.java:155)\r\n\tat org.junit.platform.engine.support.hierarchical.ThrowableCollector.execute(ThrowableCollector.java:73)\r\n\tat org.junit.platform.engine.support.hierarchical.NodeTestTask.lambda$executeRecursively$8(NodeTestTask.java:141)\r\n\tat org.junit.platform.engine.support.hierarchical.Node.around(Node.java:137)\r\n\tat org.junit.platform.engine.support.hierarchical.NodeTestTask.lambda$executeRecursively$9(NodeTestTask.java:139)\r\n\tat org.junit.platform.engine.support.hierarchical.ThrowableCollector.execute(ThrowableCollector.java:73)\r\n\tat org.junit.platform.engine.support.hierarchical.NodeTestTask.executeRecursively(NodeTestTask.java:138)\r\n\tat org.junit.platform.engine.support.hierarchical.NodeTestTask.execute(NodeTestTask.java:95)\r\n\tat java.base/java.util.ArrayList.forEach(ArrayList.java:1597)\r\n\tat org.junit.platform.engine.support.hierarchical.SameThreadHierarchicalTestExecutorService.invokeAll(SameThreadHierarchicalTestExecutorService.java:41)\r\n\tat org.junit.platform.engine.support.hierarchical.NodeTestTask.lambda$executeRecursively$6(NodeTestTask.java:155)\r\n\tat org.junit.platform.engine.support.hierarchical.ThrowableCollector.execute(ThrowableCollector.java:73)\r\n\tat org.junit.platform.engine.support.hierarchical.NodeTestTask.lambda$executeRecursively$8(NodeTestTask.java:141)\r\n\tat org.junit.platform.engine.support.hierarchical.Node.around(Node.java:137)\r\n\tat org.junit.platform.engine.support.hierarchical.NodeTestTask.lambda$executeRecursively$9(NodeTestTask.java:139)\r\n\tat org.junit.platform.engine.support.hierarchical.ThrowableCollector.execute(ThrowableCollector.java:73)\r\n\tat org.junit.platform.engine.support.hierarchical.NodeTestTask.executeRecursively(NodeTestTask.java:138)\r\n\tat org.junit.platform.engine.support.hierarchical.NodeTestTask.execute(NodeTestTask.java:95)\r\n\tat org.junit.platform.engine.support.hierarchical.SameThreadHierarchicalTestExecutorService.submit(SameThreadHierarchicalTestExecutorService.java:35)\r\n\tat org.junit.platform.engine.support.hierarchical.HierarchicalTestExecutor.execute(HierarchicalTestExecutor.java:57)\r\n\tat org.junit.platform.engine.support.hierarchical.HierarchicalTestEngine.execute(HierarchicalTestEngine.java:54)\r\n\tat org.junit.platform.launcher.core.EngineExecutionOrchestrator.execute(EngineExecutionOrchestrator.java:147)\r\n\tat org.junit.platform.launcher.core.EngineExecutionOrchestrator.execute(EngineExecutionOrchestrator.java:127)\r\n\tat org.junit.platform.launcher.core.EngineExecutionOrchestrator.execute(EngineExecutionOrchestrator.java:90)\r\n\tat org.junit.platform.launcher.core.EngineExecutionOrchestrator.lambda$execute$0(EngineExecutionOrchestrator.java:55)\r\n\tat org.junit.platform.launcher.core.EngineExecutionOrchestrator.withInterceptedStreams(EngineExecutionOrchestrator.java:102)\r\n\tat org.junit.platform.launcher.core.EngineExecutionOrchestrator.execute(EngineExecutionOrchestrator.java:54)\r\n\tat org.junit.platform.launcher.core.DefaultLauncher.execute(DefaultLauncher.java:114)\r\n\tat org.junit.platform.launcher.core.DefaultLauncher.execute(DefaultLauncher.java:86)\r\n\tat org.junit.platform.launcher.core.DefaultLauncherSession$DelegatingLauncher.execute(DefaultLauncherSession.java:86)\r\n\tat org.junit.platform.launcher.core.SessionPerRequestLauncher.execute(SessionPerRequestLauncher.java:53)\r\n\tat com.intellij.junit5.JUnit5IdeaTestRunner.startRunnerWithArgs(JUnit5IdeaTestRunner.java:57)\r\n\tat com.intellij.rt.junit.IdeaTestRunner$Repeater$1.execute(IdeaTestRunner.java:38)\r\n\tat com.intellij.rt.execution.junit.TestsRepeater.repeat(TestsRepeater.java:11)\r\n\tat com.intellij.rt.junit.IdeaTestRunner$Repeater.startRunnerWithArgs(IdeaTestRunner.java:35)\r\n\tat com.intellij.rt.junit.JUnitStarter.prepareStreamsAndStart(JUnitStarter.java:232)\r\n\tat com.intellij.rt.junit.JUnitStarter.main(JUnitStarter.java:55)\r\nCaused by: org.openqa.selenium.NoSuchElementException: no such element: Unable to locate element: {\"method\":\"xpath\",\"selector\":\"/html/body/div[22]/div[3]/div/button\"}\n  (Session info: chrome=134.0.6998.35)\nFor documentation on this error, please visit: https://www.selenium.dev/documentation/webdriver/troubleshooting/errors#no-such-element-exception\nBuild info: version: '4.19.1', revision: 'abe0ee07dc'\nSystem info: os.name: 'Windows 11', os.arch: 'amd64', os.version: '10.0', java.version: '22.0.2'\nDriver info: org.openqa.selenium.chrome.ChromeDriver\nCommand: [d8ddfb5c4988548fc354b3d50526cdbc, findElement {value=/html/body/div[22]/div[3]/div/button, using=xpath}]\nCapabilities {acceptInsecureCerts: true, browserName: chrome, browserVersion: 134.0.6998.35, chrome: {chromedriverVersion: 134.0.6998.35 (ea6ef4c2ac15..., userDataDir: C:\\Users\\JOSSUE~1\\AppData\\L...}, fedcm:accounts: true, goog:chromeOptions: {debuggerAddress: localhost:58995}, networkConnectionEnabled: false, pageLoadStrategy: normal, platformName: windows, proxy: Proxy(), se:cdp: ws://localhost:58995/devtoo..., se:cdpVersion: 134.0.6998.35, setWindowRect: true, strictFileInteractability: false, timeouts: {implicit: 0, pageLoad: 300000, script: 30000}, unhandledPromptBehavior: accept, webauthn:extension:credBlob: true, webauthn:extension:largeBlob: true, webauthn:extension:minPinLength: true, webauthn:extension:prf: true, webauthn:virtualAuthenticators: true}\nSession ID: d8ddfb5c4988548fc354b3d50526cdbc\r\n\tat java.base/jdk.internal.reflect.DirectConstructorHandleAccessor.newInstance(DirectConstructorHandleAccessor.java:62)\r\n\tat java.base/java.lang.reflect.Constructor.newInstanceWithCaller(Constructor.java:502)\r\n\tat java.base/java.lang.reflect.Constructor.newInstance(Constructor.java:486)\r\n\tat org.openqa.selenium.remote.ErrorCodec.decode(ErrorCodec.java:167)\r\n\tat org.openqa.selenium.remote.codec.w3c.W3CHttpResponseCodec.decode(W3CHttpResponseCodec.java:138)\r\n\tat org.openqa.selenium.remote.codec.w3c.W3CHttpResponseCodec.decode(W3CHttpResponseCodec.java:50)\r\n\tat org.openqa.selenium.remote.HttpCommandExecutor.execute(HttpCommandExecutor.java:190)\r\n\tat org.openqa.selenium.remote.service.DriverCommandExecutor.invokeExecute(DriverCommandExecutor.java:216)\r\n\tat org.openqa.selenium.remote.service.DriverCommandExecutor.execute(DriverCommandExecutor.java:174)\r\n\tat org.openqa.selenium.remote.RemoteWebDriver.execute(RemoteWebDriver.java:518)\r\n\tat org.openqa.selenium.remote.ElementLocation$ElementFinder$2.findElement(ElementLocation.java:165)\r\n\tat org.openqa.selenium.remote.ElementLocation.findElement(ElementLocation.java:59)\r\n\tat org.openqa.selenium.remote.RemoteWebDriver.findElement(RemoteWebDriver.java:355)\r\n\tat org.openqa.selenium.remote.RemoteWebDriver.findElement(RemoteWebDriver.java:349)\r\n\tat com.codeborne.selenide.impl.WebElementSelector.findElement(WebElementSelector.java:73)\r\n\tat com.codeborne.selenide.impl.WebElementSelector.findElement(WebElementSelector.java:46)\r\n\tat com.codeborne.selenide.impl.WebElementSelector.findElement(WebElementSelector.java:35)\r\n\tat com.codeborne.selenide.impl.ElementFinder.getWebElement(ElementFinder.java:122)\r\n\tat com.codeborne.selenide.impl.WebElementSource.checkConditionAndReturnElement(WebElementSource.java:114)\r\n\t... 79 more\r\n"},"stage":"finished","description":"","steps":[{"name":"$(\"open\") https://wwwqa.ventanillaunica.gob.mx/ventanilla-HA/authentication.action?showLogin=%22;","status":"passed","stage":"finished","steps":[{"name":"$(\"webdriver\") create()","status":"passed","stage":"finished","steps":[],"attachments":[],"parameters":[],"start":1741393172155,"stop":1741393175652}],"attachments":[],"parameters":[],"start":1741393172135,"stop":1741393176077},{"name":"$(\"By.xpath: //*[@id='certificate']\") set value(C:\\VucemAuto\\automations\\src\\test\\resources\\CredSoli\\aal0409235e6.cer)","status":"passed","stage":"finished","steps":[],"attachments":[],"parameters":[],"start":1741393176084,"stop":1741393181597},{"name":"$(\"By.xpath: //*[@id='privateKey']\") set value(C:\\VucemAuto\\automations\\src\\test\\resources\\CredSoli\\AAL0409235E6_1012231310.key)","status":"passed","stage":"finished","steps":[],"attachments":[],"parameters":[],"start":1741393181597,"stop":1741393181667},{"name":"$(\"By.xpath: //*[@id='privateKeyPassword']\") set value(delfin40)","status":"passed","stage":"finished","steps":[],"attachments":[],"parameters":[],"start":1741393181668,"stop":1741393181759},{"name":"$(\"By.xpath: //button[@onclick='ejecutarProcesoFirma(1)']\") click()","status":"passed","stage":"finished","steps":[],"attachments":[],"parameters":[],"start":1741393181759,"stop":1741393181861},{"name":"$(\"By.xpath: //*[@id='claveRol']\") send keys(Persona Moral)","status":"passed","stage":"finished","steps":[],"attachments":[],"parameters":[],"start":1741393181861,"stop":1741393184442},{"name":"$(\"By.xpath: //button[@name='ingresar']\") click()","status":"passed","stage":"finished","steps":[],"attachments":[],"parameters":[],"start":1741393185447,"stop":1741393185563},{"name":"$(\"By.xpath: //*[@id='Trámites']\") send keys(Solicitudes nuevas)","status":"passed","stage":"finished","steps":[],"attachments":[],"parameters":[],"start":1741393186576,"stop":1741393188309},{"name":"$(\"By.xpath: /html/body/main/div/div[2]/div[1]/div[1]/div/nav/div/div[2]/ul/li[5]/ul/li[3]/a\") click()","status":"passed","stage":"finished","steps":[],"attachments":[],"parameters":[],"start":1741393189313,"stop":1741393190726},{"name":"$(\"By.xpath: //img[contains(@alt, 'General')]\") click()","status":"passed","stage":"finished","steps":[],"attachments":[],"parameters":[],"start":1741393191739,"stop":1741393191825},{"name":"$(\"By.xpath: /html/body/main/div/div[3]/div/div[8]/ul/li/a\") click()","status":"passed","stage":"finished","steps":[],"attachments":[],"parameters":[],"start":1741393192830,"stop":1741393193036},{"name":"$(\"By.xpath: /html/body/main/div/div[3]/div/div[8]/ul/li/ul/li[3]/a\") click()","status":"passed","stage":"finished","steps":[],"attachments":[],"parameters":[],"start":1741393194048,"stop":1741393194145},{"name":"$(\"By.xpath: /html/body/main/div/div[3]/div/div[8]/ul/li/ul/li[3]/ul/li[1]/a\") click()","status":"passed","stage":"finished","steps":[],"attachments":[],"parameters":[],"start":1741393195152,"stop":1741393211372},{"name":"$(\"By.xpath: //*[@id=\"tabs\"]/ul/li[2]/a\") click()","status":"passed","stage":"finished","steps":[],"attachments":[],"parameters":[],"start":1741393212386,"stop":1741393212501},{"name":"$(\"By.xpath: //*[@id=\"preOperativoANo\"]\") click()","status":"passed","stage":"finished","steps":[],"attachments":[],"parameters":[],"start":1741393213510,"stop":1741393213608},{"name":"$(\"By.xpath: //*[@id=\"regimen_3\"]\") click()","status":"passed","stage":"finished","steps":[],"attachments":[],"parameters":[],"start":1741393214612,"stop":1741393214701},{"name":"$(\"By.xpath: //*[@id=\"solicitud.listaCatalogoSolicitud[0].catalogo\"]\") send keys(Fabricación de equipo ferroviario)","status":"passed","stage":"finished","steps":[],"attachments":[],"parameters":[],"start":1741393215715,"stop":1741393215779},{"name":"$(\"By.xpath: //*[@id=\"si190\"]\") click()","status":"passed","stage":"finished","steps":[],"attachments":[],"parameters":[],"start":1741393216793,"stop":1741393216885},{"name":"$(\"By.xpath: //*[@id=\"si191\"]\") click()","status":"passed","stage":"finished","steps":[],"attachments":[],"parameters":[],"start":1741393217897,"stop":1741393217999},{"name":"$(\"By.xpath: //*[@id=\"emPropiosSi\"]\") click()","status":"passed","stage":"finished","steps":[],"attachments":[],"parameters":[],"start":1741393219000,"stop":1741393219094},{"name":"$(\"By.xpath: //*[@id=\"empPropios\"]\") send keys(10)","status":"passed","stage":"finished","steps":[],"attachments":[],"parameters":[],"start":1741393220094,"stop":1741393220164},{"name":"$(\"By.xpath: //*[@id=\"solicitud.empleadosPropios.bimestre\"]\") send keys(Mayo-Junio)","status":"passed","stage":"finished","steps":[],"attachments":[],"parameters":[],"start":1741393221170,"stop":1741393221217},{"name":"$(\"By.xpath: //*[@id=\"no2011\"]\") click()","status":"passed","stage":"finished","steps":[],"attachments":[],"parameters":[],"start":1741393222221,"stop":1741393222327},{"name":"$(\"By.xpath: //*[@id=\"no237A\"]\") click()","status":"passed","stage":"finished","steps":[],"attachments":[],"parameters":[],"start":1741393223341,"stop":1741393223418},{"name":"$(\"By.xpath: //*[@id=\"no238A\"]\") click()","status":"passed","stage":"finished","steps":[],"attachments":[],"parameters":[],"start":1741393224429,"stop":1741393224491},{"name":"$(\"By.xpath: //*[@id=\"si239\"]\") click()","status":"passed","stage":"finished","steps":[],"attachments":[],"parameters":[],"start":1741393225500,"stop":1741393225573},{"name":"$(\"By.xpath: //*[@id=\"no240A\"]\") click()","status":"passed","stage":"finished","steps":[],"attachments":[],"parameters":[],"start":1741393226586,"stop":1741393226665},{"name":"$(\"By.xpath: //*[@id=\"si243\"]\") click()","status":"passed","stage":"finished","steps":[],"attachments":[],"parameters":[],"start":1741393227677,"stop":1741393227778},{"name":"$(\"By.xpath: //*[@id=\"no244A\"]\") click()","status":"passed","stage":"finished","steps":[],"attachments":[],"parameters":[],"start":1741393228785,"stop":1741393228873},{"name":"$(\"By.xpath: //*[@id=\"IMMEX\"]\") send keys(42025 - Autorización Programa Nueva Industrial)","status":"passed","stage":"finished","steps":[],"attachments":[],"parameters":[],"start":1741393229874,"stop":1741393230530},{"name":"$(\"By.xpath: //*[@id=\"btnAgregarDomicilios\"]\") click()","status":"passed","stage":"finished","steps":[],"attachments":[],"parameters":[],"start":1741393231542,"stop":1741393231691},{"name":"$(\"By.xpath: //*[@id=\"entidadFederativaIDC\"]\") send keys(SINALOA)","status":"passed","stage":"finished","steps":[],"attachments":[],"parameters":[],"start":1741393232692,"stop":1741393232757},{"name":"$(\"By.xpath: //*[@id=\"cb_gridDomiciliosModal\"]\") click()","status":"passed","stage":"finished","steps":[],"attachments":[],"parameters":[],"start":1741393233771,"stop":1741393233846},{"name":"$(\"By.xpath: /html/body/div[9]/div[2]/table/tbody/tr[4]/td/input[1]\") click()","status":"passed","stage":"finished","steps":[],"attachments":[],"parameters":[],"start":1741393234850,"stop":1741393235220},{"name":"$(\"By.xpath: //*[@id=\"archivo\"]\") set value(C:\\VucemAuto\\automations\\src\\test\\resources\\Doc31601\\carga_proveedoresExtranjerosIC (1).xls)","status":"passed","stage":"finished","steps":[],"attachments":[],"parameters":[],"start":1741393236235,"stop":1741393236313},{"name":"$(\"By.xpath: //*[@id=\"uploadNewFileExtranjeros\"]\") click()","status":"passed","stage":"finished","steps":[],"attachments":[],"parameters":[],"start":1741393237323,"stop":1741393237793},{"name":"$(\"by text: Ok\") should be(visible)","status":"passed","stage":"finished","steps":[],"attachments":[],"parameters":[],"start":1741393239308,"stop":1741393239344},{"name":"$(\"by text: Ok\") should have(text \"Ok\")","status":"passed","stage":"finished","steps":[],"attachments":[],"parameters":[],"start":1741393239345,"stop":1741393239376},{"name":"$(\"by text: Ok\") click()","status":"passed","stage":"finished","steps":[],"attachments":[],"parameters":[],"start":1741393239376,"stop":1741393239491},{"name":"$(\"By.xpath: //*[@id=\"archivoNacionales\"]\") set value(C:\\VucemAuto\\automations\\src\\test\\resources\\Doc31601\\carga_proveedoresNacionesIC (1).xls)","status":"passed","stage":"finished","steps":[],"attachments":[],"parameters":[],"start":1741393240503,"stop":1741393240606},{"name":"$(\"By.xpath: //*[@id=\"uploadFileExtranjerosN\"]\") click()","status":"passed","stage":"finished","steps":[],"attachments":[],"parameters":[],"start":1741393241610,"stop":1741393242032},{"name":"$(\"by text: Ok[1]\") click()","status":"passed","stage":"finished","steps":[],"attachments":[],"parameters":[],"start":1741393243553,"stop":1741393243625},{"name":"$(\"By.xpath: //*[@id=\"no705\"]\") click()","status":"passed","stage":"finished","steps":[],"attachments":[],"parameters":[],"start":1741393243625,"stop":1741393243695},{"name":"$(\"By.xpath: //*[@id=\"siInventario\"]\") click()","status":"passed","stage":"finished","steps":[],"attachments":[],"parameters":[],"start":1741393244699,"stop":1741393244805},{"name":"$(\"By.xpath: //*[@id=\"nombre.inventario\"]\") send keys(Nombrejhgjk)","status":"passed","stage":"finished","steps":[],"attachments":[],"parameters":[],"start":1741393245810,"stop":1741393245902},{"name":"$(\"By.xpath: //*[@id=\"lugarR.inventario\"]\") send keys(gwegw)","status":"passed","stage":"finished","steps":[],"attachments":[],"parameters":[],"start":1741393246912,"stop":1741393246984},{"name":"$(\"By.xpath: //*[@id=\"anexo.inventario\"]\") click()","status":"passed","stage":"finished","steps":[],"attachments":[],"parameters":[],"start":1741393247991,"stop":1741393248111},{"name":"$(\"By.xpath: //*[@id=\"btnAgregar.inventario\"]\") click()","status":"passed","stage":"finished","steps":[],"attachments":[],"parameters":[],"start":1741393249118,"stop":1741393249195},{"name":"$(\"by text: Aceptar\") should be(visible)","status":"passed","stage":"finished","steps":[],"attachments":[],"parameters":[],"start":1741393250708,"stop":1741393250732},{"name":"$(\"by text: Aceptar\") should have(text \"Aceptar\")","status":"passed","stage":"finished","steps":[],"attachments":[],"parameters":[],"start":1741393250732,"stop":1741393250768},{"name":"$(\"by text: Aceptar\") click()","status":"passed","stage":"finished","steps":[],"attachments":[],"parameters":[],"start":1741393250768,"stop":1741393250848},{"name":"$(\"By.xpath: //*[@id=\"si251\"]\") click()","status":"passed","stage":"finished","steps":[],"attachments":[],"parameters":[],"start":1741393252353,"stop":1741393252458},{"name":"$(\"By.xpath: //*[@id=\"no706\"]\") click()","status":"passed","stage":"finished","steps":[],"attachments":[],"parameters":[],"start":1741393253960,"stop":1741393254027},{"name":"$(\"By.xpath: //*[@id=\"no707\"]\") click()","status":"passed","stage":"finished","steps":[],"attachments":[],"parameters":[],"start":1741393255537,"stop":1741393255614},{"name":"$(\"By.xpath: //*[@id=\"no708\"]\") click()","status":"passed","stage":"finished","steps":[],"attachments":[],"parameters":[],"start":1741393257115,"stop":1741393257217},{"name":"$(\"By.xpath: //*[@id=\"agregarSocio\"]\") click()","status":"passed","stage":"finished","steps":[],"attachments":[],"parameters":[],"start":1741393258730,"stop":1741393258858},{"name":"$(\"By.xpath: //*[@id=\"socio.caracterDe\"]\") send keys(Administrador único)","status":"passed","stage":"finished","steps":[],"attachments":[],"parameters":[],"start":1741393259871,"stop":1741393259925},{"name":"$(\"By.xpath: /html/body/div[14]/div[2]/form/table/tbody/tr[1]/td[1]/table/tbody/tr/td[2]/input\") click()","status":"passed","stage":"finished","steps":[],"attachments":[],"parameters":[],"start":1741393260938,"stop":1741393261026},{"name":"$(\"By.xpath: //*[@id=\"socio.tipoPersona\"]\") send keys(Moral)","status":"passed","stage":"finished","steps":[],"attachments":[],"parameters":[],"start":1741393262028,"stop":1741393262102},{"name":"$(\"By.xpath: //*[@id=\"socio.tipoPersona\"]\") click()","status":"passed","stage":"finished","steps":[],"attachments":[],"parameters":[],"start":1741393263615,"stop":1741393263735},{"name":"$(\"By.xpath: //*[@id=\"socio.nombreEmpresa\"]\") send keys(egwgwegwg)","status":"passed","stage":"finished","steps":[],"attachments":[],"parameters":[],"start":1741393265243,"stop":1741393265310},{"name":"$(\"By.xpath: //*[@id=\"socio.nacionalidad\"]\") send keys(ANTARTIDA)","status":"passed","stage":"finished","steps":[],"attachments":[],"parameters":[],"start":1741393266321,"stop":1741393266374},{"name":"$(\"By.xpath: //*[@id=\"btnSocioAgregarModal\"]\") click()","status":"passed","stage":"finished","steps":[],"attachments":[],"parameters":[],"start":1741393267384,"stop":1741393267468},{"name":"$(\"By.xpath: /html/body/div[22]/div[3]/div/button\") click()","status":"failed","statusDetails":{"known":false,"muted":false,"flaky":false,"message":"Element not found {By.xpath: /html/body/div[22]/div[3]/div/button}\r\nExpected: clickable: interactable and enabled\r\nScreenshot: file:/C:/VucemAuto/automations/build/reports/tests/1741393273073.0.png\r\nPage source: file:/C:/VucemAuto/automations/build/reports/tests/1741393273073.0.html\r\nTimeout: 4 s.\r\nCaused by: NoSuchElementException: no such element: Unable to locate element: {\"method\":\"xpath\",\"selector\":\"/html/body/div[22]/div[3]/div/button\"}","trace":"Element not found {By.xpath: /html/body/div[22]/div[3]/div/button}\r\nExpected: clickable: interactable and enabled\r\nScreenshot: file:/C:/VucemAuto/automations/build/reports/tests/1741393273073.0.png\r\nPage source: file:/C:/VucemAuto/automations/build/reports/tests/1741393273073.0.html\r\nTimeout: 4 s.\r\nCaused by: NoSuchElementException: no such element: Unable to locate element: {\"method\":\"xpath\",\"selector\":\"/html/body/div[22]/div[3]/div/button\"}\r\n\tat com.codeborne.selenide.impl.WebElementSource.createElementNotFoundError(WebElementSource.java:89)\r\n\tat com.codeborne.selenide.impl.ElementFinder.createElementNotFoundError(ElementFinder.java:142)\r\n\tat com.codeborne.selenide.impl.WebElementSource.handleError(WebElementSource.java:141)\r\n\tat com.codeborne.selenide.impl.WebElementSource.checkConditionAndReturnElement(WebElementSource.java:125)\r\n\tat com.codeborne.selenide.impl.WebElementSource.findAndAssertElementIsClickable(WebElementSource.java:171)\r\n\tat com.codeborne.selenide.commands.Click.findElement(Click.java:53)\r\n\tat com.codeborne.selenide.commands.Click.execute(Click.java:34)\r\n\tat com.codeborne.selenide.commands.Click.execute(Click.java:26)\r\n\tat com.codeborne.selenide.commands.Commands.execute(Commands.java:162)\r\n\tat com.codeborne.selenide.impl.SelenideElementProxy.dispatchAndRetry(SelenideElementProxy.java:134)\r\n\tat com.codeborne.selenide.impl.SelenideElementProxy.invoke(SelenideElementProxy.java:86)\r\n\tat jdk.proxy2/jdk.proxy2.$Proxy10.click(Unknown Source)\r\n\tat HACIENDA.Tramite31601.Tramite31601Test.lambda$Proceso31601$0(Tramite31601Test.java:156)\r\n\tat HACIENDA.Tramite31601.Tramite31601Test.ejecutarProcesoNRunnable(Tramite31601Test.java:193)\r\n\tat HACIENDA.Tramite31601.Tramite31601Test.Proceso31601(Tramite31601Test.java:95)\r\n\tat java.base/jdk.internal.reflect.DirectMethodHandleAccessor.invoke(DirectMethodHandleAccessor.java:103)\r\n\tat java.base/java.lang.reflect.Method.invoke(Method.java:580)\r\n\tat org.junit.platform.commons.util.ReflectionUtils.invokeMethod(ReflectionUtils.java:728)\r\n\tat org.junit.jupiter.engine.execution.MethodInvocation.proceed(MethodInvocation.java:60)\r\n\tat org.junit.jupiter.engine.execution.InvocationInterceptorChain$ValidatingInvocation.proceed(InvocationInterceptorChain.java:131)\r\n\tat org.junit.jupiter.engine.extension.TimeoutExtension.intercept(TimeoutExtension.java:156)\r\n\tat org.junit.jupiter.engine.extension.TimeoutExtension.interceptTestableMethod(TimeoutExtension.java:147)\r\n\tat org.junit.jupiter.engine.extension.TimeoutExtension.interceptTestMethod(TimeoutExtension.java:86)\r\n\tat org.junit.jupiter.engine.execution.InterceptingExecutableInvoker$ReflectiveInterceptorCall.lambda$ofVoidMethod$0(InterceptingExecutableInvoker.java:103)\r\n\tat org.junit.jupiter.engine.execution.InterceptingExecutableInvoker.lambda$invoke$0(InterceptingExecutableInvoker.java:93)\r\n\tat org.junit.jupiter.engine.execution.InvocationInterceptorChain$InterceptedInvocation.proceed(InvocationInterceptorChain.java:106)\r\n\tat org.junit.jupiter.engine.execution.InvocationInterceptorChain.proceed(InvocationInterceptorChain.java:64)\r\n\tat org.junit.jupiter.engine.execution.InvocationInterceptorChain.chainAndInvoke(InvocationInterceptorChain.java:45)\r\n\tat org.junit.jupiter.engine.execution.InvocationInterceptorChain.invoke(InvocationInterceptorChain.java:37)\r\n\tat org.junit.jupiter.engine.execution.InterceptingExecutableInvoker.invoke(InterceptingExecutableInvoker.java:92)\r\n\tat org.junit.jupiter.engine.execution.InterceptingExecutableInvoker.invoke(InterceptingExecutableInvoker.java:86)\r\n\tat org.junit.jupiter.engine.descriptor.TestMethodTestDescriptor.lambda$invokeTestMethod$7(TestMethodTestDescriptor.java:218)\r\n\tat org.junit.platform.engine.support.hierarchical.ThrowableCollector.execute(ThrowableCollector.java:73)\r\n\tat org.junit.jupiter.engine.descriptor.TestMethodTestDescriptor.invokeTestMethod(TestMethodTestDescriptor.java:214)\r\n\tat org.junit.jupiter.engine.descriptor.TestMethodTestDescriptor.execute(TestMethodTestDescriptor.java:139)\r\n\tat org.junit.jupiter.engine.descriptor.TestMethodTestDescriptor.execute(TestMethodTestDescriptor.java:69)\r\n\tat org.junit.platform.engine.support.hierarchical.NodeTestTask.lambda$executeRecursively$6(NodeTestTask.java:151)\r\n\tat org.junit.platform.engine.support.hierarchical.ThrowableCollector.execute(ThrowableCollector.java:73)\r\n\tat org.junit.platform.engine.support.hierarchical.NodeTestTask.lambda$executeRecursively$8(NodeTestTask.java:141)\r\n\tat org.junit.platform.engine.support.hierarchical.Node.around(Node.java:137)\r\n\tat org.junit.platform.engine.support.hierarchical.NodeTestTask.lambda$executeRecursively$9(NodeTestTask.java:139)\r\n\tat org.junit.platform.engine.support.hierarchical.ThrowableCollector.execute(ThrowableCollector.java:73)\r\n\tat org.junit.platform.engine.support.hierarchical.NodeTestTask.executeRecursively(NodeTestTask.java:138)\r\n\tat org.junit.platform.engine.support.hierarchical.NodeTestTask.execute(NodeTestTask.java:95)\r\n\tat java.base/java.util.ArrayList.forEach(ArrayList.java:1597)\r\n\tat org.junit.platform.engine.support.hierarchical.SameThreadHierarchicalTestExecutorService.invokeAll(SameThreadHierarchicalTestExecutorService.java:41)\r\n\tat org.junit.platform.engine.support.hierarchical.NodeTestTask.lambda$executeRecursively$6(NodeTestTask.java:155)\r\n\tat org.junit.platform.engine.support.hierarchical.ThrowableCollector.execute(ThrowableCollector.java:73)\r\n\tat org.junit.platform.engine.support.hierarchical.NodeTestTask.lambda$executeRecursively$8(NodeTestTask.java:141)\r\n\tat org.junit.platform.engine.support.hierarchical.Node.around(Node.java:137)\r\n\tat org.junit.platform.engine.support.hierarchical.NodeTestTask.lambda$executeRecursively$9(NodeTestTask.java:139)\r\n\tat org.junit.platform.engine.support.hierarchical.ThrowableCollector.execute(ThrowableCollector.java:73)\r\n\tat org.junit.platform.engine.support.hierarchical.NodeTestTask.executeRecursively(NodeTestTask.java:138)\r\n\tat org.junit.platform.engine.support.hierarchical.NodeTestTask.execute(NodeTestTask.java:95)\r\n\tat java.base/java.util.ArrayList.forEach(ArrayList.java:1597)\r\n\tat org.junit.platform.engine.support.hierarchical.SameThreadHierarchicalTestExecutorService.invokeAll(SameThreadHierarchicalTestExecutorService.java:41)\r\n\tat org.junit.platform.engine.support.hierarchical.NodeTestTask.lambda$executeRecursively$6(NodeTestTask.java:155)\r\n\tat org.junit.platform.engine.support.hierarchical.ThrowableCollector.execute(ThrowableCollector.java:73)\r\n\tat org.junit.platform.engine.support.hierarchical.NodeTestTask.lambda$executeRecursively$8(NodeTestTask.java:141)\r\n\tat org.junit.platform.engine.support.hierarchical.Node.around(Node.java:137)\r\n\tat org.junit.platform.engine.support.hierarchical.NodeTestTask.lambda$executeRecursively$9(NodeTestTask.java:139)\r\n\tat org.junit.platform.engine.support.hierarchical.ThrowableCollector.execute(ThrowableCollector.java:73)\r\n\tat org.junit.platform.engine.support.hierarchical.NodeTestTask.executeRecursively(NodeTestTask.java:138)\r\n\tat org.junit.platform.engine.support.hierarchical.NodeTestTask.execute(NodeTestTask.java:95)\r\n\tat org.junit.platform.engine.support.hierarchical.SameThreadHierarchicalTestExecutorService.submit(SameThreadHierarchicalTestExecutorService.java:35)\r\n\tat org.junit.platform.engine.support.hierarchical.HierarchicalTestExecutor.execute(HierarchicalTestExecutor.java:57)\r\n\tat org.junit.platform.engine.support.hierarchical.HierarchicalTestEngine.execute(HierarchicalTestEngine.java:54)\r\n\tat org.junit.platform.launcher.core.EngineExecutionOrchestrator.execute(EngineExecutionOrchestrator.java:147)\r\n\tat org.junit.platform.launcher.core.EngineExecutionOrchestrator.execute(EngineExecutionOrchestrator.java:127)\r\n\tat org.junit.platform.launcher.core.EngineExecutionOrchestrator.execute(EngineExecutionOrchestrator.java:90)\r\n\tat org.junit.platform.launcher.core.EngineExecutionOrchestrator.lambda$execute$0(EngineExecutionOrchestrator.java:55)\r\n\tat org.junit.platform.launcher.core.EngineExecutionOrchestrator.withInterceptedStreams(EngineExecutionOrchestrator.java:102)\r\n\tat org.junit.platform.launcher.core.EngineExecutionOrchestrator.execute(EngineExecutionOrchestrator.java:54)\r\n\tat org.junit.platform.launcher.core.DefaultLauncher.execute(DefaultLauncher.java:114)\r\n\tat org.junit.platform.launcher.core.DefaultLauncher.execute(DefaultLauncher.java:86)\r\n\tat org.junit.platform.launcher.core.DefaultLauncherSession$DelegatingLauncher.execute(DefaultLauncherSession.java:86)\r\n\tat org.junit.platform.launcher.core.SessionPerRequestLauncher.execute(SessionPerRequestLauncher.java:53)\r\n\tat com.intellij.junit5.JUnit5IdeaTestRunner.startRunnerWithArgs(JUnit5IdeaTestRunner.java:57)\r\n\tat com.intellij.rt.junit.IdeaTestRunner$Repeater$1.execute(IdeaTestRunner.java:38)\r\n\tat com.intellij.rt.execution.junit.TestsRepeater.repeat(TestsRepeater.java:11)\r\n\tat com.intellij.rt.junit.IdeaTestRunner$Repeater.startRunnerWithArgs(IdeaTestRunner.java:35)\r\n\tat com.intellij.rt.junit.JUnitStarter.prepareStreamsAndStart(JUnitStarter.java:232)\r\n\tat com.intellij.rt.junit.JUnitStarter.main(JUnitStarter.java:55)\r\nCaused by: org.openqa.selenium.NoSuchElementException: no such element: Unable to locate element: {\"method\":\"xpath\",\"selector\":\"/html/body/div[22]/div[3]/div/button\"}\n  (Session info: chrome=134.0.6998.35)\nFor documentation on this error, please visit: https://www.selenium.dev/documentation/webdriver/troubleshooting/errors#no-such-element-exception\nBuild info: version: '4.19.1', revision: 'abe0ee07dc'\nSystem info: os.name: 'Windows 11', os.arch: 'amd64', os.version: '10.0', java.version: '22.0.2'\nDriver info: org.openqa.selenium.chrome.ChromeDriver\nCommand: [d8ddfb5c4988548fc354b3d50526cdbc, findElement {value=/html/body/div[22]/div[3]/div/button, using=xpath}]\nCapabilities {acceptInsecureCerts: true, browserName: chrome, browserVersion: 134.0.6998.35, chrome: {chromedriverVersion: 134.0.6998.35 (ea6ef4c2ac15..., userDataDir: C:\\Users\\JOSSUE~1\\AppData\\L...}, fedcm:accounts: true, goog:chromeOptions: {debuggerAddress: localhost:58995}, networkConnectionEnabled: false, pageLoadStrategy: normal, platformName: windows, proxy: Proxy(), se:cdp: ws://localhost:58995/devtoo..., se:cdpVersion: 134.0.6998.35, setWindowRect: true, strictFileInteractability: false, timeouts: {implicit: 0, pageLoad: 300000, script: 30000}, unhandledPromptBehavior: accept, webauthn:extension:credBlob: true, webauthn:extension:largeBlob: true, webauthn:extension:minPinLength: true, webauthn:extension:prf: true, webauthn:virtualAuthenticators: true}\nSession ID: d8ddfb5c4988548fc354b3d50526cdbc\r\n\tat java.base/jdk.internal.reflect.DirectConstructorHandleAccessor.newInstance(DirectConstructorHandleAccessor.java:62)\r\n\tat java.base/java.lang.reflect.Constructor.newInstanceWithCaller(Constructor.java:502)\r\n\tat java.base/java.lang.reflect.Constructor.newInstance(Constructor.java:486)\r\n\tat org.openqa.selenium.remote.ErrorCodec.decode(ErrorCodec.java:167)\r\n\tat org.openqa.selenium.remote.codec.w3c.W3CHttpResponseCodec.decode(W3CHttpResponseCodec.java:138)\r\n\tat org.openqa.selenium.remote.codec.w3c.W3CHttpResponseCodec.decode(W3CHttpResponseCodec.java:50)\r\n\tat org.openqa.selenium.remote.HttpCommandExecutor.execute(HttpCommandExecutor.java:190)\r\n\tat org.openqa.selenium.remote.service.DriverCommandExecutor.invokeExecute(DriverCommandExecutor.java:216)\r\n\tat org.openqa.selenium.remote.service.DriverCommandExecutor.execute(DriverCommandExecutor.java:174)\r\n\tat org.openqa.selenium.remote.RemoteWebDriver.execute(RemoteWebDriver.java:518)\r\n\tat org.openqa.selenium.remote.ElementLocation$ElementFinder$2.findElement(ElementLocation.java:165)\r\n\tat org.openqa.selenium.remote.ElementLocation.findElement(ElementLocation.java:59)\r\n\tat org.openqa.selenium.remote.RemoteWebDriver.findElement(RemoteWebDriver.java:355)\r\n\tat org.openqa.selenium.remote.RemoteWebDriver.findElement(RemoteWebDriver.java:349)\r\n\tat com.codeborne.selenide.impl.WebElementSelector.findElement(WebElementSelector.java:73)\r\n\tat com.codeborne.selenide.impl.WebElementSelector.findElement(WebElementSelector.java:46)\r\n\tat com.codeborne.selenide.impl.WebElementSelector.findElement(WebElementSelector.java:35)\r\n\tat com.codeborne.selenide.impl.ElementFinder.getWebElement(ElementFinder.java:122)\r\n\tat com.codeborne.selenide.impl.WebElementSource.checkConditionAndReturnElement(WebElementSource.java:114)\r\n\t... 79 more\r\n"},"stage":"finished","steps":[],"attachments":[{"name":"Screenshot","source":"40bb93b7-24e7-4a4b-af7a-c14a2129629a-attachment.png","type":"image/png"},{"name":"Page source","source":"7d6ee7be-518f-4a49-a22d-12281f9466e3-attachment.html","type":"text/html"}],"parameters":[],"start":1741393268976,"stop":1741393273448}],"attachments":[],"parameters":[],"start":1741393169670,"stop":1741393273461}