{"uuid":"10bc8d97-fb3c-4329-bf77-5e20c74a5574","historyId":"90bc5b8a4b451b6e81ffb80157da44e5","testCaseId":"[engine:junit-jupiter]/[class:MedioAmbiente.Tramite230902.MainPage230902Test]/[method:Proceso230902()]","testCaseName":"Proceso230902()","fullName":"MedioAmbiente.Tramite230902.MainPage230902Test.Proceso230902","labels":[{"name":"junit.platform.uniqueid","value":"[engine:junit-jupiter]/[class:MedioAmbiente.Tramite230902.MainPage230902Test]/[method:Proceso230902()]"},{"name":"host","value":"DESKTOP-4IU7UDQ"},{"name":"thread","value":"27128@DESKTOP-4IU7UDQ.main(3)"},{"name":"framework","value":"junit-platform"},{"name":"language","value":"java"},{"name":"package","value":"MedioAmbiente.Tramite230902.MainPage230902Test"},{"name":"testClass","value":"MedioAmbiente.Tramite230902.MainPage230902Test"},{"name":"testMethod","value":"Proceso230902"},{"name":"suite","value":"MedioAmbiente.Tramite230902.MainPage230902Test"}],"links":[],"name":"Proceso230902()","status":"failed","statusDetails":{"known":false,"muted":false,"flaky":false,"message":"Element not found {By.xpath: /html/body/main/div/div[4]/div/form/div[4]/div/div/input[2]}\r\nExpected: clickable: interactable and enabled\r\nScreenshot: file:/C:/VucemAuto/automations/build/reports/tests/1745519261152.0.png\r\nPage source: file:/C:/VucemAuto/automations/build/reports/tests/1745519261152.0.html\r\nTimeout: 4 s.\r\nCaused by: NoSuchElementException: no such element: Unable to locate element: {\"method\":\"xpath\",\"selector\":\"/html/body/main/div/div[4]/div/form/div[4]/div/div/input[2]\"}","trace":"Element not found {By.xpath: /html/body/main/div/div[4]/div/form/div[4]/div/div/input[2]}\r\nExpected: clickable: interactable and enabled\r\nScreenshot: file:/C:/VucemAuto/automations/build/reports/tests/1745519261152.0.png\r\nPage source: file:/C:/VucemAuto/automations/build/reports/tests/1745519261152.0.html\r\nTimeout: 4 s.\r\nCaused by: NoSuchElementException: no such element: Unable to locate element: {\"method\":\"xpath\",\"selector\":\"/html/body/main/div/div[4]/div/form/div[4]/div/div/input[2]\"}\r\n\tat com.codeborne.selenide.impl.WebElementSource.createElementNotFoundError(WebElementSource.java:89)\r\n\tat com.codeborne.selenide.impl.ElementFinder.createElementNotFoundError(ElementFinder.java:142)\r\n\tat com.codeborne.selenide.impl.WebElementSource.handleError(WebElementSource.java:141)\r\n\tat com.codeborne.selenide.impl.WebElementSource.checkConditionAndReturnElement(WebElementSource.java:125)\r\n\tat com.codeborne.selenide.impl.WebElementSource.findAndAssertElementIsClickable(WebElementSource.java:171)\r\n\tat com.codeborne.selenide.commands.Click.findElement(Click.java:53)\r\n\tat com.codeborne.selenide.commands.Click.execute(Click.java:34)\r\n\tat com.codeborne.selenide.commands.Click.execute(Click.java:26)\r\n\tat com.codeborne.selenide.commands.Commands.execute(Commands.java:162)\r\n\tat com.codeborne.selenide.impl.SelenideElementProxy.dispatchAndRetry(SelenideElementProxy.java:134)\r\n\tat com.codeborne.selenide.impl.SelenideElementProxy.invoke(SelenideElementProxy.java:86)\r\n\tat jdk.proxy2/jdk.proxy2.$Proxy11.click(Unknown Source)\r\n\tat MedioAmbiente.Tramite230902.MainPage230902Test.lambda$Proceso230902$3(MainPage230902Test.java:305)\r\n\tat MedioAmbiente.Tramite230902.MainPage230902Test.ejecutarProcesoNRunnable(MainPage230902Test.java:329)\r\n\tat MedioAmbiente.Tramite230902.MainPage230902Test.Proceso230902(MainPage230902Test.java:160)\r\n\tat java.base/jdk.internal.reflect.DirectMethodHandleAccessor.invoke(DirectMethodHandleAccessor.java:104)\r\n\tat java.base/java.lang.reflect.Method.invoke(Method.java:565)\r\n\tat org.junit.platform.commons.util.ReflectionUtils.invokeMethod(ReflectionUtils.java:728)\r\n\tat org.junit.jupiter.engine.execution.MethodInvocation.proceed(MethodInvocation.java:60)\r\n\tat org.junit.jupiter.engine.execution.InvocationInterceptorChain$ValidatingInvocation.proceed(InvocationInterceptorChain.java:131)\r\n\tat org.junit.jupiter.engine.extension.TimeoutExtension.intercept(TimeoutExtension.java:156)\r\n\tat org.junit.jupiter.engine.extension.TimeoutExtension.interceptTestableMethod(TimeoutExtension.java:147)\r\n\tat org.junit.jupiter.engine.extension.TimeoutExtension.interceptTestMethod(TimeoutExtension.java:86)\r\n\tat org.junit.jupiter.engine.execution.InterceptingExecutableInvoker$ReflectiveInterceptorCall.lambda$ofVoidMethod$0(InterceptingExecutableInvoker.java:103)\r\n\tat org.junit.jupiter.engine.execution.InterceptingExecutableInvoker.lambda$invoke$0(InterceptingExecutableInvoker.java:93)\r\n\tat org.junit.jupiter.engine.execution.InvocationInterceptorChain$InterceptedInvocation.proceed(InvocationInterceptorChain.java:106)\r\n\tat org.junit.jupiter.engine.execution.InvocationInterceptorChain.proceed(InvocationInterceptorChain.java:64)\r\n\tat org.junit.jupiter.engine.execution.InvocationInterceptorChain.chainAndInvoke(InvocationInterceptorChain.java:45)\r\n\tat org.junit.jupiter.engine.execution.InvocationInterceptorChain.invoke(InvocationInterceptorChain.java:37)\r\n\tat org.junit.jupiter.engine.execution.InterceptingExecutableInvoker.invoke(InterceptingExecutableInvoker.java:92)\r\n\tat org.junit.jupiter.engine.execution.InterceptingExecutableInvoker.invoke(InterceptingExecutableInvoker.java:86)\r\n\tat org.junit.jupiter.engine.descriptor.TestMethodTestDescriptor.lambda$invokeTestMethod$7(TestMethodTestDescriptor.java:218)\r\n\tat org.junit.platform.engine.support.hierarchical.ThrowableCollector.execute(ThrowableCollector.java:73)\r\n\tat org.junit.jupiter.engine.descriptor.TestMethodTestDescriptor.invokeTestMethod(TestMethodTestDescriptor.java:214)\r\n\tat org.junit.jupiter.engine.descriptor.TestMethodTestDescriptor.execute(TestMethodTestDescriptor.java:139)\r\n\tat org.junit.jupiter.engine.descriptor.TestMethodTestDescriptor.execute(TestMethodTestDescriptor.java:69)\r\n\tat org.junit.platform.engine.support.hierarchical.NodeTestTask.lambda$executeRecursively$6(NodeTestTask.java:151)\r\n\tat org.junit.platform.engine.support.hierarchical.ThrowableCollector.execute(ThrowableCollector.java:73)\r\n\tat org.junit.platform.engine.support.hierarchical.NodeTestTask.lambda$executeRecursively$8(NodeTestTask.java:141)\r\n\tat org.junit.platform.engine.support.hierarchical.Node.around(Node.java:137)\r\n\tat org.junit.platform.engine.support.hierarchical.NodeTestTask.lambda$executeRecursively$9(NodeTestTask.java:139)\r\n\tat org.junit.platform.engine.support.hierarchical.ThrowableCollector.execute(ThrowableCollector.java:73)\r\n\tat org.junit.platform.engine.support.hierarchical.NodeTestTask.executeRecursively(NodeTestTask.java:138)\r\n\tat org.junit.platform.engine.support.hierarchical.NodeTestTask.execute(NodeTestTask.java:95)\r\n\tat java.base/java.util.ArrayList.forEach(ArrayList.java:1604)\r\n\tat org.junit.platform.engine.support.hierarchical.SameThreadHierarchicalTestExecutorService.invokeAll(SameThreadHierarchicalTestExecutorService.java:41)\r\n\tat org.junit.platform.engine.support.hierarchical.NodeTestTask.lambda$executeRecursively$6(NodeTestTask.java:155)\r\n\tat org.junit.platform.engine.support.hierarchical.ThrowableCollector.execute(ThrowableCollector.java:73)\r\n\tat org.junit.platform.engine.support.hierarchical.NodeTestTask.lambda$executeRecursively$8(NodeTestTask.java:141)\r\n\tat org.junit.platform.engine.support.hierarchical.Node.around(Node.java:137)\r\n\tat org.junit.platform.engine.support.hierarchical.NodeTestTask.lambda$executeRecursively$9(NodeTestTask.java:139)\r\n\tat org.junit.platform.engine.support.hierarchical.ThrowableCollector.execute(ThrowableCollector.java:73)\r\n\tat org.junit.platform.engine.support.hierarchical.NodeTestTask.executeRecursively(NodeTestTask.java:138)\r\n\tat org.junit.platform.engine.support.hierarchical.NodeTestTask.execute(NodeTestTask.java:95)\r\n\tat java.base/java.util.ArrayList.forEach(ArrayList.java:1604)\r\n\tat org.junit.platform.engine.support.hierarchical.SameThreadHierarchicalTestExecutorService.invokeAll(SameThreadHierarchicalTestExecutorService.java:41)\r\n\tat org.junit.platform.engine.support.hierarchical.NodeTestTask.lambda$executeRecursively$6(NodeTestTask.java:155)\r\n\tat org.junit.platform.engine.support.hierarchical.ThrowableCollector.execute(ThrowableCollector.java:73)\r\n\tat org.junit.platform.engine.support.hierarchical.NodeTestTask.lambda$executeRecursively$8(NodeTestTask.java:141)\r\n\tat org.junit.platform.engine.support.hierarchical.Node.around(Node.java:137)\r\n\tat org.junit.platform.engine.support.hierarchical.NodeTestTask.lambda$executeRecursively$9(NodeTestTask.java:139)\r\n\tat org.junit.platform.engine.support.hierarchical.ThrowableCollector.execute(ThrowableCollector.java:73)\r\n\tat org.junit.platform.engine.support.hierarchical.NodeTestTask.executeRecursively(NodeTestTask.java:138)\r\n\tat org.junit.platform.engine.support.hierarchical.NodeTestTask.execute(NodeTestTask.java:95)\r\n\tat org.junit.platform.engine.support.hierarchical.SameThreadHierarchicalTestExecutorService.submit(SameThreadHierarchicalTestExecutorService.java:35)\r\n\tat org.junit.platform.engine.support.hierarchical.HierarchicalTestExecutor.execute(HierarchicalTestExecutor.java:57)\r\n\tat org.junit.platform.engine.support.hierarchical.HierarchicalTestEngine.execute(HierarchicalTestEngine.java:54)\r\n\tat org.junit.platform.launcher.core.EngineExecutionOrchestrator.execute(EngineExecutionOrchestrator.java:147)\r\n\tat org.junit.platform.launcher.core.EngineExecutionOrchestrator.execute(EngineExecutionOrchestrator.java:127)\r\n\tat org.junit.platform.launcher.core.EngineExecutionOrchestrator.execute(EngineExecutionOrchestrator.java:90)\r\n\tat org.junit.platform.launcher.core.EngineExecutionOrchestrator.lambda$execute$0(EngineExecutionOrchestrator.java:55)\r\n\tat org.junit.platform.launcher.core.EngineExecutionOrchestrator.withInterceptedStreams(EngineExecutionOrchestrator.java:102)\r\n\tat org.junit.platform.launcher.core.EngineExecutionOrchestrator.execute(EngineExecutionOrchestrator.java:54)\r\n\tat org.junit.platform.launcher.core.DefaultLauncher.execute(DefaultLauncher.java:114)\r\n\tat org.junit.platform.launcher.core.DefaultLauncher.execute(DefaultLauncher.java:86)\r\n\tat org.junit.platform.launcher.core.DefaultLauncherSession$DelegatingLauncher.execute(DefaultLauncherSession.java:86)\r\n\tat org.junit.platform.launcher.core.SessionPerRequestLauncher.execute(SessionPerRequestLauncher.java:53)\r\n\tat com.intellij.junit5.JUnit5IdeaTestRunner.startRunnerWithArgs(JUnit5IdeaTestRunner.java:57)\r\n\tat com.intellij.rt.junit.IdeaTestRunner$Repeater$1.execute(IdeaTestRunner.java:38)\r\n\tat com.intellij.rt.execution.junit.TestsRepeater.repeat(TestsRepeater.java:11)\r\n\tat com.intellij.rt.junit.IdeaTestRunner$Repeater.startRunnerWithArgs(IdeaTestRunner.java:35)\r\n\tat com.intellij.rt.junit.JUnitStarter.prepareStreamsAndStart(JUnitStarter.java:232)\r\n\tat com.intellij.rt.junit.JUnitStarter.main(JUnitStarter.java:55)\r\nCaused by: org.openqa.selenium.NoSuchElementException: no such element: Unable to locate element: {\"method\":\"xpath\",\"selector\":\"/html/body/main/div/div[4]/div/form/div[4]/div/div/input[2]\"}\n  (Session info: chrome=135.0.7049.96)\nFor documentation on this error, please visit: https://www.selenium.dev/documentation/webdriver/troubleshooting/errors#no-such-element-exception\nBuild info: version: '4.19.1', revision: 'abe0ee07dc'\nSystem info: os.name: 'Windows 11', os.arch: 'amd64', os.version: '10.0', java.version: '24'\nDriver info: org.openqa.selenium.chrome.ChromeDriver\nCommand: [f853c8fe6ec8e9327bcb5cb4d8c9bb82, findElement {value=/html/body/main/div/div[4]/div/form/div[4]/div/div/input[2], using=xpath}]\nCapabilities {acceptInsecureCerts: true, browserName: chrome, browserVersion: 135.0.7049.96, chrome: {chromedriverVersion: 135.0.7049.114 (63fd8a7d9d0..., userDataDir: C:\\Users\\JCARLO~1\\AppData\\L...}, fedcm:accounts: true, goog:chromeOptions: {debuggerAddress: localhost:53212}, networkConnectionEnabled: false, pageLoadStrategy: normal, platformName: windows, proxy: Proxy(), se:cdp: ws://localhost:53212/devtoo..., se:cdpVersion: 135.0.7049.96, setWindowRect: true, strictFileInteractability: false, timeouts: {implicit: 0, pageLoad: 300000, script: 30000}, unhandledPromptBehavior: accept, webauthn:extension:credBlob: true, webauthn:extension:largeBlob: true, webauthn:extension:minPinLength: true, webauthn:extension:prf: true, webauthn:virtualAuthenticators: true}\nSession ID: f853c8fe6ec8e9327bcb5cb4d8c9bb82\r\n\tat java.base/jdk.internal.reflect.DirectConstructorHandleAccessor.newInstance(DirectConstructorHandleAccessor.java:62)\r\n\tat java.base/java.lang.reflect.Constructor.newInstanceWithCaller(Constructor.java:499)\r\n\tat java.base/java.lang.reflect.Constructor.newInstance(Constructor.java:483)\r\n\tat org.openqa.selenium.remote.ErrorCodec.decode(ErrorCodec.java:167)\r\n\tat org.openqa.selenium.remote.codec.w3c.W3CHttpResponseCodec.decode(W3CHttpResponseCodec.java:138)\r\n\tat org.openqa.selenium.remote.codec.w3c.W3CHttpResponseCodec.decode(W3CHttpResponseCodec.java:50)\r\n\tat org.openqa.selenium.remote.HttpCommandExecutor.execute(HttpCommandExecutor.java:190)\r\n\tat org.openqa.selenium.remote.service.DriverCommandExecutor.invokeExecute(DriverCommandExecutor.java:216)\r\n\tat org.openqa.selenium.remote.service.DriverCommandExecutor.execute(DriverCommandExecutor.java:174)\r\n\tat org.openqa.selenium.remote.RemoteWebDriver.execute(RemoteWebDriver.java:518)\r\n\tat org.openqa.selenium.remote.ElementLocation$ElementFinder$2.findElement(ElementLocation.java:165)\r\n\tat org.openqa.selenium.remote.ElementLocation.findElement(ElementLocation.java:59)\r\n\tat org.openqa.selenium.remote.RemoteWebDriver.findElement(RemoteWebDriver.java:355)\r\n\tat org.openqa.selenium.remote.RemoteWebDriver.findElement(RemoteWebDriver.java:349)\r\n\tat com.codeborne.selenide.impl.WebElementSelector.findElement(WebElementSelector.java:73)\r\n\tat com.codeborne.selenide.impl.WebElementSelector.findElement(WebElementSelector.java:46)\r\n\tat com.codeborne.selenide.impl.WebElementSelector.findElement(WebElementSelector.java:35)\r\n\tat com.codeborne.selenide.impl.ElementFinder.getWebElement(ElementFinder.java:122)\r\n\tat com.codeborne.selenide.impl.WebElementSource.checkConditionAndReturnElement(WebElementSource.java:114)\r\n\t... 79 more\r\n"},"stage":"finished","description":"","steps":[{"name":"$(\"open\") https://wwwqa.ventanillaunica.gob.mx/ventanilla-HA/authentication.action?showLogin=%22;","status":"passed","stage":"finished","steps":[],"attachments":[],"parameters":[],"start":1745519167054,"stop":1745519182325},{"name":"$(\"By.xpath: //*[@id='certificate']\") set value(C:\\VucemAuto\\automations\\src\\test\\resources\\CredSoli\\aal0409235e6.cer)","status":"passed","stage":"finished","steps":[],"attachments":[],"parameters":[],"start":1745519182330,"stop":1745519182812},{"name":"$(\"By.xpath: //*[@id='privateKey']\") set value(C:\\VucemAuto\\automations\\src\\test\\resources\\CredSoli\\AAL0409235E6_1012231310.key)","status":"passed","stage":"finished","steps":[],"attachments":[],"parameters":[],"start":1745519182812,"stop":1745519182938},{"name":"$(\"By.xpath: //*[@id='privateKeyPassword']\") set value(delfin40)","status":"passed","stage":"finished","steps":[],"attachments":[],"parameters":[],"start":1745519182938,"stop":1745519183141},{"name":"$(\"By.xpath: /html/body/div[2]/form/div[1]/div/div[2]/div/div[4]/div/button[2]\") click()","status":"passed","stage":"finished","steps":[],"attachments":[],"parameters":[],"start":1745519183141,"stop":1745519183297},{"name":"$(\"By.xpath: //*[@id='claveRol']\") send keys(Persona Moral)","status":"passed","stage":"finished","steps":[],"attachments":[],"parameters":[],"start":1745519183298,"stop":1745519186670},{"name":"$(\"By.xpath: //button[@name='ingresar']\") click()","status":"passed","stage":"finished","steps":[],"attachments":[],"parameters":[],"start":1745519186671,"stop":1745519186891},{"name":"$(\"By.xpath: //*[@id='Trámites']\") send keys(Solicitudes nuevas)","status":"passed","stage":"finished","steps":[],"attachments":[],"parameters":[],"start":1745519186891,"stop":1745519190282},{"name":"$(\"By.xpath: /html/body/main/div/div[2]/div[1]/div[1]/div/nav/div/div[2]/ul/li[5]/ul/li[3]/a\") click()","status":"passed","stage":"finished","steps":[],"attachments":[],"parameters":[],"start":1745519190283,"stop":1745519190431},{"name":"$(\"By.xpath: /html/body/main/div/div[3]/div/form/a[4]/img\") click()","status":"passed","stage":"finished","steps":[],"attachments":[],"parameters":[],"start":1745519190431,"stop":1745519192279},{"name":"$(\"By.xpath: /html/body/main/div/div[3]/div/div[6]/ul/li/a\") click()","status":"passed","stage":"finished","steps":[],"attachments":[],"parameters":[],"start":1745519192279,"stop":1745519192892},{"name":"$(\"By.xpath: /html/body/main/div/div[3]/div/div[6]/ul/li/ul/li[5]/a\") click()","status":"passed","stage":"finished","steps":[],"attachments":[],"parameters":[],"start":1745519192892,"stop":1745519193472},{"name":"$(\"By.xpath: /html/body/main/div/div[3]/div/div[6]/ul/li/ul/li[5]/ul/li[2]/a\") click()","status":"passed","stage":"finished","steps":[],"attachments":[],"parameters":[],"start":1745519193472,"stop":1745519193961},{"name":"$(\"By.xpath: //*[@id=\"logoHeader\"]\") scroll into view(true)","status":"passed","stage":"finished","steps":[],"attachments":[],"parameters":[],"start":1745519195971,"stop":1745519215962},{"name":"$(\"By.xpath: /html/body/main/div[1]/div[4]/div[1]/form/div[2]/ul/li[2]/a/label\") click()","status":"passed","stage":"finished","steps":[],"attachments":[],"parameters":[],"start":1745519215963,"stop":1745519216071},{"name":"$(\"By.xpath: //*[@id='solicitud.claveClasificacionRegimen']\") select option by value(03)","status":"passed","stage":"finished","steps":[],"attachments":[],"parameters":[],"start":1745519218137,"stop":1745519219214},{"name":"$(\"By.xpath: //*[@id=\"solicitud.regimen.clave\"]\") send keys(Definitvos)","status":"passed","stage":"finished","steps":[],"attachments":[],"parameters":[],"start":1745519219214,"stop":1745519219329},{"name":"$(\"By.xpath: //*[@id=\"origenlistaOrigen1\"]\") send keys(COATZACOALCOS, VER.)","status":"passed","stage":"finished","steps":[],"attachments":[],"parameters":[],"start":1745519219329,"stop":1745519219480},{"name":"$(\"By.xpath: //*[@id=\"addlistaOrigen1\"]\") click()","status":"passed","stage":"finished","steps":[],"attachments":[],"parameters":[],"start":1745519219480,"stop":1745519219674},{"name":"$(\"By.xpath: //*[@id=\"btnAgregarMercancias\"]\") click()","status":"passed","stage":"finished","steps":[],"attachments":[],"parameters":[],"start":1745519219674,"stop":1745519219905},{"name":"$(\"By.xpath: //*[@id=\"logoHeader\"]\") scroll into view(true)","status":"passed","stage":"finished","steps":[],"attachments":[],"parameters":[],"start":1745519221909,"stop":1745519221934},{"name":"$(\"By.xpath: //*[@id=\"fraccionCombo\"]\") send keys(01022999)","status":"passed","stage":"finished","steps":[],"attachments":[],"parameters":[],"start":1745519221934,"stop":1745519222734},{"name":"$(\"By.xpath: //*[@id=\"idDenominacionComunInternacional\"]\") send keys(PRUEBA QA)","status":"passed","stage":"finished","steps":[],"attachments":[],"parameters":[],"start":1745519222735,"stop":1745519222832},{"name":"$(\"By.xpath: //*[@id=\"rendimientoProductoSemarnat\"]\") send keys(PRUEBA QA)","status":"passed","stage":"finished","steps":[],"attachments":[],"parameters":[],"start":1745519222832,"stop":1745519222958},{"name":"$(\"By.xpath: //*[@id=\"mercanciaGrid.claveClasificacionTaxonomica\"]\") send keys(Plantas)","status":"passed","stage":"finished","steps":[],"attachments":[],"parameters":[],"start":1745519222958,"stop":1745519223375},{"name":"$(\"By.xpath: //*[@id=\"mercanciaGrid.idNombreCientifico\"]\") send keys(Barkeria skinneri)","status":"passed","stage":"finished","steps":[],"attachments":[],"parameters":[],"start":1745519223375,"stop":1745519224442},{"name":"$(\"By.xpath: //*[@id=\"mercanciaGrid.idNombreComun\"]\") send keys(ORQUIDEA)","status":"passed","stage":"finished","steps":[],"attachments":[],"parameters":[],"start":1745519224443,"stop":1745519224523},{"name":"$(\"By.xpath: //*[@id=\"marcaMarcaje\"]\") send keys(MARCA QA)","status":"passed","stage":"finished","steps":[],"attachments":[],"parameters":[],"start":1745519224523,"stop":1745519224625},{"name":"$(\"By.xpath: //*[@id=\"cantidadUMC\"]\") send keys(12345)","status":"passed","stage":"finished","steps":[],"attachments":[],"parameters":[],"start":1745519224625,"stop":1745519224742},{"name":"$(\"By.xpath: //*[@id=\"mercanciaGrid.unidadMedidaComercial.clave\"]\") send keys(Pieza)","status":"passed","stage":"finished","steps":[],"attachments":[],"parameters":[],"start":1745519224742,"stop":1745519224822},{"name":"$(\"By.xpath: //*[@id=\"mercanciaGrid.clavesPaisesOrigen\"]\") send keys(ARGENTINA)","status":"passed","stage":"finished","steps":[],"attachments":[],"parameters":[],"start":1745519224822,"stop":1745519224950},{"name":"$(\"By.xpath: //*[@id=\"mercanciaGrid.clavesPaisesProcedencia\"]\") send keys(ANGUILA)","status":"passed","stage":"finished","steps":[],"attachments":[],"parameters":[],"start":1745519224950,"stop":1745519225034},{"name":"$(\"By.xpath: //*[@id=\"btnAgregarMercancia\"]\") click()","status":"passed","stage":"finished","steps":[],"attachments":[],"parameters":[],"start":1745519225035,"stop":1745519225222},{"name":"$(\"By.xpath: //*[@id=\"origenlistaOrigen3\"]\") send keys(COMERCIAL (T))","status":"passed","stage":"finished","steps":[],"attachments":[],"parameters":[],"start":1745519225223,"stop":1745519225849},{"name":"$(\"By.xpath: //*[@id=\"logoHeader\"]\") scroll into view(true)","status":"passed","stage":"finished","steps":[],"attachments":[],"parameters":[],"start":1745519227857,"stop":1745519227885},{"name":"$(\"By.xpath: /html/body/main/div[1]/div[4]/div[1]/form/div[2]/ul/li[3]/a/label\") click()","status":"passed","stage":"finished","steps":[],"attachments":[],"parameters":[],"start":1745519227885,"stop":1745519228017},{"name":"$(\"By.xpath: //*[@id=\"destinatarioTerceros\"]\") send keys(MICHOACÁN DE OCAMPO)","status":"passed","stage":"finished","steps":[],"attachments":[],"parameters":[],"start":1745519228017,"stop":1745519241098},{"name":"$(\"By.xpath: //*[@id=\"destinatarioTerceros\"]\") send keys(MICHOACÁN DE OCAMPO)","status":"passed","stage":"finished","steps":[],"attachments":[],"parameters":[],"start":1745519241098,"stop":1745519254291},{"name":"$(\"By.xpath: //*[@id=\"logoHeader\"]\") scroll into view(true)","status":"passed","stage":"finished","steps":[],"attachments":[],"parameters":[],"start":1745519256300,"stop":1745519256340},{"name":"$(\"By.xpath: /html/body/main/div[1]/div[4]/div[1]/form/div[2]/ul/li[4]/a/label\") click()","status":"passed","stage":"finished","steps":[],"attachments":[],"parameters":[],"start":1745519256340,"stop":1745519256449},{"name":"$(\"By.xpath: //*[@id=\"solicitud.pago.banco.clave\"]\") send keys(BANAMEX)","status":"passed","stage":"finished","steps":[],"attachments":[],"parameters":[],"start":1745519256449,"stop":1745519256518},{"name":"$(\"By.xpath: //*[@id=\"solicitud.pago.llaveDePago\"]\") set value(F5JMKW73VK)","status":"passed","stage":"finished","steps":[],"attachments":[],"parameters":[],"start":1745519256518,"stop":1745519256679},{"name":"$(\"By.xpath: //*[@id=\"calendarTo\"]\") get wrapped element()","status":"passed","stage":"finished","steps":[],"attachments":[],"parameters":[],"start":1745519256679,"stop":1745519256691},{"name":"$(\"By.xpath: //*[@id=\"guardarSolicitud\"]\") click()","status":"passed","stage":"finished","steps":[],"attachments":[],"parameters":[],"start":1745519256814,"stop":1745519256952},{"name":"$(\"By.xpath: /html/body/main/div/div[4]/div/form/div[4]/div/div/input[2]\") click()","status":"failed","statusDetails":{"known":false,"muted":false,"flaky":false,"message":"Element not found {By.xpath: /html/body/main/div/div[4]/div/form/div[4]/div/div/input[2]}\r\nExpected: clickable: interactable and enabled\r\nScreenshot: file:/C:/VucemAuto/automations/build/reports/tests/1745519261152.0.png\r\nPage source: file:/C:/VucemAuto/automations/build/reports/tests/1745519261152.0.html\r\nTimeout: 4 s.\r\nCaused by: NoSuchElementException: no such element: Unable to locate element: {\"method\":\"xpath\",\"selector\":\"/html/body/main/div/div[4]/div/form/div[4]/div/div/input[2]\"}","trace":"Element not found {By.xpath: /html/body/main/div/div[4]/div/form/div[4]/div/div/input[2]}\r\nExpected: clickable: interactable and enabled\r\nScreenshot: file:/C:/VucemAuto/automations/build/reports/tests/1745519261152.0.png\r\nPage source: file:/C:/VucemAuto/automations/build/reports/tests/1745519261152.0.html\r\nTimeout: 4 s.\r\nCaused by: NoSuchElementException: no such element: Unable to locate element: {\"method\":\"xpath\",\"selector\":\"/html/body/main/div/div[4]/div/form/div[4]/div/div/input[2]\"}\r\n\tat com.codeborne.selenide.impl.WebElementSource.createElementNotFoundError(WebElementSource.java:89)\r\n\tat com.codeborne.selenide.impl.ElementFinder.createElementNotFoundError(ElementFinder.java:142)\r\n\tat com.codeborne.selenide.impl.WebElementSource.handleError(WebElementSource.java:141)\r\n\tat com.codeborne.selenide.impl.WebElementSource.checkConditionAndReturnElement(WebElementSource.java:125)\r\n\tat com.codeborne.selenide.impl.WebElementSource.findAndAssertElementIsClickable(WebElementSource.java:171)\r\n\tat com.codeborne.selenide.commands.Click.findElement(Click.java:53)\r\n\tat com.codeborne.selenide.commands.Click.execute(Click.java:34)\r\n\tat com.codeborne.selenide.commands.Click.execute(Click.java:26)\r\n\tat com.codeborne.selenide.commands.Commands.execute(Commands.java:162)\r\n\tat com.codeborne.selenide.impl.SelenideElementProxy.dispatchAndRetry(SelenideElementProxy.java:134)\r\n\tat com.codeborne.selenide.impl.SelenideElementProxy.invoke(SelenideElementProxy.java:86)\r\n\tat jdk.proxy2/jdk.proxy2.$Proxy11.click(Unknown Source)\r\n\tat MedioAmbiente.Tramite230902.MainPage230902Test.lambda$Proceso230902$3(MainPage230902Test.java:305)\r\n\tat MedioAmbiente.Tramite230902.MainPage230902Test.ejecutarProcesoNRunnable(MainPage230902Test.java:329)\r\n\tat MedioAmbiente.Tramite230902.MainPage230902Test.Proceso230902(MainPage230902Test.java:160)\r\n\tat java.base/jdk.internal.reflect.DirectMethodHandleAccessor.invoke(DirectMethodHandleAccessor.java:104)\r\n\tat java.base/java.lang.reflect.Method.invoke(Method.java:565)\r\n\tat org.junit.platform.commons.util.ReflectionUtils.invokeMethod(ReflectionUtils.java:728)\r\n\tat org.junit.jupiter.engine.execution.MethodInvocation.proceed(MethodInvocation.java:60)\r\n\tat org.junit.jupiter.engine.execution.InvocationInterceptorChain$ValidatingInvocation.proceed(InvocationInterceptorChain.java:131)\r\n\tat org.junit.jupiter.engine.extension.TimeoutExtension.intercept(TimeoutExtension.java:156)\r\n\tat org.junit.jupiter.engine.extension.TimeoutExtension.interceptTestableMethod(TimeoutExtension.java:147)\r\n\tat org.junit.jupiter.engine.extension.TimeoutExtension.interceptTestMethod(TimeoutExtension.java:86)\r\n\tat org.junit.jupiter.engine.execution.InterceptingExecutableInvoker$ReflectiveInterceptorCall.lambda$ofVoidMethod$0(InterceptingExecutableInvoker.java:103)\r\n\tat org.junit.jupiter.engine.execution.InterceptingExecutableInvoker.lambda$invoke$0(InterceptingExecutableInvoker.java:93)\r\n\tat org.junit.jupiter.engine.execution.InvocationInterceptorChain$InterceptedInvocation.proceed(InvocationInterceptorChain.java:106)\r\n\tat org.junit.jupiter.engine.execution.InvocationInterceptorChain.proceed(InvocationInterceptorChain.java:64)\r\n\tat org.junit.jupiter.engine.execution.InvocationInterceptorChain.chainAndInvoke(InvocationInterceptorChain.java:45)\r\n\tat org.junit.jupiter.engine.execution.InvocationInterceptorChain.invoke(InvocationInterceptorChain.java:37)\r\n\tat org.junit.jupiter.engine.execution.InterceptingExecutableInvoker.invoke(InterceptingExecutableInvoker.java:92)\r\n\tat org.junit.jupiter.engine.execution.InterceptingExecutableInvoker.invoke(InterceptingExecutableInvoker.java:86)\r\n\tat org.junit.jupiter.engine.descriptor.TestMethodTestDescriptor.lambda$invokeTestMethod$7(TestMethodTestDescriptor.java:218)\r\n\tat org.junit.platform.engine.support.hierarchical.ThrowableCollector.execute(ThrowableCollector.java:73)\r\n\tat org.junit.jupiter.engine.descriptor.TestMethodTestDescriptor.invokeTestMethod(TestMethodTestDescriptor.java:214)\r\n\tat org.junit.jupiter.engine.descriptor.TestMethodTestDescriptor.execute(TestMethodTestDescriptor.java:139)\r\n\tat org.junit.jupiter.engine.descriptor.TestMethodTestDescriptor.execute(TestMethodTestDescriptor.java:69)\r\n\tat org.junit.platform.engine.support.hierarchical.NodeTestTask.lambda$executeRecursively$6(NodeTestTask.java:151)\r\n\tat org.junit.platform.engine.support.hierarchical.ThrowableCollector.execute(ThrowableCollector.java:73)\r\n\tat org.junit.platform.engine.support.hierarchical.NodeTestTask.lambda$executeRecursively$8(NodeTestTask.java:141)\r\n\tat org.junit.platform.engine.support.hierarchical.Node.around(Node.java:137)\r\n\tat org.junit.platform.engine.support.hierarchical.NodeTestTask.lambda$executeRecursively$9(NodeTestTask.java:139)\r\n\tat org.junit.platform.engine.support.hierarchical.ThrowableCollector.execute(ThrowableCollector.java:73)\r\n\tat org.junit.platform.engine.support.hierarchical.NodeTestTask.executeRecursively(NodeTestTask.java:138)\r\n\tat org.junit.platform.engine.support.hierarchical.NodeTestTask.execute(NodeTestTask.java:95)\r\n\tat java.base/java.util.ArrayList.forEach(ArrayList.java:1604)\r\n\tat org.junit.platform.engine.support.hierarchical.SameThreadHierarchicalTestExecutorService.invokeAll(SameThreadHierarchicalTestExecutorService.java:41)\r\n\tat org.junit.platform.engine.support.hierarchical.NodeTestTask.lambda$executeRecursively$6(NodeTestTask.java:155)\r\n\tat org.junit.platform.engine.support.hierarchical.ThrowableCollector.execute(ThrowableCollector.java:73)\r\n\tat org.junit.platform.engine.support.hierarchical.NodeTestTask.lambda$executeRecursively$8(NodeTestTask.java:141)\r\n\tat org.junit.platform.engine.support.hierarchical.Node.around(Node.java:137)\r\n\tat org.junit.platform.engine.support.hierarchical.NodeTestTask.lambda$executeRecursively$9(NodeTestTask.java:139)\r\n\tat org.junit.platform.engine.support.hierarchical.ThrowableCollector.execute(ThrowableCollector.java:73)\r\n\tat org.junit.platform.engine.support.hierarchical.NodeTestTask.executeRecursively(NodeTestTask.java:138)\r\n\tat org.junit.platform.engine.support.hierarchical.NodeTestTask.execute(NodeTestTask.java:95)\r\n\tat java.base/java.util.ArrayList.forEach(ArrayList.java:1604)\r\n\tat org.junit.platform.engine.support.hierarchical.SameThreadHierarchicalTestExecutorService.invokeAll(SameThreadHierarchicalTestExecutorService.java:41)\r\n\tat org.junit.platform.engine.support.hierarchical.NodeTestTask.lambda$executeRecursively$6(NodeTestTask.java:155)\r\n\tat org.junit.platform.engine.support.hierarchical.ThrowableCollector.execute(ThrowableCollector.java:73)\r\n\tat org.junit.platform.engine.support.hierarchical.NodeTestTask.lambda$executeRecursively$8(NodeTestTask.java:141)\r\n\tat org.junit.platform.engine.support.hierarchical.Node.around(Node.java:137)\r\n\tat org.junit.platform.engine.support.hierarchical.NodeTestTask.lambda$executeRecursively$9(NodeTestTask.java:139)\r\n\tat org.junit.platform.engine.support.hierarchical.ThrowableCollector.execute(ThrowableCollector.java:73)\r\n\tat org.junit.platform.engine.support.hierarchical.NodeTestTask.executeRecursively(NodeTestTask.java:138)\r\n\tat org.junit.platform.engine.support.hierarchical.NodeTestTask.execute(NodeTestTask.java:95)\r\n\tat org.junit.platform.engine.support.hierarchical.SameThreadHierarchicalTestExecutorService.submit(SameThreadHierarchicalTestExecutorService.java:35)\r\n\tat org.junit.platform.engine.support.hierarchical.HierarchicalTestExecutor.execute(HierarchicalTestExecutor.java:57)\r\n\tat org.junit.platform.engine.support.hierarchical.HierarchicalTestEngine.execute(HierarchicalTestEngine.java:54)\r\n\tat org.junit.platform.launcher.core.EngineExecutionOrchestrator.execute(EngineExecutionOrchestrator.java:147)\r\n\tat org.junit.platform.launcher.core.EngineExecutionOrchestrator.execute(EngineExecutionOrchestrator.java:127)\r\n\tat org.junit.platform.launcher.core.EngineExecutionOrchestrator.execute(EngineExecutionOrchestrator.java:90)\r\n\tat org.junit.platform.launcher.core.EngineExecutionOrchestrator.lambda$execute$0(EngineExecutionOrchestrator.java:55)\r\n\tat org.junit.platform.launcher.core.EngineExecutionOrchestrator.withInterceptedStreams(EngineExecutionOrchestrator.java:102)\r\n\tat org.junit.platform.launcher.core.EngineExecutionOrchestrator.execute(EngineExecutionOrchestrator.java:54)\r\n\tat org.junit.platform.launcher.core.DefaultLauncher.execute(DefaultLauncher.java:114)\r\n\tat org.junit.platform.launcher.core.DefaultLauncher.execute(DefaultLauncher.java:86)\r\n\tat org.junit.platform.launcher.core.DefaultLauncherSession$DelegatingLauncher.execute(DefaultLauncherSession.java:86)\r\n\tat org.junit.platform.launcher.core.SessionPerRequestLauncher.execute(SessionPerRequestLauncher.java:53)\r\n\tat com.intellij.junit5.JUnit5IdeaTestRunner.startRunnerWithArgs(JUnit5IdeaTestRunner.java:57)\r\n\tat com.intellij.rt.junit.IdeaTestRunner$Repeater$1.execute(IdeaTestRunner.java:38)\r\n\tat com.intellij.rt.execution.junit.TestsRepeater.repeat(TestsRepeater.java:11)\r\n\tat com.intellij.rt.junit.IdeaTestRunner$Repeater.startRunnerWithArgs(IdeaTestRunner.java:35)\r\n\tat com.intellij.rt.junit.JUnitStarter.prepareStreamsAndStart(JUnitStarter.java:232)\r\n\tat com.intellij.rt.junit.JUnitStarter.main(JUnitStarter.java:55)\r\nCaused by: org.openqa.selenium.NoSuchElementException: no such element: Unable to locate element: {\"method\":\"xpath\",\"selector\":\"/html/body/main/div/div[4]/div/form/div[4]/div/div/input[2]\"}\n  (Session info: chrome=135.0.7049.96)\nFor documentation on this error, please visit: https://www.selenium.dev/documentation/webdriver/troubleshooting/errors#no-such-element-exception\nBuild info: version: '4.19.1', revision: 'abe0ee07dc'\nSystem info: os.name: 'Windows 11', os.arch: 'amd64', os.version: '10.0', java.version: '24'\nDriver info: org.openqa.selenium.chrome.ChromeDriver\nCommand: [f853c8fe6ec8e9327bcb5cb4d8c9bb82, findElement {value=/html/body/main/div/div[4]/div/form/div[4]/div/div/input[2], using=xpath}]\nCapabilities {acceptInsecureCerts: true, browserName: chrome, browserVersion: 135.0.7049.96, chrome: {chromedriverVersion: 135.0.7049.114 (63fd8a7d9d0..., userDataDir: C:\\Users\\JCARLO~1\\AppData\\L...}, fedcm:accounts: true, goog:chromeOptions: {debuggerAddress: localhost:53212}, networkConnectionEnabled: false, pageLoadStrategy: normal, platformName: windows, proxy: Proxy(), se:cdp: ws://localhost:53212/devtoo..., se:cdpVersion: 135.0.7049.96, setWindowRect: true, strictFileInteractability: false, timeouts: {implicit: 0, pageLoad: 300000, script: 30000}, unhandledPromptBehavior: accept, webauthn:extension:credBlob: true, webauthn:extension:largeBlob: true, webauthn:extension:minPinLength: true, webauthn:extension:prf: true, webauthn:virtualAuthenticators: true}\nSession ID: f853c8fe6ec8e9327bcb5cb4d8c9bb82\r\n\tat java.base/jdk.internal.reflect.DirectConstructorHandleAccessor.newInstance(DirectConstructorHandleAccessor.java:62)\r\n\tat java.base/java.lang.reflect.Constructor.newInstanceWithCaller(Constructor.java:499)\r\n\tat java.base/java.lang.reflect.Constructor.newInstance(Constructor.java:483)\r\n\tat org.openqa.selenium.remote.ErrorCodec.decode(ErrorCodec.java:167)\r\n\tat org.openqa.selenium.remote.codec.w3c.W3CHttpResponseCodec.decode(W3CHttpResponseCodec.java:138)\r\n\tat org.openqa.selenium.remote.codec.w3c.W3CHttpResponseCodec.decode(W3CHttpResponseCodec.java:50)\r\n\tat org.openqa.selenium.remote.HttpCommandExecutor.execute(HttpCommandExecutor.java:190)\r\n\tat org.openqa.selenium.remote.service.DriverCommandExecutor.invokeExecute(DriverCommandExecutor.java:216)\r\n\tat org.openqa.selenium.remote.service.DriverCommandExecutor.execute(DriverCommandExecutor.java:174)\r\n\tat org.openqa.selenium.remote.RemoteWebDriver.execute(RemoteWebDriver.java:518)\r\n\tat org.openqa.selenium.remote.ElementLocation$ElementFinder$2.findElement(ElementLocation.java:165)\r\n\tat org.openqa.selenium.remote.ElementLocation.findElement(ElementLocation.java:59)\r\n\tat org.openqa.selenium.remote.RemoteWebDriver.findElement(RemoteWebDriver.java:355)\r\n\tat org.openqa.selenium.remote.RemoteWebDriver.findElement(RemoteWebDriver.java:349)\r\n\tat com.codeborne.selenide.impl.WebElementSelector.findElement(WebElementSelector.java:73)\r\n\tat com.codeborne.selenide.impl.WebElementSelector.findElement(WebElementSelector.java:46)\r\n\tat com.codeborne.selenide.impl.WebElementSelector.findElement(WebElementSelector.java:35)\r\n\tat com.codeborne.selenide.impl.ElementFinder.getWebElement(ElementFinder.java:122)\r\n\tat com.codeborne.selenide.impl.WebElementSource.checkConditionAndReturnElement(WebElementSource.java:114)\r\n\t... 79 more\r\n"},"stage":"finished","steps":[],"attachments":[{"name":"Screenshot","source":"064f6f68-602d-4f53-a14c-b10ddb95971d-attachment.png","type":"image/png"},{"name":"Page source","source":"ba2ad4fa-7017-4b2c-8ca9-0b4aa7dd8600-attachment.html","type":"text/html"}],"parameters":[],"start":1745519256952,"stop":1745519262427}],"attachments":[],"parameters":[],"start":1745519163513,"stop":1745519262446}