{"uuid":"1c33f073-6f3b-4637-8cc6-9d08ef9ed481","historyId":"7ae53136c9dca59af685a0c303ac6742","testCaseId":"[engine:junit-jupiter]/[class:HACIENDA.Tramite32611.MainPage32611Test]/[method:Proceso32611()]","testCaseName":"Proceso32611()","fullName":"HACIENDA.Tramite32611.MainPage32611Test.Proceso32611","labels":[{"name":"junit.platform.uniqueid","value":"[engine:junit-jupiter]/[class:HACIENDA.Tramite32611.MainPage32611Test]/[method:Proceso32611()]"},{"name":"host","value":"DESKTOP-4IU7UDQ"},{"name":"thread","value":"38252@DESKTOP-4IU7UDQ.main(3)"},{"name":"framework","value":"junit-platform"},{"name":"language","value":"java"},{"name":"package","value":"HACIENDA.Tramite32611.MainPage32611Test"},{"name":"testClass","value":"HACIENDA.Tramite32611.MainPage32611Test"},{"name":"testMethod","value":"Proceso32611"},{"name":"suite","value":"HACIENDA.Tramite32611.MainPage32611Test"}],"links":[],"name":"Proceso32611()","status":"failed","statusDetails":{"known":false,"muted":false,"flaky":false,"message":"Element not found {By.xpath: /html/body/div[1]/div[3]/div[3]/div/form/div[2]/div[2]/table[4]/tbody/tr[8]/td/div/div[3]/div[3]/div/table/tbody/tr[2]/td[1]/input}\r\nExpected: clickable: interactable and enabled\r\nScreenshot: file:/C:/VucemAuto/automations/build/reports/tests/1746743078257.0.png\r\nPage source: file:/C:/VucemAuto/automations/build/reports/tests/1746743078257.0.html\r\nTimeout: 4 s.\r\nCaused by: NoSuchElementException: no such element: Unable to locate element: {\"method\":\"xpath\",\"selector\":\"/html/body/div[1]/div[3]/div[3]/div/form/div[2]/div[2]/table[4]/tbody/tr[8]/td/div/div[3]/div[3]/div/table/tbody/tr[2]/td[1]/input\"}","trace":"Element not found {By.xpath: /html/body/div[1]/div[3]/div[3]/div/form/div[2]/div[2]/table[4]/tbody/tr[8]/td/div/div[3]/div[3]/div/table/tbody/tr[2]/td[1]/input}\r\nExpected: clickable: interactable and enabled\r\nScreenshot: file:/C:/VucemAuto/automations/build/reports/tests/1746743078257.0.png\r\nPage source: file:/C:/VucemAuto/automations/build/reports/tests/1746743078257.0.html\r\nTimeout: 4 s.\r\nCaused by: NoSuchElementException: no such element: Unable to locate element: {\"method\":\"xpath\",\"selector\":\"/html/body/div[1]/div[3]/div[3]/div/form/div[2]/div[2]/table[4]/tbody/tr[8]/td/div/div[3]/div[3]/div/table/tbody/tr[2]/td[1]/input\"}\r\n\tat com.codeborne.selenide.impl.WebElementSource.createElementNotFoundError(WebElementSource.java:89)\r\n\tat com.codeborne.selenide.impl.ElementFinder.createElementNotFoundError(ElementFinder.java:142)\r\n\tat com.codeborne.selenide.impl.WebElementSource.handleError(WebElementSource.java:141)\r\n\tat com.codeborne.selenide.impl.WebElementSource.checkConditionAndReturnElement(WebElementSource.java:125)\r\n\tat com.codeborne.selenide.impl.WebElementSource.findAndAssertElementIsClickable(WebElementSource.java:171)\r\n\tat com.codeborne.selenide.commands.Click.findElement(Click.java:53)\r\n\tat com.codeborne.selenide.commands.Click.execute(Click.java:34)\r\n\tat com.codeborne.selenide.commands.Click.execute(Click.java:26)\r\n\tat com.codeborne.selenide.commands.Commands.execute(Commands.java:162)\r\n\tat com.codeborne.selenide.impl.SelenideElementProxy.dispatchAndRetry(SelenideElementProxy.java:134)\r\n\tat com.codeborne.selenide.impl.SelenideElementProxy.invoke(SelenideElementProxy.java:86)\r\n\tat jdk.proxy2/jdk.proxy2.$Proxy11.click(Unknown Source)\r\n\tat HACIENDA.Tramite32611.MainPage32611Test.lambda$Proceso32611$0(MainPage32611Test.java:149)\r\n\tat HACIENDA.Tramite32611.MainPage32611Test.ejecutarProcesoNRunnable(MainPage32611Test.java:288)\r\n\tat HACIENDA.Tramite32611.MainPage32611Test.Proceso32611(MainPage32611Test.java:105)\r\n\tat java.base/jdk.internal.reflect.DirectMethodHandleAccessor.invoke(DirectMethodHandleAccessor.java:104)\r\n\tat java.base/java.lang.reflect.Method.invoke(Method.java:565)\r\n\tat org.junit.platform.commons.util.ReflectionUtils.invokeMethod(ReflectionUtils.java:728)\r\n\tat org.junit.jupiter.engine.execution.MethodInvocation.proceed(MethodInvocation.java:60)\r\n\tat org.junit.jupiter.engine.execution.InvocationInterceptorChain$ValidatingInvocation.proceed(InvocationInterceptorChain.java:131)\r\n\tat org.junit.jupiter.engine.extension.TimeoutExtension.intercept(TimeoutExtension.java:156)\r\n\tat org.junit.jupiter.engine.extension.TimeoutExtension.interceptTestableMethod(TimeoutExtension.java:147)\r\n\tat org.junit.jupiter.engine.extension.TimeoutExtension.interceptTestMethod(TimeoutExtension.java:86)\r\n\tat org.junit.jupiter.engine.execution.InterceptingExecutableInvoker$ReflectiveInterceptorCall.lambda$ofVoidMethod$0(InterceptingExecutableInvoker.java:103)\r\n\tat org.junit.jupiter.engine.execution.InterceptingExecutableInvoker.lambda$invoke$0(InterceptingExecutableInvoker.java:93)\r\n\tat org.junit.jupiter.engine.execution.InvocationInterceptorChain$InterceptedInvocation.proceed(InvocationInterceptorChain.java:106)\r\n\tat org.junit.jupiter.engine.execution.InvocationInterceptorChain.proceed(InvocationInterceptorChain.java:64)\r\n\tat org.junit.jupiter.engine.execution.InvocationInterceptorChain.chainAndInvoke(InvocationInterceptorChain.java:45)\r\n\tat org.junit.jupiter.engine.execution.InvocationInterceptorChain.invoke(InvocationInterceptorChain.java:37)\r\n\tat org.junit.jupiter.engine.execution.InterceptingExecutableInvoker.invoke(InterceptingExecutableInvoker.java:92)\r\n\tat org.junit.jupiter.engine.execution.InterceptingExecutableInvoker.invoke(InterceptingExecutableInvoker.java:86)\r\n\tat org.junit.jupiter.engine.descriptor.TestMethodTestDescriptor.lambda$invokeTestMethod$7(TestMethodTestDescriptor.java:218)\r\n\tat org.junit.platform.engine.support.hierarchical.ThrowableCollector.execute(ThrowableCollector.java:73)\r\n\tat org.junit.jupiter.engine.descriptor.TestMethodTestDescriptor.invokeTestMethod(TestMethodTestDescriptor.java:214)\r\n\tat org.junit.jupiter.engine.descriptor.TestMethodTestDescriptor.execute(TestMethodTestDescriptor.java:139)\r\n\tat org.junit.jupiter.engine.descriptor.TestMethodTestDescriptor.execute(TestMethodTestDescriptor.java:69)\r\n\tat org.junit.platform.engine.support.hierarchical.NodeTestTask.lambda$executeRecursively$6(NodeTestTask.java:151)\r\n\tat org.junit.platform.engine.support.hierarchical.ThrowableCollector.execute(ThrowableCollector.java:73)\r\n\tat org.junit.platform.engine.support.hierarchical.NodeTestTask.lambda$executeRecursively$8(NodeTestTask.java:141)\r\n\tat org.junit.platform.engine.support.hierarchical.Node.around(Node.java:137)\r\n\tat org.junit.platform.engine.support.hierarchical.NodeTestTask.lambda$executeRecursively$9(NodeTestTask.java:139)\r\n\tat org.junit.platform.engine.support.hierarchical.ThrowableCollector.execute(ThrowableCollector.java:73)\r\n\tat org.junit.platform.engine.support.hierarchical.NodeTestTask.executeRecursively(NodeTestTask.java:138)\r\n\tat org.junit.platform.engine.support.hierarchical.NodeTestTask.execute(NodeTestTask.java:95)\r\n\tat java.base/java.util.ArrayList.forEach(ArrayList.java:1604)\r\n\tat org.junit.platform.engine.support.hierarchical.SameThreadHierarchicalTestExecutorService.invokeAll(SameThreadHierarchicalTestExecutorService.java:41)\r\n\tat org.junit.platform.engine.support.hierarchical.NodeTestTask.lambda$executeRecursively$6(NodeTestTask.java:155)\r\n\tat org.junit.platform.engine.support.hierarchical.ThrowableCollector.execute(ThrowableCollector.java:73)\r\n\tat org.junit.platform.engine.support.hierarchical.NodeTestTask.lambda$executeRecursively$8(NodeTestTask.java:141)\r\n\tat org.junit.platform.engine.support.hierarchical.Node.around(Node.java:137)\r\n\tat org.junit.platform.engine.support.hierarchical.NodeTestTask.lambda$executeRecursively$9(NodeTestTask.java:139)\r\n\tat org.junit.platform.engine.support.hierarchical.ThrowableCollector.execute(ThrowableCollector.java:73)\r\n\tat org.junit.platform.engine.support.hierarchical.NodeTestTask.executeRecursively(NodeTestTask.java:138)\r\n\tat org.junit.platform.engine.support.hierarchical.NodeTestTask.execute(NodeTestTask.java:95)\r\n\tat java.base/java.util.ArrayList.forEach(ArrayList.java:1604)\r\n\tat org.junit.platform.engine.support.hierarchical.SameThreadHierarchicalTestExecutorService.invokeAll(SameThreadHierarchicalTestExecutorService.java:41)\r\n\tat org.junit.platform.engine.support.hierarchical.NodeTestTask.lambda$executeRecursively$6(NodeTestTask.java:155)\r\n\tat org.junit.platform.engine.support.hierarchical.ThrowableCollector.execute(ThrowableCollector.java:73)\r\n\tat org.junit.platform.engine.support.hierarchical.NodeTestTask.lambda$executeRecursively$8(NodeTestTask.java:141)\r\n\tat org.junit.platform.engine.support.hierarchical.Node.around(Node.java:137)\r\n\tat org.junit.platform.engine.support.hierarchical.NodeTestTask.lambda$executeRecursively$9(NodeTestTask.java:139)\r\n\tat org.junit.platform.engine.support.hierarchical.ThrowableCollector.execute(ThrowableCollector.java:73)\r\n\tat org.junit.platform.engine.support.hierarchical.NodeTestTask.executeRecursively(NodeTestTask.java:138)\r\n\tat org.junit.platform.engine.support.hierarchical.NodeTestTask.execute(NodeTestTask.java:95)\r\n\tat org.junit.platform.engine.support.hierarchical.SameThreadHierarchicalTestExecutorService.submit(SameThreadHierarchicalTestExecutorService.java:35)\r\n\tat org.junit.platform.engine.support.hierarchical.HierarchicalTestExecutor.execute(HierarchicalTestExecutor.java:57)\r\n\tat org.junit.platform.engine.support.hierarchical.HierarchicalTestEngine.execute(HierarchicalTestEngine.java:54)\r\n\tat org.junit.platform.launcher.core.EngineExecutionOrchestrator.execute(EngineExecutionOrchestrator.java:147)\r\n\tat org.junit.platform.launcher.core.EngineExecutionOrchestrator.execute(EngineExecutionOrchestrator.java:127)\r\n\tat org.junit.platform.launcher.core.EngineExecutionOrchestrator.execute(EngineExecutionOrchestrator.java:90)\r\n\tat org.junit.platform.launcher.core.EngineExecutionOrchestrator.lambda$execute$0(EngineExecutionOrchestrator.java:55)\r\n\tat org.junit.platform.launcher.core.EngineExecutionOrchestrator.withInterceptedStreams(EngineExecutionOrchestrator.java:102)\r\n\tat org.junit.platform.launcher.core.EngineExecutionOrchestrator.execute(EngineExecutionOrchestrator.java:54)\r\n\tat org.junit.platform.launcher.core.DefaultLauncher.execute(DefaultLauncher.java:114)\r\n\tat org.junit.platform.launcher.core.DefaultLauncher.execute(DefaultLauncher.java:86)\r\n\tat org.junit.platform.launcher.core.DefaultLauncherSession$DelegatingLauncher.execute(DefaultLauncherSession.java:86)\r\n\tat org.junit.platform.launcher.core.SessionPerRequestLauncher.execute(SessionPerRequestLauncher.java:53)\r\n\tat com.intellij.junit5.JUnit5IdeaTestRunner.startRunnerWithArgs(JUnit5IdeaTestRunner.java:57)\r\n\tat com.intellij.rt.junit.IdeaTestRunner$Repeater$1.execute(IdeaTestRunner.java:38)\r\n\tat com.intellij.rt.execution.junit.TestsRepeater.repeat(TestsRepeater.java:11)\r\n\tat com.intellij.rt.junit.IdeaTestRunner$Repeater.startRunnerWithArgs(IdeaTestRunner.java:35)\r\n\tat com.intellij.rt.junit.JUnitStarter.prepareStreamsAndStart(JUnitStarter.java:232)\r\n\tat com.intellij.rt.junit.JUnitStarter.main(JUnitStarter.java:55)\r\nCaused by: org.openqa.selenium.NoSuchElementException: no such element: Unable to locate element: {\"method\":\"xpath\",\"selector\":\"/html/body/div[1]/div[3]/div[3]/div/form/div[2]/div[2]/table[4]/tbody/tr[8]/td/div/div[3]/div[3]/div/table/tbody/tr[2]/td[1]/input\"}\n  (Session info: chrome=135.0.7049.116)\nFor documentation on this error, please visit: https://www.selenium.dev/documentation/webdriver/troubleshooting/errors#no-such-element-exception\nBuild info: version: '4.19.1', revision: 'abe0ee07dc'\nSystem info: os.name: 'Windows 11', os.arch: 'amd64', os.version: '10.0', java.version: '24'\nDriver info: org.openqa.selenium.chrome.ChromeDriver\nCommand: [6d42e78ac896c3d10973c3ff207f08b9, findElement {value=/html/body/div[1]/div[3]/div[3]/div/form/div[2]/div[2]/table[4]/tbody/tr[8]/td/div/div[3]/div[3]/div/table/tbody/tr[2]/td[1]/input, using=xpath}]\nCapabilities {acceptInsecureCerts: true, browserName: chrome, browserVersion: 135.0.7049.116, chrome: {chromedriverVersion: 135.0.7049.114 (63fd8a7d9d0..., userDataDir: C:\\Users\\JCARLO~1\\AppData\\L...}, fedcm:accounts: true, goog:chromeOptions: {debuggerAddress: localhost:62951}, networkConnectionEnabled: false, pageLoadStrategy: normal, platformName: windows, proxy: Proxy(), se:cdp: ws://localhost:62951/devtoo..., se:cdpVersion: 135.0.7049.116, setWindowRect: true, strictFileInteractability: false, timeouts: {implicit: 0, pageLoad: 300000, script: 30000}, unhandledPromptBehavior: accept, webauthn:extension:credBlob: true, webauthn:extension:largeBlob: true, webauthn:extension:minPinLength: true, webauthn:extension:prf: true, webauthn:virtualAuthenticators: true}\nSession ID: 6d42e78ac896c3d10973c3ff207f08b9\r\n\tat java.base/jdk.internal.reflect.DirectConstructorHandleAccessor.newInstance(DirectConstructorHandleAccessor.java:62)\r\n\tat java.base/java.lang.reflect.Constructor.newInstanceWithCaller(Constructor.java:499)\r\n\tat java.base/java.lang.reflect.Constructor.newInstance(Constructor.java:483)\r\n\tat org.openqa.selenium.remote.ErrorCodec.decode(ErrorCodec.java:167)\r\n\tat org.openqa.selenium.remote.codec.w3c.W3CHttpResponseCodec.decode(W3CHttpResponseCodec.java:138)\r\n\tat org.openqa.selenium.remote.codec.w3c.W3CHttpResponseCodec.decode(W3CHttpResponseCodec.java:50)\r\n\tat org.openqa.selenium.remote.HttpCommandExecutor.execute(HttpCommandExecutor.java:190)\r\n\tat org.openqa.selenium.remote.service.DriverCommandExecutor.invokeExecute(DriverCommandExecutor.java:216)\r\n\tat org.openqa.selenium.remote.service.DriverCommandExecutor.execute(DriverCommandExecutor.java:174)\r\n\tat org.openqa.selenium.remote.RemoteWebDriver.execute(RemoteWebDriver.java:518)\r\n\tat org.openqa.selenium.remote.ElementLocation$ElementFinder$2.findElement(ElementLocation.java:165)\r\n\tat org.openqa.selenium.remote.ElementLocation.findElement(ElementLocation.java:59)\r\n\tat org.openqa.selenium.remote.RemoteWebDriver.findElement(RemoteWebDriver.java:355)\r\n\tat org.openqa.selenium.remote.RemoteWebDriver.findElement(RemoteWebDriver.java:349)\r\n\tat com.codeborne.selenide.impl.WebElementSelector.findElement(WebElementSelector.java:73)\r\n\tat com.codeborne.selenide.impl.WebElementSelector.findElement(WebElementSelector.java:46)\r\n\tat com.codeborne.selenide.impl.WebElementSelector.findElement(WebElementSelector.java:35)\r\n\tat com.codeborne.selenide.impl.ElementFinder.getWebElement(ElementFinder.java:122)\r\n\tat com.codeborne.selenide.impl.WebElementSource.checkConditionAndReturnElement(WebElementSource.java:114)\r\n\t... 79 more\r\n"},"stage":"finished","description":"","steps":[{"name":"$(\"open\") https://wwwqa.ventanillaunica.gob.mx/ventanilla-HA/authentication.action?showLogin=%22;","status":"passed","stage":"finished","steps":[],"attachments":[],"parameters":[],"start":1746742901890,"stop":1746742912406},{"name":"$(\"By.xpath: //*[@id='certificate']\") set value(C:\\VucemAuto\\automations\\src\\test\\resources\\CredSoli\\aal0409235e6.cer)","status":"passed","stage":"finished","steps":[],"attachments":[],"parameters":[],"start":1746742912411,"stop":1746742912681},{"name":"$(\"By.xpath: //*[@id='privateKey']\") set value(C:\\VucemAuto\\automations\\src\\test\\resources\\CredSoli\\AAL0409235E6_1012231310.key)","status":"passed","stage":"finished","steps":[],"attachments":[],"parameters":[],"start":1746742912681,"stop":1746742912795},{"name":"$(\"By.xpath: //*[@id='privateKeyPassword']\") set value(delfin40)","status":"passed","stage":"finished","steps":[],"attachments":[],"parameters":[],"start":1746742912795,"stop":1746742912997},{"name":"$(\"By.xpath: /html/body/div[2]/form/div[1]/div/div[2]/div/div[4]/div/button[2]\") click()","status":"passed","stage":"finished","steps":[],"attachments":[],"parameters":[],"start":1746742912997,"stop":1746742913118},{"name":"$(\"By.xpath: //*[@id='claveRol']\") send keys(Persona Moral)","status":"passed","stage":"finished","steps":[],"attachments":[],"parameters":[],"start":1746742913118,"stop":1746742915869},{"name":"$(\"By.xpath: //button[@name='ingresar']\") click()","status":"passed","stage":"finished","steps":[],"attachments":[],"parameters":[],"start":1746742915869,"stop":1746742916437},{"name":"$(\"By.xpath: //*[@id='Trámites']\") send keys(Solicitudes nuevas)","status":"passed","stage":"finished","steps":[],"attachments":[],"parameters":[],"start":1746742916437,"stop":1746742919977},{"name":"$(\"By.xpath: /html/body/main/div/div[2]/div[1]/div[1]/div/nav/div/div[2]/ul/li[5]/ul/li[3]/a\") click()","status":"passed","stage":"finished","steps":[],"attachments":[],"parameters":[],"start":1746742919977,"stop":1746742920072},{"name":"$(\"By.xpath: //img[contains(@alt, 'General')]\") click()","status":"passed","stage":"finished","steps":[],"attachments":[],"parameters":[],"start":1746742920072,"stop":1746742922714},{"name":"$(\"By.xpath: /html/body/main/div/div[3]/div/div[8]/ul/li/a\") click()","status":"passed","stage":"finished","steps":[],"attachments":[],"parameters":[],"start":1746742922714,"stop":1746742922821},{"name":"$(\"By.xpath: /html/body/main/div/div[3]/div/div[8]/ul/li/ul/li[7]/a\") click()","status":"passed","stage":"finished","steps":[],"attachments":[],"parameters":[],"start":1746742922821,"stop":1746742923326},{"name":"$(\"By.xpath: /html/body/main/div/div[3]/div/div[8]/ul/li/ul/li[7]/ul/li[8]/a\") click()","status":"passed","stage":"finished","steps":[],"attachments":[],"parameters":[],"start":1746742923326,"stop":1746742923776},{"name":"$(\"By.xpath: /html/body/div[1]/div[3]/div[3]/div/form/div[2]/ul/li[2]/a/label\") click()","status":"passed","stage":"finished","steps":[],"attachments":[],"parameters":[],"start":1746742923777,"stop":1746742946774},{"name":"$(\"By.xpath: //*[@id=\"solicitud.listaCatalogoSolicitud[0].catalogo\"]\") send keys(Automotriz terminal)","status":"passed","stage":"finished","steps":[],"attachments":[],"parameters":[],"start":1746742946774,"stop":1746742946848},{"name":"$(\"By.xpath: //*[@id=\"si190\"]\") click()","status":"passed","stage":"finished","steps":[],"attachments":[],"parameters":[],"start":1746742946848,"stop":1746742946969},{"name":"$(\"By.xpath: //*[@id=\"si191\"]\") click()","status":"passed","stage":"finished","steps":[],"attachments":[],"parameters":[],"start":1746742947369,"stop":1746742947476},{"name":"$(\"By.xpath: //*[@id=\"emPropiosSi\"]\") click()","status":"passed","stage":"finished","steps":[],"attachments":[],"parameters":[],"start":1746742947476,"stop":1746742947569},{"name":"$(\"By.xpath: //*[@id=\"empPropios\"]\") send keys(20)","status":"passed","stage":"finished","steps":[],"attachments":[],"parameters":[],"start":1746742947569,"stop":1746742947647},{"name":"$(\"By.xpath: //*[@id=\"solicitud.empleadosPropios.bimestre\"]\") send keys(Mayo - Junio)","status":"passed","stage":"finished","steps":[],"attachments":[],"parameters":[],"start":1746742947647,"stop":1746742947718},{"name":"$(\"By.xpath: //*[@id=\"isrSi\"]\") click()","status":"passed","stage":"finished","steps":[],"attachments":[],"parameters":[],"start":1746742947718,"stop":1746742947821},{"name":"$(\"By.xpath: //*[@id=\"obreroPatronalesSi\"]\") click()","status":"passed","stage":"finished","steps":[],"attachments":[],"parameters":[],"start":1746742947821,"stop":1746742947889},{"name":"$(\"By.xpath: //*[@id=\"si2011\"]\") click()","status":"passed","stage":"finished","steps":[],"attachments":[],"parameters":[],"start":1746742947889,"stop":1746742947988},{"name":"$(\"By.xpath: //*[@id=\"agregarSubcontratado\"]\") click()","status":"passed","stage":"finished","steps":[],"attachments":[],"parameters":[],"start":1746742947988,"stop":1746742948091},{"name":"$(\"By.xpath: //*[@id=\"subcontratado.rfcBusqueda\"]\") set value(MAVL621207C95)","status":"passed","stage":"finished","steps":[],"attachments":[],"parameters":[],"start":1746742948091,"stop":1746742948580},{"name":"$(\"By.xpath: //*[@id=\"subcontratado.rfc\"]\") click()","status":"passed","stage":"finished","steps":[],"attachments":[],"parameters":[],"start":1746742950581,"stop":1746742950712},{"name":"$(\"By.xpath: /html/body/div[11]/div[2]/table/tbody/tr[1]/td/div/div[1]/input[2]\") click()","status":"passed","stage":"finished","steps":[],"attachments":[],"parameters":[],"start":1746742950712,"stop":1746742951986},{"name":"$(\"By.xpath: //*[@id=\"subcontratado.empleados\"]\") send keys(10)","status":"passed","stage":"finished","steps":[],"attachments":[],"parameters":[],"start":1746742951986,"stop":1746742952062},{"name":"$(\"By.xpath: //*[@id=\"subcontratado.bimestre\"]\") send keys(Marzo - Abril)","status":"passed","stage":"finished","steps":[],"attachments":[],"parameters":[],"start":1746742952062,"stop":1746742952117},{"name":"$(\"By.xpath: //*[@id=\"subcontratadoAgregarModalEsquemaIC\"]\") click()","status":"passed","stage":"finished","steps":[],"attachments":[],"parameters":[],"start":1746742952118,"stop":1746742952260},{"name":"$(\"By.xpath: /html/body/div[15]/div[3]/div/button/span\") click()","status":"passed","stage":"finished","steps":[],"attachments":[],"parameters":[],"start":1746742952260,"stop":1746742952829},{"name":"$(\"By.xpath: //*[@id=\"si236\"]\") click()","status":"passed","stage":"finished","steps":[],"attachments":[],"parameters":[],"start":1746742952829,"stop":1746742952941},{"name":"$(\"By.xpath: //*[@id=\"no237\"]\") click()","status":"passed","stage":"finished","steps":[],"attachments":[],"parameters":[],"start":1746742952941,"stop":1746742953066},{"name":"$(\"By.xpath: //*[@id=\"no238\"]\") click()","status":"passed","stage":"finished","steps":[],"attachments":[],"parameters":[],"start":1746742953066,"stop":1746742953219},{"name":"$(\"By.xpath: //*[@id=\"no462\"]\") click()","status":"passed","stage":"finished","steps":[],"attachments":[],"parameters":[],"start":1746742953220,"stop":1746742953296},{"name":"$(\"By.xpath: //*[@id=\"si239\"]\") click()","status":"passed","stage":"finished","steps":[],"attachments":[],"parameters":[],"start":1746742953297,"stop":1746742953371},{"name":"$(\"By.xpath: //*[@id=\"no240\"]\") click()","status":"passed","stage":"finished","steps":[],"attachments":[],"parameters":[],"start":1746742953371,"stop":1746742953464},{"name":"$(\"By.xpath: //*[@id=\"btnAgregarDomicilios\"]\") click()","status":"passed","stage":"finished","steps":[],"attachments":[],"parameters":[],"start":1746742953464,"stop":1746742953600},{"name":"$(\"By.xpath: //*[@id=\"entidadFederativaIDC\"]\") send keys(MÉXICO)","status":"passed","stage":"finished","steps":[],"attachments":[],"parameters":[],"start":1746742953601,"stop":1746742953673},{"name":"$(\"By.xpath: //*[@id=\"jqg_gridDomiciliosModal_3\"]\") click()","status":"passed","stage":"finished","steps":[],"attachments":[],"parameters":[],"start":1746743069927,"stop":1746743070099},{"name":"$(\"By.xpath: /html/body/div[12]/div[2]/table/tbody/tr[4]/td/input[1]\") click()","status":"passed","stage":"finished","steps":[],"attachments":[],"parameters":[],"start":1746743071217,"stop":1746743071782},{"name":"$(\"By.xpath: /html/body/div[1]/div[3]/div[3]/div/form/div[2]/div[2]/table[4]/tbody/tr[8]/td/div/div[3]/div[3]/div/table/tbody/tr[2]/td[1]/input\") click()","status":"failed","statusDetails":{"known":false,"muted":false,"flaky":false,"message":"Element not found {By.xpath: /html/body/div[1]/div[3]/div[3]/div/form/div[2]/div[2]/table[4]/tbody/tr[8]/td/div/div[3]/div[3]/div/table/tbody/tr[2]/td[1]/input}\r\nExpected: clickable: interactable and enabled\r\nScreenshot: file:/C:/VucemAuto/automations/build/reports/tests/1746743078257.0.png\r\nPage source: file:/C:/VucemAuto/automations/build/reports/tests/1746743078257.0.html\r\nTimeout: 4 s.\r\nCaused by: NoSuchElementException: no such element: Unable to locate element: {\"method\":\"xpath\",\"selector\":\"/html/body/div[1]/div[3]/div[3]/div/form/div[2]/div[2]/table[4]/tbody/tr[8]/td/div/div[3]/div[3]/div/table/tbody/tr[2]/td[1]/input\"}","trace":"Element not found {By.xpath: /html/body/div[1]/div[3]/div[3]/div/form/div[2]/div[2]/table[4]/tbody/tr[8]/td/div/div[3]/div[3]/div/table/tbody/tr[2]/td[1]/input}\r\nExpected: clickable: interactable and enabled\r\nScreenshot: file:/C:/VucemAuto/automations/build/reports/tests/1746743078257.0.png\r\nPage source: file:/C:/VucemAuto/automations/build/reports/tests/1746743078257.0.html\r\nTimeout: 4 s.\r\nCaused by: NoSuchElementException: no such element: Unable to locate element: {\"method\":\"xpath\",\"selector\":\"/html/body/div[1]/div[3]/div[3]/div/form/div[2]/div[2]/table[4]/tbody/tr[8]/td/div/div[3]/div[3]/div/table/tbody/tr[2]/td[1]/input\"}\r\n\tat com.codeborne.selenide.impl.WebElementSource.createElementNotFoundError(WebElementSource.java:89)\r\n\tat com.codeborne.selenide.impl.ElementFinder.createElementNotFoundError(ElementFinder.java:142)\r\n\tat com.codeborne.selenide.impl.WebElementSource.handleError(WebElementSource.java:141)\r\n\tat com.codeborne.selenide.impl.WebElementSource.checkConditionAndReturnElement(WebElementSource.java:125)\r\n\tat com.codeborne.selenide.impl.WebElementSource.findAndAssertElementIsClickable(WebElementSource.java:171)\r\n\tat com.codeborne.selenide.commands.Click.findElement(Click.java:53)\r\n\tat com.codeborne.selenide.commands.Click.execute(Click.java:34)\r\n\tat com.codeborne.selenide.commands.Click.execute(Click.java:26)\r\n\tat com.codeborne.selenide.commands.Commands.execute(Commands.java:162)\r\n\tat com.codeborne.selenide.impl.SelenideElementProxy.dispatchAndRetry(SelenideElementProxy.java:134)\r\n\tat com.codeborne.selenide.impl.SelenideElementProxy.invoke(SelenideElementProxy.java:86)\r\n\tat jdk.proxy2/jdk.proxy2.$Proxy11.click(Unknown Source)\r\n\tat HACIENDA.Tramite32611.MainPage32611Test.lambda$Proceso32611$0(MainPage32611Test.java:149)\r\n\tat HACIENDA.Tramite32611.MainPage32611Test.ejecutarProcesoNRunnable(MainPage32611Test.java:288)\r\n\tat HACIENDA.Tramite32611.MainPage32611Test.Proceso32611(MainPage32611Test.java:105)\r\n\tat java.base/jdk.internal.reflect.DirectMethodHandleAccessor.invoke(DirectMethodHandleAccessor.java:104)\r\n\tat java.base/java.lang.reflect.Method.invoke(Method.java:565)\r\n\tat org.junit.platform.commons.util.ReflectionUtils.invokeMethod(ReflectionUtils.java:728)\r\n\tat org.junit.jupiter.engine.execution.MethodInvocation.proceed(MethodInvocation.java:60)\r\n\tat org.junit.jupiter.engine.execution.InvocationInterceptorChain$ValidatingInvocation.proceed(InvocationInterceptorChain.java:131)\r\n\tat org.junit.jupiter.engine.extension.TimeoutExtension.intercept(TimeoutExtension.java:156)\r\n\tat org.junit.jupiter.engine.extension.TimeoutExtension.interceptTestableMethod(TimeoutExtension.java:147)\r\n\tat org.junit.jupiter.engine.extension.TimeoutExtension.interceptTestMethod(TimeoutExtension.java:86)\r\n\tat org.junit.jupiter.engine.execution.InterceptingExecutableInvoker$ReflectiveInterceptorCall.lambda$ofVoidMethod$0(InterceptingExecutableInvoker.java:103)\r\n\tat org.junit.jupiter.engine.execution.InterceptingExecutableInvoker.lambda$invoke$0(InterceptingExecutableInvoker.java:93)\r\n\tat org.junit.jupiter.engine.execution.InvocationInterceptorChain$InterceptedInvocation.proceed(InvocationInterceptorChain.java:106)\r\n\tat org.junit.jupiter.engine.execution.InvocationInterceptorChain.proceed(InvocationInterceptorChain.java:64)\r\n\tat org.junit.jupiter.engine.execution.InvocationInterceptorChain.chainAndInvoke(InvocationInterceptorChain.java:45)\r\n\tat org.junit.jupiter.engine.execution.InvocationInterceptorChain.invoke(InvocationInterceptorChain.java:37)\r\n\tat org.junit.jupiter.engine.execution.InterceptingExecutableInvoker.invoke(InterceptingExecutableInvoker.java:92)\r\n\tat org.junit.jupiter.engine.execution.InterceptingExecutableInvoker.invoke(InterceptingExecutableInvoker.java:86)\r\n\tat org.junit.jupiter.engine.descriptor.TestMethodTestDescriptor.lambda$invokeTestMethod$7(TestMethodTestDescriptor.java:218)\r\n\tat org.junit.platform.engine.support.hierarchical.ThrowableCollector.execute(ThrowableCollector.java:73)\r\n\tat org.junit.jupiter.engine.descriptor.TestMethodTestDescriptor.invokeTestMethod(TestMethodTestDescriptor.java:214)\r\n\tat org.junit.jupiter.engine.descriptor.TestMethodTestDescriptor.execute(TestMethodTestDescriptor.java:139)\r\n\tat org.junit.jupiter.engine.descriptor.TestMethodTestDescriptor.execute(TestMethodTestDescriptor.java:69)\r\n\tat org.junit.platform.engine.support.hierarchical.NodeTestTask.lambda$executeRecursively$6(NodeTestTask.java:151)\r\n\tat org.junit.platform.engine.support.hierarchical.ThrowableCollector.execute(ThrowableCollector.java:73)\r\n\tat org.junit.platform.engine.support.hierarchical.NodeTestTask.lambda$executeRecursively$8(NodeTestTask.java:141)\r\n\tat org.junit.platform.engine.support.hierarchical.Node.around(Node.java:137)\r\n\tat org.junit.platform.engine.support.hierarchical.NodeTestTask.lambda$executeRecursively$9(NodeTestTask.java:139)\r\n\tat org.junit.platform.engine.support.hierarchical.ThrowableCollector.execute(ThrowableCollector.java:73)\r\n\tat org.junit.platform.engine.support.hierarchical.NodeTestTask.executeRecursively(NodeTestTask.java:138)\r\n\tat org.junit.platform.engine.support.hierarchical.NodeTestTask.execute(NodeTestTask.java:95)\r\n\tat java.base/java.util.ArrayList.forEach(ArrayList.java:1604)\r\n\tat org.junit.platform.engine.support.hierarchical.SameThreadHierarchicalTestExecutorService.invokeAll(SameThreadHierarchicalTestExecutorService.java:41)\r\n\tat org.junit.platform.engine.support.hierarchical.NodeTestTask.lambda$executeRecursively$6(NodeTestTask.java:155)\r\n\tat org.junit.platform.engine.support.hierarchical.ThrowableCollector.execute(ThrowableCollector.java:73)\r\n\tat org.junit.platform.engine.support.hierarchical.NodeTestTask.lambda$executeRecursively$8(NodeTestTask.java:141)\r\n\tat org.junit.platform.engine.support.hierarchical.Node.around(Node.java:137)\r\n\tat org.junit.platform.engine.support.hierarchical.NodeTestTask.lambda$executeRecursively$9(NodeTestTask.java:139)\r\n\tat org.junit.platform.engine.support.hierarchical.ThrowableCollector.execute(ThrowableCollector.java:73)\r\n\tat org.junit.platform.engine.support.hierarchical.NodeTestTask.executeRecursively(NodeTestTask.java:138)\r\n\tat org.junit.platform.engine.support.hierarchical.NodeTestTask.execute(NodeTestTask.java:95)\r\n\tat java.base/java.util.ArrayList.forEach(ArrayList.java:1604)\r\n\tat org.junit.platform.engine.support.hierarchical.SameThreadHierarchicalTestExecutorService.invokeAll(SameThreadHierarchicalTestExecutorService.java:41)\r\n\tat org.junit.platform.engine.support.hierarchical.NodeTestTask.lambda$executeRecursively$6(NodeTestTask.java:155)\r\n\tat org.junit.platform.engine.support.hierarchical.ThrowableCollector.execute(ThrowableCollector.java:73)\r\n\tat org.junit.platform.engine.support.hierarchical.NodeTestTask.lambda$executeRecursively$8(NodeTestTask.java:141)\r\n\tat org.junit.platform.engine.support.hierarchical.Node.around(Node.java:137)\r\n\tat org.junit.platform.engine.support.hierarchical.NodeTestTask.lambda$executeRecursively$9(NodeTestTask.java:139)\r\n\tat org.junit.platform.engine.support.hierarchical.ThrowableCollector.execute(ThrowableCollector.java:73)\r\n\tat org.junit.platform.engine.support.hierarchical.NodeTestTask.executeRecursively(NodeTestTask.java:138)\r\n\tat org.junit.platform.engine.support.hierarchical.NodeTestTask.execute(NodeTestTask.java:95)\r\n\tat org.junit.platform.engine.support.hierarchical.SameThreadHierarchicalTestExecutorService.submit(SameThreadHierarchicalTestExecutorService.java:35)\r\n\tat org.junit.platform.engine.support.hierarchical.HierarchicalTestExecutor.execute(HierarchicalTestExecutor.java:57)\r\n\tat org.junit.platform.engine.support.hierarchical.HierarchicalTestEngine.execute(HierarchicalTestEngine.java:54)\r\n\tat org.junit.platform.launcher.core.EngineExecutionOrchestrator.execute(EngineExecutionOrchestrator.java:147)\r\n\tat org.junit.platform.launcher.core.EngineExecutionOrchestrator.execute(EngineExecutionOrchestrator.java:127)\r\n\tat org.junit.platform.launcher.core.EngineExecutionOrchestrator.execute(EngineExecutionOrchestrator.java:90)\r\n\tat org.junit.platform.launcher.core.EngineExecutionOrchestrator.lambda$execute$0(EngineExecutionOrchestrator.java:55)\r\n\tat org.junit.platform.launcher.core.EngineExecutionOrchestrator.withInterceptedStreams(EngineExecutionOrchestrator.java:102)\r\n\tat org.junit.platform.launcher.core.EngineExecutionOrchestrator.execute(EngineExecutionOrchestrator.java:54)\r\n\tat org.junit.platform.launcher.core.DefaultLauncher.execute(DefaultLauncher.java:114)\r\n\tat org.junit.platform.launcher.core.DefaultLauncher.execute(DefaultLauncher.java:86)\r\n\tat org.junit.platform.launcher.core.DefaultLauncherSession$DelegatingLauncher.execute(DefaultLauncherSession.java:86)\r\n\tat org.junit.platform.launcher.core.SessionPerRequestLauncher.execute(SessionPerRequestLauncher.java:53)\r\n\tat com.intellij.junit5.JUnit5IdeaTestRunner.startRunnerWithArgs(JUnit5IdeaTestRunner.java:57)\r\n\tat com.intellij.rt.junit.IdeaTestRunner$Repeater$1.execute(IdeaTestRunner.java:38)\r\n\tat com.intellij.rt.execution.junit.TestsRepeater.repeat(TestsRepeater.java:11)\r\n\tat com.intellij.rt.junit.IdeaTestRunner$Repeater.startRunnerWithArgs(IdeaTestRunner.java:35)\r\n\tat com.intellij.rt.junit.JUnitStarter.prepareStreamsAndStart(JUnitStarter.java:232)\r\n\tat com.intellij.rt.junit.JUnitStarter.main(JUnitStarter.java:55)\r\nCaused by: org.openqa.selenium.NoSuchElementException: no such element: Unable to locate element: {\"method\":\"xpath\",\"selector\":\"/html/body/div[1]/div[3]/div[3]/div/form/div[2]/div[2]/table[4]/tbody/tr[8]/td/div/div[3]/div[3]/div/table/tbody/tr[2]/td[1]/input\"}\n  (Session info: chrome=135.0.7049.116)\nFor documentation on this error, please visit: https://www.selenium.dev/documentation/webdriver/troubleshooting/errors#no-such-element-exception\nBuild info: version: '4.19.1', revision: 'abe0ee07dc'\nSystem info: os.name: 'Windows 11', os.arch: 'amd64', os.version: '10.0', java.version: '24'\nDriver info: org.openqa.selenium.chrome.ChromeDriver\nCommand: [6d42e78ac896c3d10973c3ff207f08b9, findElement {value=/html/body/div[1]/div[3]/div[3]/div/form/div[2]/div[2]/table[4]/tbody/tr[8]/td/div/div[3]/div[3]/div/table/tbody/tr[2]/td[1]/input, using=xpath}]\nCapabilities {acceptInsecureCerts: true, browserName: chrome, browserVersion: 135.0.7049.116, chrome: {chromedriverVersion: 135.0.7049.114 (63fd8a7d9d0..., userDataDir: C:\\Users\\JCARLO~1\\AppData\\L...}, fedcm:accounts: true, goog:chromeOptions: {debuggerAddress: localhost:62951}, networkConnectionEnabled: false, pageLoadStrategy: normal, platformName: windows, proxy: Proxy(), se:cdp: ws://localhost:62951/devtoo..., se:cdpVersion: 135.0.7049.116, setWindowRect: true, strictFileInteractability: false, timeouts: {implicit: 0, pageLoad: 300000, script: 30000}, unhandledPromptBehavior: accept, webauthn:extension:credBlob: true, webauthn:extension:largeBlob: true, webauthn:extension:minPinLength: true, webauthn:extension:prf: true, webauthn:virtualAuthenticators: true}\nSession ID: 6d42e78ac896c3d10973c3ff207f08b9\r\n\tat java.base/jdk.internal.reflect.DirectConstructorHandleAccessor.newInstance(DirectConstructorHandleAccessor.java:62)\r\n\tat java.base/java.lang.reflect.Constructor.newInstanceWithCaller(Constructor.java:499)\r\n\tat java.base/java.lang.reflect.Constructor.newInstance(Constructor.java:483)\r\n\tat org.openqa.selenium.remote.ErrorCodec.decode(ErrorCodec.java:167)\r\n\tat org.openqa.selenium.remote.codec.w3c.W3CHttpResponseCodec.decode(W3CHttpResponseCodec.java:138)\r\n\tat org.openqa.selenium.remote.codec.w3c.W3CHttpResponseCodec.decode(W3CHttpResponseCodec.java:50)\r\n\tat org.openqa.selenium.remote.HttpCommandExecutor.execute(HttpCommandExecutor.java:190)\r\n\tat org.openqa.selenium.remote.service.DriverCommandExecutor.invokeExecute(DriverCommandExecutor.java:216)\r\n\tat org.openqa.selenium.remote.service.DriverCommandExecutor.execute(DriverCommandExecutor.java:174)\r\n\tat org.openqa.selenium.remote.RemoteWebDriver.execute(RemoteWebDriver.java:518)\r\n\tat org.openqa.selenium.remote.ElementLocation$ElementFinder$2.findElement(ElementLocation.java:165)\r\n\tat org.openqa.selenium.remote.ElementLocation.findElement(ElementLocation.java:59)\r\n\tat org.openqa.selenium.remote.RemoteWebDriver.findElement(RemoteWebDriver.java:355)\r\n\tat org.openqa.selenium.remote.RemoteWebDriver.findElement(RemoteWebDriver.java:349)\r\n\tat com.codeborne.selenide.impl.WebElementSelector.findElement(WebElementSelector.java:73)\r\n\tat com.codeborne.selenide.impl.WebElementSelector.findElement(WebElementSelector.java:46)\r\n\tat com.codeborne.selenide.impl.WebElementSelector.findElement(WebElementSelector.java:35)\r\n\tat com.codeborne.selenide.impl.ElementFinder.getWebElement(ElementFinder.java:122)\r\n\tat com.codeborne.selenide.impl.WebElementSource.checkConditionAndReturnElement(WebElementSource.java:114)\r\n\t... 79 more\r\n"},"stage":"finished","steps":[],"attachments":[{"name":"Screenshot","source":"0b1c74e9-186e-49ac-97d6-53424fda35a0-attachment.png","type":"image/png"},{"name":"Page source","source":"cde36e10-17c4-41b6-9ec0-dd53d78bdd19-attachment.html","type":"text/html"}],"parameters":[],"start":1746743074239,"stop":1746743080245}],"attachments":[],"parameters":[],"start":1746742900416,"stop":1746743080581}