{"uuid":"2d473c86-2ca5-427a-bc84-058b0f482d79","historyId":"10f3c97734deecc9caa9fb42741bfc63","testCaseId":"[engine:junit-jupiter]/[class:HACIENDA.Tramite31601.Tramite31601Test]/[method:Proceso31601()]","testCaseName":"Proceso31601()","fullName":"HACIENDA.Tramite31601.Tramite31601Test.Proceso31601","labels":[{"name":"junit.platform.uniqueid","value":"[engine:junit-jupiter]/[class:HACIENDA.Tramite31601.Tramite31601Test]/[method:Proceso31601()]"},{"name":"host","value":"EquipoUltrasist"},{"name":"thread","value":"30488@EquipoUltrasist.main(1)"},{"name":"framework","value":"junit-platform"},{"name":"language","value":"java"},{"name":"package","value":"HACIENDA.Tramite31601.Tramite31601Test"},{"name":"testClass","value":"HACIENDA.Tramite31601.Tramite31601Test"},{"name":"testMethod","value":"Proceso31601"},{"name":"suite","value":"HACIENDA.Tramite31601.Tramite31601Test"}],"links":[],"name":"Proceso31601()","status":"failed","statusDetails":{"known":false,"muted":false,"flaky":false,"message":"Element not found {By.xpath: /html/body/div[22]/div[3]/div/button}\r\nExpected: clickable: interactable and enabled\r\nScreenshot: file:/C:/VucemAuto/automations/build/reports/tests/1741392723143.0.png\r\nPage source: file:/C:/VucemAuto/automations/build/reports/tests/1741392723143.0.html\r\nTimeout: 4 s.\r\nCaused by: NoSuchElementException: no such element: Unable to locate element: {\"method\":\"xpath\",\"selector\":\"/html/body/div[22]/div[3]/div/button\"}","trace":"Element not found {By.xpath: /html/body/div[22]/div[3]/div/button}\r\nExpected: clickable: interactable and enabled\r\nScreenshot: file:/C:/VucemAuto/automations/build/reports/tests/1741392723143.0.png\r\nPage source: file:/C:/VucemAuto/automations/build/reports/tests/1741392723143.0.html\r\nTimeout: 4 s.\r\nCaused by: NoSuchElementException: no such element: Unable to locate element: {\"method\":\"xpath\",\"selector\":\"/html/body/div[22]/div[3]/div/button\"}\r\n\tat com.codeborne.selenide.impl.WebElementSource.createElementNotFoundError(WebElementSource.java:89)\r\n\tat com.codeborne.selenide.impl.ElementFinder.createElementNotFoundError(ElementFinder.java:142)\r\n\tat com.codeborne.selenide.impl.WebElementSource.handleError(WebElementSource.java:141)\r\n\tat com.codeborne.selenide.impl.WebElementSource.checkConditionAndReturnElement(WebElementSource.java:125)\r\n\tat com.codeborne.selenide.impl.WebElementSource.findAndAssertElementIsClickable(WebElementSource.java:171)\r\n\tat com.codeborne.selenide.commands.Click.findElement(Click.java:53)\r\n\tat com.codeborne.selenide.commands.Click.execute(Click.java:34)\r\n\tat com.codeborne.selenide.commands.Click.execute(Click.java:26)\r\n\tat com.codeborne.selenide.commands.Commands.execute(Commands.java:162)\r\n\tat com.codeborne.selenide.impl.SelenideElementProxy.dispatchAndRetry(SelenideElementProxy.java:134)\r\n\tat com.codeborne.selenide.impl.SelenideElementProxy.invoke(SelenideElementProxy.java:86)\r\n\tat jdk.proxy2/jdk.proxy2.$Proxy10.click(Unknown Source)\r\n\tat HACIENDA.Tramite31601.Tramite31601Test.lambda$Proceso31601$0(Tramite31601Test.java:156)\r\n\tat HACIENDA.Tramite31601.Tramite31601Test.ejecutarProcesoNRunnable(Tramite31601Test.java:193)\r\n\tat HACIENDA.Tramite31601.Tramite31601Test.Proceso31601(Tramite31601Test.java:95)\r\n\tat java.base/jdk.internal.reflect.DirectMethodHandleAccessor.invoke(DirectMethodHandleAccessor.java:103)\r\n\tat java.base/java.lang.reflect.Method.invoke(Method.java:580)\r\n\tat org.junit.platform.commons.util.ReflectionUtils.invokeMethod(ReflectionUtils.java:728)\r\n\tat org.junit.jupiter.engine.execution.MethodInvocation.proceed(MethodInvocation.java:60)\r\n\tat org.junit.jupiter.engine.execution.InvocationInterceptorChain$ValidatingInvocation.proceed(InvocationInterceptorChain.java:131)\r\n\tat org.junit.jupiter.engine.extension.TimeoutExtension.intercept(TimeoutExtension.java:156)\r\n\tat org.junit.jupiter.engine.extension.TimeoutExtension.interceptTestableMethod(TimeoutExtension.java:147)\r\n\tat org.junit.jupiter.engine.extension.TimeoutExtension.interceptTestMethod(TimeoutExtension.java:86)\r\n\tat org.junit.jupiter.engine.execution.InterceptingExecutableInvoker$ReflectiveInterceptorCall.lambda$ofVoidMethod$0(InterceptingExecutableInvoker.java:103)\r\n\tat org.junit.jupiter.engine.execution.InterceptingExecutableInvoker.lambda$invoke$0(InterceptingExecutableInvoker.java:93)\r\n\tat org.junit.jupiter.engine.execution.InvocationInterceptorChain$InterceptedInvocation.proceed(InvocationInterceptorChain.java:106)\r\n\tat org.junit.jupiter.engine.execution.InvocationInterceptorChain.proceed(InvocationInterceptorChain.java:64)\r\n\tat org.junit.jupiter.engine.execution.InvocationInterceptorChain.chainAndInvoke(InvocationInterceptorChain.java:45)\r\n\tat org.junit.jupiter.engine.execution.InvocationInterceptorChain.invoke(InvocationInterceptorChain.java:37)\r\n\tat org.junit.jupiter.engine.execution.InterceptingExecutableInvoker.invoke(InterceptingExecutableInvoker.java:92)\r\n\tat org.junit.jupiter.engine.execution.InterceptingExecutableInvoker.invoke(InterceptingExecutableInvoker.java:86)\r\n\tat org.junit.jupiter.engine.descriptor.TestMethodTestDescriptor.lambda$invokeTestMethod$7(TestMethodTestDescriptor.java:218)\r\n\tat org.junit.platform.engine.support.hierarchical.ThrowableCollector.execute(ThrowableCollector.java:73)\r\n\tat org.junit.jupiter.engine.descriptor.TestMethodTestDescriptor.invokeTestMethod(TestMethodTestDescriptor.java:214)\r\n\tat org.junit.jupiter.engine.descriptor.TestMethodTestDescriptor.execute(TestMethodTestDescriptor.java:139)\r\n\tat org.junit.jupiter.engine.descriptor.TestMethodTestDescriptor.execute(TestMethodTestDescriptor.java:69)\r\n\tat org.junit.platform.engine.support.hierarchical.NodeTestTask.lambda$executeRecursively$6(NodeTestTask.java:151)\r\n\tat org.junit.platform.engine.support.hierarchical.ThrowableCollector.execute(ThrowableCollector.java:73)\r\n\tat org.junit.platform.engine.support.hierarchical.NodeTestTask.lambda$executeRecursively$8(NodeTestTask.java:141)\r\n\tat org.junit.platform.engine.support.hierarchical.Node.around(Node.java:137)\r\n\tat org.junit.platform.engine.support.hierarchical.NodeTestTask.lambda$executeRecursively$9(NodeTestTask.java:139)\r\n\tat org.junit.platform.engine.support.hierarchical.ThrowableCollector.execute(ThrowableCollector.java:73)\r\n\tat org.junit.platform.engine.support.hierarchical.NodeTestTask.executeRecursively(NodeTestTask.java:138)\r\n\tat org.junit.platform.engine.support.hierarchical.NodeTestTask.execute(NodeTestTask.java:95)\r\n\tat java.base/java.util.ArrayList.forEach(ArrayList.java:1597)\r\n\tat org.junit.platform.engine.support.hierarchical.SameThreadHierarchicalTestExecutorService.invokeAll(SameThreadHierarchicalTestExecutorService.java:41)\r\n\tat org.junit.platform.engine.support.hierarchical.NodeTestTask.lambda$executeRecursively$6(NodeTestTask.java:155)\r\n\tat org.junit.platform.engine.support.hierarchical.ThrowableCollector.execute(ThrowableCollector.java:73)\r\n\tat org.junit.platform.engine.support.hierarchical.NodeTestTask.lambda$executeRecursively$8(NodeTestTask.java:141)\r\n\tat org.junit.platform.engine.support.hierarchical.Node.around(Node.java:137)\r\n\tat org.junit.platform.engine.support.hierarchical.NodeTestTask.lambda$executeRecursively$9(NodeTestTask.java:139)\r\n\tat org.junit.platform.engine.support.hierarchical.ThrowableCollector.execute(ThrowableCollector.java:73)\r\n\tat org.junit.platform.engine.support.hierarchical.NodeTestTask.executeRecursively(NodeTestTask.java:138)\r\n\tat org.junit.platform.engine.support.hierarchical.NodeTestTask.execute(NodeTestTask.java:95)\r\n\tat java.base/java.util.ArrayList.forEach(ArrayList.java:1597)\r\n\tat org.junit.platform.engine.support.hierarchical.SameThreadHierarchicalTestExecutorService.invokeAll(SameThreadHierarchicalTestExecutorService.java:41)\r\n\tat org.junit.platform.engine.support.hierarchical.NodeTestTask.lambda$executeRecursively$6(NodeTestTask.java:155)\r\n\tat org.junit.platform.engine.support.hierarchical.ThrowableCollector.execute(ThrowableCollector.java:73)\r\n\tat org.junit.platform.engine.support.hierarchical.NodeTestTask.lambda$executeRecursively$8(NodeTestTask.java:141)\r\n\tat org.junit.platform.engine.support.hierarchical.Node.around(Node.java:137)\r\n\tat org.junit.platform.engine.support.hierarchical.NodeTestTask.lambda$executeRecursively$9(NodeTestTask.java:139)\r\n\tat org.junit.platform.engine.support.hierarchical.ThrowableCollector.execute(ThrowableCollector.java:73)\r\n\tat org.junit.platform.engine.support.hierarchical.NodeTestTask.executeRecursively(NodeTestTask.java:138)\r\n\tat org.junit.platform.engine.support.hierarchical.NodeTestTask.execute(NodeTestTask.java:95)\r\n\tat org.junit.platform.engine.support.hierarchical.SameThreadHierarchicalTestExecutorService.submit(SameThreadHierarchicalTestExecutorService.java:35)\r\n\tat org.junit.platform.engine.support.hierarchical.HierarchicalTestExecutor.execute(HierarchicalTestExecutor.java:57)\r\n\tat org.junit.platform.engine.support.hierarchical.HierarchicalTestEngine.execute(HierarchicalTestEngine.java:54)\r\n\tat org.junit.platform.launcher.core.EngineExecutionOrchestrator.execute(EngineExecutionOrchestrator.java:147)\r\n\tat org.junit.platform.launcher.core.EngineExecutionOrchestrator.execute(EngineExecutionOrchestrator.java:127)\r\n\tat org.junit.platform.launcher.core.EngineExecutionOrchestrator.execute(EngineExecutionOrchestrator.java:90)\r\n\tat org.junit.platform.launcher.core.EngineExecutionOrchestrator.lambda$execute$0(EngineExecutionOrchestrator.java:55)\r\n\tat org.junit.platform.launcher.core.EngineExecutionOrchestrator.withInterceptedStreams(EngineExecutionOrchestrator.java:102)\r\n\tat org.junit.platform.launcher.core.EngineExecutionOrchestrator.execute(EngineExecutionOrchestrator.java:54)\r\n\tat org.junit.platform.launcher.core.DefaultLauncher.execute(DefaultLauncher.java:114)\r\n\tat org.junit.platform.launcher.core.DefaultLauncher.execute(DefaultLauncher.java:86)\r\n\tat org.junit.platform.launcher.core.DefaultLauncherSession$DelegatingLauncher.execute(DefaultLauncherSession.java:86)\r\n\tat org.junit.platform.launcher.core.SessionPerRequestLauncher.execute(SessionPerRequestLauncher.java:53)\r\n\tat com.intellij.junit5.JUnit5IdeaTestRunner.startRunnerWithArgs(JUnit5IdeaTestRunner.java:57)\r\n\tat com.intellij.rt.junit.IdeaTestRunner$Repeater$1.execute(IdeaTestRunner.java:38)\r\n\tat com.intellij.rt.execution.junit.TestsRepeater.repeat(TestsRepeater.java:11)\r\n\tat com.intellij.rt.junit.IdeaTestRunner$Repeater.startRunnerWithArgs(IdeaTestRunner.java:35)\r\n\tat com.intellij.rt.junit.JUnitStarter.prepareStreamsAndStart(JUnitStarter.java:232)\r\n\tat com.intellij.rt.junit.JUnitStarter.main(JUnitStarter.java:55)\r\nCaused by: org.openqa.selenium.NoSuchElementException: no such element: Unable to locate element: {\"method\":\"xpath\",\"selector\":\"/html/body/div[22]/div[3]/div/button\"}\n  (Session info: chrome=134.0.6998.35)\nFor documentation on this error, please visit: https://www.selenium.dev/documentation/webdriver/troubleshooting/errors#no-such-element-exception\nBuild info: version: '4.19.1', revision: 'abe0ee07dc'\nSystem info: os.name: 'Windows 11', os.arch: 'amd64', os.version: '10.0', java.version: '22.0.2'\nDriver info: org.openqa.selenium.chrome.ChromeDriver\nCommand: [b2b76e0c0380d5d235f358cc59589c9f, findElement {using=xpath, value=/html/body/div[22]/div[3]/div/button}]\nCapabilities {acceptInsecureCerts: true, browserName: chrome, browserVersion: 134.0.6998.35, chrome: {chromedriverVersion: 134.0.6998.35 (ea6ef4c2ac15..., userDataDir: C:\\Users\\JOSSUE~1\\AppData\\L...}, fedcm:accounts: true, goog:chromeOptions: {debuggerAddress: localhost:58470}, networkConnectionEnabled: false, pageLoadStrategy: normal, platformName: windows, proxy: Proxy(), se:cdp: ws://localhost:58470/devtoo..., se:cdpVersion: 134.0.6998.35, setWindowRect: true, strictFileInteractability: false, timeouts: {implicit: 0, pageLoad: 300000, script: 30000}, unhandledPromptBehavior: accept, webauthn:extension:credBlob: true, webauthn:extension:largeBlob: true, webauthn:extension:minPinLength: true, webauthn:extension:prf: true, webauthn:virtualAuthenticators: true}\nSession ID: b2b76e0c0380d5d235f358cc59589c9f\r\n\tat java.base/jdk.internal.reflect.DirectConstructorHandleAccessor.newInstance(DirectConstructorHandleAccessor.java:62)\r\n\tat java.base/java.lang.reflect.Constructor.newInstanceWithCaller(Constructor.java:502)\r\n\tat java.base/java.lang.reflect.Constructor.newInstance(Constructor.java:486)\r\n\tat org.openqa.selenium.remote.ErrorCodec.decode(ErrorCodec.java:167)\r\n\tat org.openqa.selenium.remote.codec.w3c.W3CHttpResponseCodec.decode(W3CHttpResponseCodec.java:138)\r\n\tat org.openqa.selenium.remote.codec.w3c.W3CHttpResponseCodec.decode(W3CHttpResponseCodec.java:50)\r\n\tat org.openqa.selenium.remote.HttpCommandExecutor.execute(HttpCommandExecutor.java:190)\r\n\tat org.openqa.selenium.remote.service.DriverCommandExecutor.invokeExecute(DriverCommandExecutor.java:216)\r\n\tat org.openqa.selenium.remote.service.DriverCommandExecutor.execute(DriverCommandExecutor.java:174)\r\n\tat org.openqa.selenium.remote.RemoteWebDriver.execute(RemoteWebDriver.java:518)\r\n\tat org.openqa.selenium.remote.ElementLocation$ElementFinder$2.findElement(ElementLocation.java:165)\r\n\tat org.openqa.selenium.remote.ElementLocation.findElement(ElementLocation.java:59)\r\n\tat org.openqa.selenium.remote.RemoteWebDriver.findElement(RemoteWebDriver.java:355)\r\n\tat org.openqa.selenium.remote.RemoteWebDriver.findElement(RemoteWebDriver.java:349)\r\n\tat com.codeborne.selenide.impl.WebElementSelector.findElement(WebElementSelector.java:73)\r\n\tat com.codeborne.selenide.impl.WebElementSelector.findElement(WebElementSelector.java:46)\r\n\tat com.codeborne.selenide.impl.WebElementSelector.findElement(WebElementSelector.java:35)\r\n\tat com.codeborne.selenide.impl.ElementFinder.getWebElement(ElementFinder.java:122)\r\n\tat com.codeborne.selenide.impl.WebElementSource.checkConditionAndReturnElement(WebElementSource.java:114)\r\n\t... 79 more\r\n"},"stage":"finished","description":"","steps":[{"name":"$(\"open\") https://wwwqa.ventanillaunica.gob.mx/ventanilla-HA/authentication.action?showLogin=%22;","status":"passed","stage":"finished","steps":[{"name":"$(\"webdriver\") create()","status":"passed","stage":"finished","steps":[],"attachments":[],"parameters":[],"start":1741392623763,"stop":1741392627561}],"attachments":[],"parameters":[],"start":1741392623753,"stop":1741392633379},{"name":"$(\"By.xpath: //*[@id='certificate']\") set value(C:\\VucemAuto\\automations\\src\\test\\resources\\CredSoli\\aal0409235e6.cer)","status":"passed","stage":"finished","steps":[],"attachments":[],"parameters":[],"start":1741392633380,"stop":1741392633566},{"name":"$(\"By.xpath: //*[@id='privateKey']\") set value(C:\\VucemAuto\\automations\\src\\test\\resources\\CredSoli\\AAL0409235E6_1012231310.key)","status":"passed","stage":"finished","steps":[],"attachments":[],"parameters":[],"start":1741392633566,"stop":1741392633624},{"name":"$(\"By.xpath: //*[@id='privateKeyPassword']\") set value(delfin40)","status":"passed","stage":"finished","steps":[],"attachments":[],"parameters":[],"start":1741392633624,"stop":1741392633703},{"name":"$(\"By.xpath: //button[@onclick='ejecutarProcesoFirma(1)']\") click()","status":"passed","stage":"finished","steps":[],"attachments":[],"parameters":[],"start":1741392633703,"stop":1741392633788},{"name":"$(\"By.xpath: //*[@id='claveRol']\") send keys(Persona Moral)","status":"passed","stage":"finished","steps":[],"attachments":[],"parameters":[],"start":1741392633788,"stop":1741392635903},{"name":"$(\"By.xpath: //button[@name='ingresar']\") click()","status":"passed","stage":"finished","steps":[],"attachments":[],"parameters":[],"start":1741392636907,"stop":1741392637337},{"name":"$(\"By.xpath: //*[@id='Trámites']\") send keys(Solicitudes nuevas)","status":"passed","stage":"finished","steps":[],"attachments":[],"parameters":[],"start":1741392638352,"stop":1741392639727},{"name":"$(\"By.xpath: /html/body/main/div/div[2]/div[1]/div[1]/div/nav/div/div[2]/ul/li[5]/ul/li[3]/a\") click()","status":"passed","stage":"finished","steps":[],"attachments":[],"parameters":[],"start":1741392640738,"stop":1741392640826},{"name":"$(\"By.xpath: //img[contains(@alt, 'General')]\") click()","status":"passed","stage":"finished","steps":[],"attachments":[],"parameters":[],"start":1741392641838,"stop":1741392642593},{"name":"$(\"By.xpath: /html/body/main/div/div[3]/div/div[8]/ul/li/a\") click()","status":"passed","stage":"finished","steps":[],"attachments":[],"parameters":[],"start":1741392643600,"stop":1741392643693},{"name":"$(\"By.xpath: /html/body/main/div/div[3]/div/div[8]/ul/li/ul/li[3]/a\") click()","status":"passed","stage":"finished","steps":[],"attachments":[],"parameters":[],"start":1741392644708,"stop":1741392644789},{"name":"$(\"By.xpath: /html/body/main/div/div[3]/div/div[8]/ul/li/ul/li[3]/ul/li[1]/a\") click()","status":"passed","stage":"finished","steps":[],"attachments":[],"parameters":[],"start":1741392645798,"stop":1741392661669},{"name":"$(\"By.xpath: //*[@id=\"tabs\"]/ul/li[2]/a\") click()","status":"passed","stage":"finished","steps":[],"attachments":[],"parameters":[],"start":1741392662682,"stop":1741392662778},{"name":"$(\"By.xpath: //*[@id=\"preOperativoANo\"]\") click()","status":"passed","stage":"finished","steps":[],"attachments":[],"parameters":[],"start":1741392663796,"stop":1741392663902},{"name":"$(\"By.xpath: //*[@id=\"regimen_3\"]\") click()","status":"passed","stage":"finished","steps":[],"attachments":[],"parameters":[],"start":1741392664905,"stop":1741392664991},{"name":"$(\"By.xpath: //*[@id=\"solicitud.listaCatalogoSolicitud[0].catalogo\"]\") send keys(Fabricación de equipo ferroviario)","status":"passed","stage":"finished","steps":[],"attachments":[],"parameters":[],"start":1741392666000,"stop":1741392666073},{"name":"$(\"By.xpath: //*[@id=\"si190\"]\") click()","status":"passed","stage":"finished","steps":[],"attachments":[],"parameters":[],"start":1741392667082,"stop":1741392667150},{"name":"$(\"By.xpath: //*[@id=\"si191\"]\") click()","status":"passed","stage":"finished","steps":[],"attachments":[],"parameters":[],"start":1741392668159,"stop":1741392668263},{"name":"$(\"By.xpath: //*[@id=\"emPropiosSi\"]\") click()","status":"passed","stage":"finished","steps":[],"attachments":[],"parameters":[],"start":1741392669266,"stop":1741392669332},{"name":"$(\"By.xpath: //*[@id=\"empPropios\"]\") send keys(10)","status":"passed","stage":"finished","steps":[],"attachments":[],"parameters":[],"start":1741392670347,"stop":1741392670400},{"name":"$(\"By.xpath: //*[@id=\"solicitud.empleadosPropios.bimestre\"]\") send keys(Mayo-Junio)","status":"passed","stage":"finished","steps":[],"attachments":[],"parameters":[],"start":1741392671417,"stop":1741392671486},{"name":"$(\"By.xpath: //*[@id=\"no2011\"]\") click()","status":"passed","stage":"finished","steps":[],"attachments":[],"parameters":[],"start":1741392672500,"stop":1741392672602},{"name":"$(\"By.xpath: //*[@id=\"no237A\"]\") click()","status":"passed","stage":"finished","steps":[],"attachments":[],"parameters":[],"start":1741392673613,"stop":1741392673701},{"name":"$(\"By.xpath: //*[@id=\"no238A\"]\") click()","status":"passed","stage":"finished","steps":[],"attachments":[],"parameters":[],"start":1741392674716,"stop":1741392674788},{"name":"$(\"By.xpath: //*[@id=\"si239\"]\") click()","status":"passed","stage":"finished","steps":[],"attachments":[],"parameters":[],"start":1741392675793,"stop":1741392675885},{"name":"$(\"By.xpath: //*[@id=\"no240A\"]\") click()","status":"passed","stage":"finished","steps":[],"attachments":[],"parameters":[],"start":1741392676886,"stop":1741392677003},{"name":"$(\"By.xpath: //*[@id=\"si243\"]\") click()","status":"passed","stage":"finished","steps":[],"attachments":[],"parameters":[],"start":1741392678009,"stop":1741392678127},{"name":"$(\"By.xpath: //*[@id=\"no244A\"]\") click()","status":"passed","stage":"finished","steps":[],"attachments":[],"parameters":[],"start":1741392679130,"stop":1741392679189},{"name":"$(\"By.xpath: //*[@id=\"IMMEX\"]\") send keys(42025 - Autorización Programa Nueva Industrial)","status":"passed","stage":"finished","steps":[],"attachments":[],"parameters":[],"start":1741392680203,"stop":1741392680879},{"name":"$(\"By.xpath: //*[@id=\"btnAgregarDomicilios\"]\") click()","status":"passed","stage":"finished","steps":[],"attachments":[],"parameters":[],"start":1741392681892,"stop":1741392681983},{"name":"$(\"By.xpath: //*[@id=\"entidadFederativaIDC\"]\") send keys(SINALOA)","status":"passed","stage":"finished","steps":[],"attachments":[],"parameters":[],"start":1741392682987,"stop":1741392683055},{"name":"$(\"By.xpath: //*[@id=\"cb_gridDomiciliosModal\"]\") click()","status":"passed","stage":"finished","steps":[],"attachments":[],"parameters":[],"start":1741392684060,"stop":1741392684156},{"name":"$(\"By.xpath: /html/body/div[9]/div[2]/table/tbody/tr[4]/td/input[1]\") click()","status":"passed","stage":"finished","steps":[],"attachments":[],"parameters":[],"start":1741392685171,"stop":1741392685537},{"name":"$(\"By.xpath: //*[@id=\"archivo\"]\") set value(C:\\VucemAuto\\automations\\src\\test\\resources\\Doc31601\\carga_proveedoresExtranjerosIC (1).xls)","status":"passed","stage":"finished","steps":[],"attachments":[],"parameters":[],"start":1741392686548,"stop":1741392686608},{"name":"$(\"By.xpath: //*[@id=\"uploadNewFileExtranjeros\"]\") click()","status":"passed","stage":"finished","steps":[],"attachments":[],"parameters":[],"start":1741392687613,"stop":1741392688083},{"name":"$(\"by text: Ok\") should be(visible)","status":"passed","stage":"finished","steps":[],"attachments":[],"parameters":[],"start":1741392689603,"stop":1741392689632},{"name":"$(\"by text: Ok\") should have(text \"Ok\")","status":"passed","stage":"finished","steps":[],"attachments":[],"parameters":[],"start":1741392689632,"stop":1741392689662},{"name":"$(\"by text: Ok\") click()","status":"passed","stage":"finished","steps":[],"attachments":[],"parameters":[],"start":1741392689662,"stop":1741392689727},{"name":"$(\"By.xpath: //*[@id=\"archivoNacionales\"]\") set value(C:\\VucemAuto\\automations\\src\\test\\resources\\Doc31601\\carga_proveedoresNacionesIC (1).xls)","status":"passed","stage":"finished","steps":[],"attachments":[],"parameters":[],"start":1741392690738,"stop":1741392690814},{"name":"$(\"By.xpath: //*[@id=\"uploadFileExtranjerosN\"]\") click()","status":"passed","stage":"finished","steps":[],"attachments":[],"parameters":[],"start":1741392691821,"stop":1741392692299},{"name":"$(\"by text: Ok[1]\") click()","status":"passed","stage":"finished","steps":[],"attachments":[],"parameters":[],"start":1741392693818,"stop":1741392693892},{"name":"$(\"By.xpath: //*[@id=\"no705\"]\") click()","status":"passed","stage":"finished","steps":[],"attachments":[],"parameters":[],"start":1741392693892,"stop":1741392693954},{"name":"$(\"By.xpath: //*[@id=\"siInventario\"]\") click()","status":"passed","stage":"finished","steps":[],"attachments":[],"parameters":[],"start":1741392694957,"stop":1741392695060},{"name":"$(\"By.xpath: //*[@id=\"nombre.inventario\"]\") send keys(Nombrejhgjk)","status":"passed","stage":"finished","steps":[],"attachments":[],"parameters":[],"start":1741392696074,"stop":1741392696141},{"name":"$(\"By.xpath: //*[@id=\"lugarR.inventario\"]\") send keys(gwegw)","status":"passed","stage":"finished","steps":[],"attachments":[],"parameters":[],"start":1741392697148,"stop":1741392697213},{"name":"$(\"By.xpath: //*[@id=\"anexo.inventario\"]\") click()","status":"passed","stage":"finished","steps":[],"attachments":[],"parameters":[],"start":1741392698226,"stop":1741392698302},{"name":"$(\"By.xpath: //*[@id=\"btnAgregar.inventario\"]\") click()","status":"passed","stage":"finished","steps":[],"attachments":[],"parameters":[],"start":1741392699305,"stop":1741392699370},{"name":"$(\"by text: Aceptar\") should be(visible)","status":"passed","stage":"finished","steps":[],"attachments":[],"parameters":[],"start":1741392700870,"stop":1741392700921},{"name":"$(\"by text: Aceptar\") should have(text \"Aceptar\")","status":"passed","stage":"finished","steps":[],"attachments":[],"parameters":[],"start":1741392700921,"stop":1741392700952},{"name":"$(\"by text: Aceptar\") click()","status":"passed","stage":"finished","steps":[],"attachments":[],"parameters":[],"start":1741392700952,"stop":1741392701005},{"name":"$(\"By.xpath: //*[@id=\"si251\"]\") click()","status":"passed","stage":"finished","steps":[],"attachments":[],"parameters":[],"start":1741392702518,"stop":1741392702612},{"name":"$(\"By.xpath: //*[@id=\"no706\"]\") click()","status":"passed","stage":"finished","steps":[],"attachments":[],"parameters":[],"start":1741392704126,"stop":1741392704223},{"name":"$(\"By.xpath: //*[@id=\"no707\"]\") click()","status":"passed","stage":"finished","steps":[],"attachments":[],"parameters":[],"start":1741392705733,"stop":1741392705808},{"name":"$(\"By.xpath: //*[@id=\"no708\"]\") click()","status":"passed","stage":"finished","steps":[],"attachments":[],"parameters":[],"start":1741392707323,"stop":1741392707405},{"name":"$(\"By.xpath: //*[@id=\"agregarSocio\"]\") click()","status":"passed","stage":"finished","steps":[],"attachments":[],"parameters":[],"start":1741392708906,"stop":1741392709037},{"name":"$(\"By.xpath: //*[@id=\"socio.caracterDe\"]\") send keys(Administrador único)","status":"passed","stage":"finished","steps":[],"attachments":[],"parameters":[],"start":1741392710048,"stop":1741392710097},{"name":"$(\"By.xpath: /html/body/div[14]/div[2]/form/table/tbody/tr[1]/td[1]/table/tbody/tr/td[2]/input\") click()","status":"passed","stage":"finished","steps":[],"attachments":[],"parameters":[],"start":1741392711108,"stop":1741392711168},{"name":"$(\"By.xpath: //*[@id=\"socio.tipoPersona\"]\") send keys(Moral)","status":"passed","stage":"finished","steps":[],"attachments":[],"parameters":[],"start":1741392712172,"stop":1741392712251},{"name":"$(\"By.xpath: //*[@id=\"socio.tipoPersona\"]\") click()","status":"passed","stage":"finished","steps":[],"attachments":[],"parameters":[],"start":1741392713764,"stop":1741392713833},{"name":"$(\"By.xpath: //*[@id=\"socio.nombreEmpresa\"]\") send keys(egwgwegwg)","status":"passed","stage":"finished","steps":[],"attachments":[],"parameters":[],"start":1741392715337,"stop":1741392715405},{"name":"$(\"By.xpath: //*[@id=\"socio.nacionalidad\"]\") send keys(ANTARTIDA)","status":"passed","stage":"finished","steps":[],"attachments":[],"parameters":[],"start":1741392716410,"stop":1741392716486},{"name":"$(\"By.xpath: //*[@id=\"btnSocioAgregarModal\"]\") click()","status":"passed","stage":"finished","steps":[],"attachments":[],"parameters":[],"start":1741392717491,"stop":1741392717577},{"name":"$(\"By.xpath: /html/body/div[22]/div[3]/div/button\") click()","status":"failed","statusDetails":{"known":false,"muted":false,"flaky":false,"message":"Element not found {By.xpath: /html/body/div[22]/div[3]/div/button}\r\nExpected: clickable: interactable and enabled\r\nScreenshot: file:/C:/VucemAuto/automations/build/reports/tests/1741392723143.0.png\r\nPage source: file:/C:/VucemAuto/automations/build/reports/tests/1741392723143.0.html\r\nTimeout: 4 s.\r\nCaused by: NoSuchElementException: no such element: Unable to locate element: {\"method\":\"xpath\",\"selector\":\"/html/body/div[22]/div[3]/div/button\"}","trace":"Element not found {By.xpath: /html/body/div[22]/div[3]/div/button}\r\nExpected: clickable: interactable and enabled\r\nScreenshot: file:/C:/VucemAuto/automations/build/reports/tests/1741392723143.0.png\r\nPage source: file:/C:/VucemAuto/automations/build/reports/tests/1741392723143.0.html\r\nTimeout: 4 s.\r\nCaused by: NoSuchElementException: no such element: Unable to locate element: {\"method\":\"xpath\",\"selector\":\"/html/body/div[22]/div[3]/div/button\"}\r\n\tat com.codeborne.selenide.impl.WebElementSource.createElementNotFoundError(WebElementSource.java:89)\r\n\tat com.codeborne.selenide.impl.ElementFinder.createElementNotFoundError(ElementFinder.java:142)\r\n\tat com.codeborne.selenide.impl.WebElementSource.handleError(WebElementSource.java:141)\r\n\tat com.codeborne.selenide.impl.WebElementSource.checkConditionAndReturnElement(WebElementSource.java:125)\r\n\tat com.codeborne.selenide.impl.WebElementSource.findAndAssertElementIsClickable(WebElementSource.java:171)\r\n\tat com.codeborne.selenide.commands.Click.findElement(Click.java:53)\r\n\tat com.codeborne.selenide.commands.Click.execute(Click.java:34)\r\n\tat com.codeborne.selenide.commands.Click.execute(Click.java:26)\r\n\tat com.codeborne.selenide.commands.Commands.execute(Commands.java:162)\r\n\tat com.codeborne.selenide.impl.SelenideElementProxy.dispatchAndRetry(SelenideElementProxy.java:134)\r\n\tat com.codeborne.selenide.impl.SelenideElementProxy.invoke(SelenideElementProxy.java:86)\r\n\tat jdk.proxy2/jdk.proxy2.$Proxy10.click(Unknown Source)\r\n\tat HACIENDA.Tramite31601.Tramite31601Test.lambda$Proceso31601$0(Tramite31601Test.java:156)\r\n\tat HACIENDA.Tramite31601.Tramite31601Test.ejecutarProcesoNRunnable(Tramite31601Test.java:193)\r\n\tat HACIENDA.Tramite31601.Tramite31601Test.Proceso31601(Tramite31601Test.java:95)\r\n\tat java.base/jdk.internal.reflect.DirectMethodHandleAccessor.invoke(DirectMethodHandleAccessor.java:103)\r\n\tat java.base/java.lang.reflect.Method.invoke(Method.java:580)\r\n\tat org.junit.platform.commons.util.ReflectionUtils.invokeMethod(ReflectionUtils.java:728)\r\n\tat org.junit.jupiter.engine.execution.MethodInvocation.proceed(MethodInvocation.java:60)\r\n\tat org.junit.jupiter.engine.execution.InvocationInterceptorChain$ValidatingInvocation.proceed(InvocationInterceptorChain.java:131)\r\n\tat org.junit.jupiter.engine.extension.TimeoutExtension.intercept(TimeoutExtension.java:156)\r\n\tat org.junit.jupiter.engine.extension.TimeoutExtension.interceptTestableMethod(TimeoutExtension.java:147)\r\n\tat org.junit.jupiter.engine.extension.TimeoutExtension.interceptTestMethod(TimeoutExtension.java:86)\r\n\tat org.junit.jupiter.engine.execution.InterceptingExecutableInvoker$ReflectiveInterceptorCall.lambda$ofVoidMethod$0(InterceptingExecutableInvoker.java:103)\r\n\tat org.junit.jupiter.engine.execution.InterceptingExecutableInvoker.lambda$invoke$0(InterceptingExecutableInvoker.java:93)\r\n\tat org.junit.jupiter.engine.execution.InvocationInterceptorChain$InterceptedInvocation.proceed(InvocationInterceptorChain.java:106)\r\n\tat org.junit.jupiter.engine.execution.InvocationInterceptorChain.proceed(InvocationInterceptorChain.java:64)\r\n\tat org.junit.jupiter.engine.execution.InvocationInterceptorChain.chainAndInvoke(InvocationInterceptorChain.java:45)\r\n\tat org.junit.jupiter.engine.execution.InvocationInterceptorChain.invoke(InvocationInterceptorChain.java:37)\r\n\tat org.junit.jupiter.engine.execution.InterceptingExecutableInvoker.invoke(InterceptingExecutableInvoker.java:92)\r\n\tat org.junit.jupiter.engine.execution.InterceptingExecutableInvoker.invoke(InterceptingExecutableInvoker.java:86)\r\n\tat org.junit.jupiter.engine.descriptor.TestMethodTestDescriptor.lambda$invokeTestMethod$7(TestMethodTestDescriptor.java:218)\r\n\tat org.junit.platform.engine.support.hierarchical.ThrowableCollector.execute(ThrowableCollector.java:73)\r\n\tat org.junit.jupiter.engine.descriptor.TestMethodTestDescriptor.invokeTestMethod(TestMethodTestDescriptor.java:214)\r\n\tat org.junit.jupiter.engine.descriptor.TestMethodTestDescriptor.execute(TestMethodTestDescriptor.java:139)\r\n\tat org.junit.jupiter.engine.descriptor.TestMethodTestDescriptor.execute(TestMethodTestDescriptor.java:69)\r\n\tat org.junit.platform.engine.support.hierarchical.NodeTestTask.lambda$executeRecursively$6(NodeTestTask.java:151)\r\n\tat org.junit.platform.engine.support.hierarchical.ThrowableCollector.execute(ThrowableCollector.java:73)\r\n\tat org.junit.platform.engine.support.hierarchical.NodeTestTask.lambda$executeRecursively$8(NodeTestTask.java:141)\r\n\tat org.junit.platform.engine.support.hierarchical.Node.around(Node.java:137)\r\n\tat org.junit.platform.engine.support.hierarchical.NodeTestTask.lambda$executeRecursively$9(NodeTestTask.java:139)\r\n\tat org.junit.platform.engine.support.hierarchical.ThrowableCollector.execute(ThrowableCollector.java:73)\r\n\tat org.junit.platform.engine.support.hierarchical.NodeTestTask.executeRecursively(NodeTestTask.java:138)\r\n\tat org.junit.platform.engine.support.hierarchical.NodeTestTask.execute(NodeTestTask.java:95)\r\n\tat java.base/java.util.ArrayList.forEach(ArrayList.java:1597)\r\n\tat org.junit.platform.engine.support.hierarchical.SameThreadHierarchicalTestExecutorService.invokeAll(SameThreadHierarchicalTestExecutorService.java:41)\r\n\tat org.junit.platform.engine.support.hierarchical.NodeTestTask.lambda$executeRecursively$6(NodeTestTask.java:155)\r\n\tat org.junit.platform.engine.support.hierarchical.ThrowableCollector.execute(ThrowableCollector.java:73)\r\n\tat org.junit.platform.engine.support.hierarchical.NodeTestTask.lambda$executeRecursively$8(NodeTestTask.java:141)\r\n\tat org.junit.platform.engine.support.hierarchical.Node.around(Node.java:137)\r\n\tat org.junit.platform.engine.support.hierarchical.NodeTestTask.lambda$executeRecursively$9(NodeTestTask.java:139)\r\n\tat org.junit.platform.engine.support.hierarchical.ThrowableCollector.execute(ThrowableCollector.java:73)\r\n\tat org.junit.platform.engine.support.hierarchical.NodeTestTask.executeRecursively(NodeTestTask.java:138)\r\n\tat org.junit.platform.engine.support.hierarchical.NodeTestTask.execute(NodeTestTask.java:95)\r\n\tat java.base/java.util.ArrayList.forEach(ArrayList.java:1597)\r\n\tat org.junit.platform.engine.support.hierarchical.SameThreadHierarchicalTestExecutorService.invokeAll(SameThreadHierarchicalTestExecutorService.java:41)\r\n\tat org.junit.platform.engine.support.hierarchical.NodeTestTask.lambda$executeRecursively$6(NodeTestTask.java:155)\r\n\tat org.junit.platform.engine.support.hierarchical.ThrowableCollector.execute(ThrowableCollector.java:73)\r\n\tat org.junit.platform.engine.support.hierarchical.NodeTestTask.lambda$executeRecursively$8(NodeTestTask.java:141)\r\n\tat org.junit.platform.engine.support.hierarchical.Node.around(Node.java:137)\r\n\tat org.junit.platform.engine.support.hierarchical.NodeTestTask.lambda$executeRecursively$9(NodeTestTask.java:139)\r\n\tat org.junit.platform.engine.support.hierarchical.ThrowableCollector.execute(ThrowableCollector.java:73)\r\n\tat org.junit.platform.engine.support.hierarchical.NodeTestTask.executeRecursively(NodeTestTask.java:138)\r\n\tat org.junit.platform.engine.support.hierarchical.NodeTestTask.execute(NodeTestTask.java:95)\r\n\tat org.junit.platform.engine.support.hierarchical.SameThreadHierarchicalTestExecutorService.submit(SameThreadHierarchicalTestExecutorService.java:35)\r\n\tat org.junit.platform.engine.support.hierarchical.HierarchicalTestExecutor.execute(HierarchicalTestExecutor.java:57)\r\n\tat org.junit.platform.engine.support.hierarchical.HierarchicalTestEngine.execute(HierarchicalTestEngine.java:54)\r\n\tat org.junit.platform.launcher.core.EngineExecutionOrchestrator.execute(EngineExecutionOrchestrator.java:147)\r\n\tat org.junit.platform.launcher.core.EngineExecutionOrchestrator.execute(EngineExecutionOrchestrator.java:127)\r\n\tat org.junit.platform.launcher.core.EngineExecutionOrchestrator.execute(EngineExecutionOrchestrator.java:90)\r\n\tat org.junit.platform.launcher.core.EngineExecutionOrchestrator.lambda$execute$0(EngineExecutionOrchestrator.java:55)\r\n\tat org.junit.platform.launcher.core.EngineExecutionOrchestrator.withInterceptedStreams(EngineExecutionOrchestrator.java:102)\r\n\tat org.junit.platform.launcher.core.EngineExecutionOrchestrator.execute(EngineExecutionOrchestrator.java:54)\r\n\tat org.junit.platform.launcher.core.DefaultLauncher.execute(DefaultLauncher.java:114)\r\n\tat org.junit.platform.launcher.core.DefaultLauncher.execute(DefaultLauncher.java:86)\r\n\tat org.junit.platform.launcher.core.DefaultLauncherSession$DelegatingLauncher.execute(DefaultLauncherSession.java:86)\r\n\tat org.junit.platform.launcher.core.SessionPerRequestLauncher.execute(SessionPerRequestLauncher.java:53)\r\n\tat com.intellij.junit5.JUnit5IdeaTestRunner.startRunnerWithArgs(JUnit5IdeaTestRunner.java:57)\r\n\tat com.intellij.rt.junit.IdeaTestRunner$Repeater$1.execute(IdeaTestRunner.java:38)\r\n\tat com.intellij.rt.execution.junit.TestsRepeater.repeat(TestsRepeater.java:11)\r\n\tat com.intellij.rt.junit.IdeaTestRunner$Repeater.startRunnerWithArgs(IdeaTestRunner.java:35)\r\n\tat com.intellij.rt.junit.JUnitStarter.prepareStreamsAndStart(JUnitStarter.java:232)\r\n\tat com.intellij.rt.junit.JUnitStarter.main(JUnitStarter.java:55)\r\nCaused by: org.openqa.selenium.NoSuchElementException: no such element: Unable to locate element: {\"method\":\"xpath\",\"selector\":\"/html/body/div[22]/div[3]/div/button\"}\n  (Session info: chrome=134.0.6998.35)\nFor documentation on this error, please visit: https://www.selenium.dev/documentation/webdriver/troubleshooting/errors#no-such-element-exception\nBuild info: version: '4.19.1', revision: 'abe0ee07dc'\nSystem info: os.name: 'Windows 11', os.arch: 'amd64', os.version: '10.0', java.version: '22.0.2'\nDriver info: org.openqa.selenium.chrome.ChromeDriver\nCommand: [b2b76e0c0380d5d235f358cc59589c9f, findElement {using=xpath, value=/html/body/div[22]/div[3]/div/button}]\nCapabilities {acceptInsecureCerts: true, browserName: chrome, browserVersion: 134.0.6998.35, chrome: {chromedriverVersion: 134.0.6998.35 (ea6ef4c2ac15..., userDataDir: C:\\Users\\JOSSUE~1\\AppData\\L...}, fedcm:accounts: true, goog:chromeOptions: {debuggerAddress: localhost:58470}, networkConnectionEnabled: false, pageLoadStrategy: normal, platformName: windows, proxy: Proxy(), se:cdp: ws://localhost:58470/devtoo..., se:cdpVersion: 134.0.6998.35, setWindowRect: true, strictFileInteractability: false, timeouts: {implicit: 0, pageLoad: 300000, script: 30000}, unhandledPromptBehavior: accept, webauthn:extension:credBlob: true, webauthn:extension:largeBlob: true, webauthn:extension:minPinLength: true, webauthn:extension:prf: true, webauthn:virtualAuthenticators: true}\nSession ID: b2b76e0c0380d5d235f358cc59589c9f\r\n\tat java.base/jdk.internal.reflect.DirectConstructorHandleAccessor.newInstance(DirectConstructorHandleAccessor.java:62)\r\n\tat java.base/java.lang.reflect.Constructor.newInstanceWithCaller(Constructor.java:502)\r\n\tat java.base/java.lang.reflect.Constructor.newInstance(Constructor.java:486)\r\n\tat org.openqa.selenium.remote.ErrorCodec.decode(ErrorCodec.java:167)\r\n\tat org.openqa.selenium.remote.codec.w3c.W3CHttpResponseCodec.decode(W3CHttpResponseCodec.java:138)\r\n\tat org.openqa.selenium.remote.codec.w3c.W3CHttpResponseCodec.decode(W3CHttpResponseCodec.java:50)\r\n\tat org.openqa.selenium.remote.HttpCommandExecutor.execute(HttpCommandExecutor.java:190)\r\n\tat org.openqa.selenium.remote.service.DriverCommandExecutor.invokeExecute(DriverCommandExecutor.java:216)\r\n\tat org.openqa.selenium.remote.service.DriverCommandExecutor.execute(DriverCommandExecutor.java:174)\r\n\tat org.openqa.selenium.remote.RemoteWebDriver.execute(RemoteWebDriver.java:518)\r\n\tat org.openqa.selenium.remote.ElementLocation$ElementFinder$2.findElement(ElementLocation.java:165)\r\n\tat org.openqa.selenium.remote.ElementLocation.findElement(ElementLocation.java:59)\r\n\tat org.openqa.selenium.remote.RemoteWebDriver.findElement(RemoteWebDriver.java:355)\r\n\tat org.openqa.selenium.remote.RemoteWebDriver.findElement(RemoteWebDriver.java:349)\r\n\tat com.codeborne.selenide.impl.WebElementSelector.findElement(WebElementSelector.java:73)\r\n\tat com.codeborne.selenide.impl.WebElementSelector.findElement(WebElementSelector.java:46)\r\n\tat com.codeborne.selenide.impl.WebElementSelector.findElement(WebElementSelector.java:35)\r\n\tat com.codeborne.selenide.impl.ElementFinder.getWebElement(ElementFinder.java:122)\r\n\tat com.codeborne.selenide.impl.WebElementSource.checkConditionAndReturnElement(WebElementSource.java:114)\r\n\t... 79 more\r\n"},"stage":"finished","steps":[],"attachments":[{"name":"Screenshot","source":"7b695156-902f-4da0-9c47-1fd6689c4aa7-attachment.png","type":"image/png"},{"name":"Page source","source":"633876d2-e71c-450f-8a9e-b951b0fd3e73-attachment.html","type":"text/html"}],"parameters":[],"start":1741392719078,"stop":1741392723421}],"attachments":[],"parameters":[],"start":1741392620467,"stop":1741392723430}