{"uuid":"50db005a-d41a-4a0a-be48-d200b6ac9c44","historyId":"310ace046a8b2167af7f3a463cf03985","testCaseId":"[engine:junit-jupiter]/[class:COFEPRIS.Tramite260603.MainPage260603Test]/[method:Proceso260603()]","testCaseName":"Proceso260603()","fullName":"COFEPRIS.Tramite260603.MainPage260603Test.Proceso260603","labels":[{"name":"junit.platform.uniqueid","value":"[engine:junit-jupiter]/[class:COFEPRIS.Tramite260603.MainPage260603Test]/[method:Proceso260603()]"},{"name":"host","value":"DESKTOP-4IU7UDQ"},{"name":"thread","value":"21448@DESKTOP-4IU7UDQ.main(3)"},{"name":"framework","value":"junit-platform"},{"name":"language","value":"java"},{"name":"package","value":"COFEPRIS.Tramite260603.MainPage260603Test"},{"name":"testClass","value":"COFEPRIS.Tramite260603.MainPage260603Test"},{"name":"testMethod","value":"Proceso260603"},{"name":"suite","value":"COFEPRIS.Tramite260603.MainPage260603Test"}],"links":[],"name":"Proceso260603()","status":"failed","statusDetails":{"known":false,"muted":false,"flaky":false,"message":"Invalid element state [By.xpath: /html/body/main/div/div[4]/div[1]/form/div[2]/ul/li[3]/a/label]: element click intercepted: Element <label style=\"font-weight: normal;\" for=\"captura.tab.tercerosRelacionados\">...</label> is not clickable at point (542, 17). Other element would receive the click: <div class=\"collapse navbar-collapse\" id=\"navbarMainCollapse\">...</div>\r\nScreenshot: file:/C:/VucemAuto/automations/build/reports/tests/1745630841606.0.png\r\nPage source: file:/C:/VucemAuto/automations/build/reports/tests/1745630841606.0.html\r\nTimeout: 4 s.\r\nCaused by: ElementClickInterceptedException: element click intercepted: Element <label style=\"font-weight: normal;\" for=\"captura.tab.tercerosRelacionados\">...</label> is not clickable at point (542, 17). Other element would receive the click: <div class=\"collapse navbar-collapse\" id=\"navbarMainCollapse\">...</div>","trace":"Invalid element state [By.xpath: /html/body/main/div/div[4]/div[1]/form/div[2]/ul/li[3]/a/label]: element click intercepted: Element <label style=\"font-weight: normal;\" for=\"captura.tab.tercerosRelacionados\">...</label> is not clickable at point (542, 17). Other element would receive the click: <div class=\"collapse navbar-collapse\" id=\"navbarMainCollapse\">...</div>\r\nScreenshot: file:/C:/VucemAuto/automations/build/reports/tests/1745630841606.0.png\r\nPage source: file:/C:/VucemAuto/automations/build/reports/tests/1745630841606.0.html\r\nTimeout: 4 s.\r\nCaused by: ElementClickInterceptedException: element click intercepted: Element <label style=\"font-weight: normal;\" for=\"captura.tab.tercerosRelacionados\">...</label> is not clickable at point (542, 17). Other element would receive the click: <div class=\"collapse navbar-collapse\" id=\"navbarMainCollapse\">...</div>\r\n\tat com.codeborne.selenide.impl.ExceptionWrapper.wrap(ExceptionWrapper.java:26)\r\n\tat com.codeborne.selenide.impl.SelenideElementProxy.dispatchAndRetry(SelenideElementProxy.java:156)\r\n\tat com.codeborne.selenide.impl.SelenideElementProxy.invoke(SelenideElementProxy.java:86)\r\n\tat jdk.proxy2/jdk.proxy2.$Proxy11.click(Unknown Source)\r\n\tat COFEPRIS.Tramite260603.MainPage260603Test.lambda$Proceso260603$0(MainPage260603Test.java:159)\r\n\tat COFEPRIS.Tramite260603.MainPage260603Test.ejecutarProcesoNRunnable(MainPage260603Test.java:205)\r\n\tat COFEPRIS.Tramite260603.MainPage260603Test.Proceso260603(MainPage260603Test.java:103)\r\n\tat java.base/jdk.internal.reflect.DirectMethodHandleAccessor.invoke(DirectMethodHandleAccessor.java:104)\r\n\tat java.base/java.lang.reflect.Method.invoke(Method.java:565)\r\n\tat org.junit.platform.commons.util.ReflectionUtils.invokeMethod(ReflectionUtils.java:728)\r\n\tat org.junit.jupiter.engine.execution.MethodInvocation.proceed(MethodInvocation.java:60)\r\n\tat org.junit.jupiter.engine.execution.InvocationInterceptorChain$ValidatingInvocation.proceed(InvocationInterceptorChain.java:131)\r\n\tat org.junit.jupiter.engine.extension.TimeoutExtension.intercept(TimeoutExtension.java:156)\r\n\tat org.junit.jupiter.engine.extension.TimeoutExtension.interceptTestableMethod(TimeoutExtension.java:147)\r\n\tat org.junit.jupiter.engine.extension.TimeoutExtension.interceptTestMethod(TimeoutExtension.java:86)\r\n\tat org.junit.jupiter.engine.execution.InterceptingExecutableInvoker$ReflectiveInterceptorCall.lambda$ofVoidMethod$0(InterceptingExecutableInvoker.java:103)\r\n\tat org.junit.jupiter.engine.execution.InterceptingExecutableInvoker.lambda$invoke$0(InterceptingExecutableInvoker.java:93)\r\n\tat org.junit.jupiter.engine.execution.InvocationInterceptorChain$InterceptedInvocation.proceed(InvocationInterceptorChain.java:106)\r\n\tat org.junit.jupiter.engine.execution.InvocationInterceptorChain.proceed(InvocationInterceptorChain.java:64)\r\n\tat org.junit.jupiter.engine.execution.InvocationInterceptorChain.chainAndInvoke(InvocationInterceptorChain.java:45)\r\n\tat org.junit.jupiter.engine.execution.InvocationInterceptorChain.invoke(InvocationInterceptorChain.java:37)\r\n\tat org.junit.jupiter.engine.execution.InterceptingExecutableInvoker.invoke(InterceptingExecutableInvoker.java:92)\r\n\tat org.junit.jupiter.engine.execution.InterceptingExecutableInvoker.invoke(InterceptingExecutableInvoker.java:86)\r\n\tat org.junit.jupiter.engine.descriptor.TestMethodTestDescriptor.lambda$invokeTestMethod$7(TestMethodTestDescriptor.java:218)\r\n\tat org.junit.platform.engine.support.hierarchical.ThrowableCollector.execute(ThrowableCollector.java:73)\r\n\tat org.junit.jupiter.engine.descriptor.TestMethodTestDescriptor.invokeTestMethod(TestMethodTestDescriptor.java:214)\r\n\tat org.junit.jupiter.engine.descriptor.TestMethodTestDescriptor.execute(TestMethodTestDescriptor.java:139)\r\n\tat org.junit.jupiter.engine.descriptor.TestMethodTestDescriptor.execute(TestMethodTestDescriptor.java:69)\r\n\tat org.junit.platform.engine.support.hierarchical.NodeTestTask.lambda$executeRecursively$6(NodeTestTask.java:151)\r\n\tat org.junit.platform.engine.support.hierarchical.ThrowableCollector.execute(ThrowableCollector.java:73)\r\n\tat org.junit.platform.engine.support.hierarchical.NodeTestTask.lambda$executeRecursively$8(NodeTestTask.java:141)\r\n\tat org.junit.platform.engine.support.hierarchical.Node.around(Node.java:137)\r\n\tat org.junit.platform.engine.support.hierarchical.NodeTestTask.lambda$executeRecursively$9(NodeTestTask.java:139)\r\n\tat org.junit.platform.engine.support.hierarchical.ThrowableCollector.execute(ThrowableCollector.java:73)\r\n\tat org.junit.platform.engine.support.hierarchical.NodeTestTask.executeRecursively(NodeTestTask.java:138)\r\n\tat org.junit.platform.engine.support.hierarchical.NodeTestTask.execute(NodeTestTask.java:95)\r\n\tat java.base/java.util.ArrayList.forEach(ArrayList.java:1604)\r\n\tat org.junit.platform.engine.support.hierarchical.SameThreadHierarchicalTestExecutorService.invokeAll(SameThreadHierarchicalTestExecutorService.java:41)\r\n\tat org.junit.platform.engine.support.hierarchical.NodeTestTask.lambda$executeRecursively$6(NodeTestTask.java:155)\r\n\tat org.junit.platform.engine.support.hierarchical.ThrowableCollector.execute(ThrowableCollector.java:73)\r\n\tat org.junit.platform.engine.support.hierarchical.NodeTestTask.lambda$executeRecursively$8(NodeTestTask.java:141)\r\n\tat org.junit.platform.engine.support.hierarchical.Node.around(Node.java:137)\r\n\tat org.junit.platform.engine.support.hierarchical.NodeTestTask.lambda$executeRecursively$9(NodeTestTask.java:139)\r\n\tat org.junit.platform.engine.support.hierarchical.ThrowableCollector.execute(ThrowableCollector.java:73)\r\n\tat org.junit.platform.engine.support.hierarchical.NodeTestTask.executeRecursively(NodeTestTask.java:138)\r\n\tat org.junit.platform.engine.support.hierarchical.NodeTestTask.execute(NodeTestTask.java:95)\r\n\tat java.base/java.util.ArrayList.forEach(ArrayList.java:1604)\r\n\tat org.junit.platform.engine.support.hierarchical.SameThreadHierarchicalTestExecutorService.invokeAll(SameThreadHierarchicalTestExecutorService.java:41)\r\n\tat org.junit.platform.engine.support.hierarchical.NodeTestTask.lambda$executeRecursively$6(NodeTestTask.java:155)\r\n\tat org.junit.platform.engine.support.hierarchical.ThrowableCollector.execute(ThrowableCollector.java:73)\r\n\tat org.junit.platform.engine.support.hierarchical.NodeTestTask.lambda$executeRecursively$8(NodeTestTask.java:141)\r\n\tat org.junit.platform.engine.support.hierarchical.Node.around(Node.java:137)\r\n\tat org.junit.platform.engine.support.hierarchical.NodeTestTask.lambda$executeRecursively$9(NodeTestTask.java:139)\r\n\tat org.junit.platform.engine.support.hierarchical.ThrowableCollector.execute(ThrowableCollector.java:73)\r\n\tat org.junit.platform.engine.support.hierarchical.NodeTestTask.executeRecursively(NodeTestTask.java:138)\r\n\tat org.junit.platform.engine.support.hierarchical.NodeTestTask.execute(NodeTestTask.java:95)\r\n\tat org.junit.platform.engine.support.hierarchical.SameThreadHierarchicalTestExecutorService.submit(SameThreadHierarchicalTestExecutorService.java:35)\r\n\tat org.junit.platform.engine.support.hierarchical.HierarchicalTestExecutor.execute(HierarchicalTestExecutor.java:57)\r\n\tat org.junit.platform.engine.support.hierarchical.HierarchicalTestEngine.execute(HierarchicalTestEngine.java:54)\r\n\tat org.junit.platform.launcher.core.EngineExecutionOrchestrator.execute(EngineExecutionOrchestrator.java:147)\r\n\tat org.junit.platform.launcher.core.EngineExecutionOrchestrator.execute(EngineExecutionOrchestrator.java:127)\r\n\tat org.junit.platform.launcher.core.EngineExecutionOrchestrator.execute(EngineExecutionOrchestrator.java:90)\r\n\tat org.junit.platform.launcher.core.EngineExecutionOrchestrator.lambda$execute$0(EngineExecutionOrchestrator.java:55)\r\n\tat org.junit.platform.launcher.core.EngineExecutionOrchestrator.withInterceptedStreams(EngineExecutionOrchestrator.java:102)\r\n\tat org.junit.platform.launcher.core.EngineExecutionOrchestrator.execute(EngineExecutionOrchestrator.java:54)\r\n\tat org.junit.platform.launcher.core.DefaultLauncher.execute(DefaultLauncher.java:114)\r\n\tat org.junit.platform.launcher.core.DefaultLauncher.execute(DefaultLauncher.java:86)\r\n\tat org.junit.platform.launcher.core.DefaultLauncherSession$DelegatingLauncher.execute(DefaultLauncherSession.java:86)\r\n\tat org.junit.platform.launcher.core.SessionPerRequestLauncher.execute(SessionPerRequestLauncher.java:53)\r\n\tat com.intellij.junit5.JUnit5IdeaTestRunner.startRunnerWithArgs(JUnit5IdeaTestRunner.java:57)\r\n\tat com.intellij.rt.junit.IdeaTestRunner$Repeater$1.execute(IdeaTestRunner.java:38)\r\n\tat com.intellij.rt.execution.junit.TestsRepeater.repeat(TestsRepeater.java:11)\r\n\tat com.intellij.rt.junit.IdeaTestRunner$Repeater.startRunnerWithArgs(IdeaTestRunner.java:35)\r\n\tat com.intellij.rt.junit.JUnitStarter.prepareStreamsAndStart(JUnitStarter.java:232)\r\n\tat com.intellij.rt.junit.JUnitStarter.main(JUnitStarter.java:55)\r\nCaused by: org.openqa.selenium.ElementClickInterceptedException: element click intercepted: Element <label style=\"font-weight: normal;\" for=\"captura.tab.tercerosRelacionados\">...</label> is not clickable at point (542, 17). Other element would receive the click: <div class=\"collapse navbar-collapse\" id=\"navbarMainCollapse\">...</div>\n  (Session info: chrome=135.0.7049.96)\nBuild info: version: '4.19.1', revision: 'abe0ee07dc'\nSystem info: os.name: 'Windows 11', os.arch: 'amd64', os.version: '10.0', java.version: '24'\nDriver info: org.openqa.selenium.chrome.ChromeDriver\nCommand: [41c3cccab43f91a9d87ca171a8ed1f01, clickElement {id=f.C5D2A0B98D3F7E9958754A3C7319D196.d.923440EC7C73C0C341202CF6373B0466.e.394}]\nCapabilities {acceptInsecureCerts: true, browserName: chrome, browserVersion: 135.0.7049.96, chrome: {chromedriverVersion: 135.0.7049.114 (63fd8a7d9d0..., userDataDir: C:\\Users\\JCARLO~1\\AppData\\L...}, fedcm:accounts: true, goog:chromeOptions: {debuggerAddress: localhost:56479}, networkConnectionEnabled: false, pageLoadStrategy: normal, platformName: windows, proxy: Proxy(), se:cdp: ws://localhost:56479/devtoo..., se:cdpVersion: 135.0.7049.96, setWindowRect: true, strictFileInteractability: false, timeouts: {implicit: 0, pageLoad: 300000, script: 30000}, unhandledPromptBehavior: accept, webauthn:extension:credBlob: true, webauthn:extension:largeBlob: true, webauthn:extension:minPinLength: true, webauthn:extension:prf: true, webauthn:virtualAuthenticators: true}\nElement: [[ChromeDriver: chrome on windows (41c3cccab43f91a9d87ca171a8ed1f01)] -> xpath: /html/body/main/div/div[4]/div[1]/form/div[2]/ul/li[3]/a/label]\nSession ID: 41c3cccab43f91a9d87ca171a8ed1f01\r\n\tat java.base/jdk.internal.reflect.DirectConstructorHandleAccessor.newInstance(DirectConstructorHandleAccessor.java:62)\r\n\tat java.base/java.lang.reflect.Constructor.newInstanceWithCaller(Constructor.java:499)\r\n\tat java.base/java.lang.reflect.Constructor.newInstance(Constructor.java:483)\r\n\tat org.openqa.selenium.remote.ErrorCodec.decode(ErrorCodec.java:167)\r\n\tat org.openqa.selenium.remote.codec.w3c.W3CHttpResponseCodec.decode(W3CHttpResponseCodec.java:138)\r\n\tat org.openqa.selenium.remote.codec.w3c.W3CHttpResponseCodec.decode(W3CHttpResponseCodec.java:50)\r\n\tat org.openqa.selenium.remote.HttpCommandExecutor.execute(HttpCommandExecutor.java:190)\r\n\tat org.openqa.selenium.remote.service.DriverCommandExecutor.invokeExecute(DriverCommandExecutor.java:216)\r\n\tat org.openqa.selenium.remote.service.DriverCommandExecutor.execute(DriverCommandExecutor.java:174)\r\n\tat org.openqa.selenium.remote.RemoteWebDriver.execute(RemoteWebDriver.java:518)\r\n\tat org.openqa.selenium.remote.RemoteWebElement.execute(RemoteWebElement.java:223)\r\n\tat org.openqa.selenium.remote.RemoteWebElement.click(RemoteWebElement.java:76)\r\n\tat com.codeborne.selenide.commands.Click.defaultClick(Click.java:106)\r\n\tat com.codeborne.selenide.commands.Click.doClick(Click.java:83)\r\n\tat com.codeborne.selenide.commands.Click.click(Click.java:59)\r\n\tat com.codeborne.selenide.commands.Click.execute(Click.java:34)\r\n\tat com.codeborne.selenide.commands.Click.execute(Click.java:26)\r\n\tat com.codeborne.selenide.commands.Commands.execute(Commands.java:162)\r\n\tat com.codeborne.selenide.impl.SelenideElementProxy.dispatchAndRetry(SelenideElementProxy.java:134)\r\n\t... 73 more\r\n"},"stage":"finished","description":"","steps":[{"name":"$(\"open\") https://wwwqa.ventanillaunica.gob.mx/ventanilla-HA/authentication.action?showLogin=%22;","status":"passed","stage":"finished","steps":[],"attachments":[],"parameters":[],"start":1745630759059,"stop":1745630771329},{"name":"$(\"By.xpath: //*[@id='certificate']\") set value(C:\\VucemAuto\\automations\\src\\test\\resources\\CredSoli\\aal0409235e6.cer)","status":"passed","stage":"finished","steps":[],"attachments":[],"parameters":[],"start":1745630771338,"stop":1745630771913},{"name":"$(\"By.xpath: //*[@id='privateKey']\") set value(C:\\VucemAuto\\automations\\src\\test\\resources\\CredSoli\\AAL0409235E6_1012231310.key)","status":"passed","stage":"finished","steps":[],"attachments":[],"parameters":[],"start":1745630771914,"stop":1745630772126},{"name":"$(\"By.xpath: //*[@id='privateKeyPassword']\") set value(delfin40)","status":"passed","stage":"finished","steps":[],"attachments":[],"parameters":[],"start":1745630772126,"stop":1745630772339},{"name":"$(\"By.xpath: /html/body/div[2]/form/div[1]/div/div[2]/div/div[4]/div/button[2]\") click()","status":"passed","stage":"finished","steps":[],"attachments":[],"parameters":[],"start":1745630772339,"stop":1745630772494},{"name":"$(\"By.xpath: //*[@id='claveRol']\") send keys(Persona Moral)","status":"passed","stage":"finished","steps":[],"attachments":[],"parameters":[],"start":1745630772494,"stop":1745630775008},{"name":"$(\"By.xpath: //button[@name='ingresar']\") click()","status":"passed","stage":"finished","steps":[],"attachments":[],"parameters":[],"start":1745630775009,"stop":1745630779960},{"name":"$(\"By.xpath: //*[@id='Trámites']\") send keys(Solicitudes nuevas)","status":"passed","stage":"finished","steps":[],"attachments":[],"parameters":[],"start":1745630779961,"stop":1745630780065},{"name":"$(\"By.xpath: /html/body/main/div/div[2]/div[1]/div[1]/div/nav/div/div[2]/ul/li[5]/ul/li[3]/a\") click()","status":"passed","stage":"finished","steps":[],"attachments":[],"parameters":[],"start":1745630780065,"stop":1745630780204},{"name":"$(\"By.xpath: /html/body/main/div/div[3]/div/form/a[3]/img\") click()","status":"passed","stage":"finished","steps":[],"attachments":[],"parameters":[],"start":1745630780204,"stop":1745630782696},{"name":"$(\"By.xpath: /html/body/main/div/div[3]/div/div[6]/ul/li/a\") click()","status":"passed","stage":"finished","steps":[],"attachments":[],"parameters":[],"start":1745630782697,"stop":1745630783379},{"name":"$(\"By.xpath: /html/body/main/div/div[3]/div/div[6]/ul/li/ul/li[6]/a\") click()","status":"passed","stage":"finished","steps":[],"attachments":[],"parameters":[],"start":1745630783379,"stop":1745630784179},{"name":"$(\"By.xpath: /html/body/main/div/div[3]/div/div[6]/ul/li/ul/li[6]/ul/li[3]/a\") click()","status":"passed","stage":"finished","steps":[],"attachments":[],"parameters":[],"start":1745630784179,"stop":1745630784646},{"name":"$(\"By.xpath: /html/body/main/div/div[4]/div[1]/form/div[2]/ul/li[2]/a/label\") click()","status":"passed","stage":"finished","steps":[],"attachments":[],"parameters":[],"start":1745630784646,"stop":1745630829091},{"name":"$(\"By.xpath: //*[@id='btnEstablecimiento']\") click()","status":"passed","stage":"finished","steps":[],"attachments":[],"parameters":[],"start":1745630829091,"stop":1745630829263},{"name":"$(\"By.xpath: /html/body/div[25]/div[3]/div/button\") click()","status":"passed","stage":"finished","steps":[],"attachments":[],"parameters":[],"start":1745630829264,"stop":1745630830620},{"name":"$(\"By.xpath: //*[@id=\"solicitud.establecimiento.razonSocial\"]\") send keys(AAL0409235E6)","status":"passed","stage":"finished","steps":[],"attachments":[],"parameters":[],"start":1745630830620,"stop":1745630830793},{"name":"$(\"By.xpath: //*[@id=\"solicitud.establecimiento.correoElectronico\"]\") send keys(PRUEBA@test.com)","status":"passed","stage":"finished","steps":[],"attachments":[],"parameters":[],"start":1745630830793,"stop":1745630830980},{"name":"$(\"By.xpath: //*[@id='solicitud.establecimiento.domicilio.codigoPostal']\") send keys(01234)","status":"passed","stage":"finished","steps":[],"attachments":[],"parameters":[],"start":1745630830980,"stop":1745630831143},{"name":"$(\"By.xpath: //*[@id=\"entidadFederativa\"]\") send keys(CIUDAD DE MÉXICO)","status":"passed","stage":"finished","steps":[],"attachments":[],"parameters":[],"start":1745630831143,"stop":1745630831300},{"name":"$(\"By.xpath: //*[@id='solicitud.establecimiento.domicilio.descripcionMunicipio']\") send keys(Benito Juárez)","status":"passed","stage":"finished","steps":[],"attachments":[],"parameters":[],"start":1745630831300,"stop":1745630831399},{"name":"$(\"By.xpath: //*[@id='solicitud.establecimiento.domicilio.informacionExtra']\") send keys(Cerca del parque)","status":"passed","stage":"finished","steps":[],"attachments":[],"parameters":[],"start":1745630831399,"stop":1745630831492},{"name":"$(\"By.xpath: //*[@id='solicitud.establecimiento.domicilio.descripcionColonia']\") send keys(Del Valle)","status":"passed","stage":"finished","steps":[],"attachments":[],"parameters":[],"start":1745630831493,"stop":1745630831575},{"name":"$(\"By.xpath: //*[@id='solicitud.establecimiento.domicilio.calle']\") send keys(Insurgentes Sur)","status":"passed","stage":"finished","steps":[],"attachments":[],"parameters":[],"start":1745630831577,"stop":1745630831676},{"name":"$(\"By.xpath: //*[@id=\"solicitud.establecimiento.domicilio.lada\"]\") send keys(52)","status":"passed","stage":"finished","steps":[],"attachments":[],"parameters":[],"start":1745630831677,"stop":1745630831748},{"name":"$(\"By.xpath: //*[@id='solicitud.establecimiento.domicilio.telefono']\") send keys(5555555555)","status":"passed","stage":"finished","steps":[],"attachments":[],"parameters":[],"start":1745630831748,"stop":1745630831859},{"name":"$(\"By.xpath: //*[@id='btnScianAgregar']\") click()","status":"passed","stage":"finished","steps":[],"attachments":[],"parameters":[],"start":1745630831860,"stop":1745630832004},{"name":"$(\"By.xpath: //*[@id=\"comboSCIAN\"]\") select option(614041)","status":"passed","stage":"finished","steps":[],"attachments":[],"parameters":[],"start":1745630832004,"stop":1745630832384},{"name":"$(\"By.xpath: //input[@onclick='javascript:agregarDatosSCIAN();']\") click()","status":"passed","stage":"finished","steps":[],"attachments":[],"parameters":[],"start":1745630832384,"stop":1745630832664},{"name":"$(\"By.xpath: //*[@id=\"avisoFuncionamiento\"]\") click()","status":"passed","stage":"finished","steps":[],"attachments":[],"parameters":[],"start":1745630832664,"stop":1745630832911},{"name":"$(\"By.xpath: //*[@id=\"aduanas\"]\") select option(ACAPULCO, PUERTO Y AEROPUERTO)","status":"passed","stage":"finished","steps":[],"attachments":[],"parameters":[],"start":1745630832915,"stop":1745630832975},{"name":"$(\"By.xpath: //*[@id=\"btnagregarAduana\"]\") click()","status":"passed","stage":"finished","steps":[],"attachments":[],"parameters":[],"start":1745630832975,"stop":1745630833136},{"name":"$(\"By.xpath: //*[@id='mercanciaGrid.idClasificacionProducto']\") send keys(PRECURSORES QUIMICOS)","status":"passed","stage":"finished","steps":[],"attachments":[],"parameters":[],"start":1745630833136,"stop":1745630833584},{"name":"$(\"By.xpath: //*[@id='mercanciaGrid.ideSubClasificacionProducto']\") send keys(No aplica)","status":"passed","stage":"finished","steps":[],"attachments":[],"parameters":[],"start":1745630833584,"stop":1745630833670},{"name":"$(\"By.xpath: //*[@id='idDenominacionDistintiva']\") send keys(Distintiva123)","status":"passed","stage":"finished","steps":[],"attachments":[],"parameters":[],"start":1745630833670,"stop":1745630833776},{"name":"$(\"By.xpath: //*[@id=\"nombreCientifico\"]\") send keys(PRUEBAS PRUEBUS)","status":"passed","stage":"finished","steps":[],"attachments":[],"parameters":[],"start":1745630833776,"stop":1745630833878},{"name":"$(\"By.xpath: //*[@id='mercanciaGrid.tipoProducto.idTipoProductoTipoTramite']\") send keys(Producto a granel)","status":"passed","stage":"finished","steps":[],"attachments":[],"parameters":[],"start":1745630833879,"stop":1745630833960},{"name":"$(\"By.xpath: //*[@id='mercanciaGrid.idEstadoFisico']\") send keys(Liquido)","status":"passed","stage":"finished","steps":[],"attachments":[],"parameters":[],"start":1745630833960,"stop":1745630834026},{"name":"$(\"By.xpath: //*[@id='fraccionArancelaria']\") send keys(29333299)","status":"passed","stage":"finished","steps":[],"attachments":[],"parameters":[],"start":1745630834026,"stop":1745630834114},{"name":"$(\"By.xpath: //*[@id='cantidadUMC']\") send keys(1234)","status":"passed","stage":"finished","steps":[],"attachments":[],"parameters":[],"start":1745630834114,"stop":1745630834611},{"name":"$(\"By.xpath: //*[@id=\"mercanciaGrid.unidadMedidaComercial.clave\"]\") send keys(JUEGO)","status":"passed","stage":"finished","steps":[],"attachments":[],"parameters":[],"start":1745630834611,"stop":1745630834704},{"name":"$(\"By.xpath: //*[@id=\"porcentajeConcentracion\"]\") send keys(25)","status":"passed","stage":"finished","steps":[],"attachments":[],"parameters":[],"start":1745630834704,"stop":1745630834788},{"name":"$(\"By.xpath: //*[@id=\"idImporteFacturaUSD\"]\") send keys(123)","status":"passed","stage":"finished","steps":[],"attachments":[],"parameters":[],"start":1745630834788,"stop":1745630834888},{"name":"$(\"By.xpath: //*[@id=\"fechaImpExp\"]\") get wrapped element()","status":"passed","stage":"finished","steps":[],"attachments":[],"parameters":[],"start":1745630834888,"stop":1745630834907},{"name":"$(\"By.xpath: //*[@id=\"presentacion\"]\") send keys(PARA PRUEBA)","status":"passed","stage":"finished","steps":[],"attachments":[],"parameters":[],"start":1745630835026,"stop":1745630835195},{"name":"$(\"By.xpath: //*[@id=\"mercanciaGrid.clavesPaisesProcedencia\"]\") send keys(DEU)","status":"passed","stage":"finished","steps":[],"attachments":[],"parameters":[],"start":1745630835195,"stop":1745630835326},{"name":"$(\"By.xpath: //*[@id=\"mercanciaGrid.clavesPaisesOrigen\"]\") send keys(MEX)","status":"passed","stage":"finished","steps":[],"attachments":[],"parameters":[],"start":1745630835326,"stop":1745630835445},{"name":"$(\"By.xpath: /html/body/main/div/div[4]/div[2]/form/div[4]/div[4]/div/div[1]/button\") click()","status":"passed","stage":"finished","steps":[],"attachments":[],"parameters":[],"start":1745630835445,"stop":1745630835580},{"name":"$(\"By.xpath: //*[@id=\"usoEspecifico\"]\") send keys(FABRICACIÓN)","status":"passed","stage":"finished","steps":[],"attachments":[],"parameters":[],"start":1745630835580,"stop":1745630835665},{"name":"$(\"By.xpath: //*[@id=\"panel-listaUsosEspecificos\"]/div/div/div[2]/div/div/input[2]\") click()","status":"passed","stage":"finished","steps":[],"attachments":[],"parameters":[],"start":1745630835665,"stop":1745630835816},{"name":"$(\"By.xpath: //*[@id=\"btnAgregarMercancia\"]\") click()","status":"passed","stage":"finished","steps":[],"attachments":[],"parameters":[],"start":1745630835816,"stop":1745630836389},{"name":"$(\"By.xpath: //*[@id=\"informacionConfidencialNo\"]\") click()","status":"passed","stage":"finished","steps":[],"attachments":[],"parameters":[],"start":1745630836389,"stop":1745630836614},{"name":"$(\"By.xpath: //*[@id=\"representanteLegalRFC\"]\") send keys(MAVL621207C95)","status":"passed","stage":"finished","steps":[],"attachments":[],"parameters":[],"start":1745630836614,"stop":1745630836704},{"name":"$(\"By.xpath: //*[@id=\"consultarIDC\"]\") click()","status":"passed","stage":"finished","steps":[],"attachments":[],"parameters":[],"start":1745630836705,"stop":1745630837515},{"name":"$(\"By.xpath: /html/body/main/div/div[4]/div[1]/form/div[2]/ul/li[3]/a/label\") click()","status":"failed","statusDetails":{"known":false,"muted":false,"flaky":false,"message":"Invalid element state [By.xpath: /html/body/main/div/div[4]/div[1]/form/div[2]/ul/li[3]/a/label]: element click intercepted: Element <label style=\"font-weight: normal;\" for=\"captura.tab.tercerosRelacionados\">...</label> is not clickable at point (542, 17). Other element would receive the click: <div class=\"collapse navbar-collapse\" id=\"navbarMainCollapse\">...</div>\r\nScreenshot: file:/C:/VucemAuto/automations/build/reports/tests/1745630841606.0.png\r\nPage source: file:/C:/VucemAuto/automations/build/reports/tests/1745630841606.0.html\r\nTimeout: 4 s.\r\nCaused by: ElementClickInterceptedException: element click intercepted: Element <label style=\"font-weight: normal;\" for=\"captura.tab.tercerosRelacionados\">...</label> is not clickable at point (542, 17). Other element would receive the click: <div class=\"collapse navbar-collapse\" id=\"navbarMainCollapse\">...</div>","trace":"Invalid element state [By.xpath: /html/body/main/div/div[4]/div[1]/form/div[2]/ul/li[3]/a/label]: element click intercepted: Element <label style=\"font-weight: normal;\" for=\"captura.tab.tercerosRelacionados\">...</label> is not clickable at point (542, 17). Other element would receive the click: <div class=\"collapse navbar-collapse\" id=\"navbarMainCollapse\">...</div>\r\nScreenshot: file:/C:/VucemAuto/automations/build/reports/tests/1745630841606.0.png\r\nPage source: file:/C:/VucemAuto/automations/build/reports/tests/1745630841606.0.html\r\nTimeout: 4 s.\r\nCaused by: ElementClickInterceptedException: element click intercepted: Element <label style=\"font-weight: normal;\" for=\"captura.tab.tercerosRelacionados\">...</label> is not clickable at point (542, 17). Other element would receive the click: <div class=\"collapse navbar-collapse\" id=\"navbarMainCollapse\">...</div>\r\n\tat com.codeborne.selenide.impl.ExceptionWrapper.wrap(ExceptionWrapper.java:26)\r\n\tat com.codeborne.selenide.impl.SelenideElementProxy.dispatchAndRetry(SelenideElementProxy.java:156)\r\n\tat com.codeborne.selenide.impl.SelenideElementProxy.invoke(SelenideElementProxy.java:86)\r\n\tat jdk.proxy2/jdk.proxy2.$Proxy11.click(Unknown Source)\r\n\tat COFEPRIS.Tramite260603.MainPage260603Test.lambda$Proceso260603$0(MainPage260603Test.java:159)\r\n\tat COFEPRIS.Tramite260603.MainPage260603Test.ejecutarProcesoNRunnable(MainPage260603Test.java:205)\r\n\tat COFEPRIS.Tramite260603.MainPage260603Test.Proceso260603(MainPage260603Test.java:103)\r\n\tat java.base/jdk.internal.reflect.DirectMethodHandleAccessor.invoke(DirectMethodHandleAccessor.java:104)\r\n\tat java.base/java.lang.reflect.Method.invoke(Method.java:565)\r\n\tat org.junit.platform.commons.util.ReflectionUtils.invokeMethod(ReflectionUtils.java:728)\r\n\tat org.junit.jupiter.engine.execution.MethodInvocation.proceed(MethodInvocation.java:60)\r\n\tat org.junit.jupiter.engine.execution.InvocationInterceptorChain$ValidatingInvocation.proceed(InvocationInterceptorChain.java:131)\r\n\tat org.junit.jupiter.engine.extension.TimeoutExtension.intercept(TimeoutExtension.java:156)\r\n\tat org.junit.jupiter.engine.extension.TimeoutExtension.interceptTestableMethod(TimeoutExtension.java:147)\r\n\tat org.junit.jupiter.engine.extension.TimeoutExtension.interceptTestMethod(TimeoutExtension.java:86)\r\n\tat org.junit.jupiter.engine.execution.InterceptingExecutableInvoker$ReflectiveInterceptorCall.lambda$ofVoidMethod$0(InterceptingExecutableInvoker.java:103)\r\n\tat org.junit.jupiter.engine.execution.InterceptingExecutableInvoker.lambda$invoke$0(InterceptingExecutableInvoker.java:93)\r\n\tat org.junit.jupiter.engine.execution.InvocationInterceptorChain$InterceptedInvocation.proceed(InvocationInterceptorChain.java:106)\r\n\tat org.junit.jupiter.engine.execution.InvocationInterceptorChain.proceed(InvocationInterceptorChain.java:64)\r\n\tat org.junit.jupiter.engine.execution.InvocationInterceptorChain.chainAndInvoke(InvocationInterceptorChain.java:45)\r\n\tat org.junit.jupiter.engine.execution.InvocationInterceptorChain.invoke(InvocationInterceptorChain.java:37)\r\n\tat org.junit.jupiter.engine.execution.InterceptingExecutableInvoker.invoke(InterceptingExecutableInvoker.java:92)\r\n\tat org.junit.jupiter.engine.execution.InterceptingExecutableInvoker.invoke(InterceptingExecutableInvoker.java:86)\r\n\tat org.junit.jupiter.engine.descriptor.TestMethodTestDescriptor.lambda$invokeTestMethod$7(TestMethodTestDescriptor.java:218)\r\n\tat org.junit.platform.engine.support.hierarchical.ThrowableCollector.execute(ThrowableCollector.java:73)\r\n\tat org.junit.jupiter.engine.descriptor.TestMethodTestDescriptor.invokeTestMethod(TestMethodTestDescriptor.java:214)\r\n\tat org.junit.jupiter.engine.descriptor.TestMethodTestDescriptor.execute(TestMethodTestDescriptor.java:139)\r\n\tat org.junit.jupiter.engine.descriptor.TestMethodTestDescriptor.execute(TestMethodTestDescriptor.java:69)\r\n\tat org.junit.platform.engine.support.hierarchical.NodeTestTask.lambda$executeRecursively$6(NodeTestTask.java:151)\r\n\tat org.junit.platform.engine.support.hierarchical.ThrowableCollector.execute(ThrowableCollector.java:73)\r\n\tat org.junit.platform.engine.support.hierarchical.NodeTestTask.lambda$executeRecursively$8(NodeTestTask.java:141)\r\n\tat org.junit.platform.engine.support.hierarchical.Node.around(Node.java:137)\r\n\tat org.junit.platform.engine.support.hierarchical.NodeTestTask.lambda$executeRecursively$9(NodeTestTask.java:139)\r\n\tat org.junit.platform.engine.support.hierarchical.ThrowableCollector.execute(ThrowableCollector.java:73)\r\n\tat org.junit.platform.engine.support.hierarchical.NodeTestTask.executeRecursively(NodeTestTask.java:138)\r\n\tat org.junit.platform.engine.support.hierarchical.NodeTestTask.execute(NodeTestTask.java:95)\r\n\tat java.base/java.util.ArrayList.forEach(ArrayList.java:1604)\r\n\tat org.junit.platform.engine.support.hierarchical.SameThreadHierarchicalTestExecutorService.invokeAll(SameThreadHierarchicalTestExecutorService.java:41)\r\n\tat org.junit.platform.engine.support.hierarchical.NodeTestTask.lambda$executeRecursively$6(NodeTestTask.java:155)\r\n\tat org.junit.platform.engine.support.hierarchical.ThrowableCollector.execute(ThrowableCollector.java:73)\r\n\tat org.junit.platform.engine.support.hierarchical.NodeTestTask.lambda$executeRecursively$8(NodeTestTask.java:141)\r\n\tat org.junit.platform.engine.support.hierarchical.Node.around(Node.java:137)\r\n\tat org.junit.platform.engine.support.hierarchical.NodeTestTask.lambda$executeRecursively$9(NodeTestTask.java:139)\r\n\tat org.junit.platform.engine.support.hierarchical.ThrowableCollector.execute(ThrowableCollector.java:73)\r\n\tat org.junit.platform.engine.support.hierarchical.NodeTestTask.executeRecursively(NodeTestTask.java:138)\r\n\tat org.junit.platform.engine.support.hierarchical.NodeTestTask.execute(NodeTestTask.java:95)\r\n\tat java.base/java.util.ArrayList.forEach(ArrayList.java:1604)\r\n\tat org.junit.platform.engine.support.hierarchical.SameThreadHierarchicalTestExecutorService.invokeAll(SameThreadHierarchicalTestExecutorService.java:41)\r\n\tat org.junit.platform.engine.support.hierarchical.NodeTestTask.lambda$executeRecursively$6(NodeTestTask.java:155)\r\n\tat org.junit.platform.engine.support.hierarchical.ThrowableCollector.execute(ThrowableCollector.java:73)\r\n\tat org.junit.platform.engine.support.hierarchical.NodeTestTask.lambda$executeRecursively$8(NodeTestTask.java:141)\r\n\tat org.junit.platform.engine.support.hierarchical.Node.around(Node.java:137)\r\n\tat org.junit.platform.engine.support.hierarchical.NodeTestTask.lambda$executeRecursively$9(NodeTestTask.java:139)\r\n\tat org.junit.platform.engine.support.hierarchical.ThrowableCollector.execute(ThrowableCollector.java:73)\r\n\tat org.junit.platform.engine.support.hierarchical.NodeTestTask.executeRecursively(NodeTestTask.java:138)\r\n\tat org.junit.platform.engine.support.hierarchical.NodeTestTask.execute(NodeTestTask.java:95)\r\n\tat org.junit.platform.engine.support.hierarchical.SameThreadHierarchicalTestExecutorService.submit(SameThreadHierarchicalTestExecutorService.java:35)\r\n\tat org.junit.platform.engine.support.hierarchical.HierarchicalTestExecutor.execute(HierarchicalTestExecutor.java:57)\r\n\tat org.junit.platform.engine.support.hierarchical.HierarchicalTestEngine.execute(HierarchicalTestEngine.java:54)\r\n\tat org.junit.platform.launcher.core.EngineExecutionOrchestrator.execute(EngineExecutionOrchestrator.java:147)\r\n\tat org.junit.platform.launcher.core.EngineExecutionOrchestrator.execute(EngineExecutionOrchestrator.java:127)\r\n\tat org.junit.platform.launcher.core.EngineExecutionOrchestrator.execute(EngineExecutionOrchestrator.java:90)\r\n\tat org.junit.platform.launcher.core.EngineExecutionOrchestrator.lambda$execute$0(EngineExecutionOrchestrator.java:55)\r\n\tat org.junit.platform.launcher.core.EngineExecutionOrchestrator.withInterceptedStreams(EngineExecutionOrchestrator.java:102)\r\n\tat org.junit.platform.launcher.core.EngineExecutionOrchestrator.execute(EngineExecutionOrchestrator.java:54)\r\n\tat org.junit.platform.launcher.core.DefaultLauncher.execute(DefaultLauncher.java:114)\r\n\tat org.junit.platform.launcher.core.DefaultLauncher.execute(DefaultLauncher.java:86)\r\n\tat org.junit.platform.launcher.core.DefaultLauncherSession$DelegatingLauncher.execute(DefaultLauncherSession.java:86)\r\n\tat org.junit.platform.launcher.core.SessionPerRequestLauncher.execute(SessionPerRequestLauncher.java:53)\r\n\tat com.intellij.junit5.JUnit5IdeaTestRunner.startRunnerWithArgs(JUnit5IdeaTestRunner.java:57)\r\n\tat com.intellij.rt.junit.IdeaTestRunner$Repeater$1.execute(IdeaTestRunner.java:38)\r\n\tat com.intellij.rt.execution.junit.TestsRepeater.repeat(TestsRepeater.java:11)\r\n\tat com.intellij.rt.junit.IdeaTestRunner$Repeater.startRunnerWithArgs(IdeaTestRunner.java:35)\r\n\tat com.intellij.rt.junit.JUnitStarter.prepareStreamsAndStart(JUnitStarter.java:232)\r\n\tat com.intellij.rt.junit.JUnitStarter.main(JUnitStarter.java:55)\r\nCaused by: org.openqa.selenium.ElementClickInterceptedException: element click intercepted: Element <label style=\"font-weight: normal;\" for=\"captura.tab.tercerosRelacionados\">...</label> is not clickable at point (542, 17). Other element would receive the click: <div class=\"collapse navbar-collapse\" id=\"navbarMainCollapse\">...</div>\n  (Session info: chrome=135.0.7049.96)\nBuild info: version: '4.19.1', revision: 'abe0ee07dc'\nSystem info: os.name: 'Windows 11', os.arch: 'amd64', os.version: '10.0', java.version: '24'\nDriver info: org.openqa.selenium.chrome.ChromeDriver\nCommand: [41c3cccab43f91a9d87ca171a8ed1f01, clickElement {id=f.C5D2A0B98D3F7E9958754A3C7319D196.d.923440EC7C73C0C341202CF6373B0466.e.394}]\nCapabilities {acceptInsecureCerts: true, browserName: chrome, browserVersion: 135.0.7049.96, chrome: {chromedriverVersion: 135.0.7049.114 (63fd8a7d9d0..., userDataDir: C:\\Users\\JCARLO~1\\AppData\\L...}, fedcm:accounts: true, goog:chromeOptions: {debuggerAddress: localhost:56479}, networkConnectionEnabled: false, pageLoadStrategy: normal, platformName: windows, proxy: Proxy(), se:cdp: ws://localhost:56479/devtoo..., se:cdpVersion: 135.0.7049.96, setWindowRect: true, strictFileInteractability: false, timeouts: {implicit: 0, pageLoad: 300000, script: 30000}, unhandledPromptBehavior: accept, webauthn:extension:credBlob: true, webauthn:extension:largeBlob: true, webauthn:extension:minPinLength: true, webauthn:extension:prf: true, webauthn:virtualAuthenticators: true}\nElement: [[ChromeDriver: chrome on windows (41c3cccab43f91a9d87ca171a8ed1f01)] -> xpath: /html/body/main/div/div[4]/div[1]/form/div[2]/ul/li[3]/a/label]\nSession ID: 41c3cccab43f91a9d87ca171a8ed1f01\r\n\tat java.base/jdk.internal.reflect.DirectConstructorHandleAccessor.newInstance(DirectConstructorHandleAccessor.java:62)\r\n\tat java.base/java.lang.reflect.Constructor.newInstanceWithCaller(Constructor.java:499)\r\n\tat java.base/java.lang.reflect.Constructor.newInstance(Constructor.java:483)\r\n\tat org.openqa.selenium.remote.ErrorCodec.decode(ErrorCodec.java:167)\r\n\tat org.openqa.selenium.remote.codec.w3c.W3CHttpResponseCodec.decode(W3CHttpResponseCodec.java:138)\r\n\tat org.openqa.selenium.remote.codec.w3c.W3CHttpResponseCodec.decode(W3CHttpResponseCodec.java:50)\r\n\tat org.openqa.selenium.remote.HttpCommandExecutor.execute(HttpCommandExecutor.java:190)\r\n\tat org.openqa.selenium.remote.service.DriverCommandExecutor.invokeExecute(DriverCommandExecutor.java:216)\r\n\tat org.openqa.selenium.remote.service.DriverCommandExecutor.execute(DriverCommandExecutor.java:174)\r\n\tat org.openqa.selenium.remote.RemoteWebDriver.execute(RemoteWebDriver.java:518)\r\n\tat org.openqa.selenium.remote.RemoteWebElement.execute(RemoteWebElement.java:223)\r\n\tat org.openqa.selenium.remote.RemoteWebElement.click(RemoteWebElement.java:76)\r\n\tat com.codeborne.selenide.commands.Click.defaultClick(Click.java:106)\r\n\tat com.codeborne.selenide.commands.Click.doClick(Click.java:83)\r\n\tat com.codeborne.selenide.commands.Click.click(Click.java:59)\r\n\tat com.codeborne.selenide.commands.Click.execute(Click.java:34)\r\n\tat com.codeborne.selenide.commands.Click.execute(Click.java:26)\r\n\tat com.codeborne.selenide.commands.Commands.execute(Commands.java:162)\r\n\tat com.codeborne.selenide.impl.SelenideElementProxy.dispatchAndRetry(SelenideElementProxy.java:134)\r\n\t... 73 more\r\n"},"stage":"finished","steps":[],"attachments":[{"name":"Screenshot","source":"7831fc00-9c47-4be6-955d-aa287f0f93b4-attachment.png","type":"image/png"},{"name":"Page source","source":"4cb6de13-8ebe-4918-b7b3-84ce0f20ee49-attachment.html","type":"text/html"}],"parameters":[],"start":1745630837515,"stop":1745630843461}],"attachments":[],"parameters":[],"start":1745630747969,"stop":1745630843492}