{"uuid":"5dc3d7dc-6b90-48dd-bed8-cfb440dd7854","historyId":"23492841e0fbd4ba12d8758fe0488fd","testCaseId":"[engine:junit-jupiter]/[class:Economia.Tramite110201.MainPage110201Test]/[method:Proceso110201()]","testCaseName":"Proceso110201()","fullName":"Economia.Tramite110201.MainPage110201Test.Proceso110201","labels":[{"name":"junit.platform.uniqueid","value":"[engine:junit-jupiter]/[class:Economia.Tramite110201.MainPage110201Test]/[method:Proceso110201()]"},{"name":"host","value":"DESKTOP-4IU7UDQ"},{"name":"thread","value":"47784@DESKTOP-4IU7UDQ.main(3)"},{"name":"framework","value":"junit-platform"},{"name":"language","value":"java"},{"name":"package","value":"Economia.Tramite110201.MainPage110201Test"},{"name":"testClass","value":"Economia.Tramite110201.MainPage110201Test"},{"name":"testMethod","value":"Proceso110201"},{"name":"suite","value":"Economia.Tramite110201.MainPage110201Test"}],"links":[],"name":"Proceso110201()","status":"failed","statusDetails":{"known":false,"muted":false,"flaky":false,"message":"Invalid element state [By.xpath: /html/body/main/div/div[4]/div/form/div[2]/ul/li[4]/a]: element click intercepted: Element <a href=\"#tabs-5\" class=\"ui-tabs-anchor\" role=\"presentation\" tabindex=\"-1\" id=\"ui-id-4\">...</a> is not clickable at point (618, 18). Other element would receive the click: <div class=\"collapse navbar-collapse\" id=\"navbarMainCollapse\">...</div>\r\nScreenshot: file:/C:/VucemAuto/automations/build/reports/tests/1744829665755.0.png\r\nPage source: file:/C:/VucemAuto/automations/build/reports/tests/1744829665755.0.html\r\nTimeout: 4 s.\r\nCaused by: ElementClickInterceptedException: element click intercepted: Element <a href=\"#tabs-5\" class=\"ui-tabs-anchor\" role=\"presentation\" tabindex=\"-1\" id=\"ui-id-4\">...</a> is not clickable at point (618, 18). Other element would receive the click: <div class=\"collapse navbar-collapse\" id=\"navbarMainCollapse\">...</div>","trace":"Invalid element state [By.xpath: /html/body/main/div/div[4]/div/form/div[2]/ul/li[4]/a]: element click intercepted: Element <a href=\"#tabs-5\" class=\"ui-tabs-anchor\" role=\"presentation\" tabindex=\"-1\" id=\"ui-id-4\">...</a> is not clickable at point (618, 18). Other element would receive the click: <div class=\"collapse navbar-collapse\" id=\"navbarMainCollapse\">...</div>\r\nScreenshot: file:/C:/VucemAuto/automations/build/reports/tests/1744829665755.0.png\r\nPage source: file:/C:/VucemAuto/automations/build/reports/tests/1744829665755.0.html\r\nTimeout: 4 s.\r\nCaused by: ElementClickInterceptedException: element click intercepted: Element <a href=\"#tabs-5\" class=\"ui-tabs-anchor\" role=\"presentation\" tabindex=\"-1\" id=\"ui-id-4\">...</a> is not clickable at point (618, 18). Other element would receive the click: <div class=\"collapse navbar-collapse\" id=\"navbarMainCollapse\">...</div>\r\n\tat com.codeborne.selenide.impl.ExceptionWrapper.wrap(ExceptionWrapper.java:26)\r\n\tat com.codeborne.selenide.impl.SelenideElementProxy.dispatchAndRetry(SelenideElementProxy.java:156)\r\n\tat com.codeborne.selenide.impl.SelenideElementProxy.invoke(SelenideElementProxy.java:86)\r\n\tat jdk.proxy2/jdk.proxy2.$Proxy11.click(Unknown Source)\r\n\tat Economia.Tramite110201.MainPage110201Test.lambda$Proceso110201$0(MainPage110201Test.java:152)\r\n\tat Economia.Tramite110201.MainPage110201Test.ejecutarProcesoNRunnable(MainPage110201Test.java:170)\r\n\tat Economia.Tramite110201.MainPage110201Test.Proceso110201(MainPage110201Test.java:104)\r\n\tat java.base/jdk.internal.reflect.DirectMethodHandleAccessor.invoke(DirectMethodHandleAccessor.java:104)\r\n\tat java.base/java.lang.reflect.Method.invoke(Method.java:565)\r\n\tat org.junit.platform.commons.util.ReflectionUtils.invokeMethod(ReflectionUtils.java:728)\r\n\tat org.junit.jupiter.engine.execution.MethodInvocation.proceed(MethodInvocation.java:60)\r\n\tat org.junit.jupiter.engine.execution.InvocationInterceptorChain$ValidatingInvocation.proceed(InvocationInterceptorChain.java:131)\r\n\tat org.junit.jupiter.engine.extension.TimeoutExtension.intercept(TimeoutExtension.java:156)\r\n\tat org.junit.jupiter.engine.extension.TimeoutExtension.interceptTestableMethod(TimeoutExtension.java:147)\r\n\tat org.junit.jupiter.engine.extension.TimeoutExtension.interceptTestMethod(TimeoutExtension.java:86)\r\n\tat org.junit.jupiter.engine.execution.InterceptingExecutableInvoker$ReflectiveInterceptorCall.lambda$ofVoidMethod$0(InterceptingExecutableInvoker.java:103)\r\n\tat org.junit.jupiter.engine.execution.InterceptingExecutableInvoker.lambda$invoke$0(InterceptingExecutableInvoker.java:93)\r\n\tat org.junit.jupiter.engine.execution.InvocationInterceptorChain$InterceptedInvocation.proceed(InvocationInterceptorChain.java:106)\r\n\tat org.junit.jupiter.engine.execution.InvocationInterceptorChain.proceed(InvocationInterceptorChain.java:64)\r\n\tat org.junit.jupiter.engine.execution.InvocationInterceptorChain.chainAndInvoke(InvocationInterceptorChain.java:45)\r\n\tat org.junit.jupiter.engine.execution.InvocationInterceptorChain.invoke(InvocationInterceptorChain.java:37)\r\n\tat org.junit.jupiter.engine.execution.InterceptingExecutableInvoker.invoke(InterceptingExecutableInvoker.java:92)\r\n\tat org.junit.jupiter.engine.execution.InterceptingExecutableInvoker.invoke(InterceptingExecutableInvoker.java:86)\r\n\tat org.junit.jupiter.engine.descriptor.TestMethodTestDescriptor.lambda$invokeTestMethod$7(TestMethodTestDescriptor.java:218)\r\n\tat org.junit.platform.engine.support.hierarchical.ThrowableCollector.execute(ThrowableCollector.java:73)\r\n\tat org.junit.jupiter.engine.descriptor.TestMethodTestDescriptor.invokeTestMethod(TestMethodTestDescriptor.java:214)\r\n\tat org.junit.jupiter.engine.descriptor.TestMethodTestDescriptor.execute(TestMethodTestDescriptor.java:139)\r\n\tat org.junit.jupiter.engine.descriptor.TestMethodTestDescriptor.execute(TestMethodTestDescriptor.java:69)\r\n\tat org.junit.platform.engine.support.hierarchical.NodeTestTask.lambda$executeRecursively$6(NodeTestTask.java:151)\r\n\tat org.junit.platform.engine.support.hierarchical.ThrowableCollector.execute(ThrowableCollector.java:73)\r\n\tat org.junit.platform.engine.support.hierarchical.NodeTestTask.lambda$executeRecursively$8(NodeTestTask.java:141)\r\n\tat org.junit.platform.engine.support.hierarchical.Node.around(Node.java:137)\r\n\tat org.junit.platform.engine.support.hierarchical.NodeTestTask.lambda$executeRecursively$9(NodeTestTask.java:139)\r\n\tat org.junit.platform.engine.support.hierarchical.ThrowableCollector.execute(ThrowableCollector.java:73)\r\n\tat org.junit.platform.engine.support.hierarchical.NodeTestTask.executeRecursively(NodeTestTask.java:138)\r\n\tat org.junit.platform.engine.support.hierarchical.NodeTestTask.execute(NodeTestTask.java:95)\r\n\tat java.base/java.util.ArrayList.forEach(ArrayList.java:1604)\r\n\tat org.junit.platform.engine.support.hierarchical.SameThreadHierarchicalTestExecutorService.invokeAll(SameThreadHierarchicalTestExecutorService.java:41)\r\n\tat org.junit.platform.engine.support.hierarchical.NodeTestTask.lambda$executeRecursively$6(NodeTestTask.java:155)\r\n\tat org.junit.platform.engine.support.hierarchical.ThrowableCollector.execute(ThrowableCollector.java:73)\r\n\tat org.junit.platform.engine.support.hierarchical.NodeTestTask.lambda$executeRecursively$8(NodeTestTask.java:141)\r\n\tat org.junit.platform.engine.support.hierarchical.Node.around(Node.java:137)\r\n\tat org.junit.platform.engine.support.hierarchical.NodeTestTask.lambda$executeRecursively$9(NodeTestTask.java:139)\r\n\tat org.junit.platform.engine.support.hierarchical.ThrowableCollector.execute(ThrowableCollector.java:73)\r\n\tat org.junit.platform.engine.support.hierarchical.NodeTestTask.executeRecursively(NodeTestTask.java:138)\r\n\tat org.junit.platform.engine.support.hierarchical.NodeTestTask.execute(NodeTestTask.java:95)\r\n\tat java.base/java.util.ArrayList.forEach(ArrayList.java:1604)\r\n\tat org.junit.platform.engine.support.hierarchical.SameThreadHierarchicalTestExecutorService.invokeAll(SameThreadHierarchicalTestExecutorService.java:41)\r\n\tat org.junit.platform.engine.support.hierarchical.NodeTestTask.lambda$executeRecursively$6(NodeTestTask.java:155)\r\n\tat org.junit.platform.engine.support.hierarchical.ThrowableCollector.execute(ThrowableCollector.java:73)\r\n\tat org.junit.platform.engine.support.hierarchical.NodeTestTask.lambda$executeRecursively$8(NodeTestTask.java:141)\r\n\tat org.junit.platform.engine.support.hierarchical.Node.around(Node.java:137)\r\n\tat org.junit.platform.engine.support.hierarchical.NodeTestTask.lambda$executeRecursively$9(NodeTestTask.java:139)\r\n\tat org.junit.platform.engine.support.hierarchical.ThrowableCollector.execute(ThrowableCollector.java:73)\r\n\tat org.junit.platform.engine.support.hierarchical.NodeTestTask.executeRecursively(NodeTestTask.java:138)\r\n\tat org.junit.platform.engine.support.hierarchical.NodeTestTask.execute(NodeTestTask.java:95)\r\n\tat org.junit.platform.engine.support.hierarchical.SameThreadHierarchicalTestExecutorService.submit(SameThreadHierarchicalTestExecutorService.java:35)\r\n\tat org.junit.platform.engine.support.hierarchical.HierarchicalTestExecutor.execute(HierarchicalTestExecutor.java:57)\r\n\tat org.junit.platform.engine.support.hierarchical.HierarchicalTestEngine.execute(HierarchicalTestEngine.java:54)\r\n\tat org.junit.platform.launcher.core.EngineExecutionOrchestrator.execute(EngineExecutionOrchestrator.java:147)\r\n\tat org.junit.platform.launcher.core.EngineExecutionOrchestrator.execute(EngineExecutionOrchestrator.java:127)\r\n\tat org.junit.platform.launcher.core.EngineExecutionOrchestrator.execute(EngineExecutionOrchestrator.java:90)\r\n\tat org.junit.platform.launcher.core.EngineExecutionOrchestrator.lambda$execute$0(EngineExecutionOrchestrator.java:55)\r\n\tat org.junit.platform.launcher.core.EngineExecutionOrchestrator.withInterceptedStreams(EngineExecutionOrchestrator.java:102)\r\n\tat org.junit.platform.launcher.core.EngineExecutionOrchestrator.execute(EngineExecutionOrchestrator.java:54)\r\n\tat org.junit.platform.launcher.core.DefaultLauncher.execute(DefaultLauncher.java:114)\r\n\tat org.junit.platform.launcher.core.DefaultLauncher.execute(DefaultLauncher.java:86)\r\n\tat org.junit.platform.launcher.core.DefaultLauncherSession$DelegatingLauncher.execute(DefaultLauncherSession.java:86)\r\n\tat org.junit.platform.launcher.core.SessionPerRequestLauncher.execute(SessionPerRequestLauncher.java:53)\r\n\tat com.intellij.junit5.JUnit5IdeaTestRunner.startRunnerWithArgs(JUnit5IdeaTestRunner.java:57)\r\n\tat com.intellij.rt.junit.IdeaTestRunner$Repeater$1.execute(IdeaTestRunner.java:38)\r\n\tat com.intellij.rt.execution.junit.TestsRepeater.repeat(TestsRepeater.java:11)\r\n\tat com.intellij.rt.junit.IdeaTestRunner$Repeater.startRunnerWithArgs(IdeaTestRunner.java:35)\r\n\tat com.intellij.rt.junit.JUnitStarter.prepareStreamsAndStart(JUnitStarter.java:232)\r\n\tat com.intellij.rt.junit.JUnitStarter.main(JUnitStarter.java:55)\r\nCaused by: org.openqa.selenium.ElementClickInterceptedException: element click intercepted: Element <a href=\"#tabs-5\" class=\"ui-tabs-anchor\" role=\"presentation\" tabindex=\"-1\" id=\"ui-id-4\">...</a> is not clickable at point (618, 18). Other element would receive the click: <div class=\"collapse navbar-collapse\" id=\"navbarMainCollapse\">...</div>\n  (Session info: chrome=135.0.7049.85)\nBuild info: version: '4.19.1', revision: 'abe0ee07dc'\nSystem info: os.name: 'Windows 11', os.arch: 'amd64', os.version: '10.0', java.version: '24'\nDriver info: org.openqa.selenium.chrome.ChromeDriver\nCommand: [a72800b915abed605c75e02dcf41b3fb, clickElement {id=f.87D096C05BE09FB26BE28C020BAA97EA.d.611D01D9B8CF6DCC9F9786C677F7C696.e.560}]\nCapabilities {acceptInsecureCerts: true, browserName: chrome, browserVersion: 135.0.7049.85, chrome: {chromedriverVersion: 135.0.7049.95 (de2eb485a195..., userDataDir: C:\\Users\\JCARLO~1\\AppData\\L...}, fedcm:accounts: true, goog:chromeOptions: {debuggerAddress: localhost:55560}, networkConnectionEnabled: false, pageLoadStrategy: normal, platformName: windows, proxy: Proxy(), se:cdp: ws://localhost:55560/devtoo..., se:cdpVersion: 135.0.7049.85, setWindowRect: true, strictFileInteractability: false, timeouts: {implicit: 0, pageLoad: 300000, script: 30000}, unhandledPromptBehavior: accept, webauthn:extension:credBlob: true, webauthn:extension:largeBlob: true, webauthn:extension:minPinLength: true, webauthn:extension:prf: true, webauthn:virtualAuthenticators: true}\nElement: [[ChromeDriver: chrome on windows (a72800b915abed605c75e02dcf41b3fb)] -> xpath: /html/body/main/div/div[4]/div/form/div[2]/ul/li[4]/a]\nSession ID: a72800b915abed605c75e02dcf41b3fb\r\n\tat java.base/jdk.internal.reflect.DirectConstructorHandleAccessor.newInstance(DirectConstructorHandleAccessor.java:62)\r\n\tat java.base/java.lang.reflect.Constructor.newInstanceWithCaller(Constructor.java:499)\r\n\tat java.base/java.lang.reflect.Constructor.newInstance(Constructor.java:483)\r\n\tat org.openqa.selenium.remote.ErrorCodec.decode(ErrorCodec.java:167)\r\n\tat org.openqa.selenium.remote.codec.w3c.W3CHttpResponseCodec.decode(W3CHttpResponseCodec.java:138)\r\n\tat org.openqa.selenium.remote.codec.w3c.W3CHttpResponseCodec.decode(W3CHttpResponseCodec.java:50)\r\n\tat org.openqa.selenium.remote.HttpCommandExecutor.execute(HttpCommandExecutor.java:190)\r\n\tat org.openqa.selenium.remote.service.DriverCommandExecutor.invokeExecute(DriverCommandExecutor.java:216)\r\n\tat org.openqa.selenium.remote.service.DriverCommandExecutor.execute(DriverCommandExecutor.java:174)\r\n\tat org.openqa.selenium.remote.RemoteWebDriver.execute(RemoteWebDriver.java:518)\r\n\tat org.openqa.selenium.remote.RemoteWebElement.execute(RemoteWebElement.java:223)\r\n\tat org.openqa.selenium.remote.RemoteWebElement.click(RemoteWebElement.java:76)\r\n\tat com.codeborne.selenide.commands.Click.defaultClick(Click.java:106)\r\n\tat com.codeborne.selenide.commands.Click.doClick(Click.java:83)\r\n\tat com.codeborne.selenide.commands.Click.click(Click.java:59)\r\n\tat com.codeborne.selenide.commands.Click.execute(Click.java:34)\r\n\tat com.codeborne.selenide.commands.Click.execute(Click.java:26)\r\n\tat com.codeborne.selenide.commands.Commands.execute(Commands.java:162)\r\n\tat com.codeborne.selenide.impl.SelenideElementProxy.dispatchAndRetry(SelenideElementProxy.java:134)\r\n\t... 73 more\r\n"},"stage":"finished","description":"","steps":[{"name":"$(\"open\") https://wwwqa.ventanillaunica.gob.mx/ventanilla-HA/authentication.action?showLogin=%22;","status":"passed","stage":"finished","steps":[],"attachments":[],"parameters":[],"start":1744829616609,"stop":1744829616995},{"name":"$(\"By.xpath: //*[@id='certificate']\") set value(C:\\VucemAuto\\automations\\src\\test\\resources\\CredSoli\\aal0409235e6.cer)","status":"passed","stage":"finished","steps":[],"attachments":[],"parameters":[],"start":1744829617003,"stop":1744829629903},{"name":"$(\"By.xpath: //*[@id='privateKey']\") set value(C:\\VucemAuto\\automations\\src\\test\\resources\\CredSoli\\AAL0409235E6_1012231310.key)","status":"passed","stage":"finished","steps":[],"attachments":[],"parameters":[],"start":1744829629903,"stop":1744829630350},{"name":"$(\"By.xpath: //*[@id='privateKeyPassword']\") set value(delfin40)","status":"passed","stage":"finished","steps":[],"attachments":[],"parameters":[],"start":1744829630350,"stop":1744829630909},{"name":"$(\"By.xpath: /html/body/div[2]/form/div[1]/div/div[2]/div/div[4]/div/button[2]\") click()","status":"passed","stage":"finished","steps":[],"attachments":[],"parameters":[],"start":1744829630910,"stop":1744829632185},{"name":"$(\"By.xpath: //*[@id='claveRol']\") send keys(Persona Moral)","status":"passed","stage":"finished","steps":[],"attachments":[],"parameters":[],"start":1744829633191,"stop":1744829633295},{"name":"$(\"By.xpath: //button[@name='ingresar']\") click()","status":"passed","stage":"finished","steps":[],"attachments":[],"parameters":[],"start":1744829634298,"stop":1744829634605},{"name":"$(\"By.xpath: //*[@id='Trámites']\") send keys(Solicitudes nuevas)","status":"passed","stage":"finished","steps":[],"attachments":[],"parameters":[],"start":1744829635611,"stop":1744829636518},{"name":"$(\"By.xpath: /html/body/main/div/div[2]/div[1]/div[1]/div/nav/div/div[2]/ul/li[5]/ul/li[3]/a\") click()","status":"passed","stage":"finished","steps":[],"attachments":[],"parameters":[],"start":1744829637523,"stop":1744829638584},{"name":"$(\"By.xpath: //img[contains(@alt, 'Economía')]\") click()","status":"passed","stage":"finished","steps":[],"attachments":[],"parameters":[],"start":1744829639597,"stop":1744829640262},{"name":"$(\"By.xpath: /html/body/main/div/div[3]/div/div[6]/ul/li[4]/a\") click()","status":"passed","stage":"finished","steps":[],"attachments":[],"parameters":[],"start":1744829641263,"stop":1744829641411},{"name":"$(\"By.xpath: /html/body/main/div/div[3]/div/div[6]/ul/li[4]/ul/li[2]/a\") click()","status":"passed","stage":"finished","steps":[],"attachments":[],"parameters":[],"start":1744829642426,"stop":1744829642507},{"name":"$(\"By.xpath: /html/body/main/div/div[3]/div/div[6]/ul/li[4]/ul/li[2]/ul/li[1]/a\") click()","status":"passed","stage":"finished","steps":[],"attachments":[],"parameters":[],"start":1744829643521,"stop":1744829643629},{"name":"$(\"By.xpath: /html/body/main/div/div[4]/div/form/div[2]/ul/li[2]/a\") click()","status":"passed","stage":"finished","steps":[],"attachments":[],"parameters":[],"start":1744829644635,"stop":1744829653927},{"name":"$(\"By.xpath: //*[@id=\"solicitud.idTratadoAcuerdoSeleccionado\"]\") send keys(Tratado de Libre Comercio México-Unión Europea)","status":"passed","stage":"finished","steps":[],"attachments":[],"parameters":[],"start":1744829653927,"stop":1744829654194},{"name":"$(\"By.xpath: //*[@id=\"solicitud.clavePaisSeleccionado\"]\") send keys(ALEMANIA (REPUBLICA FEDERAL DE))","status":"passed","stage":"finished","steps":[],"attachments":[],"parameters":[],"start":1744829654194,"stop":1744829654347},{"name":"$(\"By.xpath: //*[@id=\"idBotonBuscarMercancias\"]\") click()","status":"passed","stage":"finished","steps":[],"attachments":[],"parameters":[],"start":1744829654347,"stop":1744829654522},{"name":"$(\"By.xpath: /html/body/main/div/div[4]/div/form/div[2]/div/div[2]/div[10]/div/div[1]/div[1]/div[3]/div[3]/div/table/tbody/tr[3]/td[2]\") double click()","status":"passed","stage":"finished","steps":[],"attachments":[],"parameters":[],"start":1744829654522,"stop":1744829656454},{"name":"$(\"By.xpath: //*[@id=\"idMarca\"]\") send keys(NOMBRE DE LA MARCA)","status":"passed","stage":"finished","steps":[],"attachments":[],"parameters":[],"start":1744829656454,"stop":1744829656893},{"name":"$(\"By.xpath: //*[@id=\"idCantidad\"]\") send keys(10)","status":"passed","stage":"finished","steps":[],"attachments":[],"parameters":[],"start":1744829656893,"stop":1744829657016},{"name":"$(\"By.xpath: //*[@id=\"datosMercancia.unidadMedidaComercializacion\"]\") send keys(Caja)","status":"passed","stage":"finished","steps":[],"attachments":[],"parameters":[],"start":1744829657016,"stop":1744829657097},{"name":"$(\"By.xpath: //*[@id=\"idValorMercancia\"]\") send keys(1000.00)","status":"passed","stage":"finished","steps":[],"attachments":[],"parameters":[],"start":1744829657097,"stop":1744829657189},{"name":"$(\"By.xpath: //*[@id=\"idComplementoDescripcion\"]\") send keys(Descripción detallada de la mercancía)","status":"passed","stage":"finished","steps":[],"attachments":[],"parameters":[],"start":1744829657189,"stop":1744829657348},{"name":"$(\"By.xpath: //*[@id=\"idMasaBruta\"]\") send keys(50)","status":"passed","stage":"finished","steps":[],"attachments":[],"parameters":[],"start":1744829657348,"stop":1744829657428},{"name":"$(\"By.xpath: //*[@id='datosMercancia.unidadMedidaMasaBruta']\") send keys(Caja)","status":"passed","stage":"finished","steps":[],"attachments":[],"parameters":[],"start":1744829657429,"stop":1744829657501},{"name":"$(\"By.xpath: //*[@id=\"idFechaFactura\"]\") get wrapped element()","status":"passed","stage":"finished","steps":[],"attachments":[],"parameters":[],"start":1744829657501,"stop":1744829657517},{"name":"$(\"By.xpath: //*[@id=\"idNumeroFactura\"]\") set value(23879277)","status":"passed","stage":"finished","steps":[],"attachments":[],"parameters":[],"start":1744829657629,"stop":1744829657781},{"name":"$(\"By.xpath: //*[@id=\"datosMercancia.tipoFactura\"]\") send keys(Electrónica)","status":"passed","stage":"finished","steps":[],"attachments":[],"parameters":[],"start":1744829657781,"stop":1744829657861},{"name":"$(\"By.xpath: /html/body/main/div/div[4]/div[2]/form/div[17]/div/div[2]/div/input[2]\") click()","status":"passed","stage":"finished","steps":[],"attachments":[],"parameters":[],"start":1744829657861,"stop":1744829658029},{"name":"$(\"By.xpath: /html/body/div[11]/div[3]/div/button\") click()","status":"passed","stage":"finished","steps":[],"attachments":[],"parameters":[],"start":1744829658029,"stop":1744829659344},{"name":"$(\"By.xpath: /html/body/main/div/div[4]/div/form/div[2]/ul/li[3]/a\") click()","status":"passed","stage":"finished","steps":[],"attachments":[],"parameters":[],"start":1744829659344,"stop":1744829659449},{"name":"$(\"By.xpath: //*[@id='solicitud.destinatario.rfc']\") send keys(AAL0409235E6)","status":"passed","stage":"finished","steps":[],"attachments":[],"parameters":[],"start":1744829659449,"stop":1744829659554},{"name":"$(\"By.xpath: //*[@id='solicitud.destinatario.razonSocial']\") send keys(Pruebas S.A. de C.V.)","status":"passed","stage":"finished","steps":[],"attachments":[],"parameters":[],"start":1744829659554,"stop":1744829659704},{"name":"$(\"By.xpath: //*[@id='solicitud.destinatario.domicilio.ciudad']\") send keys(Ciudad de México)","status":"passed","stage":"finished","steps":[],"attachments":[],"parameters":[],"start":1744829659704,"stop":1744829659890},{"name":"$(\"By.xpath: //*[@id='solicitud.destinatario.domicilio.calle']\") send keys(Avenida Reforma)","status":"passed","stage":"finished","steps":[],"attachments":[],"parameters":[],"start":1744829659891,"stop":1744829660033},{"name":"$(\"By.xpath: //*[@id='solicitud.destinatario.domicilio.numeroExterior']\") send keys(123)","status":"passed","stage":"finished","steps":[],"attachments":[],"parameters":[],"start":1744829660033,"stop":1744829660126},{"name":"$(\"By.xpath: //*[@id='solicitud.destinatario.domicilio.telefono']\") send keys(5551234567)","status":"passed","stage":"finished","steps":[],"attachments":[],"parameters":[],"start":1744829660126,"stop":1744829660231},{"name":"$(\"By.xpath: //*[@id='solicitud.destinatario.domicilio.fax']\") send keys(5557654321)","status":"passed","stage":"finished","steps":[],"attachments":[],"parameters":[],"start":1744829660231,"stop":1744829660350},{"name":"$(\"By.xpath: //*[@id='solicitud.destinatario.correoElectronico']\") send keys(correo@empresa.com)","status":"passed","stage":"finished","steps":[],"attachments":[],"parameters":[],"start":1744829660350,"stop":1744829660491},{"name":"$(\"By.xpath: //*[@id='solicitud.destinatario.paisOrigen.clave']\") send keys(ALEMANIA)","status":"passed","stage":"finished","steps":[],"attachments":[],"parameters":[],"start":1744829660491,"stop":1744829660594},{"name":"$(\"By.xpath: //*[@id='solicitud.certificadoOrigen.medioTransporte']\") send keys(Marítimo)","status":"passed","stage":"finished","steps":[],"attachments":[],"parameters":[],"start":1744829660594,"stop":1744829660731},{"name":"$(\"By.xpath: /html/body/main/div/div[4]/div/form/div[2]/ul/li[4]/a\") click()","status":"failed","statusDetails":{"known":false,"muted":false,"flaky":false,"message":"Invalid element state [By.xpath: /html/body/main/div/div[4]/div/form/div[2]/ul/li[4]/a]: element click intercepted: Element <a href=\"#tabs-5\" class=\"ui-tabs-anchor\" role=\"presentation\" tabindex=\"-1\" id=\"ui-id-4\">...</a> is not clickable at point (618, 18). Other element would receive the click: <div class=\"collapse navbar-collapse\" id=\"navbarMainCollapse\">...</div>\r\nScreenshot: file:/C:/VucemAuto/automations/build/reports/tests/1744829665755.0.png\r\nPage source: file:/C:/VucemAuto/automations/build/reports/tests/1744829665755.0.html\r\nTimeout: 4 s.\r\nCaused by: ElementClickInterceptedException: element click intercepted: Element <a href=\"#tabs-5\" class=\"ui-tabs-anchor\" role=\"presentation\" tabindex=\"-1\" id=\"ui-id-4\">...</a> is not clickable at point (618, 18). Other element would receive the click: <div class=\"collapse navbar-collapse\" id=\"navbarMainCollapse\">...</div>","trace":"Invalid element state [By.xpath: /html/body/main/div/div[4]/div/form/div[2]/ul/li[4]/a]: element click intercepted: Element <a href=\"#tabs-5\" class=\"ui-tabs-anchor\" role=\"presentation\" tabindex=\"-1\" id=\"ui-id-4\">...</a> is not clickable at point (618, 18). Other element would receive the click: <div class=\"collapse navbar-collapse\" id=\"navbarMainCollapse\">...</div>\r\nScreenshot: file:/C:/VucemAuto/automations/build/reports/tests/1744829665755.0.png\r\nPage source: file:/C:/VucemAuto/automations/build/reports/tests/1744829665755.0.html\r\nTimeout: 4 s.\r\nCaused by: ElementClickInterceptedException: element click intercepted: Element <a href=\"#tabs-5\" class=\"ui-tabs-anchor\" role=\"presentation\" tabindex=\"-1\" id=\"ui-id-4\">...</a> is not clickable at point (618, 18). Other element would receive the click: <div class=\"collapse navbar-collapse\" id=\"navbarMainCollapse\">...</div>\r\n\tat com.codeborne.selenide.impl.ExceptionWrapper.wrap(ExceptionWrapper.java:26)\r\n\tat com.codeborne.selenide.impl.SelenideElementProxy.dispatchAndRetry(SelenideElementProxy.java:156)\r\n\tat com.codeborne.selenide.impl.SelenideElementProxy.invoke(SelenideElementProxy.java:86)\r\n\tat jdk.proxy2/jdk.proxy2.$Proxy11.click(Unknown Source)\r\n\tat Economia.Tramite110201.MainPage110201Test.lambda$Proceso110201$0(MainPage110201Test.java:152)\r\n\tat Economia.Tramite110201.MainPage110201Test.ejecutarProcesoNRunnable(MainPage110201Test.java:170)\r\n\tat Economia.Tramite110201.MainPage110201Test.Proceso110201(MainPage110201Test.java:104)\r\n\tat java.base/jdk.internal.reflect.DirectMethodHandleAccessor.invoke(DirectMethodHandleAccessor.java:104)\r\n\tat java.base/java.lang.reflect.Method.invoke(Method.java:565)\r\n\tat org.junit.platform.commons.util.ReflectionUtils.invokeMethod(ReflectionUtils.java:728)\r\n\tat org.junit.jupiter.engine.execution.MethodInvocation.proceed(MethodInvocation.java:60)\r\n\tat org.junit.jupiter.engine.execution.InvocationInterceptorChain$ValidatingInvocation.proceed(InvocationInterceptorChain.java:131)\r\n\tat org.junit.jupiter.engine.extension.TimeoutExtension.intercept(TimeoutExtension.java:156)\r\n\tat org.junit.jupiter.engine.extension.TimeoutExtension.interceptTestableMethod(TimeoutExtension.java:147)\r\n\tat org.junit.jupiter.engine.extension.TimeoutExtension.interceptTestMethod(TimeoutExtension.java:86)\r\n\tat org.junit.jupiter.engine.execution.InterceptingExecutableInvoker$ReflectiveInterceptorCall.lambda$ofVoidMethod$0(InterceptingExecutableInvoker.java:103)\r\n\tat org.junit.jupiter.engine.execution.InterceptingExecutableInvoker.lambda$invoke$0(InterceptingExecutableInvoker.java:93)\r\n\tat org.junit.jupiter.engine.execution.InvocationInterceptorChain$InterceptedInvocation.proceed(InvocationInterceptorChain.java:106)\r\n\tat org.junit.jupiter.engine.execution.InvocationInterceptorChain.proceed(InvocationInterceptorChain.java:64)\r\n\tat org.junit.jupiter.engine.execution.InvocationInterceptorChain.chainAndInvoke(InvocationInterceptorChain.java:45)\r\n\tat org.junit.jupiter.engine.execution.InvocationInterceptorChain.invoke(InvocationInterceptorChain.java:37)\r\n\tat org.junit.jupiter.engine.execution.InterceptingExecutableInvoker.invoke(InterceptingExecutableInvoker.java:92)\r\n\tat org.junit.jupiter.engine.execution.InterceptingExecutableInvoker.invoke(InterceptingExecutableInvoker.java:86)\r\n\tat org.junit.jupiter.engine.descriptor.TestMethodTestDescriptor.lambda$invokeTestMethod$7(TestMethodTestDescriptor.java:218)\r\n\tat org.junit.platform.engine.support.hierarchical.ThrowableCollector.execute(ThrowableCollector.java:73)\r\n\tat org.junit.jupiter.engine.descriptor.TestMethodTestDescriptor.invokeTestMethod(TestMethodTestDescriptor.java:214)\r\n\tat org.junit.jupiter.engine.descriptor.TestMethodTestDescriptor.execute(TestMethodTestDescriptor.java:139)\r\n\tat org.junit.jupiter.engine.descriptor.TestMethodTestDescriptor.execute(TestMethodTestDescriptor.java:69)\r\n\tat org.junit.platform.engine.support.hierarchical.NodeTestTask.lambda$executeRecursively$6(NodeTestTask.java:151)\r\n\tat org.junit.platform.engine.support.hierarchical.ThrowableCollector.execute(ThrowableCollector.java:73)\r\n\tat org.junit.platform.engine.support.hierarchical.NodeTestTask.lambda$executeRecursively$8(NodeTestTask.java:141)\r\n\tat org.junit.platform.engine.support.hierarchical.Node.around(Node.java:137)\r\n\tat org.junit.platform.engine.support.hierarchical.NodeTestTask.lambda$executeRecursively$9(NodeTestTask.java:139)\r\n\tat org.junit.platform.engine.support.hierarchical.ThrowableCollector.execute(ThrowableCollector.java:73)\r\n\tat org.junit.platform.engine.support.hierarchical.NodeTestTask.executeRecursively(NodeTestTask.java:138)\r\n\tat org.junit.platform.engine.support.hierarchical.NodeTestTask.execute(NodeTestTask.java:95)\r\n\tat java.base/java.util.ArrayList.forEach(ArrayList.java:1604)\r\n\tat org.junit.platform.engine.support.hierarchical.SameThreadHierarchicalTestExecutorService.invokeAll(SameThreadHierarchicalTestExecutorService.java:41)\r\n\tat org.junit.platform.engine.support.hierarchical.NodeTestTask.lambda$executeRecursively$6(NodeTestTask.java:155)\r\n\tat org.junit.platform.engine.support.hierarchical.ThrowableCollector.execute(ThrowableCollector.java:73)\r\n\tat org.junit.platform.engine.support.hierarchical.NodeTestTask.lambda$executeRecursively$8(NodeTestTask.java:141)\r\n\tat org.junit.platform.engine.support.hierarchical.Node.around(Node.java:137)\r\n\tat org.junit.platform.engine.support.hierarchical.NodeTestTask.lambda$executeRecursively$9(NodeTestTask.java:139)\r\n\tat org.junit.platform.engine.support.hierarchical.ThrowableCollector.execute(ThrowableCollector.java:73)\r\n\tat org.junit.platform.engine.support.hierarchical.NodeTestTask.executeRecursively(NodeTestTask.java:138)\r\n\tat org.junit.platform.engine.support.hierarchical.NodeTestTask.execute(NodeTestTask.java:95)\r\n\tat java.base/java.util.ArrayList.forEach(ArrayList.java:1604)\r\n\tat org.junit.platform.engine.support.hierarchical.SameThreadHierarchicalTestExecutorService.invokeAll(SameThreadHierarchicalTestExecutorService.java:41)\r\n\tat org.junit.platform.engine.support.hierarchical.NodeTestTask.lambda$executeRecursively$6(NodeTestTask.java:155)\r\n\tat org.junit.platform.engine.support.hierarchical.ThrowableCollector.execute(ThrowableCollector.java:73)\r\n\tat org.junit.platform.engine.support.hierarchical.NodeTestTask.lambda$executeRecursively$8(NodeTestTask.java:141)\r\n\tat org.junit.platform.engine.support.hierarchical.Node.around(Node.java:137)\r\n\tat org.junit.platform.engine.support.hierarchical.NodeTestTask.lambda$executeRecursively$9(NodeTestTask.java:139)\r\n\tat org.junit.platform.engine.support.hierarchical.ThrowableCollector.execute(ThrowableCollector.java:73)\r\n\tat org.junit.platform.engine.support.hierarchical.NodeTestTask.executeRecursively(NodeTestTask.java:138)\r\n\tat org.junit.platform.engine.support.hierarchical.NodeTestTask.execute(NodeTestTask.java:95)\r\n\tat org.junit.platform.engine.support.hierarchical.SameThreadHierarchicalTestExecutorService.submit(SameThreadHierarchicalTestExecutorService.java:35)\r\n\tat org.junit.platform.engine.support.hierarchical.HierarchicalTestExecutor.execute(HierarchicalTestExecutor.java:57)\r\n\tat org.junit.platform.engine.support.hierarchical.HierarchicalTestEngine.execute(HierarchicalTestEngine.java:54)\r\n\tat org.junit.platform.launcher.core.EngineExecutionOrchestrator.execute(EngineExecutionOrchestrator.java:147)\r\n\tat org.junit.platform.launcher.core.EngineExecutionOrchestrator.execute(EngineExecutionOrchestrator.java:127)\r\n\tat org.junit.platform.launcher.core.EngineExecutionOrchestrator.execute(EngineExecutionOrchestrator.java:90)\r\n\tat org.junit.platform.launcher.core.EngineExecutionOrchestrator.lambda$execute$0(EngineExecutionOrchestrator.java:55)\r\n\tat org.junit.platform.launcher.core.EngineExecutionOrchestrator.withInterceptedStreams(EngineExecutionOrchestrator.java:102)\r\n\tat org.junit.platform.launcher.core.EngineExecutionOrchestrator.execute(EngineExecutionOrchestrator.java:54)\r\n\tat org.junit.platform.launcher.core.DefaultLauncher.execute(DefaultLauncher.java:114)\r\n\tat org.junit.platform.launcher.core.DefaultLauncher.execute(DefaultLauncher.java:86)\r\n\tat org.junit.platform.launcher.core.DefaultLauncherSession$DelegatingLauncher.execute(DefaultLauncherSession.java:86)\r\n\tat org.junit.platform.launcher.core.SessionPerRequestLauncher.execute(SessionPerRequestLauncher.java:53)\r\n\tat com.intellij.junit5.JUnit5IdeaTestRunner.startRunnerWithArgs(JUnit5IdeaTestRunner.java:57)\r\n\tat com.intellij.rt.junit.IdeaTestRunner$Repeater$1.execute(IdeaTestRunner.java:38)\r\n\tat com.intellij.rt.execution.junit.TestsRepeater.repeat(TestsRepeater.java:11)\r\n\tat com.intellij.rt.junit.IdeaTestRunner$Repeater.startRunnerWithArgs(IdeaTestRunner.java:35)\r\n\tat com.intellij.rt.junit.JUnitStarter.prepareStreamsAndStart(JUnitStarter.java:232)\r\n\tat com.intellij.rt.junit.JUnitStarter.main(JUnitStarter.java:55)\r\nCaused by: org.openqa.selenium.ElementClickInterceptedException: element click intercepted: Element <a href=\"#tabs-5\" class=\"ui-tabs-anchor\" role=\"presentation\" tabindex=\"-1\" id=\"ui-id-4\">...</a> is not clickable at point (618, 18). Other element would receive the click: <div class=\"collapse navbar-collapse\" id=\"navbarMainCollapse\">...</div>\n  (Session info: chrome=135.0.7049.85)\nBuild info: version: '4.19.1', revision: 'abe0ee07dc'\nSystem info: os.name: 'Windows 11', os.arch: 'amd64', os.version: '10.0', java.version: '24'\nDriver info: org.openqa.selenium.chrome.ChromeDriver\nCommand: [a72800b915abed605c75e02dcf41b3fb, clickElement {id=f.87D096C05BE09FB26BE28C020BAA97EA.d.611D01D9B8CF6DCC9F9786C677F7C696.e.560}]\nCapabilities {acceptInsecureCerts: true, browserName: chrome, browserVersion: 135.0.7049.85, chrome: {chromedriverVersion: 135.0.7049.95 (de2eb485a195..., userDataDir: C:\\Users\\JCARLO~1\\AppData\\L...}, fedcm:accounts: true, goog:chromeOptions: {debuggerAddress: localhost:55560}, networkConnectionEnabled: false, pageLoadStrategy: normal, platformName: windows, proxy: Proxy(), se:cdp: ws://localhost:55560/devtoo..., se:cdpVersion: 135.0.7049.85, setWindowRect: true, strictFileInteractability: false, timeouts: {implicit: 0, pageLoad: 300000, script: 30000}, unhandledPromptBehavior: accept, webauthn:extension:credBlob: true, webauthn:extension:largeBlob: true, webauthn:extension:minPinLength: true, webauthn:extension:prf: true, webauthn:virtualAuthenticators: true}\nElement: [[ChromeDriver: chrome on windows (a72800b915abed605c75e02dcf41b3fb)] -> xpath: /html/body/main/div/div[4]/div/form/div[2]/ul/li[4]/a]\nSession ID: a72800b915abed605c75e02dcf41b3fb\r\n\tat java.base/jdk.internal.reflect.DirectConstructorHandleAccessor.newInstance(DirectConstructorHandleAccessor.java:62)\r\n\tat java.base/java.lang.reflect.Constructor.newInstanceWithCaller(Constructor.java:499)\r\n\tat java.base/java.lang.reflect.Constructor.newInstance(Constructor.java:483)\r\n\tat org.openqa.selenium.remote.ErrorCodec.decode(ErrorCodec.java:167)\r\n\tat org.openqa.selenium.remote.codec.w3c.W3CHttpResponseCodec.decode(W3CHttpResponseCodec.java:138)\r\n\tat org.openqa.selenium.remote.codec.w3c.W3CHttpResponseCodec.decode(W3CHttpResponseCodec.java:50)\r\n\tat org.openqa.selenium.remote.HttpCommandExecutor.execute(HttpCommandExecutor.java:190)\r\n\tat org.openqa.selenium.remote.service.DriverCommandExecutor.invokeExecute(DriverCommandExecutor.java:216)\r\n\tat org.openqa.selenium.remote.service.DriverCommandExecutor.execute(DriverCommandExecutor.java:174)\r\n\tat org.openqa.selenium.remote.RemoteWebDriver.execute(RemoteWebDriver.java:518)\r\n\tat org.openqa.selenium.remote.RemoteWebElement.execute(RemoteWebElement.java:223)\r\n\tat org.openqa.selenium.remote.RemoteWebElement.click(RemoteWebElement.java:76)\r\n\tat com.codeborne.selenide.commands.Click.defaultClick(Click.java:106)\r\n\tat com.codeborne.selenide.commands.Click.doClick(Click.java:83)\r\n\tat com.codeborne.selenide.commands.Click.click(Click.java:59)\r\n\tat com.codeborne.selenide.commands.Click.execute(Click.java:34)\r\n\tat com.codeborne.selenide.commands.Click.execute(Click.java:26)\r\n\tat com.codeborne.selenide.commands.Commands.execute(Commands.java:162)\r\n\tat com.codeborne.selenide.impl.SelenideElementProxy.dispatchAndRetry(SelenideElementProxy.java:134)\r\n\t... 73 more\r\n"},"stage":"finished","steps":[],"attachments":[{"name":"Screenshot","source":"c3ab3504-8c29-4ba9-9e34-ab771cfb5878-attachment.png","type":"image/png"},{"name":"Page source","source":"c6da9f2a-9c39-4262-83b4-b205b225f4af-attachment.html","type":"text/html"}],"parameters":[],"start":1744829660731,"stop":1744829666497}],"attachments":[],"parameters":[],"start":1744829615266,"stop":1744829666526}