{"uuid":"81f689f0-1798-4d92-ba4e-bcf09f796aa0","historyId":"930c01291313b6141bca34070a6f13cb","testCaseId":"[engine:junit-jupiter]/[class:Economia.Tramite190101.MainPage190101Test]/[method:Proceso190101()]","testCaseName":"Proceso190101()","fullName":"Economia.Tramite190101.MainPage190101Test.Proceso190101","labels":[{"name":"junit.platform.uniqueid","value":"[engine:junit-jupiter]/[class:Economia.Tramite190101.MainPage190101Test]/[method:Proceso190101()]"},{"name":"host","value":"DESKTOP-4IU7UDQ"},{"name":"thread","value":"50460@DESKTOP-4IU7UDQ.main(3)"},{"name":"framework","value":"junit-platform"},{"name":"language","value":"java"},{"name":"package","value":"Economia.Tramite190101.MainPage190101Test"},{"name":"testClass","value":"Economia.Tramite190101.MainPage190101Test"},{"name":"testMethod","value":"Proceso190101"},{"name":"suite","value":"Economia.Tramite190101.MainPage190101Test"}],"links":[],"name":"Proceso190101()","status":"failed","statusDetails":{"known":false,"muted":false,"flaky":false,"message":"Invalid element state [By.xpath: //*[@id=\"TICP.CFP\"]\n]: element click intercepted: Element <input id=\"TICP.CFP\" name=\"solicitud.tipoCertificadoProducto\" value=\"CERTIFICACION_PRODUCTO\" onclick=\"javascript: muestraDatosProducto('CERTIFICACION_PRODUCTO');\r\nScreenshot: file:/C:/VucemAuto/automations/build/reports/tests/1745366480387.0.png\r\nPage source: file:/C:/VucemAuto/automations/build/reports/tests/1745366480387.0.html\r\nTimeout: 4 s.\r\nCaused by: ElementClickInterceptedException: element click intercepted: Element <input id=\"TICP.CFP\" name=\"solicitud.tipoCertificadoProducto\" value=\"CERTIFICACION_PRODUCTO\" onclick=\"javascript: muestraDatosProducto('CERTIFICACION_PRODUCTO');","trace":"Invalid element state [By.xpath: //*[@id=\"TICP.CFP\"]\n]: element click intercepted: Element <input id=\"TICP.CFP\" name=\"solicitud.tipoCertificadoProducto\" value=\"CERTIFICACION_PRODUCTO\" onclick=\"javascript: muestraDatosProducto('CERTIFICACION_PRODUCTO');\r\nScreenshot: file:/C:/VucemAuto/automations/build/reports/tests/1745366480387.0.png\r\nPage source: file:/C:/VucemAuto/automations/build/reports/tests/1745366480387.0.html\r\nTimeout: 4 s.\r\nCaused by: ElementClickInterceptedException: element click intercepted: Element <input id=\"TICP.CFP\" name=\"solicitud.tipoCertificadoProducto\" value=\"CERTIFICACION_PRODUCTO\" onclick=\"javascript: muestraDatosProducto('CERTIFICACION_PRODUCTO');\r\n\tat com.codeborne.selenide.impl.ExceptionWrapper.wrap(ExceptionWrapper.java:26)\r\n\tat com.codeborne.selenide.impl.SelenideElementProxy.dispatchAndRetry(SelenideElementProxy.java:156)\r\n\tat com.codeborne.selenide.impl.SelenideElementProxy.invoke(SelenideElementProxy.java:86)\r\n\tat jdk.proxy2/jdk.proxy2.$Proxy10.click(Unknown Source)\r\n\tat Economia.Tramite190101.MainPage190101Test.lambda$Proceso190101$0(MainPage190101Test.java:215)\r\n\tat Economia.Tramite190101.MainPage190101Test.ejecutarProcesoNRunnable(MainPage190101Test.java:337)\r\n\tat Economia.Tramite190101.MainPage190101Test.Proceso190101(MainPage190101Test.java:129)\r\n\tat java.base/jdk.internal.reflect.DirectMethodHandleAccessor.invoke(DirectMethodHandleAccessor.java:104)\r\n\tat java.base/java.lang.reflect.Method.invoke(Method.java:565)\r\n\tat org.junit.platform.commons.util.ReflectionUtils.invokeMethod(ReflectionUtils.java:728)\r\n\tat org.junit.jupiter.engine.execution.MethodInvocation.proceed(MethodInvocation.java:60)\r\n\tat org.junit.jupiter.engine.execution.InvocationInterceptorChain$ValidatingInvocation.proceed(InvocationInterceptorChain.java:131)\r\n\tat org.junit.jupiter.engine.extension.TimeoutExtension.intercept(TimeoutExtension.java:156)\r\n\tat org.junit.jupiter.engine.extension.TimeoutExtension.interceptTestableMethod(TimeoutExtension.java:147)\r\n\tat org.junit.jupiter.engine.extension.TimeoutExtension.interceptTestMethod(TimeoutExtension.java:86)\r\n\tat org.junit.jupiter.engine.execution.InterceptingExecutableInvoker$ReflectiveInterceptorCall.lambda$ofVoidMethod$0(InterceptingExecutableInvoker.java:103)\r\n\tat org.junit.jupiter.engine.execution.InterceptingExecutableInvoker.lambda$invoke$0(InterceptingExecutableInvoker.java:93)\r\n\tat org.junit.jupiter.engine.execution.InvocationInterceptorChain$InterceptedInvocation.proceed(InvocationInterceptorChain.java:106)\r\n\tat org.junit.jupiter.engine.execution.InvocationInterceptorChain.proceed(InvocationInterceptorChain.java:64)\r\n\tat org.junit.jupiter.engine.execution.InvocationInterceptorChain.chainAndInvoke(InvocationInterceptorChain.java:45)\r\n\tat org.junit.jupiter.engine.execution.InvocationInterceptorChain.invoke(InvocationInterceptorChain.java:37)\r\n\tat org.junit.jupiter.engine.execution.InterceptingExecutableInvoker.invoke(InterceptingExecutableInvoker.java:92)\r\n\tat org.junit.jupiter.engine.execution.InterceptingExecutableInvoker.invoke(InterceptingExecutableInvoker.java:86)\r\n\tat org.junit.jupiter.engine.descriptor.TestMethodTestDescriptor.lambda$invokeTestMethod$7(TestMethodTestDescriptor.java:218)\r\n\tat org.junit.platform.engine.support.hierarchical.ThrowableCollector.execute(ThrowableCollector.java:73)\r\n\tat org.junit.jupiter.engine.descriptor.TestMethodTestDescriptor.invokeTestMethod(TestMethodTestDescriptor.java:214)\r\n\tat org.junit.jupiter.engine.descriptor.TestMethodTestDescriptor.execute(TestMethodTestDescriptor.java:139)\r\n\tat org.junit.jupiter.engine.descriptor.TestMethodTestDescriptor.execute(TestMethodTestDescriptor.java:69)\r\n\tat org.junit.platform.engine.support.hierarchical.NodeTestTask.lambda$executeRecursively$6(NodeTestTask.java:151)\r\n\tat org.junit.platform.engine.support.hierarchical.ThrowableCollector.execute(ThrowableCollector.java:73)\r\n\tat org.junit.platform.engine.support.hierarchical.NodeTestTask.lambda$executeRecursively$8(NodeTestTask.java:141)\r\n\tat org.junit.platform.engine.support.hierarchical.Node.around(Node.java:137)\r\n\tat org.junit.platform.engine.support.hierarchical.NodeTestTask.lambda$executeRecursively$9(NodeTestTask.java:139)\r\n\tat org.junit.platform.engine.support.hierarchical.ThrowableCollector.execute(ThrowableCollector.java:73)\r\n\tat org.junit.platform.engine.support.hierarchical.NodeTestTask.executeRecursively(NodeTestTask.java:138)\r\n\tat org.junit.platform.engine.support.hierarchical.NodeTestTask.execute(NodeTestTask.java:95)\r\n\tat java.base/java.util.ArrayList.forEach(ArrayList.java:1604)\r\n\tat org.junit.platform.engine.support.hierarchical.SameThreadHierarchicalTestExecutorService.invokeAll(SameThreadHierarchicalTestExecutorService.java:41)\r\n\tat org.junit.platform.engine.support.hierarchical.NodeTestTask.lambda$executeRecursively$6(NodeTestTask.java:155)\r\n\tat org.junit.platform.engine.support.hierarchical.ThrowableCollector.execute(ThrowableCollector.java:73)\r\n\tat org.junit.platform.engine.support.hierarchical.NodeTestTask.lambda$executeRecursively$8(NodeTestTask.java:141)\r\n\tat org.junit.platform.engine.support.hierarchical.Node.around(Node.java:137)\r\n\tat org.junit.platform.engine.support.hierarchical.NodeTestTask.lambda$executeRecursively$9(NodeTestTask.java:139)\r\n\tat org.junit.platform.engine.support.hierarchical.ThrowableCollector.execute(ThrowableCollector.java:73)\r\n\tat org.junit.platform.engine.support.hierarchical.NodeTestTask.executeRecursively(NodeTestTask.java:138)\r\n\tat org.junit.platform.engine.support.hierarchical.NodeTestTask.execute(NodeTestTask.java:95)\r\n\tat java.base/java.util.ArrayList.forEach(ArrayList.java:1604)\r\n\tat org.junit.platform.engine.support.hierarchical.SameThreadHierarchicalTestExecutorService.invokeAll(SameThreadHierarchicalTestExecutorService.java:41)\r\n\tat org.junit.platform.engine.support.hierarchical.NodeTestTask.lambda$executeRecursively$6(NodeTestTask.java:155)\r\n\tat org.junit.platform.engine.support.hierarchical.ThrowableCollector.execute(ThrowableCollector.java:73)\r\n\tat org.junit.platform.engine.support.hierarchical.NodeTestTask.lambda$executeRecursively$8(NodeTestTask.java:141)\r\n\tat org.junit.platform.engine.support.hierarchical.Node.around(Node.java:137)\r\n\tat org.junit.platform.engine.support.hierarchical.NodeTestTask.lambda$executeRecursively$9(NodeTestTask.java:139)\r\n\tat org.junit.platform.engine.support.hierarchical.ThrowableCollector.execute(ThrowableCollector.java:73)\r\n\tat org.junit.platform.engine.support.hierarchical.NodeTestTask.executeRecursively(NodeTestTask.java:138)\r\n\tat org.junit.platform.engine.support.hierarchical.NodeTestTask.execute(NodeTestTask.java:95)\r\n\tat org.junit.platform.engine.support.hierarchical.SameThreadHierarchicalTestExecutorService.submit(SameThreadHierarchicalTestExecutorService.java:35)\r\n\tat org.junit.platform.engine.support.hierarchical.HierarchicalTestExecutor.execute(HierarchicalTestExecutor.java:57)\r\n\tat org.junit.platform.engine.support.hierarchical.HierarchicalTestEngine.execute(HierarchicalTestEngine.java:54)\r\n\tat org.junit.platform.launcher.core.EngineExecutionOrchestrator.execute(EngineExecutionOrchestrator.java:147)\r\n\tat org.junit.platform.launcher.core.EngineExecutionOrchestrator.execute(EngineExecutionOrchestrator.java:127)\r\n\tat org.junit.platform.launcher.core.EngineExecutionOrchestrator.execute(EngineExecutionOrchestrator.java:90)\r\n\tat org.junit.platform.launcher.core.EngineExecutionOrchestrator.lambda$execute$0(EngineExecutionOrchestrator.java:55)\r\n\tat org.junit.platform.launcher.core.EngineExecutionOrchestrator.withInterceptedStreams(EngineExecutionOrchestrator.java:102)\r\n\tat org.junit.platform.launcher.core.EngineExecutionOrchestrator.execute(EngineExecutionOrchestrator.java:54)\r\n\tat org.junit.platform.launcher.core.DefaultLauncher.execute(DefaultLauncher.java:114)\r\n\tat org.junit.platform.launcher.core.DefaultLauncher.execute(DefaultLauncher.java:86)\r\n\tat org.junit.platform.launcher.core.DefaultLauncherSession$DelegatingLauncher.execute(DefaultLauncherSession.java:86)\r\n\tat org.junit.platform.launcher.core.SessionPerRequestLauncher.execute(SessionPerRequestLauncher.java:53)\r\n\tat com.intellij.junit5.JUnit5IdeaTestRunner.startRunnerWithArgs(JUnit5IdeaTestRunner.java:57)\r\n\tat com.intellij.rt.junit.IdeaTestRunner$Repeater$1.execute(IdeaTestRunner.java:38)\r\n\tat com.intellij.rt.execution.junit.TestsRepeater.repeat(TestsRepeater.java:11)\r\n\tat com.intellij.rt.junit.IdeaTestRunner$Repeater.startRunnerWithArgs(IdeaTestRunner.java:35)\r\n\tat com.intellij.rt.junit.JUnitStarter.prepareStreamsAndStart(JUnitStarter.java:232)\r\n\tat com.intellij.rt.junit.JUnitStarter.main(JUnitStarter.java:55)\r\nCaused by: org.openqa.selenium.ElementClickInterceptedException: element click intercepted: Element <input id=\"TICP.CFP\" name=\"solicitud.tipoCertificadoProducto\" value=\"CERTIFICACION_PRODUCTO\" onclick=\"javascript: muestraDatosProducto('CERTIFICACION_PRODUCTO');\n\t\t\t\t\t\t\tmostrarMensajeModalidadSiete(); \n\t\t\t\t\t\t\tcambiaBanderaMensaje();\" type=\"radio\" class=\"required\"> is not clickable at point (138, 437). Other element would receive the click: <div class=\"ui-widget-overlay ui-front\" style=\"z-index: 100;\"></div>\n  (Session info: chrome=135.0.7049.96)\nBuild info: version: '4.19.1', revision: 'abe0ee07dc'\nSystem info: os.name: 'Windows 11', os.arch: 'amd64', os.version: '10.0', java.version: '24'\nDriver info: org.openqa.selenium.chrome.ChromeDriver\nCommand: [b3e129fb77567c22de15e1a98ead51c7, clickElement {id=f.1AAE1A6570618A3D10CDA2562BA49166.d.E4B0C3466802E1371501014694819E70.e.356}]\nCapabilities {acceptInsecureCerts: true, browserName: chrome, browserVersion: 135.0.7049.96, chrome: {chromedriverVersion: 135.0.7049.97 (b41307079c9b..., userDataDir: C:\\Users\\JCARLO~1\\AppData\\L...}, fedcm:accounts: true, goog:chromeOptions: {debuggerAddress: localhost:64541}, networkConnectionEnabled: false, pageLoadStrategy: normal, platformName: windows, proxy: Proxy(), se:cdp: ws://localhost:64541/devtoo..., se:cdpVersion: 135.0.7049.96, setWindowRect: true, strictFileInteractability: false, timeouts: {implicit: 0, pageLoad: 300000, script: 30000}, unhandledPromptBehavior: accept, webauthn:extension:credBlob: true, webauthn:extension:largeBlob: true, webauthn:extension:minPinLength: true, webauthn:extension:prf: true, webauthn:virtualAuthenticators: true}\nElement: [[ChromeDriver: chrome on windows (b3e129fb77567c22de15e1a98ead51c7)] -> xpath: //*[@id=\"TICP.CFP\"]\n]\nSession ID: b3e129fb77567c22de15e1a98ead51c7\r\n\tat java.base/jdk.internal.reflect.DirectConstructorHandleAccessor.newInstance(DirectConstructorHandleAccessor.java:62)\r\n\tat java.base/java.lang.reflect.Constructor.newInstanceWithCaller(Constructor.java:499)\r\n\tat java.base/java.lang.reflect.Constructor.newInstance(Constructor.java:483)\r\n\tat org.openqa.selenium.remote.ErrorCodec.decode(ErrorCodec.java:167)\r\n\tat org.openqa.selenium.remote.codec.w3c.W3CHttpResponseCodec.decode(W3CHttpResponseCodec.java:138)\r\n\tat org.openqa.selenium.remote.codec.w3c.W3CHttpResponseCodec.decode(W3CHttpResponseCodec.java:50)\r\n\tat org.openqa.selenium.remote.HttpCommandExecutor.execute(HttpCommandExecutor.java:190)\r\n\tat org.openqa.selenium.remote.service.DriverCommandExecutor.invokeExecute(DriverCommandExecutor.java:216)\r\n\tat org.openqa.selenium.remote.service.DriverCommandExecutor.execute(DriverCommandExecutor.java:174)\r\n\tat org.openqa.selenium.remote.RemoteWebDriver.execute(RemoteWebDriver.java:518)\r\n\tat org.openqa.selenium.remote.RemoteWebElement.execute(RemoteWebElement.java:223)\r\n\tat org.openqa.selenium.remote.RemoteWebElement.click(RemoteWebElement.java:76)\r\n\tat com.codeborne.selenide.commands.Click.defaultClick(Click.java:106)\r\n\tat com.codeborne.selenide.commands.Click.doClick(Click.java:83)\r\n\tat com.codeborne.selenide.commands.Click.click(Click.java:59)\r\n\tat com.codeborne.selenide.commands.Click.execute(Click.java:34)\r\n\tat com.codeborne.selenide.commands.Click.execute(Click.java:26)\r\n\tat com.codeborne.selenide.commands.Commands.execute(Commands.java:162)\r\n\tat com.codeborne.selenide.impl.SelenideElementProxy.dispatchAndRetry(SelenideElementProxy.java:134)\r\n\t... 73 more\r\n"},"stage":"finished","description":"","steps":[{"name":"$(\"open\") https://wwwqa.ventanillaunica.gob.mx/ventanilla-HA/authentication.action?showLogin=%22;","status":"passed","stage":"finished","steps":[{"name":"$(\"webdriver\") create()","status":"passed","stage":"finished","steps":[],"attachments":[],"parameters":[],"start":1745366344712,"stop":1745366350255}],"attachments":[],"parameters":[],"start":1745366344701,"stop":1745366366647},{"name":"$(\"By.xpath: //*[@id='certificate']\") set value(C:\\VucemAuto\\automations\\src\\test\\resources\\CredSoli\\aal0409235e6.cer)","status":"passed","stage":"finished","steps":[],"attachments":[],"parameters":[],"start":1745366366656,"stop":1745366367058},{"name":"$(\"By.xpath: //*[@id='privateKey']\") set value(C:\\VucemAuto\\automations\\src\\test\\resources\\CredSoli\\AAL0409235E6_1012231310.key)","status":"passed","stage":"finished","steps":[],"attachments":[],"parameters":[],"start":1745366367058,"stop":1745366367216},{"name":"$(\"By.xpath: //*[@id='privateKeyPassword']\") set value(delfin40)","status":"passed","stage":"finished","steps":[],"attachments":[],"parameters":[],"start":1745366367217,"stop":1745366367432},{"name":"$(\"By.xpath: /html/body/div[2]/form/div[1]/div/div[2]/div/div[4]/div/button[2]\") click()","status":"passed","stage":"finished","steps":[],"attachments":[],"parameters":[],"start":1745366367434,"stop":1745366367598},{"name":"$(\"By.xpath: //*[@id='claveRol']\") send keys(Persona Moral)","status":"passed","stage":"finished","steps":[],"attachments":[],"parameters":[],"start":1745366367598,"stop":1745366370080},{"name":"$(\"By.xpath: //button[@name='ingresar']\") click()","status":"passed","stage":"finished","steps":[],"attachments":[],"parameters":[],"start":1745366370080,"stop":1745366371217},{"name":"$(\"By.xpath: //*[@id='Trámites']\") send keys(Solicitudes nuevas)","status":"passed","stage":"finished","steps":[],"attachments":[],"parameters":[],"start":1745366371217,"stop":1745366374657},{"name":"$(\"By.xpath: /html/body/main/div/div[2]/div[1]/div[1]/div/nav/div/div[2]/ul/li[5]/ul/li[3]/a\") click()","status":"passed","stage":"finished","steps":[],"attachments":[],"parameters":[],"start":1745366374657,"stop":1745366375156},{"name":"$(\"By.xpath: //img[contains(@alt, 'Economía')]\") click()","status":"passed","stage":"finished","steps":[],"attachments":[],"parameters":[],"start":1745366375156,"stop":1745366376287},{"name":"$(\"By.xpath: /html/body/main/div/div[3]/div/div[6]/ul/li[9]/a\") click()","status":"passed","stage":"finished","steps":[],"attachments":[],"parameters":[],"start":1745366376288,"stop":1745366377480},{"name":"$(\"By.xpath: /html/body/main/div/div[3]/div/div[6]/ul/li[9]/ul/li[1]/a\") click()","status":"passed","stage":"finished","steps":[],"attachments":[],"parameters":[],"start":1745366377480,"stop":1745366377622},{"name":"$(\"By.xpath: /html/body/main/div/div[3]/div/div[6]/ul/li[9]/ul/li[1]/ul/li[1]/a\") click()","status":"passed","stage":"finished","steps":[],"attachments":[],"parameters":[],"start":1745366377623,"stop":1745366393981},{"name":"$(\"By.xpath: //*[@id=\"logoHeader\"]\") scroll into view(true)","status":"passed","stage":"finished","steps":[],"attachments":[],"parameters":[],"start":1745366396485,"stop":1745366396527},{"name":"$(\"By.xpath: /html/body/main/div/div[4]/div/form/div[2]/ul/li[2]/a/label\") click()","status":"passed","stage":"finished","steps":[],"attachments":[],"parameters":[],"start":1745366396528,"stop":1745366396686},{"name":"$(\"By.xpath: /html/body/main/div/div[4]/div/form/div[2]/div/div[2]/div/ul/li[1]/a/label\") click()","status":"passed","stage":"finished","steps":[],"attachments":[],"parameters":[],"start":1745366396686,"stop":1745366396815},{"name":"$(\"By.xpath: //*[@id='PRUEBAS_PERIODICAS_AL_PRODUCTO']\") click()","status":"passed","stage":"finished","steps":[],"attachments":[],"parameters":[],"start":1745366396815,"stop":1745366396996},{"name":"$(\"By.xpath: //*[@id='clasificacionNorma']\") send keys(Instrumentos de Medición)","status":"passed","stage":"finished","steps":[],"attachments":[],"parameters":[],"start":1745366396997,"stop":1745366397290},{"name":"$(\"By.xpath: //*[@id='normaAplicable']\") send keys(NOM-005-SCFI-2011)","status":"passed","stage":"finished","steps":[],"attachments":[],"parameters":[],"start":1745366397291,"stop":1745366397630},{"name":"$(\"By.xpath: //*[@id='TIUAD.DA']\") click()","status":"passed","stage":"finished","steps":[],"attachments":[],"parameters":[],"start":1745366397631,"stop":1745366397760},{"name":"$(\"By.xpath: //input[@value='NACIONAL']\") click()","status":"passed","stage":"finished","steps":[],"attachments":[],"parameters":[],"start":1745366397760,"stop":1745366397910},{"name":"$(\"By.xpath: //*[@id=\"logoHeader\"]\") scroll into view(true)","status":"passed","stage":"finished","steps":[],"attachments":[],"parameters":[],"start":1745366399912,"stop":1745366399948},{"name":"$(\"By.xpath: /html/body/main/div/div[4]/div/form/div[2]/div/div[2]/div/ul/li[2]/a/label\") click()","status":"passed","stage":"finished","steps":[],"attachments":[],"parameters":[],"start":1745366399949,"stop":1745366400095},{"name":"$(\"By.xpath: //input[@name='solicitud.categoriaProducto' and @value='NUEVO']\n\") click()","status":"passed","stage":"finished","steps":[],"attachments":[],"parameters":[],"start":1745366400095,"stop":1745366400227},{"name":"$(\"By.xpath: //*[@id='solicitud.descripcionOtroTipoDePropietarioAeronave']\") send keys(PRODUCTO DE PRUEBA)","status":"passed","stage":"finished","steps":[],"attachments":[],"parameters":[],"start":1745366400227,"stop":1745366400399},{"name":"$(\"By.xpath: //*[@id=\"TICP.CFP\"]\n\") click()","status":"passed","stage":"finished","steps":[],"attachments":[],"parameters":[],"start":1745366404228,"stop":1745366404729},{"name":"$(\"By.xpath: //*[@id=\"TICP.CFP\"]\n\") click()","status":"failed","statusDetails":{"known":false,"muted":false,"flaky":false,"message":"Invalid element state [By.xpath: //*[@id=\"TICP.CFP\"]\n]: element click intercepted: Element <input id=\"TICP.CFP\" name=\"solicitud.tipoCertificadoProducto\" value=\"CERTIFICACION_PRODUCTO\" onclick=\"javascript: muestraDatosProducto('CERTIFICACION_PRODUCTO');\r\nScreenshot: file:/C:/VucemAuto/automations/build/reports/tests/1745366480387.0.png\r\nPage source: file:/C:/VucemAuto/automations/build/reports/tests/1745366480387.0.html\r\nTimeout: 4 s.\r\nCaused by: ElementClickInterceptedException: element click intercepted: Element <input id=\"TICP.CFP\" name=\"solicitud.tipoCertificadoProducto\" value=\"CERTIFICACION_PRODUCTO\" onclick=\"javascript: muestraDatosProducto('CERTIFICACION_PRODUCTO');","trace":"Invalid element state [By.xpath: //*[@id=\"TICP.CFP\"]\n]: element click intercepted: Element <input id=\"TICP.CFP\" name=\"solicitud.tipoCertificadoProducto\" value=\"CERTIFICACION_PRODUCTO\" onclick=\"javascript: muestraDatosProducto('CERTIFICACION_PRODUCTO');\r\nScreenshot: file:/C:/VucemAuto/automations/build/reports/tests/1745366480387.0.png\r\nPage source: file:/C:/VucemAuto/automations/build/reports/tests/1745366480387.0.html\r\nTimeout: 4 s.\r\nCaused by: ElementClickInterceptedException: element click intercepted: Element <input id=\"TICP.CFP\" name=\"solicitud.tipoCertificadoProducto\" value=\"CERTIFICACION_PRODUCTO\" onclick=\"javascript: muestraDatosProducto('CERTIFICACION_PRODUCTO');\r\n\tat com.codeborne.selenide.impl.ExceptionWrapper.wrap(ExceptionWrapper.java:26)\r\n\tat com.codeborne.selenide.impl.SelenideElementProxy.dispatchAndRetry(SelenideElementProxy.java:156)\r\n\tat com.codeborne.selenide.impl.SelenideElementProxy.invoke(SelenideElementProxy.java:86)\r\n\tat jdk.proxy2/jdk.proxy2.$Proxy10.click(Unknown Source)\r\n\tat Economia.Tramite190101.MainPage190101Test.lambda$Proceso190101$0(MainPage190101Test.java:215)\r\n\tat Economia.Tramite190101.MainPage190101Test.ejecutarProcesoNRunnable(MainPage190101Test.java:337)\r\n\tat Economia.Tramite190101.MainPage190101Test.Proceso190101(MainPage190101Test.java:129)\r\n\tat java.base/jdk.internal.reflect.DirectMethodHandleAccessor.invoke(DirectMethodHandleAccessor.java:104)\r\n\tat java.base/java.lang.reflect.Method.invoke(Method.java:565)\r\n\tat org.junit.platform.commons.util.ReflectionUtils.invokeMethod(ReflectionUtils.java:728)\r\n\tat org.junit.jupiter.engine.execution.MethodInvocation.proceed(MethodInvocation.java:60)\r\n\tat org.junit.jupiter.engine.execution.InvocationInterceptorChain$ValidatingInvocation.proceed(InvocationInterceptorChain.java:131)\r\n\tat org.junit.jupiter.engine.extension.TimeoutExtension.intercept(TimeoutExtension.java:156)\r\n\tat org.junit.jupiter.engine.extension.TimeoutExtension.interceptTestableMethod(TimeoutExtension.java:147)\r\n\tat org.junit.jupiter.engine.extension.TimeoutExtension.interceptTestMethod(TimeoutExtension.java:86)\r\n\tat org.junit.jupiter.engine.execution.InterceptingExecutableInvoker$ReflectiveInterceptorCall.lambda$ofVoidMethod$0(InterceptingExecutableInvoker.java:103)\r\n\tat org.junit.jupiter.engine.execution.InterceptingExecutableInvoker.lambda$invoke$0(InterceptingExecutableInvoker.java:93)\r\n\tat org.junit.jupiter.engine.execution.InvocationInterceptorChain$InterceptedInvocation.proceed(InvocationInterceptorChain.java:106)\r\n\tat org.junit.jupiter.engine.execution.InvocationInterceptorChain.proceed(InvocationInterceptorChain.java:64)\r\n\tat org.junit.jupiter.engine.execution.InvocationInterceptorChain.chainAndInvoke(InvocationInterceptorChain.java:45)\r\n\tat org.junit.jupiter.engine.execution.InvocationInterceptorChain.invoke(InvocationInterceptorChain.java:37)\r\n\tat org.junit.jupiter.engine.execution.InterceptingExecutableInvoker.invoke(InterceptingExecutableInvoker.java:92)\r\n\tat org.junit.jupiter.engine.execution.InterceptingExecutableInvoker.invoke(InterceptingExecutableInvoker.java:86)\r\n\tat org.junit.jupiter.engine.descriptor.TestMethodTestDescriptor.lambda$invokeTestMethod$7(TestMethodTestDescriptor.java:218)\r\n\tat org.junit.platform.engine.support.hierarchical.ThrowableCollector.execute(ThrowableCollector.java:73)\r\n\tat org.junit.jupiter.engine.descriptor.TestMethodTestDescriptor.invokeTestMethod(TestMethodTestDescriptor.java:214)\r\n\tat org.junit.jupiter.engine.descriptor.TestMethodTestDescriptor.execute(TestMethodTestDescriptor.java:139)\r\n\tat org.junit.jupiter.engine.descriptor.TestMethodTestDescriptor.execute(TestMethodTestDescriptor.java:69)\r\n\tat org.junit.platform.engine.support.hierarchical.NodeTestTask.lambda$executeRecursively$6(NodeTestTask.java:151)\r\n\tat org.junit.platform.engine.support.hierarchical.ThrowableCollector.execute(ThrowableCollector.java:73)\r\n\tat org.junit.platform.engine.support.hierarchical.NodeTestTask.lambda$executeRecursively$8(NodeTestTask.java:141)\r\n\tat org.junit.platform.engine.support.hierarchical.Node.around(Node.java:137)\r\n\tat org.junit.platform.engine.support.hierarchical.NodeTestTask.lambda$executeRecursively$9(NodeTestTask.java:139)\r\n\tat org.junit.platform.engine.support.hierarchical.ThrowableCollector.execute(ThrowableCollector.java:73)\r\n\tat org.junit.platform.engine.support.hierarchical.NodeTestTask.executeRecursively(NodeTestTask.java:138)\r\n\tat org.junit.platform.engine.support.hierarchical.NodeTestTask.execute(NodeTestTask.java:95)\r\n\tat java.base/java.util.ArrayList.forEach(ArrayList.java:1604)\r\n\tat org.junit.platform.engine.support.hierarchical.SameThreadHierarchicalTestExecutorService.invokeAll(SameThreadHierarchicalTestExecutorService.java:41)\r\n\tat org.junit.platform.engine.support.hierarchical.NodeTestTask.lambda$executeRecursively$6(NodeTestTask.java:155)\r\n\tat org.junit.platform.engine.support.hierarchical.ThrowableCollector.execute(ThrowableCollector.java:73)\r\n\tat org.junit.platform.engine.support.hierarchical.NodeTestTask.lambda$executeRecursively$8(NodeTestTask.java:141)\r\n\tat org.junit.platform.engine.support.hierarchical.Node.around(Node.java:137)\r\n\tat org.junit.platform.engine.support.hierarchical.NodeTestTask.lambda$executeRecursively$9(NodeTestTask.java:139)\r\n\tat org.junit.platform.engine.support.hierarchical.ThrowableCollector.execute(ThrowableCollector.java:73)\r\n\tat org.junit.platform.engine.support.hierarchical.NodeTestTask.executeRecursively(NodeTestTask.java:138)\r\n\tat org.junit.platform.engine.support.hierarchical.NodeTestTask.execute(NodeTestTask.java:95)\r\n\tat java.base/java.util.ArrayList.forEach(ArrayList.java:1604)\r\n\tat org.junit.platform.engine.support.hierarchical.SameThreadHierarchicalTestExecutorService.invokeAll(SameThreadHierarchicalTestExecutorService.java:41)\r\n\tat org.junit.platform.engine.support.hierarchical.NodeTestTask.lambda$executeRecursively$6(NodeTestTask.java:155)\r\n\tat org.junit.platform.engine.support.hierarchical.ThrowableCollector.execute(ThrowableCollector.java:73)\r\n\tat org.junit.platform.engine.support.hierarchical.NodeTestTask.lambda$executeRecursively$8(NodeTestTask.java:141)\r\n\tat org.junit.platform.engine.support.hierarchical.Node.around(Node.java:137)\r\n\tat org.junit.platform.engine.support.hierarchical.NodeTestTask.lambda$executeRecursively$9(NodeTestTask.java:139)\r\n\tat org.junit.platform.engine.support.hierarchical.ThrowableCollector.execute(ThrowableCollector.java:73)\r\n\tat org.junit.platform.engine.support.hierarchical.NodeTestTask.executeRecursively(NodeTestTask.java:138)\r\n\tat org.junit.platform.engine.support.hierarchical.NodeTestTask.execute(NodeTestTask.java:95)\r\n\tat org.junit.platform.engine.support.hierarchical.SameThreadHierarchicalTestExecutorService.submit(SameThreadHierarchicalTestExecutorService.java:35)\r\n\tat org.junit.platform.engine.support.hierarchical.HierarchicalTestExecutor.execute(HierarchicalTestExecutor.java:57)\r\n\tat org.junit.platform.engine.support.hierarchical.HierarchicalTestEngine.execute(HierarchicalTestEngine.java:54)\r\n\tat org.junit.platform.launcher.core.EngineExecutionOrchestrator.execute(EngineExecutionOrchestrator.java:147)\r\n\tat org.junit.platform.launcher.core.EngineExecutionOrchestrator.execute(EngineExecutionOrchestrator.java:127)\r\n\tat org.junit.platform.launcher.core.EngineExecutionOrchestrator.execute(EngineExecutionOrchestrator.java:90)\r\n\tat org.junit.platform.launcher.core.EngineExecutionOrchestrator.lambda$execute$0(EngineExecutionOrchestrator.java:55)\r\n\tat org.junit.platform.launcher.core.EngineExecutionOrchestrator.withInterceptedStreams(EngineExecutionOrchestrator.java:102)\r\n\tat org.junit.platform.launcher.core.EngineExecutionOrchestrator.execute(EngineExecutionOrchestrator.java:54)\r\n\tat org.junit.platform.launcher.core.DefaultLauncher.execute(DefaultLauncher.java:114)\r\n\tat org.junit.platform.launcher.core.DefaultLauncher.execute(DefaultLauncher.java:86)\r\n\tat org.junit.platform.launcher.core.DefaultLauncherSession$DelegatingLauncher.execute(DefaultLauncherSession.java:86)\r\n\tat org.junit.platform.launcher.core.SessionPerRequestLauncher.execute(SessionPerRequestLauncher.java:53)\r\n\tat com.intellij.junit5.JUnit5IdeaTestRunner.startRunnerWithArgs(JUnit5IdeaTestRunner.java:57)\r\n\tat com.intellij.rt.junit.IdeaTestRunner$Repeater$1.execute(IdeaTestRunner.java:38)\r\n\tat com.intellij.rt.execution.junit.TestsRepeater.repeat(TestsRepeater.java:11)\r\n\tat com.intellij.rt.junit.IdeaTestRunner$Repeater.startRunnerWithArgs(IdeaTestRunner.java:35)\r\n\tat com.intellij.rt.junit.JUnitStarter.prepareStreamsAndStart(JUnitStarter.java:232)\r\n\tat com.intellij.rt.junit.JUnitStarter.main(JUnitStarter.java:55)\r\nCaused by: org.openqa.selenium.ElementClickInterceptedException: element click intercepted: Element <input id=\"TICP.CFP\" name=\"solicitud.tipoCertificadoProducto\" value=\"CERTIFICACION_PRODUCTO\" onclick=\"javascript: muestraDatosProducto('CERTIFICACION_PRODUCTO');\n\t\t\t\t\t\t\tmostrarMensajeModalidadSiete(); \n\t\t\t\t\t\t\tcambiaBanderaMensaje();\" type=\"radio\" class=\"required\"> is not clickable at point (138, 437). Other element would receive the click: <div class=\"ui-widget-overlay ui-front\" style=\"z-index: 100;\"></div>\n  (Session info: chrome=135.0.7049.96)\nBuild info: version: '4.19.1', revision: 'abe0ee07dc'\nSystem info: os.name: 'Windows 11', os.arch: 'amd64', os.version: '10.0', java.version: '24'\nDriver info: org.openqa.selenium.chrome.ChromeDriver\nCommand: [b3e129fb77567c22de15e1a98ead51c7, clickElement {id=f.1AAE1A6570618A3D10CDA2562BA49166.d.E4B0C3466802E1371501014694819E70.e.356}]\nCapabilities {acceptInsecureCerts: true, browserName: chrome, browserVersion: 135.0.7049.96, chrome: {chromedriverVersion: 135.0.7049.97 (b41307079c9b..., userDataDir: C:\\Users\\JCARLO~1\\AppData\\L...}, fedcm:accounts: true, goog:chromeOptions: {debuggerAddress: localhost:64541}, networkConnectionEnabled: false, pageLoadStrategy: normal, platformName: windows, proxy: Proxy(), se:cdp: ws://localhost:64541/devtoo..., se:cdpVersion: 135.0.7049.96, setWindowRect: true, strictFileInteractability: false, timeouts: {implicit: 0, pageLoad: 300000, script: 30000}, unhandledPromptBehavior: accept, webauthn:extension:credBlob: true, webauthn:extension:largeBlob: true, webauthn:extension:minPinLength: true, webauthn:extension:prf: true, webauthn:virtualAuthenticators: true}\nElement: [[ChromeDriver: chrome on windows (b3e129fb77567c22de15e1a98ead51c7)] -> xpath: //*[@id=\"TICP.CFP\"]\n]\nSession ID: b3e129fb77567c22de15e1a98ead51c7\r\n\tat java.base/jdk.internal.reflect.DirectConstructorHandleAccessor.newInstance(DirectConstructorHandleAccessor.java:62)\r\n\tat java.base/java.lang.reflect.Constructor.newInstanceWithCaller(Constructor.java:499)\r\n\tat java.base/java.lang.reflect.Constructor.newInstance(Constructor.java:483)\r\n\tat org.openqa.selenium.remote.ErrorCodec.decode(ErrorCodec.java:167)\r\n\tat org.openqa.selenium.remote.codec.w3c.W3CHttpResponseCodec.decode(W3CHttpResponseCodec.java:138)\r\n\tat org.openqa.selenium.remote.codec.w3c.W3CHttpResponseCodec.decode(W3CHttpResponseCodec.java:50)\r\n\tat org.openqa.selenium.remote.HttpCommandExecutor.execute(HttpCommandExecutor.java:190)\r\n\tat org.openqa.selenium.remote.service.DriverCommandExecutor.invokeExecute(DriverCommandExecutor.java:216)\r\n\tat org.openqa.selenium.remote.service.DriverCommandExecutor.execute(DriverCommandExecutor.java:174)\r\n\tat org.openqa.selenium.remote.RemoteWebDriver.execute(RemoteWebDriver.java:518)\r\n\tat org.openqa.selenium.remote.RemoteWebElement.execute(RemoteWebElement.java:223)\r\n\tat org.openqa.selenium.remote.RemoteWebElement.click(RemoteWebElement.java:76)\r\n\tat com.codeborne.selenide.commands.Click.defaultClick(Click.java:106)\r\n\tat com.codeborne.selenide.commands.Click.doClick(Click.java:83)\r\n\tat com.codeborne.selenide.commands.Click.click(Click.java:59)\r\n\tat com.codeborne.selenide.commands.Click.execute(Click.java:34)\r\n\tat com.codeborne.selenide.commands.Click.execute(Click.java:26)\r\n\tat com.codeborne.selenide.commands.Commands.execute(Commands.java:162)\r\n\tat com.codeborne.selenide.impl.SelenideElementProxy.dispatchAndRetry(SelenideElementProxy.java:134)\r\n\t... 73 more\r\n"},"stage":"finished","steps":[],"attachments":[{"name":"Screenshot","source":"2fba3eba-2df9-4ca8-aacd-572f95a8e500-attachment.png","type":"image/png"},{"name":"Page source","source":"9bb99899-439f-46d8-9a6a-df362432db08-attachment.html","type":"text/html"}],"parameters":[],"start":1745366476124,"stop":1745366487056}],"attachments":[],"parameters":[],"start":1745366342193,"stop":1745366487449}