{"uuid":"a0d05e0f-8863-4ee3-8f18-559a5395b3f0","historyId":"80258fc6606c9c08106acf21781e762f","testCaseId":"[engine:junit-jupiter]/[class:HACIENDA.TramiteB4.MainPageB4Test]/[method:Procesob4()]","testCaseName":"Procesob4()","fullName":"HACIENDA.TramiteB4.MainPageB4Test.Procesob4","labels":[{"name":"junit.platform.uniqueid","value":"[engine:junit-jupiter]/[class:HACIENDA.TramiteB4.MainPageB4Test]/[method:Procesob4()]"},{"name":"host","value":"EquipoUltrasist"},{"name":"thread","value":"8056@EquipoUltrasist.main(1)"},{"name":"framework","value":"junit-platform"},{"name":"language","value":"java"},{"name":"package","value":"HACIENDA.TramiteB4.MainPageB4Test"},{"name":"testClass","value":"HACIENDA.TramiteB4.MainPageB4Test"},{"name":"testMethod","value":"Procesob4"},{"name":"suite","value":"HACIENDA.TramiteB4.MainPageB4Test"}],"links":[],"name":"Procesob4()","status":"failed","statusDetails":{"known":false,"muted":false,"flaky":false,"message":"Invalid element state [By.xpath: //*[@id='btnCerrar']]: element click intercepted: Element <input id=\"btnCerrar\" name=\"Cerrar\" value=\"Cerrar\" onclick=\"javascript: cerrarDoc();\" class=\"btn btn-default\" type=\"button\"> is not clickable at point (1331, 861). Other element would receive the click: <div class=\"ui-widget-overlay ui-front\" style=\"z-index: 100;\"></div>\r\nScreenshot: file:/C:/VucemAuto/automations/build/reports/tests/1742855234462.0.png\r\nPage source: file:/C:/VucemAuto/automations/build/reports/tests/1742855234462.0.html\r\nTimeout: 4 s.\r\nCaused by: ElementClickInterceptedException: element click intercepted: Element <input id=\"btnCerrar\" name=\"Cerrar\" value=\"Cerrar\" onclick=\"javascript: cerrarDoc();\" class=\"btn btn-default\" type=\"button\"> is not clickable at point (1331, 861). Other element would receive the click: <div class=\"ui-widget-overlay ui-front\" style=\"z-index: 100;\"></div>","trace":"Invalid element state [By.xpath: //*[@id='btnCerrar']]: element click intercepted: Element <input id=\"btnCerrar\" name=\"Cerrar\" value=\"Cerrar\" onclick=\"javascript: cerrarDoc();\" class=\"btn btn-default\" type=\"button\"> is not clickable at point (1331, 861). Other element would receive the click: <div class=\"ui-widget-overlay ui-front\" style=\"z-index: 100;\"></div>\r\nScreenshot: file:/C:/VucemAuto/automations/build/reports/tests/1742855234462.0.png\r\nPage source: file:/C:/VucemAuto/automations/build/reports/tests/1742855234462.0.html\r\nTimeout: 4 s.\r\nCaused by: ElementClickInterceptedException: element click intercepted: Element <input id=\"btnCerrar\" name=\"Cerrar\" value=\"Cerrar\" onclick=\"javascript: cerrarDoc();\" class=\"btn btn-default\" type=\"button\"> is not clickable at point (1331, 861). Other element would receive the click: <div class=\"ui-widget-overlay ui-front\" style=\"z-index: 100;\"></div>\r\n\tat com.codeborne.selenide.impl.ExceptionWrapper.wrap(ExceptionWrapper.java:26)\r\n\tat com.codeborne.selenide.impl.SelenideElementProxy.dispatchAndRetry(SelenideElementProxy.java:156)\r\n\tat com.codeborne.selenide.impl.SelenideElementProxy.invoke(SelenideElementProxy.java:86)\r\n\tat jdk.proxy2/jdk.proxy2.$Proxy10.click(Unknown Source)\r\n\tat HACIENDA.TramiteB4.MainPageB4Test.lambda$Procesob4$0(MainPageB4Test.java:106)\r\n\tat HACIENDA.TramiteB4.MainPageB4Test.ejecutarProcesoNRunnable(MainPageB4Test.java:129)\r\n\tat HACIENDA.TramiteB4.MainPageB4Test.Procesob4(MainPageB4Test.java:55)\r\n\tat java.base/jdk.internal.reflect.DirectMethodHandleAccessor.invoke(DirectMethodHandleAccessor.java:103)\r\n\tat java.base/java.lang.reflect.Method.invoke(Method.java:580)\r\n\tat org.junit.platform.commons.util.ReflectionUtils.invokeMethod(ReflectionUtils.java:728)\r\n\tat org.junit.jupiter.engine.execution.MethodInvocation.proceed(MethodInvocation.java:60)\r\n\tat org.junit.jupiter.engine.execution.InvocationInterceptorChain$ValidatingInvocation.proceed(InvocationInterceptorChain.java:131)\r\n\tat org.junit.jupiter.engine.extension.TimeoutExtension.intercept(TimeoutExtension.java:156)\r\n\tat org.junit.jupiter.engine.extension.TimeoutExtension.interceptTestableMethod(TimeoutExtension.java:147)\r\n\tat org.junit.jupiter.engine.extension.TimeoutExtension.interceptTestMethod(TimeoutExtension.java:86)\r\n\tat org.junit.jupiter.engine.execution.InterceptingExecutableInvoker$ReflectiveInterceptorCall.lambda$ofVoidMethod$0(InterceptingExecutableInvoker.java:103)\r\n\tat org.junit.jupiter.engine.execution.InterceptingExecutableInvoker.lambda$invoke$0(InterceptingExecutableInvoker.java:93)\r\n\tat org.junit.jupiter.engine.execution.InvocationInterceptorChain$InterceptedInvocation.proceed(InvocationInterceptorChain.java:106)\r\n\tat org.junit.jupiter.engine.execution.InvocationInterceptorChain.proceed(InvocationInterceptorChain.java:64)\r\n\tat org.junit.jupiter.engine.execution.InvocationInterceptorChain.chainAndInvoke(InvocationInterceptorChain.java:45)\r\n\tat org.junit.jupiter.engine.execution.InvocationInterceptorChain.invoke(InvocationInterceptorChain.java:37)\r\n\tat org.junit.jupiter.engine.execution.InterceptingExecutableInvoker.invoke(InterceptingExecutableInvoker.java:92)\r\n\tat org.junit.jupiter.engine.execution.InterceptingExecutableInvoker.invoke(InterceptingExecutableInvoker.java:86)\r\n\tat org.junit.jupiter.engine.descriptor.TestMethodTestDescriptor.lambda$invokeTestMethod$7(TestMethodTestDescriptor.java:218)\r\n\tat org.junit.platform.engine.support.hierarchical.ThrowableCollector.execute(ThrowableCollector.java:73)\r\n\tat org.junit.jupiter.engine.descriptor.TestMethodTestDescriptor.invokeTestMethod(TestMethodTestDescriptor.java:214)\r\n\tat org.junit.jupiter.engine.descriptor.TestMethodTestDescriptor.execute(TestMethodTestDescriptor.java:139)\r\n\tat org.junit.jupiter.engine.descriptor.TestMethodTestDescriptor.execute(TestMethodTestDescriptor.java:69)\r\n\tat org.junit.platform.engine.support.hierarchical.NodeTestTask.lambda$executeRecursively$6(NodeTestTask.java:151)\r\n\tat org.junit.platform.engine.support.hierarchical.ThrowableCollector.execute(ThrowableCollector.java:73)\r\n\tat org.junit.platform.engine.support.hierarchical.NodeTestTask.lambda$executeRecursively$8(NodeTestTask.java:141)\r\n\tat org.junit.platform.engine.support.hierarchical.Node.around(Node.java:137)\r\n\tat org.junit.platform.engine.support.hierarchical.NodeTestTask.lambda$executeRecursively$9(NodeTestTask.java:139)\r\n\tat org.junit.platform.engine.support.hierarchical.ThrowableCollector.execute(ThrowableCollector.java:73)\r\n\tat org.junit.platform.engine.support.hierarchical.NodeTestTask.executeRecursively(NodeTestTask.java:138)\r\n\tat org.junit.platform.engine.support.hierarchical.NodeTestTask.execute(NodeTestTask.java:95)\r\n\tat java.base/java.util.ArrayList.forEach(ArrayList.java:1597)\r\n\tat org.junit.platform.engine.support.hierarchical.SameThreadHierarchicalTestExecutorService.invokeAll(SameThreadHierarchicalTestExecutorService.java:41)\r\n\tat org.junit.platform.engine.support.hierarchical.NodeTestTask.lambda$executeRecursively$6(NodeTestTask.java:155)\r\n\tat org.junit.platform.engine.support.hierarchical.ThrowableCollector.execute(ThrowableCollector.java:73)\r\n\tat org.junit.platform.engine.support.hierarchical.NodeTestTask.lambda$executeRecursively$8(NodeTestTask.java:141)\r\n\tat org.junit.platform.engine.support.hierarchical.Node.around(Node.java:137)\r\n\tat org.junit.platform.engine.support.hierarchical.NodeTestTask.lambda$executeRecursively$9(NodeTestTask.java:139)\r\n\tat org.junit.platform.engine.support.hierarchical.ThrowableCollector.execute(ThrowableCollector.java:73)\r\n\tat org.junit.platform.engine.support.hierarchical.NodeTestTask.executeRecursively(NodeTestTask.java:138)\r\n\tat org.junit.platform.engine.support.hierarchical.NodeTestTask.execute(NodeTestTask.java:95)\r\n\tat java.base/java.util.ArrayList.forEach(ArrayList.java:1597)\r\n\tat org.junit.platform.engine.support.hierarchical.SameThreadHierarchicalTestExecutorService.invokeAll(SameThreadHierarchicalTestExecutorService.java:41)\r\n\tat org.junit.platform.engine.support.hierarchical.NodeTestTask.lambda$executeRecursively$6(NodeTestTask.java:155)\r\n\tat org.junit.platform.engine.support.hierarchical.ThrowableCollector.execute(ThrowableCollector.java:73)\r\n\tat org.junit.platform.engine.support.hierarchical.NodeTestTask.lambda$executeRecursively$8(NodeTestTask.java:141)\r\n\tat org.junit.platform.engine.support.hierarchical.Node.around(Node.java:137)\r\n\tat org.junit.platform.engine.support.hierarchical.NodeTestTask.lambda$executeRecursively$9(NodeTestTask.java:139)\r\n\tat org.junit.platform.engine.support.hierarchical.ThrowableCollector.execute(ThrowableCollector.java:73)\r\n\tat org.junit.platform.engine.support.hierarchical.NodeTestTask.executeRecursively(NodeTestTask.java:138)\r\n\tat org.junit.platform.engine.support.hierarchical.NodeTestTask.execute(NodeTestTask.java:95)\r\n\tat org.junit.platform.engine.support.hierarchical.SameThreadHierarchicalTestExecutorService.submit(SameThreadHierarchicalTestExecutorService.java:35)\r\n\tat org.junit.platform.engine.support.hierarchical.HierarchicalTestExecutor.execute(HierarchicalTestExecutor.java:57)\r\n\tat org.junit.platform.engine.support.hierarchical.HierarchicalTestEngine.execute(HierarchicalTestEngine.java:54)\r\n\tat org.junit.platform.launcher.core.EngineExecutionOrchestrator.execute(EngineExecutionOrchestrator.java:147)\r\n\tat org.junit.platform.launcher.core.EngineExecutionOrchestrator.execute(EngineExecutionOrchestrator.java:127)\r\n\tat org.junit.platform.launcher.core.EngineExecutionOrchestrator.execute(EngineExecutionOrchestrator.java:90)\r\n\tat org.junit.platform.launcher.core.EngineExecutionOrchestrator.lambda$execute$0(EngineExecutionOrchestrator.java:55)\r\n\tat org.junit.platform.launcher.core.EngineExecutionOrchestrator.withInterceptedStreams(EngineExecutionOrchestrator.java:102)\r\n\tat org.junit.platform.launcher.core.EngineExecutionOrchestrator.execute(EngineExecutionOrchestrator.java:54)\r\n\tat org.junit.platform.launcher.core.DefaultLauncher.execute(DefaultLauncher.java:114)\r\n\tat org.junit.platform.launcher.core.DefaultLauncher.execute(DefaultLauncher.java:86)\r\n\tat org.junit.platform.launcher.core.DefaultLauncherSession$DelegatingLauncher.execute(DefaultLauncherSession.java:86)\r\n\tat org.junit.platform.launcher.core.SessionPerRequestLauncher.execute(SessionPerRequestLauncher.java:53)\r\n\tat com.intellij.junit5.JUnit5IdeaTestRunner.startRunnerWithArgs(JUnit5IdeaTestRunner.java:57)\r\n\tat com.intellij.rt.junit.IdeaTestRunner$Repeater$1.execute(IdeaTestRunner.java:38)\r\n\tat com.intellij.rt.execution.junit.TestsRepeater.repeat(TestsRepeater.java:11)\r\n\tat com.intellij.rt.junit.IdeaTestRunner$Repeater.startRunnerWithArgs(IdeaTestRunner.java:35)\r\n\tat com.intellij.rt.junit.JUnitStarter.prepareStreamsAndStart(JUnitStarter.java:232)\r\n\tat com.intellij.rt.junit.JUnitStarter.main(JUnitStarter.java:55)\r\nCaused by: org.openqa.selenium.ElementClickInterceptedException: element click intercepted: Element <input id=\"btnCerrar\" name=\"Cerrar\" value=\"Cerrar\" onclick=\"javascript: cerrarDoc();\" class=\"btn btn-default\" type=\"button\"> is not clickable at point (1331, 861). Other element would receive the click: <div class=\"ui-widget-overlay ui-front\" style=\"z-index: 100;\"></div>\n  (Session info: chrome=134.0.6998.118)\nBuild info: version: '4.19.1', revision: 'abe0ee07dc'\nSystem info: os.name: 'Windows 11', os.arch: 'amd64', os.version: '10.0', java.version: '22.0.2'\nDriver info: org.openqa.selenium.chrome.ChromeDriver\nCommand: [0ffbedf8fa98cac2cdcbd7a7419b7a04, clickElement {id=f.0B33BADD73F302E911000C4B86BD81A7.d.7A6650C3C3D8ADE4EA7E56802A515B45.e.535}]\nCapabilities {acceptInsecureCerts: true, browserName: chrome, browserVersion: 134.0.6998.118, chrome: {chromedriverVersion: 134.0.6998.165 (fd886e2cb29..., userDataDir: C:\\Users\\JOSSUE~1\\AppData\\L...}, fedcm:accounts: true, goog:chromeOptions: {debuggerAddress: localhost:51032}, networkConnectionEnabled: false, pageLoadStrategy: normal, platformName: windows, proxy: Proxy(), se:cdp: ws://localhost:51032/devtoo..., se:cdpVersion: 134.0.6998.118, setWindowRect: true, strictFileInteractability: false, timeouts: {implicit: 0, pageLoad: 300000, script: 30000}, unhandledPromptBehavior: accept, webauthn:extension:credBlob: true, webauthn:extension:largeBlob: true, webauthn:extension:minPinLength: true, webauthn:extension:prf: true, webauthn:virtualAuthenticators: true}\nElement: [[ChromeDriver: chrome on windows (0ffbedf8fa98cac2cdcbd7a7419b7a04)] -> xpath: //*[@id='btnCerrar']]\nSession ID: 0ffbedf8fa98cac2cdcbd7a7419b7a04\r\n\tat java.base/jdk.internal.reflect.DirectConstructorHandleAccessor.newInstance(DirectConstructorHandleAccessor.java:62)\r\n\tat java.base/java.lang.reflect.Constructor.newInstanceWithCaller(Constructor.java:502)\r\n\tat java.base/java.lang.reflect.Constructor.newInstance(Constructor.java:486)\r\n\tat org.openqa.selenium.remote.ErrorCodec.decode(ErrorCodec.java:167)\r\n\tat org.openqa.selenium.remote.codec.w3c.W3CHttpResponseCodec.decode(W3CHttpResponseCodec.java:138)\r\n\tat org.openqa.selenium.remote.codec.w3c.W3CHttpResponseCodec.decode(W3CHttpResponseCodec.java:50)\r\n\tat org.openqa.selenium.remote.HttpCommandExecutor.execute(HttpCommandExecutor.java:190)\r\n\tat org.openqa.selenium.remote.service.DriverCommandExecutor.invokeExecute(DriverCommandExecutor.java:216)\r\n\tat org.openqa.selenium.remote.service.DriverCommandExecutor.execute(DriverCommandExecutor.java:174)\r\n\tat org.openqa.selenium.remote.RemoteWebDriver.execute(RemoteWebDriver.java:518)\r\n\tat org.openqa.selenium.remote.RemoteWebElement.execute(RemoteWebElement.java:223)\r\n\tat org.openqa.selenium.remote.RemoteWebElement.click(RemoteWebElement.java:76)\r\n\tat com.codeborne.selenide.commands.Click.defaultClick(Click.java:106)\r\n\tat com.codeborne.selenide.commands.Click.doClick(Click.java:83)\r\n\tat com.codeborne.selenide.commands.Click.click(Click.java:59)\r\n\tat com.codeborne.selenide.commands.Click.execute(Click.java:34)\r\n\tat com.codeborne.selenide.commands.Click.execute(Click.java:26)\r\n\tat com.codeborne.selenide.commands.Commands.execute(Commands.java:162)\r\n\tat com.codeborne.selenide.impl.SelenideElementProxy.dispatchAndRetry(SelenideElementProxy.java:134)\r\n\t... 73 more\r\n"},"stage":"finished","description":"","steps":[{"name":"$(\"open\") https://wwwqa.ventanillaunica.gob.mx/ventanilla-HA/authentication.action?showLogin=%22;","status":"passed","stage":"finished","steps":[{"name":"$(\"webdriver\") create()","status":"passed","stage":"finished","steps":[],"attachments":[],"parameters":[],"start":1742855183461,"stop":1742855187602}],"attachments":[],"parameters":[],"start":1742855183450,"stop":1742855194107},{"name":"$(\"By.xpath: //*[@id='certificate']\") set value(C:\\VucemAuto\\automations\\src\\test\\resources\\CredSoli\\aal0409235e6.cer)","status":"passed","stage":"finished","steps":[],"attachments":[],"parameters":[],"start":1742855194111,"stop":1742855194339},{"name":"$(\"By.xpath: //*[@id='privateKey']\") set value(C:\\VucemAuto\\automations\\src\\test\\resources\\CredSoli\\AAL0409235E6_1012231310.key)","status":"passed","stage":"finished","steps":[],"attachments":[],"parameters":[],"start":1742855194340,"stop":1742855194410},{"name":"$(\"By.xpath: //*[@id='privateKeyPassword']\") set value(delfin40)","status":"passed","stage":"finished","steps":[],"attachments":[],"parameters":[],"start":1742855194410,"stop":1742855194515},{"name":"$(\"By.xpath: /html/body/div[2]/form/div[1]/div/div[2]/div/div[4]/div/button[2]\") click()","status":"passed","stage":"finished","steps":[],"attachments":[],"parameters":[],"start":1742855194515,"stop":1742855194620},{"name":"$(\"By.xpath: //*[@id='claveRol']\") send keys(Persona Moral)","status":"passed","stage":"finished","steps":[],"attachments":[],"parameters":[],"start":1742855194621,"stop":1742855196584},{"name":"$(\"By.xpath: //button[@name='ingresar']\") click()","status":"passed","stage":"finished","steps":[],"attachments":[],"parameters":[],"start":1742855196584,"stop":1742855197365},{"name":"$(\"By.xpath: //*[@id='Trámites']\") send keys(Solicitudes nuevas)","status":"passed","stage":"finished","steps":[],"attachments":[],"parameters":[],"start":1742855197365,"stop":1742855200428},{"name":"$(\"By.xpath: /html/body/main/div/div[2]/div[1]/div[1]/div/nav/div/div[2]/ul/li[5]/ul/li[3]/a\") click()","status":"passed","stage":"finished","steps":[],"attachments":[],"parameters":[],"start":1742855200429,"stop":1742855200552},{"name":"$(\"By.xpath: //img[contains(@alt, 'General')]\") click()","status":"passed","stage":"finished","steps":[],"attachments":[],"parameters":[],"start":1742855200552,"stop":1742855204500},{"name":"$(\"By.xpath: /html/body/main/div/div[3]/div/div[6]/ul/li[19]/a\") click()","status":"passed","stage":"finished","steps":[],"attachments":[],"parameters":[],"start":1742855204500,"stop":1742855204604},{"name":"$(\"By.xpath: //a[contains(@onclick, 'ranja')]\") click()","status":"passed","stage":"finished","steps":[],"attachments":[],"parameters":[],"start":1742855204604,"stop":1742855210268},{"name":"$(\"By.xpath: //*[@id='ui-id-2']\") click()","status":"passed","stage":"finished","steps":[],"attachments":[],"parameters":[],"start":1742855210268,"stop":1742855210387},{"name":"$(\"By.xpath: //*[@id='numRegistro']\") set value(A222222222222222222222222)","status":"passed","stage":"finished","steps":[],"attachments":[],"parameters":[],"start":1742855210388,"stop":1742855210578},{"name":"$(\"By.xpath: //*[@id='donante.razonSocial']\") set value(Esto es una prueba 1)","status":"passed","stage":"finished","steps":[],"attachments":[],"parameters":[],"start":1742855210578,"stop":1742855210760},{"name":"$(\"By.xpath: //*[@id='donante.rfcotaxid']\") set value(AAL0409235E6)","status":"passed","stage":"finished","steps":[],"attachments":[],"parameters":[],"start":1742855210760,"stop":1742855210891},{"name":"$(\"By.xpath: //*[@id='donante.telefono']\") set value(2841028899)","status":"passed","stage":"finished","steps":[],"attachments":[],"parameters":[],"start":1742855210891,"stop":1742855211028},{"name":"$(\"By.xpath: //*[@id='donante.email']\") set value(Prueba@gmail.com)","status":"passed","stage":"finished","steps":[],"attachments":[],"parameters":[],"start":1742855211029,"stop":1742855211184},{"name":"$(\"By.xpath: //*[@id='solicitud.donante.domicilio.entidadFederativa.clave']\") send keys(MÉXICO)","status":"passed","stage":"finished","steps":[],"attachments":[],"parameters":[],"start":1742855211185,"stop":1742855211555},{"name":"$(\"By.xpath: //*[@id='solicitud.donante.domicilio.delegacionMunicipio.clave']\") send keys(CHALCO)","status":"passed","stage":"finished","steps":[],"attachments":[],"parameters":[],"start":1742855211555,"stop":1742855212206},{"name":"$(\"By.xpath: //*[@id='solicitud.donante.domicilio.colonia.clave']\") send keys(CENTRO)","status":"passed","stage":"finished","steps":[],"attachments":[],"parameters":[],"start":1742855212206,"stop":1742855212266},{"name":"$(\"By.xpath: //*[@id='domicilioD.codigoPostal']\") set value(95270)","status":"passed","stage":"finished","steps":[],"attachments":[],"parameters":[],"start":1742855212266,"stop":1742855212392},{"name":"$(\"By.xpath: //*[@id='domicilioD.calle']\") set value(calle de prueba calle 2)","status":"passed","stage":"finished","steps":[],"attachments":[],"parameters":[],"start":1742855212392,"stop":1742855212531},{"name":"$(\"By.xpath: //*[@id='domicilioD.numeroExterior']\") set value(A1)","status":"passed","stage":"finished","steps":[],"attachments":[],"parameters":[],"start":1742855212531,"stop":1742855212644},{"name":"$(\"By.xpath: //*[@id='domicilioD.numeroInterior']\") set value(B2)","status":"passed","stage":"finished","steps":[],"attachments":[],"parameters":[],"start":1742855212644,"stop":1742855212749},{"name":"$(\"By.xpath: //*[@id='domicilioD.entreCalle1']\") set value(entre calle 1)","status":"passed","stage":"finished","steps":[],"attachments":[],"parameters":[],"start":1742855212749,"stop":1742855212857},{"name":"$(\"By.xpath: //*[@id='domicilioD.entreCalle2']\") set value(entre calle 2)","status":"passed","stage":"finished","steps":[],"attachments":[],"parameters":[],"start":1742855212857,"stop":1742855212978},{"name":"$(\"By.xpath: //*[@id='idTipoCarga2']\") click()","status":"passed","stage":"finished","steps":[],"attachments":[],"parameters":[],"start":1742855212978,"stop":1742855213052},{"name":"$(\"By.xpath: //*[@id='archivoCargaMasiva']\") send keys(C:\\VucemAuto\\RepoN\\src\\test\\resources\\plantilla_Aviso_6904_B4.xlsx)","status":"passed","stage":"finished","steps":[],"attachments":[],"parameters":[],"start":1742855213052,"stop":1742855213089},{"name":"$(\"By.xpath: //*[@id='cargarArchivoDatosAviso']\") click()","status":"passed","stage":"finished","steps":[],"attachments":[],"parameters":[],"start":1742855213089,"stop":1742855213707},{"name":"$(\"By.xpath: //*[@id='guardarSolicitud']\") click()","status":"passed","stage":"finished","steps":[],"attachments":[],"parameters":[],"start":1742855213707,"stop":1742855216884},{"name":"$(\"By.xpath: //input[@value='Continuar']\") click()","status":"passed","stage":"finished","steps":[],"attachments":[],"parameters":[],"start":1742855216885,"stop":1742855218676},{"name":"$(\"By.xpath: //input[contains(@style, '0px;')]\") click()","status":"passed","stage":"finished","steps":[],"attachments":[],"parameters":[],"start":1742855218676,"stop":1742855218786},{"name":"$(\"By.xpath: //input[@name='documentos[0].file']\") send keys(C:\\VucemAuto\\RepoN\\src\\test\\resources\\Lorem_ipsum.pdf)","status":"passed","stage":"finished","steps":[],"attachments":[],"parameters":[],"start":1742855218786,"stop":1742855219267},{"name":"$(\"By.xpath: //input[@name='documentos[1].file']\") send keys(C:\\VucemAuto\\RepoN\\src\\test\\resources\\Lorem_ipsum.pdf)","status":"passed","stage":"finished","steps":[],"attachments":[],"parameters":[],"start":1742855219267,"stop":1742855219300},{"name":"$(\"By.xpath: //*[@id='btnAnexar']\") click()","status":"passed","stage":"finished","steps":[],"attachments":[],"parameters":[],"start":1742855219300,"stop":1742855219386},{"name":"$(\"By.xpath: //*[@id='btnCerrar']\") click()","status":"failed","statusDetails":{"known":false,"muted":false,"flaky":false,"message":"Invalid element state [By.xpath: //*[@id='btnCerrar']]: element click intercepted: Element <input id=\"btnCerrar\" name=\"Cerrar\" value=\"Cerrar\" onclick=\"javascript: cerrarDoc();\" class=\"btn btn-default\" type=\"button\"> is not clickable at point (1331, 861). Other element would receive the click: <div class=\"ui-widget-overlay ui-front\" style=\"z-index: 100;\"></div>\r\nScreenshot: file:/C:/VucemAuto/automations/build/reports/tests/1742855234462.0.png\r\nPage source: file:/C:/VucemAuto/automations/build/reports/tests/1742855234462.0.html\r\nTimeout: 4 s.\r\nCaused by: ElementClickInterceptedException: element click intercepted: Element <input id=\"btnCerrar\" name=\"Cerrar\" value=\"Cerrar\" onclick=\"javascript: cerrarDoc();\" class=\"btn btn-default\" type=\"button\"> is not clickable at point (1331, 861). Other element would receive the click: <div class=\"ui-widget-overlay ui-front\" style=\"z-index: 100;\"></div>","trace":"Invalid element state [By.xpath: //*[@id='btnCerrar']]: element click intercepted: Element <input id=\"btnCerrar\" name=\"Cerrar\" value=\"Cerrar\" onclick=\"javascript: cerrarDoc();\" class=\"btn btn-default\" type=\"button\"> is not clickable at point (1331, 861). Other element would receive the click: <div class=\"ui-widget-overlay ui-front\" style=\"z-index: 100;\"></div>\r\nScreenshot: file:/C:/VucemAuto/automations/build/reports/tests/1742855234462.0.png\r\nPage source: file:/C:/VucemAuto/automations/build/reports/tests/1742855234462.0.html\r\nTimeout: 4 s.\r\nCaused by: ElementClickInterceptedException: element click intercepted: Element <input id=\"btnCerrar\" name=\"Cerrar\" value=\"Cerrar\" onclick=\"javascript: cerrarDoc();\" class=\"btn btn-default\" type=\"button\"> is not clickable at point (1331, 861). Other element would receive the click: <div class=\"ui-widget-overlay ui-front\" style=\"z-index: 100;\"></div>\r\n\tat com.codeborne.selenide.impl.ExceptionWrapper.wrap(ExceptionWrapper.java:26)\r\n\tat com.codeborne.selenide.impl.SelenideElementProxy.dispatchAndRetry(SelenideElementProxy.java:156)\r\n\tat com.codeborne.selenide.impl.SelenideElementProxy.invoke(SelenideElementProxy.java:86)\r\n\tat jdk.proxy2/jdk.proxy2.$Proxy10.click(Unknown Source)\r\n\tat HACIENDA.TramiteB4.MainPageB4Test.lambda$Procesob4$0(MainPageB4Test.java:106)\r\n\tat HACIENDA.TramiteB4.MainPageB4Test.ejecutarProcesoNRunnable(MainPageB4Test.java:129)\r\n\tat HACIENDA.TramiteB4.MainPageB4Test.Procesob4(MainPageB4Test.java:55)\r\n\tat java.base/jdk.internal.reflect.DirectMethodHandleAccessor.invoke(DirectMethodHandleAccessor.java:103)\r\n\tat java.base/java.lang.reflect.Method.invoke(Method.java:580)\r\n\tat org.junit.platform.commons.util.ReflectionUtils.invokeMethod(ReflectionUtils.java:728)\r\n\tat org.junit.jupiter.engine.execution.MethodInvocation.proceed(MethodInvocation.java:60)\r\n\tat org.junit.jupiter.engine.execution.InvocationInterceptorChain$ValidatingInvocation.proceed(InvocationInterceptorChain.java:131)\r\n\tat org.junit.jupiter.engine.extension.TimeoutExtension.intercept(TimeoutExtension.java:156)\r\n\tat org.junit.jupiter.engine.extension.TimeoutExtension.interceptTestableMethod(TimeoutExtension.java:147)\r\n\tat org.junit.jupiter.engine.extension.TimeoutExtension.interceptTestMethod(TimeoutExtension.java:86)\r\n\tat org.junit.jupiter.engine.execution.InterceptingExecutableInvoker$ReflectiveInterceptorCall.lambda$ofVoidMethod$0(InterceptingExecutableInvoker.java:103)\r\n\tat org.junit.jupiter.engine.execution.InterceptingExecutableInvoker.lambda$invoke$0(InterceptingExecutableInvoker.java:93)\r\n\tat org.junit.jupiter.engine.execution.InvocationInterceptorChain$InterceptedInvocation.proceed(InvocationInterceptorChain.java:106)\r\n\tat org.junit.jupiter.engine.execution.InvocationInterceptorChain.proceed(InvocationInterceptorChain.java:64)\r\n\tat org.junit.jupiter.engine.execution.InvocationInterceptorChain.chainAndInvoke(InvocationInterceptorChain.java:45)\r\n\tat org.junit.jupiter.engine.execution.InvocationInterceptorChain.invoke(InvocationInterceptorChain.java:37)\r\n\tat org.junit.jupiter.engine.execution.InterceptingExecutableInvoker.invoke(InterceptingExecutableInvoker.java:92)\r\n\tat org.junit.jupiter.engine.execution.InterceptingExecutableInvoker.invoke(InterceptingExecutableInvoker.java:86)\r\n\tat org.junit.jupiter.engine.descriptor.TestMethodTestDescriptor.lambda$invokeTestMethod$7(TestMethodTestDescriptor.java:218)\r\n\tat org.junit.platform.engine.support.hierarchical.ThrowableCollector.execute(ThrowableCollector.java:73)\r\n\tat org.junit.jupiter.engine.descriptor.TestMethodTestDescriptor.invokeTestMethod(TestMethodTestDescriptor.java:214)\r\n\tat org.junit.jupiter.engine.descriptor.TestMethodTestDescriptor.execute(TestMethodTestDescriptor.java:139)\r\n\tat org.junit.jupiter.engine.descriptor.TestMethodTestDescriptor.execute(TestMethodTestDescriptor.java:69)\r\n\tat org.junit.platform.engine.support.hierarchical.NodeTestTask.lambda$executeRecursively$6(NodeTestTask.java:151)\r\n\tat org.junit.platform.engine.support.hierarchical.ThrowableCollector.execute(ThrowableCollector.java:73)\r\n\tat org.junit.platform.engine.support.hierarchical.NodeTestTask.lambda$executeRecursively$8(NodeTestTask.java:141)\r\n\tat org.junit.platform.engine.support.hierarchical.Node.around(Node.java:137)\r\n\tat org.junit.platform.engine.support.hierarchical.NodeTestTask.lambda$executeRecursively$9(NodeTestTask.java:139)\r\n\tat org.junit.platform.engine.support.hierarchical.ThrowableCollector.execute(ThrowableCollector.java:73)\r\n\tat org.junit.platform.engine.support.hierarchical.NodeTestTask.executeRecursively(NodeTestTask.java:138)\r\n\tat org.junit.platform.engine.support.hierarchical.NodeTestTask.execute(NodeTestTask.java:95)\r\n\tat java.base/java.util.ArrayList.forEach(ArrayList.java:1597)\r\n\tat org.junit.platform.engine.support.hierarchical.SameThreadHierarchicalTestExecutorService.invokeAll(SameThreadHierarchicalTestExecutorService.java:41)\r\n\tat org.junit.platform.engine.support.hierarchical.NodeTestTask.lambda$executeRecursively$6(NodeTestTask.java:155)\r\n\tat org.junit.platform.engine.support.hierarchical.ThrowableCollector.execute(ThrowableCollector.java:73)\r\n\tat org.junit.platform.engine.support.hierarchical.NodeTestTask.lambda$executeRecursively$8(NodeTestTask.java:141)\r\n\tat org.junit.platform.engine.support.hierarchical.Node.around(Node.java:137)\r\n\tat org.junit.platform.engine.support.hierarchical.NodeTestTask.lambda$executeRecursively$9(NodeTestTask.java:139)\r\n\tat org.junit.platform.engine.support.hierarchical.ThrowableCollector.execute(ThrowableCollector.java:73)\r\n\tat org.junit.platform.engine.support.hierarchical.NodeTestTask.executeRecursively(NodeTestTask.java:138)\r\n\tat org.junit.platform.engine.support.hierarchical.NodeTestTask.execute(NodeTestTask.java:95)\r\n\tat java.base/java.util.ArrayList.forEach(ArrayList.java:1597)\r\n\tat org.junit.platform.engine.support.hierarchical.SameThreadHierarchicalTestExecutorService.invokeAll(SameThreadHierarchicalTestExecutorService.java:41)\r\n\tat org.junit.platform.engine.support.hierarchical.NodeTestTask.lambda$executeRecursively$6(NodeTestTask.java:155)\r\n\tat org.junit.platform.engine.support.hierarchical.ThrowableCollector.execute(ThrowableCollector.java:73)\r\n\tat org.junit.platform.engine.support.hierarchical.NodeTestTask.lambda$executeRecursively$8(NodeTestTask.java:141)\r\n\tat org.junit.platform.engine.support.hierarchical.Node.around(Node.java:137)\r\n\tat org.junit.platform.engine.support.hierarchical.NodeTestTask.lambda$executeRecursively$9(NodeTestTask.java:139)\r\n\tat org.junit.platform.engine.support.hierarchical.ThrowableCollector.execute(ThrowableCollector.java:73)\r\n\tat org.junit.platform.engine.support.hierarchical.NodeTestTask.executeRecursively(NodeTestTask.java:138)\r\n\tat org.junit.platform.engine.support.hierarchical.NodeTestTask.execute(NodeTestTask.java:95)\r\n\tat org.junit.platform.engine.support.hierarchical.SameThreadHierarchicalTestExecutorService.submit(SameThreadHierarchicalTestExecutorService.java:35)\r\n\tat org.junit.platform.engine.support.hierarchical.HierarchicalTestExecutor.execute(HierarchicalTestExecutor.java:57)\r\n\tat org.junit.platform.engine.support.hierarchical.HierarchicalTestEngine.execute(HierarchicalTestEngine.java:54)\r\n\tat org.junit.platform.launcher.core.EngineExecutionOrchestrator.execute(EngineExecutionOrchestrator.java:147)\r\n\tat org.junit.platform.launcher.core.EngineExecutionOrchestrator.execute(EngineExecutionOrchestrator.java:127)\r\n\tat org.junit.platform.launcher.core.EngineExecutionOrchestrator.execute(EngineExecutionOrchestrator.java:90)\r\n\tat org.junit.platform.launcher.core.EngineExecutionOrchestrator.lambda$execute$0(EngineExecutionOrchestrator.java:55)\r\n\tat org.junit.platform.launcher.core.EngineExecutionOrchestrator.withInterceptedStreams(EngineExecutionOrchestrator.java:102)\r\n\tat org.junit.platform.launcher.core.EngineExecutionOrchestrator.execute(EngineExecutionOrchestrator.java:54)\r\n\tat org.junit.platform.launcher.core.DefaultLauncher.execute(DefaultLauncher.java:114)\r\n\tat org.junit.platform.launcher.core.DefaultLauncher.execute(DefaultLauncher.java:86)\r\n\tat org.junit.platform.launcher.core.DefaultLauncherSession$DelegatingLauncher.execute(DefaultLauncherSession.java:86)\r\n\tat org.junit.platform.launcher.core.SessionPerRequestLauncher.execute(SessionPerRequestLauncher.java:53)\r\n\tat com.intellij.junit5.JUnit5IdeaTestRunner.startRunnerWithArgs(JUnit5IdeaTestRunner.java:57)\r\n\tat com.intellij.rt.junit.IdeaTestRunner$Repeater$1.execute(IdeaTestRunner.java:38)\r\n\tat com.intellij.rt.execution.junit.TestsRepeater.repeat(TestsRepeater.java:11)\r\n\tat com.intellij.rt.junit.IdeaTestRunner$Repeater.startRunnerWithArgs(IdeaTestRunner.java:35)\r\n\tat com.intellij.rt.junit.JUnitStarter.prepareStreamsAndStart(JUnitStarter.java:232)\r\n\tat com.intellij.rt.junit.JUnitStarter.main(JUnitStarter.java:55)\r\nCaused by: org.openqa.selenium.ElementClickInterceptedException: element click intercepted: Element <input id=\"btnCerrar\" name=\"Cerrar\" value=\"Cerrar\" onclick=\"javascript: cerrarDoc();\" class=\"btn btn-default\" type=\"button\"> is not clickable at point (1331, 861). Other element would receive the click: <div class=\"ui-widget-overlay ui-front\" style=\"z-index: 100;\"></div>\n  (Session info: chrome=134.0.6998.118)\nBuild info: version: '4.19.1', revision: 'abe0ee07dc'\nSystem info: os.name: 'Windows 11', os.arch: 'amd64', os.version: '10.0', java.version: '22.0.2'\nDriver info: org.openqa.selenium.chrome.ChromeDriver\nCommand: [0ffbedf8fa98cac2cdcbd7a7419b7a04, clickElement {id=f.0B33BADD73F302E911000C4B86BD81A7.d.7A6650C3C3D8ADE4EA7E56802A515B45.e.535}]\nCapabilities {acceptInsecureCerts: true, browserName: chrome, browserVersion: 134.0.6998.118, chrome: {chromedriverVersion: 134.0.6998.165 (fd886e2cb29..., userDataDir: C:\\Users\\JOSSUE~1\\AppData\\L...}, fedcm:accounts: true, goog:chromeOptions: {debuggerAddress: localhost:51032}, networkConnectionEnabled: false, pageLoadStrategy: normal, platformName: windows, proxy: Proxy(), se:cdp: ws://localhost:51032/devtoo..., se:cdpVersion: 134.0.6998.118, setWindowRect: true, strictFileInteractability: false, timeouts: {implicit: 0, pageLoad: 300000, script: 30000}, unhandledPromptBehavior: accept, webauthn:extension:credBlob: true, webauthn:extension:largeBlob: true, webauthn:extension:minPinLength: true, webauthn:extension:prf: true, webauthn:virtualAuthenticators: true}\nElement: [[ChromeDriver: chrome on windows (0ffbedf8fa98cac2cdcbd7a7419b7a04)] -> xpath: //*[@id='btnCerrar']]\nSession ID: 0ffbedf8fa98cac2cdcbd7a7419b7a04\r\n\tat java.base/jdk.internal.reflect.DirectConstructorHandleAccessor.newInstance(DirectConstructorHandleAccessor.java:62)\r\n\tat java.base/java.lang.reflect.Constructor.newInstanceWithCaller(Constructor.java:502)\r\n\tat java.base/java.lang.reflect.Constructor.newInstance(Constructor.java:486)\r\n\tat org.openqa.selenium.remote.ErrorCodec.decode(ErrorCodec.java:167)\r\n\tat org.openqa.selenium.remote.codec.w3c.W3CHttpResponseCodec.decode(W3CHttpResponseCodec.java:138)\r\n\tat org.openqa.selenium.remote.codec.w3c.W3CHttpResponseCodec.decode(W3CHttpResponseCodec.java:50)\r\n\tat org.openqa.selenium.remote.HttpCommandExecutor.execute(HttpCommandExecutor.java:190)\r\n\tat org.openqa.selenium.remote.service.DriverCommandExecutor.invokeExecute(DriverCommandExecutor.java:216)\r\n\tat org.openqa.selenium.remote.service.DriverCommandExecutor.execute(DriverCommandExecutor.java:174)\r\n\tat org.openqa.selenium.remote.RemoteWebDriver.execute(RemoteWebDriver.java:518)\r\n\tat org.openqa.selenium.remote.RemoteWebElement.execute(RemoteWebElement.java:223)\r\n\tat org.openqa.selenium.remote.RemoteWebElement.click(RemoteWebElement.java:76)\r\n\tat com.codeborne.selenide.commands.Click.defaultClick(Click.java:106)\r\n\tat com.codeborne.selenide.commands.Click.doClick(Click.java:83)\r\n\tat com.codeborne.selenide.commands.Click.click(Click.java:59)\r\n\tat com.codeborne.selenide.commands.Click.execute(Click.java:34)\r\n\tat com.codeborne.selenide.commands.Click.execute(Click.java:26)\r\n\tat com.codeborne.selenide.commands.Commands.execute(Commands.java:162)\r\n\tat com.codeborne.selenide.impl.SelenideElementProxy.dispatchAndRetry(SelenideElementProxy.java:134)\r\n\t... 73 more\r\n"},"stage":"finished","steps":[],"attachments":[{"name":"Screenshot","source":"120ed67a-da37-4cf4-a076-c27e0b1498ed-attachment.png","type":"image/png"},{"name":"Page source","source":"14b4de29-b9c7-4a69-b5aa-48644360b7bc-attachment.html","type":"text/html"}],"parameters":[],"start":1742855229398,"stop":1742855234727}],"attachments":[],"parameters":[],"start":1742855180845,"stop":1742855234740}