{"uuid":"a58b668f-63ba-4a81-9e14-79072c20218e","historyId":"5fed84decd207c5530cae6a61063737","testCaseId":"[engine:junit-jupiter]/[class:COFEPRIS.Tramite260104.MainPage260104Test]/[method:Proceso260104()]","testCaseName":"Proceso260104()","fullName":"COFEPRIS.Tramite260104.MainPage260104Test.Proceso260104","labels":[{"name":"junit.platform.uniqueid","value":"[engine:junit-jupiter]/[class:COFEPRIS.Tramite260104.MainPage260104Test]/[method:Proceso260104()]"},{"name":"host","value":"DESKTOP-4IU7UDQ"},{"name":"thread","value":"29468@DESKTOP-4IU7UDQ.main(3)"},{"name":"framework","value":"junit-platform"},{"name":"language","value":"java"},{"name":"package","value":"COFEPRIS.Tramite260104.MainPage260104Test"},{"name":"testClass","value":"COFEPRIS.Tramite260104.MainPage260104Test"},{"name":"testMethod","value":"Proceso260104"},{"name":"suite","value":"COFEPRIS.Tramite260104.MainPage260104Test"}],"links":[],"name":"Proceso260104()","status":"failed","statusDetails":{"known":false,"muted":false,"flaky":false,"message":"Element not found {By.xpath: //option[@title='DONACIONES ']}\r\nExpected: clickable: interactable and enabled\r\nScreenshot: file:/C:/VucemAuto/automations/build/reports/tests/1746655937436.0.png\r\nPage source: file:/C:/VucemAuto/automations/build/reports/tests/1746655937436.0.html\r\nTimeout: 4 s.\r\nCaused by: NoSuchElementException: no such element: Unable to locate element: {\"method\":\"xpath\",\"selector\":\"//option[@title='DONACIONES ']\"}","trace":"Element not found {By.xpath: //option[@title='DONACIONES ']}\r\nExpected: clickable: interactable and enabled\r\nScreenshot: file:/C:/VucemAuto/automations/build/reports/tests/1746655937436.0.png\r\nPage source: file:/C:/VucemAuto/automations/build/reports/tests/1746655937436.0.html\r\nTimeout: 4 s.\r\nCaused by: NoSuchElementException: no such element: Unable to locate element: {\"method\":\"xpath\",\"selector\":\"//option[@title='DONACIONES ']\"}\r\n\tat com.codeborne.selenide.impl.WebElementSource.createElementNotFoundError(WebElementSource.java:89)\r\n\tat com.codeborne.selenide.impl.ElementFinder.createElementNotFoundError(ElementFinder.java:142)\r\n\tat com.codeborne.selenide.impl.WebElementSource.handleError(WebElementSource.java:141)\r\n\tat com.codeborne.selenide.impl.WebElementSource.checkConditionAndReturnElement(WebElementSource.java:125)\r\n\tat com.codeborne.selenide.impl.WebElementSource.findAndAssertElementIsClickable(WebElementSource.java:171)\r\n\tat com.codeborne.selenide.commands.Click.findElement(Click.java:53)\r\n\tat com.codeborne.selenide.commands.Click.execute(Click.java:34)\r\n\tat com.codeborne.selenide.commands.Click.execute(Click.java:26)\r\n\tat com.codeborne.selenide.commands.Commands.execute(Commands.java:162)\r\n\tat com.codeborne.selenide.impl.SelenideElementProxy.dispatchAndRetry(SelenideElementProxy.java:134)\r\n\tat com.codeborne.selenide.impl.SelenideElementProxy.invoke(SelenideElementProxy.java:86)\r\n\tat jdk.proxy2/jdk.proxy2.$Proxy11.click(Unknown Source)\r\n\tat COFEPRIS.Tramite260104.MainPage260104Test.lambda$Proceso260104$0(MainPage260104Test.java:156)\r\n\tat COFEPRIS.Tramite260104.MainPage260104Test.ejecutarProcesoNRunnable(MainPage260104Test.java:245)\r\n\tat COFEPRIS.Tramite260104.MainPage260104Test.Proceso260104(MainPage260104Test.java:101)\r\n\tat java.base/jdk.internal.reflect.DirectMethodHandleAccessor.invoke(DirectMethodHandleAccessor.java:104)\r\n\tat java.base/java.lang.reflect.Method.invoke(Method.java:565)\r\n\tat org.junit.platform.commons.util.ReflectionUtils.invokeMethod(ReflectionUtils.java:728)\r\n\tat org.junit.jupiter.engine.execution.MethodInvocation.proceed(MethodInvocation.java:60)\r\n\tat org.junit.jupiter.engine.execution.InvocationInterceptorChain$ValidatingInvocation.proceed(InvocationInterceptorChain.java:131)\r\n\tat org.junit.jupiter.engine.extension.TimeoutExtension.intercept(TimeoutExtension.java:156)\r\n\tat org.junit.jupiter.engine.extension.TimeoutExtension.interceptTestableMethod(TimeoutExtension.java:147)\r\n\tat org.junit.jupiter.engine.extension.TimeoutExtension.interceptTestMethod(TimeoutExtension.java:86)\r\n\tat org.junit.jupiter.engine.execution.InterceptingExecutableInvoker$ReflectiveInterceptorCall.lambda$ofVoidMethod$0(InterceptingExecutableInvoker.java:103)\r\n\tat org.junit.jupiter.engine.execution.InterceptingExecutableInvoker.lambda$invoke$0(InterceptingExecutableInvoker.java:93)\r\n\tat org.junit.jupiter.engine.execution.InvocationInterceptorChain$InterceptedInvocation.proceed(InvocationInterceptorChain.java:106)\r\n\tat org.junit.jupiter.engine.execution.InvocationInterceptorChain.proceed(InvocationInterceptorChain.java:64)\r\n\tat org.junit.jupiter.engine.execution.InvocationInterceptorChain.chainAndInvoke(InvocationInterceptorChain.java:45)\r\n\tat org.junit.jupiter.engine.execution.InvocationInterceptorChain.invoke(InvocationInterceptorChain.java:37)\r\n\tat org.junit.jupiter.engine.execution.InterceptingExecutableInvoker.invoke(InterceptingExecutableInvoker.java:92)\r\n\tat org.junit.jupiter.engine.execution.InterceptingExecutableInvoker.invoke(InterceptingExecutableInvoker.java:86)\r\n\tat org.junit.jupiter.engine.descriptor.TestMethodTestDescriptor.lambda$invokeTestMethod$7(TestMethodTestDescriptor.java:218)\r\n\tat org.junit.platform.engine.support.hierarchical.ThrowableCollector.execute(ThrowableCollector.java:73)\r\n\tat org.junit.jupiter.engine.descriptor.TestMethodTestDescriptor.invokeTestMethod(TestMethodTestDescriptor.java:214)\r\n\tat org.junit.jupiter.engine.descriptor.TestMethodTestDescriptor.execute(TestMethodTestDescriptor.java:139)\r\n\tat org.junit.jupiter.engine.descriptor.TestMethodTestDescriptor.execute(TestMethodTestDescriptor.java:69)\r\n\tat org.junit.platform.engine.support.hierarchical.NodeTestTask.lambda$executeRecursively$6(NodeTestTask.java:151)\r\n\tat org.junit.platform.engine.support.hierarchical.ThrowableCollector.execute(ThrowableCollector.java:73)\r\n\tat org.junit.platform.engine.support.hierarchical.NodeTestTask.lambda$executeRecursively$8(NodeTestTask.java:141)\r\n\tat org.junit.platform.engine.support.hierarchical.Node.around(Node.java:137)\r\n\tat org.junit.platform.engine.support.hierarchical.NodeTestTask.lambda$executeRecursively$9(NodeTestTask.java:139)\r\n\tat org.junit.platform.engine.support.hierarchical.ThrowableCollector.execute(ThrowableCollector.java:73)\r\n\tat org.junit.platform.engine.support.hierarchical.NodeTestTask.executeRecursively(NodeTestTask.java:138)\r\n\tat org.junit.platform.engine.support.hierarchical.NodeTestTask.execute(NodeTestTask.java:95)\r\n\tat java.base/java.util.ArrayList.forEach(ArrayList.java:1604)\r\n\tat org.junit.platform.engine.support.hierarchical.SameThreadHierarchicalTestExecutorService.invokeAll(SameThreadHierarchicalTestExecutorService.java:41)\r\n\tat org.junit.platform.engine.support.hierarchical.NodeTestTask.lambda$executeRecursively$6(NodeTestTask.java:155)\r\n\tat org.junit.platform.engine.support.hierarchical.ThrowableCollector.execute(ThrowableCollector.java:73)\r\n\tat org.junit.platform.engine.support.hierarchical.NodeTestTask.lambda$executeRecursively$8(NodeTestTask.java:141)\r\n\tat org.junit.platform.engine.support.hierarchical.Node.around(Node.java:137)\r\n\tat org.junit.platform.engine.support.hierarchical.NodeTestTask.lambda$executeRecursively$9(NodeTestTask.java:139)\r\n\tat org.junit.platform.engine.support.hierarchical.ThrowableCollector.execute(ThrowableCollector.java:73)\r\n\tat org.junit.platform.engine.support.hierarchical.NodeTestTask.executeRecursively(NodeTestTask.java:138)\r\n\tat org.junit.platform.engine.support.hierarchical.NodeTestTask.execute(NodeTestTask.java:95)\r\n\tat java.base/java.util.ArrayList.forEach(ArrayList.java:1604)\r\n\tat org.junit.platform.engine.support.hierarchical.SameThreadHierarchicalTestExecutorService.invokeAll(SameThreadHierarchicalTestExecutorService.java:41)\r\n\tat org.junit.platform.engine.support.hierarchical.NodeTestTask.lambda$executeRecursively$6(NodeTestTask.java:155)\r\n\tat org.junit.platform.engine.support.hierarchical.ThrowableCollector.execute(ThrowableCollector.java:73)\r\n\tat org.junit.platform.engine.support.hierarchical.NodeTestTask.lambda$executeRecursively$8(NodeTestTask.java:141)\r\n\tat org.junit.platform.engine.support.hierarchical.Node.around(Node.java:137)\r\n\tat org.junit.platform.engine.support.hierarchical.NodeTestTask.lambda$executeRecursively$9(NodeTestTask.java:139)\r\n\tat org.junit.platform.engine.support.hierarchical.ThrowableCollector.execute(ThrowableCollector.java:73)\r\n\tat org.junit.platform.engine.support.hierarchical.NodeTestTask.executeRecursively(NodeTestTask.java:138)\r\n\tat org.junit.platform.engine.support.hierarchical.NodeTestTask.execute(NodeTestTask.java:95)\r\n\tat org.junit.platform.engine.support.hierarchical.SameThreadHierarchicalTestExecutorService.submit(SameThreadHierarchicalTestExecutorService.java:35)\r\n\tat org.junit.platform.engine.support.hierarchical.HierarchicalTestExecutor.execute(HierarchicalTestExecutor.java:57)\r\n\tat org.junit.platform.engine.support.hierarchical.HierarchicalTestEngine.execute(HierarchicalTestEngine.java:54)\r\n\tat org.junit.platform.launcher.core.EngineExecutionOrchestrator.execute(EngineExecutionOrchestrator.java:147)\r\n\tat org.junit.platform.launcher.core.EngineExecutionOrchestrator.execute(EngineExecutionOrchestrator.java:127)\r\n\tat org.junit.platform.launcher.core.EngineExecutionOrchestrator.execute(EngineExecutionOrchestrator.java:90)\r\n\tat org.junit.platform.launcher.core.EngineExecutionOrchestrator.lambda$execute$0(EngineExecutionOrchestrator.java:55)\r\n\tat org.junit.platform.launcher.core.EngineExecutionOrchestrator.withInterceptedStreams(EngineExecutionOrchestrator.java:102)\r\n\tat org.junit.platform.launcher.core.EngineExecutionOrchestrator.execute(EngineExecutionOrchestrator.java:54)\r\n\tat org.junit.platform.launcher.core.DefaultLauncher.execute(DefaultLauncher.java:114)\r\n\tat org.junit.platform.launcher.core.DefaultLauncher.execute(DefaultLauncher.java:86)\r\n\tat org.junit.platform.launcher.core.DefaultLauncherSession$DelegatingLauncher.execute(DefaultLauncherSession.java:86)\r\n\tat org.junit.platform.launcher.core.SessionPerRequestLauncher.execute(SessionPerRequestLauncher.java:53)\r\n\tat com.intellij.junit5.JUnit5IdeaTestRunner.startRunnerWithArgs(JUnit5IdeaTestRunner.java:57)\r\n\tat com.intellij.rt.junit.IdeaTestRunner$Repeater$1.execute(IdeaTestRunner.java:38)\r\n\tat com.intellij.rt.execution.junit.TestsRepeater.repeat(TestsRepeater.java:11)\r\n\tat com.intellij.rt.junit.IdeaTestRunner$Repeater.startRunnerWithArgs(IdeaTestRunner.java:35)\r\n\tat com.intellij.rt.junit.JUnitStarter.prepareStreamsAndStart(JUnitStarter.java:232)\r\n\tat com.intellij.rt.junit.JUnitStarter.main(JUnitStarter.java:55)\r\nCaused by: org.openqa.selenium.NoSuchElementException: no such element: Unable to locate element: {\"method\":\"xpath\",\"selector\":\"//option[@title='DONACIONES ']\"}\n  (Session info: chrome=135.0.7049.116)\nFor documentation on this error, please visit: https://www.selenium.dev/documentation/webdriver/troubleshooting/errors#no-such-element-exception\nBuild info: version: '4.19.1', revision: 'abe0ee07dc'\nSystem info: os.name: 'Windows 11', os.arch: 'amd64', os.version: '10.0', java.version: '24'\nDriver info: org.openqa.selenium.chrome.ChromeDriver\nCommand: [9172434950ea8a609a0e4d8dd923985d, findElement {using=xpath, value=//option[@title='DONACIONES ']}]\nCapabilities {acceptInsecureCerts: true, browserName: chrome, browserVersion: 135.0.7049.116, chrome: {chromedriverVersion: 135.0.7049.114 (63fd8a7d9d0..., userDataDir: C:\\Users\\JCARLO~1\\AppData\\L...}, fedcm:accounts: true, goog:chromeOptions: {debuggerAddress: localhost:50500}, networkConnectionEnabled: false, pageLoadStrategy: normal, platformName: windows, proxy: Proxy(), se:cdp: ws://localhost:50500/devtoo..., se:cdpVersion: 135.0.7049.116, setWindowRect: true, strictFileInteractability: false, timeouts: {implicit: 0, pageLoad: 300000, script: 30000}, unhandledPromptBehavior: accept, webauthn:extension:credBlob: true, webauthn:extension:largeBlob: true, webauthn:extension:minPinLength: true, webauthn:extension:prf: true, webauthn:virtualAuthenticators: true}\nSession ID: 9172434950ea8a609a0e4d8dd923985d\r\n\tat java.base/jdk.internal.reflect.DirectConstructorHandleAccessor.newInstance(DirectConstructorHandleAccessor.java:62)\r\n\tat java.base/java.lang.reflect.Constructor.newInstanceWithCaller(Constructor.java:499)\r\n\tat java.base/java.lang.reflect.Constructor.newInstance(Constructor.java:483)\r\n\tat org.openqa.selenium.remote.ErrorCodec.decode(ErrorCodec.java:167)\r\n\tat org.openqa.selenium.remote.codec.w3c.W3CHttpResponseCodec.decode(W3CHttpResponseCodec.java:138)\r\n\tat org.openqa.selenium.remote.codec.w3c.W3CHttpResponseCodec.decode(W3CHttpResponseCodec.java:50)\r\n\tat org.openqa.selenium.remote.HttpCommandExecutor.execute(HttpCommandExecutor.java:190)\r\n\tat org.openqa.selenium.remote.service.DriverCommandExecutor.invokeExecute(DriverCommandExecutor.java:216)\r\n\tat org.openqa.selenium.remote.service.DriverCommandExecutor.execute(DriverCommandExecutor.java:174)\r\n\tat org.openqa.selenium.remote.RemoteWebDriver.execute(RemoteWebDriver.java:518)\r\n\tat org.openqa.selenium.remote.ElementLocation$ElementFinder$2.findElement(ElementLocation.java:165)\r\n\tat org.openqa.selenium.remote.ElementLocation.findElement(ElementLocation.java:59)\r\n\tat org.openqa.selenium.remote.RemoteWebDriver.findElement(RemoteWebDriver.java:355)\r\n\tat org.openqa.selenium.remote.RemoteWebDriver.findElement(RemoteWebDriver.java:349)\r\n\tat com.codeborne.selenide.impl.WebElementSelector.findElement(WebElementSelector.java:73)\r\n\tat com.codeborne.selenide.impl.WebElementSelector.findElement(WebElementSelector.java:46)\r\n\tat com.codeborne.selenide.impl.WebElementSelector.findElement(WebElementSelector.java:35)\r\n\tat com.codeborne.selenide.impl.ElementFinder.getWebElement(ElementFinder.java:122)\r\n\tat com.codeborne.selenide.impl.WebElementSource.checkConditionAndReturnElement(WebElementSource.java:114)\r\n\t... 79 more\r\n"},"stage":"finished","description":"","steps":[{"name":"$(\"open\") https://wwwqa.ventanillaunica.gob.mx/ventanilla-HA/authentication.action?showLogin=%22;","status":"passed","stage":"finished","steps":[],"attachments":[],"parameters":[],"start":1746655781468,"stop":1746655793777},{"name":"$(\"By.xpath: //*[@id='certificate']\") set value(C:\\VucemAuto\\automations\\src\\test\\resources\\CredSoli\\aal0409235e6.cer)","status":"passed","stage":"finished","steps":[],"attachments":[],"parameters":[],"start":1746655793777,"stop":1746655794239},{"name":"$(\"By.xpath: //*[@id='privateKey']\") set value(C:\\VucemAuto\\automations\\src\\test\\resources\\CredSoli\\AAL0409235E6_1012231310.key)","status":"passed","stage":"finished","steps":[],"attachments":[],"parameters":[],"start":1746655794239,"stop":1746655794450},{"name":"$(\"By.xpath: //*[@id='privateKeyPassword']\") set value(delfin40)","status":"passed","stage":"finished","steps":[],"attachments":[],"parameters":[],"start":1746655794450,"stop":1746655794627},{"name":"$(\"By.xpath: /html/body/div[2]/form/div[1]/div/div[2]/div/div[4]/div/button[2]\") click()","status":"passed","stage":"finished","steps":[],"attachments":[],"parameters":[],"start":1746655794627,"stop":1746655794723},{"name":"$(\"By.xpath: //*[@id='claveRol']\") send keys(Persona Moral)","status":"passed","stage":"finished","steps":[],"attachments":[],"parameters":[],"start":1746655794723,"stop":1746655797060},{"name":"$(\"By.xpath: //button[@name='ingresar']\") click()","status":"passed","stage":"finished","steps":[],"attachments":[],"parameters":[],"start":1746655797060,"stop":1746655798237},{"name":"$(\"By.xpath: //*[@id='Trámites']\") send keys(Solicitudes nuevas)","status":"passed","stage":"finished","steps":[],"attachments":[],"parameters":[],"start":1746655798239,"stop":1746655801644},{"name":"$(\"By.xpath: /html/body/main/div/div[2]/div[1]/div[1]/div/nav/div/div[2]/ul/li[5]/ul/li[3]/a\") click()","status":"passed","stage":"finished","steps":[],"attachments":[],"parameters":[],"start":1746655801644,"stop":1746655801742},{"name":"$(\"By.xpath: /html/body/main/div/div[3]/div/form/a[3]/img\") click()","status":"passed","stage":"finished","steps":[],"attachments":[],"parameters":[],"start":1746655801742,"stop":1746655804827},{"name":"$(\"By.xpath: /html/body/main/div/div[3]/div/div[6]/ul/li/a\") click()","status":"passed","stage":"finished","steps":[],"attachments":[],"parameters":[],"start":1746655804827,"stop":1746655804932},{"name":"$(\"By.xpath: /html/body/main/div/div[3]/div/div[6]/ul/li/ul/li[1]/a\") click()","status":"passed","stage":"finished","steps":[],"attachments":[],"parameters":[],"start":1746655804932,"stop":1746655805102},{"name":"$(\"By.xpath: /html/body/main/div/div[3]/div/div[6]/ul/li/ul/li[1]/ul/li[4]/a\") click()","status":"passed","stage":"finished","steps":[],"attachments":[],"parameters":[],"start":1746655805102,"stop":1746655805625},{"name":"$(\"By.xpath: /html/body/main/div[1]/div[4]/div[1]/form/div[1]/ul/li[2]/a/label\") click()","status":"passed","stage":"finished","steps":[],"attachments":[],"parameters":[],"start":1746655805625,"stop":1746655849404},{"name":"$(\"By.xpath: //*[@id='btnEstablecimiento']\") click()","status":"passed","stage":"finished","steps":[],"attachments":[],"parameters":[],"start":1746655849404,"stop":1746655849593},{"name":"$(\"By.xpath: /html/body/div[26]/div[3]/div/button\") click()","status":"passed","stage":"finished","steps":[],"attachments":[],"parameters":[],"start":1746655849593,"stop":1746655850981},{"name":"$(\"By.xpath: //*[@id='solicitud.establecimiento.razonSocial']\") send keys(PRUEBAS SA DE CV)","status":"passed","stage":"finished","steps":[],"attachments":[],"parameters":[],"start":1746655850981,"stop":1746655851147},{"name":"$(\"By.xpath: //*[@id='solicitud.establecimiento.correoElectronico']\") send keys(correo@ejemplo.com)","status":"passed","stage":"finished","steps":[],"attachments":[],"parameters":[],"start":1746655851147,"stop":1746655851238},{"name":"$(\"By.xpath: //*[@id='solicitud.establecimiento.domicilio.codigoPostal']\") send keys(12345)","status":"passed","stage":"finished","steps":[],"attachments":[],"parameters":[],"start":1746655851757,"stop":1746655851872},{"name":"$(\"By.xpath: //*[@id='solicitud.establecimiento.domicilio.entidadFederativa.clave']\") send keys(MORELOS)","status":"passed","stage":"finished","steps":[],"attachments":[],"parameters":[],"start":1746655852373,"stop":1746655852433},{"name":"$(\"By.xpath: //*[@id='solicitud.establecimiento.domicilio.descripcionMunicipio']\") send keys(Zacatepec)","status":"passed","stage":"finished","steps":[],"attachments":[],"parameters":[],"start":1746655852942,"stop":1746655853054},{"name":"$(\"By.xpath: //*[@id='solicitud.establecimiento.domicilio.informacionExtra']\") send keys(Galeana)","status":"passed","stage":"finished","steps":[],"attachments":[],"parameters":[],"start":1746655853577,"stop":1746655853696},{"name":"$(\"By.xpath: //*[@id='solicitud.establecimiento.domicilio.descripcionColonia']\") send keys(Vicente Guerrero)","status":"passed","stage":"finished","steps":[],"attachments":[],"parameters":[],"start":1746655854209,"stop":1746655854326},{"name":"$(\"By.xpath: //*[@id='solicitud.establecimiento.domicilio.calle']\") send keys(Calle Ejemplo 123)","status":"passed","stage":"finished","steps":[],"attachments":[],"parameters":[],"start":1746655854841,"stop":1746655854991},{"name":"$(\"By.xpath: //*[@id=\"solicitud.establecimiento.domicilio.lada\"]\") send keys(52)","status":"passed","stage":"finished","steps":[],"attachments":[],"parameters":[],"start":1746655855506,"stop":1746655855575},{"name":"$(\"By.xpath: //*[@id='solicitud.establecimiento.domicilio.telefono']\") send keys(5551234567)","status":"passed","stage":"finished","steps":[],"attachments":[],"parameters":[],"start":1746655855575,"stop":1746655855659},{"name":"$(\"By.xpath: //*[@id='btnScianAgregar']\") click()","status":"passed","stage":"finished","steps":[],"attachments":[],"parameters":[],"start":1746655856175,"stop":1746655856340},{"name":"$(\"By.xpath: //*[@id='comboSCIAN']\") send keys(614061)","status":"passed","stage":"finished","steps":[],"attachments":[],"parameters":[],"start":1746655856850,"stop":1746655858100},{"name":"$(\"By.xpath: //input[@onclick='javascript:agregarDatosSCIAN();']\") click()","status":"passed","stage":"finished","steps":[],"attachments":[],"parameters":[],"start":1746655858614,"stop":1746655858770},{"name":"$(\"By.xpath: //*[@id='avisoFuncionamiento']\") click()","status":"passed","stage":"finished","steps":[],"attachments":[],"parameters":[],"start":1746655859280,"stop":1746655859446},{"name":"$(\"By.xpath: //*[@id='solicitud.regimen.clave']\") send keys(Depósito Fiscal)","status":"passed","stage":"finished","steps":[],"attachments":[],"parameters":[],"start":1746655859959,"stop":1746655860029},{"name":"$(\"By.xpath: //*[@id='aduanas']\") send keys(DOS BOCAS)","status":"passed","stage":"finished","steps":[],"attachments":[],"parameters":[],"start":1746655860543,"stop":1746655860672},{"name":"$(\"By.xpath: //*[@id='btnagregarAduana']\") click()","status":"passed","stage":"finished","steps":[],"attachments":[],"parameters":[],"start":1746655861188,"stop":1746655861376},{"name":"$(\"By.xpath: //*[@id='mercanciaGrid.idClasificacionProducto']\") send keys(TABACO )","status":"passed","stage":"finished","steps":[],"attachments":[],"parameters":[],"start":1746655861883,"stop":1746655862298},{"name":"$(\"By.xpath: //*[@id='mercanciaGrid.ideSubClasificacionProducto']\") send keys(Puritos)","status":"passed","stage":"finished","steps":[],"attachments":[],"parameters":[],"start":1746655862814,"stop":1746655862895},{"name":"$(\"By.xpath: //*[@id='idDenominacionEspecifica']\") send keys(Prueba)","status":"passed","stage":"finished","steps":[],"attachments":[],"parameters":[],"start":1746655863408,"stop":1746655863497},{"name":"$(\"By.xpath: //*[@id='idDenominacionDistintiva']\") send keys(PROTEUS)","status":"passed","stage":"finished","steps":[],"attachments":[],"parameters":[],"start":1746655864007,"stop":1746655864073},{"name":"$(\"By.xpath: //*[@id='mercanciaGrid.tipoProducto.idTipoProductoTipoTramite']\") send keys(Otro)","status":"passed","stage":"finished","steps":[],"attachments":[],"parameters":[],"start":1746655864575,"stop":1746655864665},{"name":"$(\"By.xpath: //*[@id=\"idTipoProductoDescripcionOtros\"]\") send keys(YERVREY)","status":"passed","stage":"finished","steps":[],"attachments":[],"parameters":[],"start":1746655865172,"stop":1746655865259},{"name":"$(\"By.xpath: //*[@id='fraccionArancelaria']\") send keys(24022001)","status":"passed","stage":"finished","steps":[],"attachments":[],"parameters":[],"start":1746655865259,"stop":1746655865371},{"name":"$(\"By.xpath: //*[@id='cantidadUMT']\") send keys(10)","status":"passed","stage":"finished","steps":[],"attachments":[],"parameters":[],"start":1746655865888,"stop":1746655866428},{"name":"$(\"By.xpath: //*[@id='cantidadUMC']\") send keys(10)","status":"passed","stage":"finished","steps":[],"attachments":[],"parameters":[],"start":1746655866933,"stop":1746655867025},{"name":"$(\"By.xpath: //*[@id=\"mercanciaGrid.unidadMedidaComercial.clave\"]\") send keys(B.U.I)","status":"passed","stage":"finished","steps":[],"attachments":[],"parameters":[],"start":1746655867541,"stop":1746655867621},{"name":"$(\"By.xpath: //button[@href='#panel-listaPaisesDeOrigen']\") click()","status":"passed","stage":"finished","steps":[],"attachments":[],"parameters":[],"start":1746655868142,"stop":1746655868331},{"name":"$(\"By.xpath: /html/body/main/div[1]/div[4]/div[5]/form/div[4]/div[1]/div/div[2]/div/div/div[1]/div[2]/select/option[6]\") click()","status":"passed","stage":"finished","steps":[],"attachments":[],"parameters":[],"start":1746655868846,"stop":1746655868964},{"name":"$(\"By.xpath: //input[contains(@onclick, \"remover('paisesDeOrigen1',\")]\") click()","status":"passed","stage":"finished","steps":[],"attachments":[],"parameters":[],"start":1746655869471,"stop":1746655869620},{"name":"$(\"By.xpath: //button[@aria-controls='panel-listaPaisesDeProcedencia']\") click()","status":"passed","stage":"finished","steps":[],"attachments":[],"parameters":[],"start":1746655870124,"stop":1746655870203},{"name":"$(\"By.xpath: /html/body/main/div[1]/div[4]/div[5]/form/div[4]/div[2]/div/div[2]/div/div/div[1]/div[2]/select/option[4]\") click()","status":"passed","stage":"finished","steps":[],"attachments":[],"parameters":[],"start":1746655870715,"stop":1746655870785},{"name":"$(\"By.xpath: //input[contains(@onclick, \"remover('paisesDeProcedencia1',\")]\") click()","status":"passed","stage":"finished","steps":[],"attachments":[],"parameters":[],"start":1746655871289,"stop":1746655871498},{"name":"$(\"By.xpath: //*[@id='claveLotes']\") send keys(12345)","status":"passed","stage":"finished","steps":[],"attachments":[],"parameters":[],"start":1746655872007,"stop":1746655872109},{"name":"$(\"By.xpath: //*[@id='fechaDeElaboracion']\") get wrapped element()","status":"passed","stage":"finished","steps":[],"attachments":[],"parameters":[],"start":1746655872622,"stop":1746655872637},{"name":"$(\"By.xpath: //*[@id='fechaDeCaducidad']\") get wrapped element()","status":"passed","stage":"finished","steps":[],"attachments":[],"parameters":[],"start":1746655872750,"stop":1746655872766},{"name":"$(\"By.xpath: //*[@id='agregarNumeroLote']\") click()","status":"passed","stage":"finished","steps":[],"attachments":[],"parameters":[],"start":1746655880497,"stop":1746655880786},{"name":"$(\"By.xpath: //button[@aria-expanded='false']\") click()","status":"passed","stage":"finished","steps":[],"attachments":[],"parameters":[],"start":1746655913121,"stop":1746655913253},{"name":"$(\"By.xpath: //option[@title='DONACIONES ']\") click()","status":"failed","statusDetails":{"known":false,"muted":false,"flaky":false,"message":"Element not found {By.xpath: //option[@title='DONACIONES ']}\r\nExpected: clickable: interactable and enabled\r\nScreenshot: file:/C:/VucemAuto/automations/build/reports/tests/1746655937436.0.png\r\nPage source: file:/C:/VucemAuto/automations/build/reports/tests/1746655937436.0.html\r\nTimeout: 4 s.\r\nCaused by: NoSuchElementException: no such element: Unable to locate element: {\"method\":\"xpath\",\"selector\":\"//option[@title='DONACIONES ']\"}","trace":"Element not found {By.xpath: //option[@title='DONACIONES ']}\r\nExpected: clickable: interactable and enabled\r\nScreenshot: file:/C:/VucemAuto/automations/build/reports/tests/1746655937436.0.png\r\nPage source: file:/C:/VucemAuto/automations/build/reports/tests/1746655937436.0.html\r\nTimeout: 4 s.\r\nCaused by: NoSuchElementException: no such element: Unable to locate element: {\"method\":\"xpath\",\"selector\":\"//option[@title='DONACIONES ']\"}\r\n\tat com.codeborne.selenide.impl.WebElementSource.createElementNotFoundError(WebElementSource.java:89)\r\n\tat com.codeborne.selenide.impl.ElementFinder.createElementNotFoundError(ElementFinder.java:142)\r\n\tat com.codeborne.selenide.impl.WebElementSource.handleError(WebElementSource.java:141)\r\n\tat com.codeborne.selenide.impl.WebElementSource.checkConditionAndReturnElement(WebElementSource.java:125)\r\n\tat com.codeborne.selenide.impl.WebElementSource.findAndAssertElementIsClickable(WebElementSource.java:171)\r\n\tat com.codeborne.selenide.commands.Click.findElement(Click.java:53)\r\n\tat com.codeborne.selenide.commands.Click.execute(Click.java:34)\r\n\tat com.codeborne.selenide.commands.Click.execute(Click.java:26)\r\n\tat com.codeborne.selenide.commands.Commands.execute(Commands.java:162)\r\n\tat com.codeborne.selenide.impl.SelenideElementProxy.dispatchAndRetry(SelenideElementProxy.java:134)\r\n\tat com.codeborne.selenide.impl.SelenideElementProxy.invoke(SelenideElementProxy.java:86)\r\n\tat jdk.proxy2/jdk.proxy2.$Proxy11.click(Unknown Source)\r\n\tat COFEPRIS.Tramite260104.MainPage260104Test.lambda$Proceso260104$0(MainPage260104Test.java:156)\r\n\tat COFEPRIS.Tramite260104.MainPage260104Test.ejecutarProcesoNRunnable(MainPage260104Test.java:245)\r\n\tat COFEPRIS.Tramite260104.MainPage260104Test.Proceso260104(MainPage260104Test.java:101)\r\n\tat java.base/jdk.internal.reflect.DirectMethodHandleAccessor.invoke(DirectMethodHandleAccessor.java:104)\r\n\tat java.base/java.lang.reflect.Method.invoke(Method.java:565)\r\n\tat org.junit.platform.commons.util.ReflectionUtils.invokeMethod(ReflectionUtils.java:728)\r\n\tat org.junit.jupiter.engine.execution.MethodInvocation.proceed(MethodInvocation.java:60)\r\n\tat org.junit.jupiter.engine.execution.InvocationInterceptorChain$ValidatingInvocation.proceed(InvocationInterceptorChain.java:131)\r\n\tat org.junit.jupiter.engine.extension.TimeoutExtension.intercept(TimeoutExtension.java:156)\r\n\tat org.junit.jupiter.engine.extension.TimeoutExtension.interceptTestableMethod(TimeoutExtension.java:147)\r\n\tat org.junit.jupiter.engine.extension.TimeoutExtension.interceptTestMethod(TimeoutExtension.java:86)\r\n\tat org.junit.jupiter.engine.execution.InterceptingExecutableInvoker$ReflectiveInterceptorCall.lambda$ofVoidMethod$0(InterceptingExecutableInvoker.java:103)\r\n\tat org.junit.jupiter.engine.execution.InterceptingExecutableInvoker.lambda$invoke$0(InterceptingExecutableInvoker.java:93)\r\n\tat org.junit.jupiter.engine.execution.InvocationInterceptorChain$InterceptedInvocation.proceed(InvocationInterceptorChain.java:106)\r\n\tat org.junit.jupiter.engine.execution.InvocationInterceptorChain.proceed(InvocationInterceptorChain.java:64)\r\n\tat org.junit.jupiter.engine.execution.InvocationInterceptorChain.chainAndInvoke(InvocationInterceptorChain.java:45)\r\n\tat org.junit.jupiter.engine.execution.InvocationInterceptorChain.invoke(InvocationInterceptorChain.java:37)\r\n\tat org.junit.jupiter.engine.execution.InterceptingExecutableInvoker.invoke(InterceptingExecutableInvoker.java:92)\r\n\tat org.junit.jupiter.engine.execution.InterceptingExecutableInvoker.invoke(InterceptingExecutableInvoker.java:86)\r\n\tat org.junit.jupiter.engine.descriptor.TestMethodTestDescriptor.lambda$invokeTestMethod$7(TestMethodTestDescriptor.java:218)\r\n\tat org.junit.platform.engine.support.hierarchical.ThrowableCollector.execute(ThrowableCollector.java:73)\r\n\tat org.junit.jupiter.engine.descriptor.TestMethodTestDescriptor.invokeTestMethod(TestMethodTestDescriptor.java:214)\r\n\tat org.junit.jupiter.engine.descriptor.TestMethodTestDescriptor.execute(TestMethodTestDescriptor.java:139)\r\n\tat org.junit.jupiter.engine.descriptor.TestMethodTestDescriptor.execute(TestMethodTestDescriptor.java:69)\r\n\tat org.junit.platform.engine.support.hierarchical.NodeTestTask.lambda$executeRecursively$6(NodeTestTask.java:151)\r\n\tat org.junit.platform.engine.support.hierarchical.ThrowableCollector.execute(ThrowableCollector.java:73)\r\n\tat org.junit.platform.engine.support.hierarchical.NodeTestTask.lambda$executeRecursively$8(NodeTestTask.java:141)\r\n\tat org.junit.platform.engine.support.hierarchical.Node.around(Node.java:137)\r\n\tat org.junit.platform.engine.support.hierarchical.NodeTestTask.lambda$executeRecursively$9(NodeTestTask.java:139)\r\n\tat org.junit.platform.engine.support.hierarchical.ThrowableCollector.execute(ThrowableCollector.java:73)\r\n\tat org.junit.platform.engine.support.hierarchical.NodeTestTask.executeRecursively(NodeTestTask.java:138)\r\n\tat org.junit.platform.engine.support.hierarchical.NodeTestTask.execute(NodeTestTask.java:95)\r\n\tat java.base/java.util.ArrayList.forEach(ArrayList.java:1604)\r\n\tat org.junit.platform.engine.support.hierarchical.SameThreadHierarchicalTestExecutorService.invokeAll(SameThreadHierarchicalTestExecutorService.java:41)\r\n\tat org.junit.platform.engine.support.hierarchical.NodeTestTask.lambda$executeRecursively$6(NodeTestTask.java:155)\r\n\tat org.junit.platform.engine.support.hierarchical.ThrowableCollector.execute(ThrowableCollector.java:73)\r\n\tat org.junit.platform.engine.support.hierarchical.NodeTestTask.lambda$executeRecursively$8(NodeTestTask.java:141)\r\n\tat org.junit.platform.engine.support.hierarchical.Node.around(Node.java:137)\r\n\tat org.junit.platform.engine.support.hierarchical.NodeTestTask.lambda$executeRecursively$9(NodeTestTask.java:139)\r\n\tat org.junit.platform.engine.support.hierarchical.ThrowableCollector.execute(ThrowableCollector.java:73)\r\n\tat org.junit.platform.engine.support.hierarchical.NodeTestTask.executeRecursively(NodeTestTask.java:138)\r\n\tat org.junit.platform.engine.support.hierarchical.NodeTestTask.execute(NodeTestTask.java:95)\r\n\tat java.base/java.util.ArrayList.forEach(ArrayList.java:1604)\r\n\tat org.junit.platform.engine.support.hierarchical.SameThreadHierarchicalTestExecutorService.invokeAll(SameThreadHierarchicalTestExecutorService.java:41)\r\n\tat org.junit.platform.engine.support.hierarchical.NodeTestTask.lambda$executeRecursively$6(NodeTestTask.java:155)\r\n\tat org.junit.platform.engine.support.hierarchical.ThrowableCollector.execute(ThrowableCollector.java:73)\r\n\tat org.junit.platform.engine.support.hierarchical.NodeTestTask.lambda$executeRecursively$8(NodeTestTask.java:141)\r\n\tat org.junit.platform.engine.support.hierarchical.Node.around(Node.java:137)\r\n\tat org.junit.platform.engine.support.hierarchical.NodeTestTask.lambda$executeRecursively$9(NodeTestTask.java:139)\r\n\tat org.junit.platform.engine.support.hierarchical.ThrowableCollector.execute(ThrowableCollector.java:73)\r\n\tat org.junit.platform.engine.support.hierarchical.NodeTestTask.executeRecursively(NodeTestTask.java:138)\r\n\tat org.junit.platform.engine.support.hierarchical.NodeTestTask.execute(NodeTestTask.java:95)\r\n\tat org.junit.platform.engine.support.hierarchical.SameThreadHierarchicalTestExecutorService.submit(SameThreadHierarchicalTestExecutorService.java:35)\r\n\tat org.junit.platform.engine.support.hierarchical.HierarchicalTestExecutor.execute(HierarchicalTestExecutor.java:57)\r\n\tat org.junit.platform.engine.support.hierarchical.HierarchicalTestEngine.execute(HierarchicalTestEngine.java:54)\r\n\tat org.junit.platform.launcher.core.EngineExecutionOrchestrator.execute(EngineExecutionOrchestrator.java:147)\r\n\tat org.junit.platform.launcher.core.EngineExecutionOrchestrator.execute(EngineExecutionOrchestrator.java:127)\r\n\tat org.junit.platform.launcher.core.EngineExecutionOrchestrator.execute(EngineExecutionOrchestrator.java:90)\r\n\tat org.junit.platform.launcher.core.EngineExecutionOrchestrator.lambda$execute$0(EngineExecutionOrchestrator.java:55)\r\n\tat org.junit.platform.launcher.core.EngineExecutionOrchestrator.withInterceptedStreams(EngineExecutionOrchestrator.java:102)\r\n\tat org.junit.platform.launcher.core.EngineExecutionOrchestrator.execute(EngineExecutionOrchestrator.java:54)\r\n\tat org.junit.platform.launcher.core.DefaultLauncher.execute(DefaultLauncher.java:114)\r\n\tat org.junit.platform.launcher.core.DefaultLauncher.execute(DefaultLauncher.java:86)\r\n\tat org.junit.platform.launcher.core.DefaultLauncherSession$DelegatingLauncher.execute(DefaultLauncherSession.java:86)\r\n\tat org.junit.platform.launcher.core.SessionPerRequestLauncher.execute(SessionPerRequestLauncher.java:53)\r\n\tat com.intellij.junit5.JUnit5IdeaTestRunner.startRunnerWithArgs(JUnit5IdeaTestRunner.java:57)\r\n\tat com.intellij.rt.junit.IdeaTestRunner$Repeater$1.execute(IdeaTestRunner.java:38)\r\n\tat com.intellij.rt.execution.junit.TestsRepeater.repeat(TestsRepeater.java:11)\r\n\tat com.intellij.rt.junit.IdeaTestRunner$Repeater.startRunnerWithArgs(IdeaTestRunner.java:35)\r\n\tat com.intellij.rt.junit.JUnitStarter.prepareStreamsAndStart(JUnitStarter.java:232)\r\n\tat com.intellij.rt.junit.JUnitStarter.main(JUnitStarter.java:55)\r\nCaused by: org.openqa.selenium.NoSuchElementException: no such element: Unable to locate element: {\"method\":\"xpath\",\"selector\":\"//option[@title='DONACIONES ']\"}\n  (Session info: chrome=135.0.7049.116)\nFor documentation on this error, please visit: https://www.selenium.dev/documentation/webdriver/troubleshooting/errors#no-such-element-exception\nBuild info: version: '4.19.1', revision: 'abe0ee07dc'\nSystem info: os.name: 'Windows 11', os.arch: 'amd64', os.version: '10.0', java.version: '24'\nDriver info: org.openqa.selenium.chrome.ChromeDriver\nCommand: [9172434950ea8a609a0e4d8dd923985d, findElement {using=xpath, value=//option[@title='DONACIONES ']}]\nCapabilities {acceptInsecureCerts: true, browserName: chrome, browserVersion: 135.0.7049.116, chrome: {chromedriverVersion: 135.0.7049.114 (63fd8a7d9d0..., userDataDir: C:\\Users\\JCARLO~1\\AppData\\L...}, fedcm:accounts: true, goog:chromeOptions: {debuggerAddress: localhost:50500}, networkConnectionEnabled: false, pageLoadStrategy: normal, platformName: windows, proxy: Proxy(), se:cdp: ws://localhost:50500/devtoo..., se:cdpVersion: 135.0.7049.116, setWindowRect: true, strictFileInteractability: false, timeouts: {implicit: 0, pageLoad: 300000, script: 30000}, unhandledPromptBehavior: accept, webauthn:extension:credBlob: true, webauthn:extension:largeBlob: true, webauthn:extension:minPinLength: true, webauthn:extension:prf: true, webauthn:virtualAuthenticators: true}\nSession ID: 9172434950ea8a609a0e4d8dd923985d\r\n\tat java.base/jdk.internal.reflect.DirectConstructorHandleAccessor.newInstance(DirectConstructorHandleAccessor.java:62)\r\n\tat java.base/java.lang.reflect.Constructor.newInstanceWithCaller(Constructor.java:499)\r\n\tat java.base/java.lang.reflect.Constructor.newInstance(Constructor.java:483)\r\n\tat org.openqa.selenium.remote.ErrorCodec.decode(ErrorCodec.java:167)\r\n\tat org.openqa.selenium.remote.codec.w3c.W3CHttpResponseCodec.decode(W3CHttpResponseCodec.java:138)\r\n\tat org.openqa.selenium.remote.codec.w3c.W3CHttpResponseCodec.decode(W3CHttpResponseCodec.java:50)\r\n\tat org.openqa.selenium.remote.HttpCommandExecutor.execute(HttpCommandExecutor.java:190)\r\n\tat org.openqa.selenium.remote.service.DriverCommandExecutor.invokeExecute(DriverCommandExecutor.java:216)\r\n\tat org.openqa.selenium.remote.service.DriverCommandExecutor.execute(DriverCommandExecutor.java:174)\r\n\tat org.openqa.selenium.remote.RemoteWebDriver.execute(RemoteWebDriver.java:518)\r\n\tat org.openqa.selenium.remote.ElementLocation$ElementFinder$2.findElement(ElementLocation.java:165)\r\n\tat org.openqa.selenium.remote.ElementLocation.findElement(ElementLocation.java:59)\r\n\tat org.openqa.selenium.remote.RemoteWebDriver.findElement(RemoteWebDriver.java:355)\r\n\tat org.openqa.selenium.remote.RemoteWebDriver.findElement(RemoteWebDriver.java:349)\r\n\tat com.codeborne.selenide.impl.WebElementSelector.findElement(WebElementSelector.java:73)\r\n\tat com.codeborne.selenide.impl.WebElementSelector.findElement(WebElementSelector.java:46)\r\n\tat com.codeborne.selenide.impl.WebElementSelector.findElement(WebElementSelector.java:35)\r\n\tat com.codeborne.selenide.impl.ElementFinder.getWebElement(ElementFinder.java:122)\r\n\tat com.codeborne.selenide.impl.WebElementSource.checkConditionAndReturnElement(WebElementSource.java:114)\r\n\t... 79 more\r\n"},"stage":"finished","steps":[],"attachments":[{"name":"Screenshot","source":"50cb8056-5999-41d1-957e-6945b481eb62-attachment.png","type":"image/png"},{"name":"Page source","source":"795e9dbb-728b-4722-a9cc-6fb24dfd8ae2-attachment.html","type":"text/html"}],"parameters":[],"start":1746655933245,"stop":1746655941948}],"attachments":[],"parameters":[],"start":1746655757864,"stop":1746655942126}