{"uuid":"a76447ff-b1a4-42fe-a37a-9eef85c394d7","historyId":"310ace046a8b2167af7f3a463cf03985","testCaseId":"[engine:junit-jupiter]/[class:COFEPRIS.Tramite260603.MainPage260603Test]/[method:Proceso260603()]","testCaseName":"Proceso260603()","fullName":"COFEPRIS.Tramite260603.MainPage260603Test.Proceso260603","labels":[{"name":"junit.platform.uniqueid","value":"[engine:junit-jupiter]/[class:COFEPRIS.Tramite260603.MainPage260603Test]/[method:Proceso260603()]"},{"name":"host","value":"DESKTOP-4IU7UDQ"},{"name":"thread","value":"54972@DESKTOP-4IU7UDQ.main(3)"},{"name":"framework","value":"junit-platform"},{"name":"language","value":"java"},{"name":"package","value":"COFEPRIS.Tramite260603.MainPage260603Test"},{"name":"testClass","value":"COFEPRIS.Tramite260603.MainPage260603Test"},{"name":"testMethod","value":"Proceso260603"},{"name":"suite","value":"COFEPRIS.Tramite260603.MainPage260603Test"}],"links":[],"name":"Proceso260603()","status":"failed","statusDetails":{"known":false,"muted":false,"flaky":false,"message":"Invalid element state [By.xpath: /html/body/main/div/div[4]/div[1]/form/div[2]/ul/li[3]/a/label]: element click intercepted: Element <label style=\"font-weight: normal;\" for=\"captura.tab.tercerosRelacionados\">...</label> is not clickable at point (542, 17). Other element would receive the click: <div class=\"collapse navbar-collapse\" id=\"navbarMainCollapse\">...</div>\r\nScreenshot: file:/C:/VucemAuto/automations/build/reports/tests/1745631008028.0.png\r\nPage source: file:/C:/VucemAuto/automations/build/reports/tests/1745631008028.0.html\r\nTimeout: 4 s.\r\nCaused by: ElementClickInterceptedException: element click intercepted: Element <label style=\"font-weight: normal;\" for=\"captura.tab.tercerosRelacionados\">...</label> is not clickable at point (542, 17). Other element would receive the click: <div class=\"collapse navbar-collapse\" id=\"navbarMainCollapse\">...</div>","trace":"Invalid element state [By.xpath: /html/body/main/div/div[4]/div[1]/form/div[2]/ul/li[3]/a/label]: element click intercepted: Element <label style=\"font-weight: normal;\" for=\"captura.tab.tercerosRelacionados\">...</label> is not clickable at point (542, 17). Other element would receive the click: <div class=\"collapse navbar-collapse\" id=\"navbarMainCollapse\">...</div>\r\nScreenshot: file:/C:/VucemAuto/automations/build/reports/tests/1745631008028.0.png\r\nPage source: file:/C:/VucemAuto/automations/build/reports/tests/1745631008028.0.html\r\nTimeout: 4 s.\r\nCaused by: ElementClickInterceptedException: element click intercepted: Element <label style=\"font-weight: normal;\" for=\"captura.tab.tercerosRelacionados\">...</label> is not clickable at point (542, 17). Other element would receive the click: <div class=\"collapse navbar-collapse\" id=\"navbarMainCollapse\">...</div>\r\n\tat com.codeborne.selenide.impl.ExceptionWrapper.wrap(ExceptionWrapper.java:26)\r\n\tat com.codeborne.selenide.impl.SelenideElementProxy.dispatchAndRetry(SelenideElementProxy.java:156)\r\n\tat com.codeborne.selenide.impl.SelenideElementProxy.invoke(SelenideElementProxy.java:86)\r\n\tat jdk.proxy2/jdk.proxy2.$Proxy11.click(Unknown Source)\r\n\tat COFEPRIS.Tramite260603.MainPage260603Test.lambda$Proceso260603$0(MainPage260603Test.java:159)\r\n\tat COFEPRIS.Tramite260603.MainPage260603Test.ejecutarProcesoNRunnable(MainPage260603Test.java:205)\r\n\tat COFEPRIS.Tramite260603.MainPage260603Test.Proceso260603(MainPage260603Test.java:103)\r\n\tat java.base/jdk.internal.reflect.DirectMethodHandleAccessor.invoke(DirectMethodHandleAccessor.java:104)\r\n\tat java.base/java.lang.reflect.Method.invoke(Method.java:565)\r\n\tat org.junit.platform.commons.util.ReflectionUtils.invokeMethod(ReflectionUtils.java:728)\r\n\tat org.junit.jupiter.engine.execution.MethodInvocation.proceed(MethodInvocation.java:60)\r\n\tat org.junit.jupiter.engine.execution.InvocationInterceptorChain$ValidatingInvocation.proceed(InvocationInterceptorChain.java:131)\r\n\tat org.junit.jupiter.engine.extension.TimeoutExtension.intercept(TimeoutExtension.java:156)\r\n\tat org.junit.jupiter.engine.extension.TimeoutExtension.interceptTestableMethod(TimeoutExtension.java:147)\r\n\tat org.junit.jupiter.engine.extension.TimeoutExtension.interceptTestMethod(TimeoutExtension.java:86)\r\n\tat org.junit.jupiter.engine.execution.InterceptingExecutableInvoker$ReflectiveInterceptorCall.lambda$ofVoidMethod$0(InterceptingExecutableInvoker.java:103)\r\n\tat org.junit.jupiter.engine.execution.InterceptingExecutableInvoker.lambda$invoke$0(InterceptingExecutableInvoker.java:93)\r\n\tat org.junit.jupiter.engine.execution.InvocationInterceptorChain$InterceptedInvocation.proceed(InvocationInterceptorChain.java:106)\r\n\tat org.junit.jupiter.engine.execution.InvocationInterceptorChain.proceed(InvocationInterceptorChain.java:64)\r\n\tat org.junit.jupiter.engine.execution.InvocationInterceptorChain.chainAndInvoke(InvocationInterceptorChain.java:45)\r\n\tat org.junit.jupiter.engine.execution.InvocationInterceptorChain.invoke(InvocationInterceptorChain.java:37)\r\n\tat org.junit.jupiter.engine.execution.InterceptingExecutableInvoker.invoke(InterceptingExecutableInvoker.java:92)\r\n\tat org.junit.jupiter.engine.execution.InterceptingExecutableInvoker.invoke(InterceptingExecutableInvoker.java:86)\r\n\tat org.junit.jupiter.engine.descriptor.TestMethodTestDescriptor.lambda$invokeTestMethod$7(TestMethodTestDescriptor.java:218)\r\n\tat org.junit.platform.engine.support.hierarchical.ThrowableCollector.execute(ThrowableCollector.java:73)\r\n\tat org.junit.jupiter.engine.descriptor.TestMethodTestDescriptor.invokeTestMethod(TestMethodTestDescriptor.java:214)\r\n\tat org.junit.jupiter.engine.descriptor.TestMethodTestDescriptor.execute(TestMethodTestDescriptor.java:139)\r\n\tat org.junit.jupiter.engine.descriptor.TestMethodTestDescriptor.execute(TestMethodTestDescriptor.java:69)\r\n\tat org.junit.platform.engine.support.hierarchical.NodeTestTask.lambda$executeRecursively$6(NodeTestTask.java:151)\r\n\tat org.junit.platform.engine.support.hierarchical.ThrowableCollector.execute(ThrowableCollector.java:73)\r\n\tat org.junit.platform.engine.support.hierarchical.NodeTestTask.lambda$executeRecursively$8(NodeTestTask.java:141)\r\n\tat org.junit.platform.engine.support.hierarchical.Node.around(Node.java:137)\r\n\tat org.junit.platform.engine.support.hierarchical.NodeTestTask.lambda$executeRecursively$9(NodeTestTask.java:139)\r\n\tat org.junit.platform.engine.support.hierarchical.ThrowableCollector.execute(ThrowableCollector.java:73)\r\n\tat org.junit.platform.engine.support.hierarchical.NodeTestTask.executeRecursively(NodeTestTask.java:138)\r\n\tat org.junit.platform.engine.support.hierarchical.NodeTestTask.execute(NodeTestTask.java:95)\r\n\tat java.base/java.util.ArrayList.forEach(ArrayList.java:1604)\r\n\tat org.junit.platform.engine.support.hierarchical.SameThreadHierarchicalTestExecutorService.invokeAll(SameThreadHierarchicalTestExecutorService.java:41)\r\n\tat org.junit.platform.engine.support.hierarchical.NodeTestTask.lambda$executeRecursively$6(NodeTestTask.java:155)\r\n\tat org.junit.platform.engine.support.hierarchical.ThrowableCollector.execute(ThrowableCollector.java:73)\r\n\tat org.junit.platform.engine.support.hierarchical.NodeTestTask.lambda$executeRecursively$8(NodeTestTask.java:141)\r\n\tat org.junit.platform.engine.support.hierarchical.Node.around(Node.java:137)\r\n\tat org.junit.platform.engine.support.hierarchical.NodeTestTask.lambda$executeRecursively$9(NodeTestTask.java:139)\r\n\tat org.junit.platform.engine.support.hierarchical.ThrowableCollector.execute(ThrowableCollector.java:73)\r\n\tat org.junit.platform.engine.support.hierarchical.NodeTestTask.executeRecursively(NodeTestTask.java:138)\r\n\tat org.junit.platform.engine.support.hierarchical.NodeTestTask.execute(NodeTestTask.java:95)\r\n\tat java.base/java.util.ArrayList.forEach(ArrayList.java:1604)\r\n\tat org.junit.platform.engine.support.hierarchical.SameThreadHierarchicalTestExecutorService.invokeAll(SameThreadHierarchicalTestExecutorService.java:41)\r\n\tat org.junit.platform.engine.support.hierarchical.NodeTestTask.lambda$executeRecursively$6(NodeTestTask.java:155)\r\n\tat org.junit.platform.engine.support.hierarchical.ThrowableCollector.execute(ThrowableCollector.java:73)\r\n\tat org.junit.platform.engine.support.hierarchical.NodeTestTask.lambda$executeRecursively$8(NodeTestTask.java:141)\r\n\tat org.junit.platform.engine.support.hierarchical.Node.around(Node.java:137)\r\n\tat org.junit.platform.engine.support.hierarchical.NodeTestTask.lambda$executeRecursively$9(NodeTestTask.java:139)\r\n\tat org.junit.platform.engine.support.hierarchical.ThrowableCollector.execute(ThrowableCollector.java:73)\r\n\tat org.junit.platform.engine.support.hierarchical.NodeTestTask.executeRecursively(NodeTestTask.java:138)\r\n\tat org.junit.platform.engine.support.hierarchical.NodeTestTask.execute(NodeTestTask.java:95)\r\n\tat org.junit.platform.engine.support.hierarchical.SameThreadHierarchicalTestExecutorService.submit(SameThreadHierarchicalTestExecutorService.java:35)\r\n\tat org.junit.platform.engine.support.hierarchical.HierarchicalTestExecutor.execute(HierarchicalTestExecutor.java:57)\r\n\tat org.junit.platform.engine.support.hierarchical.HierarchicalTestEngine.execute(HierarchicalTestEngine.java:54)\r\n\tat org.junit.platform.launcher.core.EngineExecutionOrchestrator.execute(EngineExecutionOrchestrator.java:147)\r\n\tat org.junit.platform.launcher.core.EngineExecutionOrchestrator.execute(EngineExecutionOrchestrator.java:127)\r\n\tat org.junit.platform.launcher.core.EngineExecutionOrchestrator.execute(EngineExecutionOrchestrator.java:90)\r\n\tat org.junit.platform.launcher.core.EngineExecutionOrchestrator.lambda$execute$0(EngineExecutionOrchestrator.java:55)\r\n\tat org.junit.platform.launcher.core.EngineExecutionOrchestrator.withInterceptedStreams(EngineExecutionOrchestrator.java:102)\r\n\tat org.junit.platform.launcher.core.EngineExecutionOrchestrator.execute(EngineExecutionOrchestrator.java:54)\r\n\tat org.junit.platform.launcher.core.DefaultLauncher.execute(DefaultLauncher.java:114)\r\n\tat org.junit.platform.launcher.core.DefaultLauncher.execute(DefaultLauncher.java:86)\r\n\tat org.junit.platform.launcher.core.DefaultLauncherSession$DelegatingLauncher.execute(DefaultLauncherSession.java:86)\r\n\tat org.junit.platform.launcher.core.SessionPerRequestLauncher.execute(SessionPerRequestLauncher.java:53)\r\n\tat com.intellij.junit5.JUnit5IdeaTestRunner.startRunnerWithArgs(JUnit5IdeaTestRunner.java:57)\r\n\tat com.intellij.rt.junit.IdeaTestRunner$Repeater$1.execute(IdeaTestRunner.java:38)\r\n\tat com.intellij.rt.execution.junit.TestsRepeater.repeat(TestsRepeater.java:11)\r\n\tat com.intellij.rt.junit.IdeaTestRunner$Repeater.startRunnerWithArgs(IdeaTestRunner.java:35)\r\n\tat com.intellij.rt.junit.JUnitStarter.prepareStreamsAndStart(JUnitStarter.java:232)\r\n\tat com.intellij.rt.junit.JUnitStarter.main(JUnitStarter.java:55)\r\nCaused by: org.openqa.selenium.ElementClickInterceptedException: element click intercepted: Element <label style=\"font-weight: normal;\" for=\"captura.tab.tercerosRelacionados\">...</label> is not clickable at point (542, 17). Other element would receive the click: <div class=\"collapse navbar-collapse\" id=\"navbarMainCollapse\">...</div>\n  (Session info: chrome=135.0.7049.96)\nBuild info: version: '4.19.1', revision: 'abe0ee07dc'\nSystem info: os.name: 'Windows 11', os.arch: 'amd64', os.version: '10.0', java.version: '24'\nDriver info: org.openqa.selenium.chrome.ChromeDriver\nCommand: [2c0f97c073c6fe79f92215c920f57758, clickElement {id=f.76070E5D60C29D55102C1A8C7275549A.d.E7B2729793B1187BFA8BBFFEBE4F2C0F.e.399}]\nCapabilities {acceptInsecureCerts: true, browserName: chrome, browserVersion: 135.0.7049.96, chrome: {chromedriverVersion: 135.0.7049.114 (63fd8a7d9d0..., userDataDir: C:\\Users\\JCARLO~1\\AppData\\L...}, fedcm:accounts: true, goog:chromeOptions: {debuggerAddress: localhost:56878}, networkConnectionEnabled: false, pageLoadStrategy: normal, platformName: windows, proxy: Proxy(), se:cdp: ws://localhost:56878/devtoo..., se:cdpVersion: 135.0.7049.96, setWindowRect: true, strictFileInteractability: false, timeouts: {implicit: 0, pageLoad: 300000, script: 30000}, unhandledPromptBehavior: accept, webauthn:extension:credBlob: true, webauthn:extension:largeBlob: true, webauthn:extension:minPinLength: true, webauthn:extension:prf: true, webauthn:virtualAuthenticators: true}\nElement: [[ChromeDriver: chrome on windows (2c0f97c073c6fe79f92215c920f57758)] -> xpath: /html/body/main/div/div[4]/div[1]/form/div[2]/ul/li[3]/a/label]\nSession ID: 2c0f97c073c6fe79f92215c920f57758\r\n\tat java.base/jdk.internal.reflect.DirectConstructorHandleAccessor.newInstance(DirectConstructorHandleAccessor.java:62)\r\n\tat java.base/java.lang.reflect.Constructor.newInstanceWithCaller(Constructor.java:499)\r\n\tat java.base/java.lang.reflect.Constructor.newInstance(Constructor.java:483)\r\n\tat org.openqa.selenium.remote.ErrorCodec.decode(ErrorCodec.java:167)\r\n\tat org.openqa.selenium.remote.codec.w3c.W3CHttpResponseCodec.decode(W3CHttpResponseCodec.java:138)\r\n\tat org.openqa.selenium.remote.codec.w3c.W3CHttpResponseCodec.decode(W3CHttpResponseCodec.java:50)\r\n\tat org.openqa.selenium.remote.HttpCommandExecutor.execute(HttpCommandExecutor.java:190)\r\n\tat org.openqa.selenium.remote.service.DriverCommandExecutor.invokeExecute(DriverCommandExecutor.java:216)\r\n\tat org.openqa.selenium.remote.service.DriverCommandExecutor.execute(DriverCommandExecutor.java:174)\r\n\tat org.openqa.selenium.remote.RemoteWebDriver.execute(RemoteWebDriver.java:518)\r\n\tat org.openqa.selenium.remote.RemoteWebElement.execute(RemoteWebElement.java:223)\r\n\tat org.openqa.selenium.remote.RemoteWebElement.click(RemoteWebElement.java:76)\r\n\tat com.codeborne.selenide.commands.Click.defaultClick(Click.java:106)\r\n\tat com.codeborne.selenide.commands.Click.doClick(Click.java:83)\r\n\tat com.codeborne.selenide.commands.Click.click(Click.java:59)\r\n\tat com.codeborne.selenide.commands.Click.execute(Click.java:34)\r\n\tat com.codeborne.selenide.commands.Click.execute(Click.java:26)\r\n\tat com.codeborne.selenide.commands.Commands.execute(Commands.java:162)\r\n\tat com.codeborne.selenide.impl.SelenideElementProxy.dispatchAndRetry(SelenideElementProxy.java:134)\r\n\t... 73 more\r\n"},"stage":"finished","description":"","steps":[{"name":"$(\"open\") https://wwwqa.ventanillaunica.gob.mx/ventanilla-HA/authentication.action?showLogin=%22;","status":"passed","stage":"finished","steps":[],"attachments":[],"parameters":[],"start":1745630894121,"stop":1745630906096},{"name":"$(\"By.xpath: //*[@id='certificate']\") set value(C:\\VucemAuto\\automations\\src\\test\\resources\\CredSoli\\aal0409235e6.cer)","status":"passed","stage":"finished","steps":[],"attachments":[],"parameters":[],"start":1745630906103,"stop":1745630906414},{"name":"$(\"By.xpath: //*[@id='privateKey']\") set value(C:\\VucemAuto\\automations\\src\\test\\resources\\CredSoli\\AAL0409235E6_1012231310.key)","status":"passed","stage":"finished","steps":[],"attachments":[],"parameters":[],"start":1745630906414,"stop":1745630906507},{"name":"$(\"By.xpath: //*[@id='privateKeyPassword']\") set value(delfin40)","status":"passed","stage":"finished","steps":[],"attachments":[],"parameters":[],"start":1745630906507,"stop":1745630906691},{"name":"$(\"By.xpath: /html/body/div[2]/form/div[1]/div/div[2]/div/div[4]/div/button[2]\") click()","status":"passed","stage":"finished","steps":[],"attachments":[],"parameters":[],"start":1745630906692,"stop":1745630906814},{"name":"$(\"By.xpath: //*[@id='claveRol']\") send keys(Persona Moral)","status":"passed","stage":"finished","steps":[],"attachments":[],"parameters":[],"start":1745630906814,"stop":1745630909198},{"name":"$(\"By.xpath: //button[@name='ingresar']\") click()","status":"passed","stage":"finished","steps":[],"attachments":[],"parameters":[],"start":1745630909198,"stop":1745630910377},{"name":"$(\"By.xpath: //*[@id='Trámites']\") send keys(Solicitudes nuevas)","status":"passed","stage":"finished","steps":[],"attachments":[],"parameters":[],"start":1745630910377,"stop":1745630913383},{"name":"$(\"By.xpath: /html/body/main/div/div[2]/div[1]/div[1]/div/nav/div/div[2]/ul/li[5]/ul/li[3]/a\") click()","status":"passed","stage":"finished","steps":[],"attachments":[],"parameters":[],"start":1745630913383,"stop":1745630913522},{"name":"$(\"By.xpath: /html/body/main/div/div[3]/div/form/a[3]/img\") click()","status":"passed","stage":"finished","steps":[],"attachments":[],"parameters":[],"start":1745630913522,"stop":1745630915416},{"name":"$(\"By.xpath: /html/body/main/div/div[3]/div/div[6]/ul/li/a\") click()","status":"passed","stage":"finished","steps":[],"attachments":[],"parameters":[],"start":1745630915417,"stop":1745630916062},{"name":"$(\"By.xpath: /html/body/main/div/div[3]/div/div[6]/ul/li/ul/li[6]/a\") click()","status":"passed","stage":"finished","steps":[],"attachments":[],"parameters":[],"start":1745630916063,"stop":1745630916763},{"name":"$(\"By.xpath: /html/body/main/div/div[3]/div/div[6]/ul/li/ul/li[6]/ul/li[3]/a\") click()","status":"passed","stage":"finished","steps":[],"attachments":[],"parameters":[],"start":1745630916763,"stop":1745630917156},{"name":"$(\"By.xpath: /html/body/main/div/div[4]/div[1]/form/div[2]/ul/li[2]/a/label\") click()","status":"passed","stage":"finished","steps":[],"attachments":[],"parameters":[],"start":1745630917157,"stop":1745630960449},{"name":"$(\"By.xpath: //*[@id='btnEstablecimiento']\") click()","status":"passed","stage":"finished","steps":[],"attachments":[],"parameters":[],"start":1745630960451,"stop":1745630960565},{"name":"$(\"By.xpath: /html/body/div[25]/div[3]/div/button\") click()","status":"passed","stage":"finished","steps":[],"attachments":[],"parameters":[],"start":1745630960565,"stop":1745630962172},{"name":"$(\"By.xpath: //*[@id=\"solicitud.establecimiento.razonSocial\"]\") send keys(AAL0409235E6)","status":"passed","stage":"finished","steps":[],"attachments":[],"parameters":[],"start":1745630962172,"stop":1745630962244},{"name":"$(\"By.xpath: //*[@id=\"solicitud.establecimiento.correoElectronico\"]\") send keys(PRUEBA@test.com)","status":"passed","stage":"finished","steps":[],"attachments":[],"parameters":[],"start":1745630962244,"stop":1745630962323},{"name":"$(\"By.xpath: //*[@id='solicitud.establecimiento.domicilio.codigoPostal']\") send keys(01234)","status":"passed","stage":"finished","steps":[],"attachments":[],"parameters":[],"start":1745630962323,"stop":1745630962420},{"name":"$(\"By.xpath: //*[@id=\"entidadFederativa\"]\") send keys(CIUDAD DE MÉXICO)","status":"passed","stage":"finished","steps":[],"attachments":[],"parameters":[],"start":1745630962420,"stop":1745630962472},{"name":"$(\"By.xpath: //*[@id='solicitud.establecimiento.domicilio.descripcionMunicipio']\") send keys(Benito Juárez)","status":"passed","stage":"finished","steps":[],"attachments":[],"parameters":[],"start":1745630962472,"stop":1745630962567},{"name":"$(\"By.xpath: //*[@id='solicitud.establecimiento.domicilio.informacionExtra']\") send keys(Cerca del parque)","status":"passed","stage":"finished","steps":[],"attachments":[],"parameters":[],"start":1745630962567,"stop":1745630962668},{"name":"$(\"By.xpath: //*[@id='solicitud.establecimiento.domicilio.descripcionColonia']\") send keys(Del Valle)","status":"passed","stage":"finished","steps":[],"attachments":[],"parameters":[],"start":1745630962668,"stop":1745630962776},{"name":"$(\"By.xpath: //*[@id='solicitud.establecimiento.domicilio.calle']\") send keys(Insurgentes Sur)","status":"passed","stage":"finished","steps":[],"attachments":[],"parameters":[],"start":1745630962776,"stop":1745630962841},{"name":"$(\"By.xpath: //*[@id=\"solicitud.establecimiento.domicilio.lada\"]\") send keys(52)","status":"passed","stage":"finished","steps":[],"attachments":[],"parameters":[],"start":1745630962841,"stop":1745630962923},{"name":"$(\"By.xpath: //*[@id='solicitud.establecimiento.domicilio.telefono']\") send keys(5555555555)","status":"passed","stage":"finished","steps":[],"attachments":[],"parameters":[],"start":1745630962923,"stop":1745630962990},{"name":"$(\"By.xpath: //*[@id='btnScianAgregar']\") click()","status":"passed","stage":"finished","steps":[],"attachments":[],"parameters":[],"start":1745630962990,"stop":1745630963101},{"name":"$(\"By.xpath: //*[@id=\"comboSCIAN\"]\") select option(614041)","status":"passed","stage":"finished","steps":[],"attachments":[],"parameters":[],"start":1745630963101,"stop":1745630963472},{"name":"$(\"By.xpath: //input[@onclick='javascript:agregarDatosSCIAN();']\") click()","status":"passed","stage":"finished","steps":[],"attachments":[],"parameters":[],"start":1745630963472,"stop":1745630963692},{"name":"$(\"By.xpath: //*[@id=\"avisoFuncionamiento\"]\") click()","status":"passed","stage":"finished","steps":[],"attachments":[],"parameters":[],"start":1745630963692,"stop":1745630963879},{"name":"$(\"By.xpath: //*[@id=\"aduanas\"]\") select option(ACAPULCO, PUERTO Y AEROPUERTO)","status":"passed","stage":"finished","steps":[],"attachments":[],"parameters":[],"start":1745630963879,"stop":1745630963927},{"name":"$(\"By.xpath: //*[@id=\"btnagregarAduana\"]\") click()","status":"passed","stage":"finished","steps":[],"attachments":[],"parameters":[],"start":1745630963927,"stop":1745630964062},{"name":"$(\"By.xpath: //*[@id='mercanciaGrid.idClasificacionProducto']\") send keys(PRECURSORES QUIMICOS)","status":"passed","stage":"finished","steps":[],"attachments":[],"parameters":[],"start":1745630964062,"stop":1745630964468},{"name":"$(\"By.xpath: //*[@id='mercanciaGrid.ideSubClasificacionProducto']\") send keys(No aplica)","status":"passed","stage":"finished","steps":[],"attachments":[],"parameters":[],"start":1745630964468,"stop":1745630964544},{"name":"$(\"By.xpath: //*[@id='idDenominacionDistintiva']\") send keys(Distintiva123)","status":"passed","stage":"finished","steps":[],"attachments":[],"parameters":[],"start":1745630964544,"stop":1745630964640},{"name":"$(\"By.xpath: //*[@id=\"nombreCientifico\"]\") send keys(PRUEBAS PRUEBUS)","status":"passed","stage":"finished","steps":[],"attachments":[],"parameters":[],"start":1745630964640,"stop":1745630964721},{"name":"$(\"By.xpath: //*[@id='mercanciaGrid.tipoProducto.idTipoProductoTipoTramite']\") send keys(Producto a granel)","status":"passed","stage":"finished","steps":[],"attachments":[],"parameters":[],"start":1745630964721,"stop":1745630964776},{"name":"$(\"By.xpath: //*[@id='mercanciaGrid.idEstadoFisico']\") send keys(Liquido)","status":"passed","stage":"finished","steps":[],"attachments":[],"parameters":[],"start":1745630964776,"stop":1745630964859},{"name":"$(\"By.xpath: //*[@id='fraccionArancelaria']\") send keys(29333299)","status":"passed","stage":"finished","steps":[],"attachments":[],"parameters":[],"start":1745630964859,"stop":1745630965018},{"name":"$(\"By.xpath: //*[@id='cantidadUMC']\") send keys(1234)","status":"passed","stage":"finished","steps":[],"attachments":[],"parameters":[],"start":1745630965018,"stop":1745630965537},{"name":"$(\"By.xpath: //*[@id=\"mercanciaGrid.unidadMedidaComercial.clave\"]\") send keys(JUEGO)","status":"passed","stage":"finished","steps":[],"attachments":[],"parameters":[],"start":1745630965537,"stop":1745630965604},{"name":"$(\"By.xpath: //*[@id=\"porcentajeConcentracion\"]\") send keys(25)","status":"passed","stage":"finished","steps":[],"attachments":[],"parameters":[],"start":1745630965604,"stop":1745630965710},{"name":"$(\"By.xpath: //*[@id=\"idImporteFacturaUSD\"]\") send keys(123)","status":"passed","stage":"finished","steps":[],"attachments":[],"parameters":[],"start":1745630965710,"stop":1745630965787},{"name":"$(\"By.xpath: //*[@id=\"fechaImpExp\"]\") get wrapped element()","status":"passed","stage":"finished","steps":[],"attachments":[],"parameters":[],"start":1745630965787,"stop":1745630965804},{"name":"$(\"By.xpath: //*[@id=\"presentacion\"]\") send keys(PARA PRUEBA)","status":"passed","stage":"finished","steps":[],"attachments":[],"parameters":[],"start":1745630965920,"stop":1745630966008},{"name":"$(\"By.xpath: //*[@id=\"mercanciaGrid.clavesPaisesProcedencia\"]\") send keys(DEU)","status":"passed","stage":"finished","steps":[],"attachments":[],"parameters":[],"start":1745630966008,"stop":1745630966056},{"name":"$(\"By.xpath: //*[@id=\"mercanciaGrid.clavesPaisesOrigen\"]\") send keys(MEX)","status":"passed","stage":"finished","steps":[],"attachments":[],"parameters":[],"start":1745630966056,"stop":1745630966123},{"name":"$(\"By.xpath: /html/body/main/div/div[4]/div[2]/form/div[4]/div[4]/div/div[1]/button\") click()","status":"passed","stage":"finished","steps":[],"attachments":[],"parameters":[],"start":1745630966123,"stop":1745630966221},{"name":"$(\"By.xpath: //*[@id=\"usoEspecifico\"]\") send keys(FABRICACIÓN)","status":"passed","stage":"finished","steps":[],"attachments":[],"parameters":[],"start":1745630966221,"stop":1745630966593},{"name":"$(\"By.xpath: //*[@id=\"panel-listaUsosEspecificos\"]/div/div/div[2]/div/div/input[2]\") click()","status":"passed","stage":"finished","steps":[],"attachments":[],"parameters":[],"start":1745630966593,"stop":1745630966721},{"name":"$(\"By.xpath: //*[@id=\"btnAgregarMercancia\"]\") click()","status":"passed","stage":"finished","steps":[],"attachments":[],"parameters":[],"start":1745630966721,"stop":1745630967322},{"name":"$(\"By.xpath: //*[@id=\"informacionConfidencialNo\"]\") click()","status":"passed","stage":"finished","steps":[],"attachments":[],"parameters":[],"start":1745630967322,"stop":1745630967716},{"name":"$(\"By.xpath: //*[@id=\"representanteLegalRFC\"]\") send keys(MAVL621207C95)","status":"passed","stage":"finished","steps":[],"attachments":[],"parameters":[],"start":1745630967716,"stop":1745630967807},{"name":"$(\"By.xpath: //*[@id=\"consultarIDC\"]\") click()","status":"passed","stage":"finished","steps":[],"attachments":[],"parameters":[],"start":1745630991221,"stop":1745630991980},{"name":"$(\"By.xpath: /html/body/main/div/div[4]/div[1]/form/div[2]/ul/li[3]/a/label\") click()","status":"failed","statusDetails":{"known":false,"muted":false,"flaky":false,"message":"Invalid element state [By.xpath: /html/body/main/div/div[4]/div[1]/form/div[2]/ul/li[3]/a/label]: element click intercepted: Element <label style=\"font-weight: normal;\" for=\"captura.tab.tercerosRelacionados\">...</label> is not clickable at point (542, 17). Other element would receive the click: <div class=\"collapse navbar-collapse\" id=\"navbarMainCollapse\">...</div>\r\nScreenshot: file:/C:/VucemAuto/automations/build/reports/tests/1745631008028.0.png\r\nPage source: file:/C:/VucemAuto/automations/build/reports/tests/1745631008028.0.html\r\nTimeout: 4 s.\r\nCaused by: ElementClickInterceptedException: element click intercepted: Element <label style=\"font-weight: normal;\" for=\"captura.tab.tercerosRelacionados\">...</label> is not clickable at point (542, 17). Other element would receive the click: <div class=\"collapse navbar-collapse\" id=\"navbarMainCollapse\">...</div>","trace":"Invalid element state [By.xpath: /html/body/main/div/div[4]/div[1]/form/div[2]/ul/li[3]/a/label]: element click intercepted: Element <label style=\"font-weight: normal;\" for=\"captura.tab.tercerosRelacionados\">...</label> is not clickable at point (542, 17). Other element would receive the click: <div class=\"collapse navbar-collapse\" id=\"navbarMainCollapse\">...</div>\r\nScreenshot: file:/C:/VucemAuto/automations/build/reports/tests/1745631008028.0.png\r\nPage source: file:/C:/VucemAuto/automations/build/reports/tests/1745631008028.0.html\r\nTimeout: 4 s.\r\nCaused by: ElementClickInterceptedException: element click intercepted: Element <label style=\"font-weight: normal;\" for=\"captura.tab.tercerosRelacionados\">...</label> is not clickable at point (542, 17). Other element would receive the click: <div class=\"collapse navbar-collapse\" id=\"navbarMainCollapse\">...</div>\r\n\tat com.codeborne.selenide.impl.ExceptionWrapper.wrap(ExceptionWrapper.java:26)\r\n\tat com.codeborne.selenide.impl.SelenideElementProxy.dispatchAndRetry(SelenideElementProxy.java:156)\r\n\tat com.codeborne.selenide.impl.SelenideElementProxy.invoke(SelenideElementProxy.java:86)\r\n\tat jdk.proxy2/jdk.proxy2.$Proxy11.click(Unknown Source)\r\n\tat COFEPRIS.Tramite260603.MainPage260603Test.lambda$Proceso260603$0(MainPage260603Test.java:159)\r\n\tat COFEPRIS.Tramite260603.MainPage260603Test.ejecutarProcesoNRunnable(MainPage260603Test.java:205)\r\n\tat COFEPRIS.Tramite260603.MainPage260603Test.Proceso260603(MainPage260603Test.java:103)\r\n\tat java.base/jdk.internal.reflect.DirectMethodHandleAccessor.invoke(DirectMethodHandleAccessor.java:104)\r\n\tat java.base/java.lang.reflect.Method.invoke(Method.java:565)\r\n\tat org.junit.platform.commons.util.ReflectionUtils.invokeMethod(ReflectionUtils.java:728)\r\n\tat org.junit.jupiter.engine.execution.MethodInvocation.proceed(MethodInvocation.java:60)\r\n\tat org.junit.jupiter.engine.execution.InvocationInterceptorChain$ValidatingInvocation.proceed(InvocationInterceptorChain.java:131)\r\n\tat org.junit.jupiter.engine.extension.TimeoutExtension.intercept(TimeoutExtension.java:156)\r\n\tat org.junit.jupiter.engine.extension.TimeoutExtension.interceptTestableMethod(TimeoutExtension.java:147)\r\n\tat org.junit.jupiter.engine.extension.TimeoutExtension.interceptTestMethod(TimeoutExtension.java:86)\r\n\tat org.junit.jupiter.engine.execution.InterceptingExecutableInvoker$ReflectiveInterceptorCall.lambda$ofVoidMethod$0(InterceptingExecutableInvoker.java:103)\r\n\tat org.junit.jupiter.engine.execution.InterceptingExecutableInvoker.lambda$invoke$0(InterceptingExecutableInvoker.java:93)\r\n\tat org.junit.jupiter.engine.execution.InvocationInterceptorChain$InterceptedInvocation.proceed(InvocationInterceptorChain.java:106)\r\n\tat org.junit.jupiter.engine.execution.InvocationInterceptorChain.proceed(InvocationInterceptorChain.java:64)\r\n\tat org.junit.jupiter.engine.execution.InvocationInterceptorChain.chainAndInvoke(InvocationInterceptorChain.java:45)\r\n\tat org.junit.jupiter.engine.execution.InvocationInterceptorChain.invoke(InvocationInterceptorChain.java:37)\r\n\tat org.junit.jupiter.engine.execution.InterceptingExecutableInvoker.invoke(InterceptingExecutableInvoker.java:92)\r\n\tat org.junit.jupiter.engine.execution.InterceptingExecutableInvoker.invoke(InterceptingExecutableInvoker.java:86)\r\n\tat org.junit.jupiter.engine.descriptor.TestMethodTestDescriptor.lambda$invokeTestMethod$7(TestMethodTestDescriptor.java:218)\r\n\tat org.junit.platform.engine.support.hierarchical.ThrowableCollector.execute(ThrowableCollector.java:73)\r\n\tat org.junit.jupiter.engine.descriptor.TestMethodTestDescriptor.invokeTestMethod(TestMethodTestDescriptor.java:214)\r\n\tat org.junit.jupiter.engine.descriptor.TestMethodTestDescriptor.execute(TestMethodTestDescriptor.java:139)\r\n\tat org.junit.jupiter.engine.descriptor.TestMethodTestDescriptor.execute(TestMethodTestDescriptor.java:69)\r\n\tat org.junit.platform.engine.support.hierarchical.NodeTestTask.lambda$executeRecursively$6(NodeTestTask.java:151)\r\n\tat org.junit.platform.engine.support.hierarchical.ThrowableCollector.execute(ThrowableCollector.java:73)\r\n\tat org.junit.platform.engine.support.hierarchical.NodeTestTask.lambda$executeRecursively$8(NodeTestTask.java:141)\r\n\tat org.junit.platform.engine.support.hierarchical.Node.around(Node.java:137)\r\n\tat org.junit.platform.engine.support.hierarchical.NodeTestTask.lambda$executeRecursively$9(NodeTestTask.java:139)\r\n\tat org.junit.platform.engine.support.hierarchical.ThrowableCollector.execute(ThrowableCollector.java:73)\r\n\tat org.junit.platform.engine.support.hierarchical.NodeTestTask.executeRecursively(NodeTestTask.java:138)\r\n\tat org.junit.platform.engine.support.hierarchical.NodeTestTask.execute(NodeTestTask.java:95)\r\n\tat java.base/java.util.ArrayList.forEach(ArrayList.java:1604)\r\n\tat org.junit.platform.engine.support.hierarchical.SameThreadHierarchicalTestExecutorService.invokeAll(SameThreadHierarchicalTestExecutorService.java:41)\r\n\tat org.junit.platform.engine.support.hierarchical.NodeTestTask.lambda$executeRecursively$6(NodeTestTask.java:155)\r\n\tat org.junit.platform.engine.support.hierarchical.ThrowableCollector.execute(ThrowableCollector.java:73)\r\n\tat org.junit.platform.engine.support.hierarchical.NodeTestTask.lambda$executeRecursively$8(NodeTestTask.java:141)\r\n\tat org.junit.platform.engine.support.hierarchical.Node.around(Node.java:137)\r\n\tat org.junit.platform.engine.support.hierarchical.NodeTestTask.lambda$executeRecursively$9(NodeTestTask.java:139)\r\n\tat org.junit.platform.engine.support.hierarchical.ThrowableCollector.execute(ThrowableCollector.java:73)\r\n\tat org.junit.platform.engine.support.hierarchical.NodeTestTask.executeRecursively(NodeTestTask.java:138)\r\n\tat org.junit.platform.engine.support.hierarchical.NodeTestTask.execute(NodeTestTask.java:95)\r\n\tat java.base/java.util.ArrayList.forEach(ArrayList.java:1604)\r\n\tat org.junit.platform.engine.support.hierarchical.SameThreadHierarchicalTestExecutorService.invokeAll(SameThreadHierarchicalTestExecutorService.java:41)\r\n\tat org.junit.platform.engine.support.hierarchical.NodeTestTask.lambda$executeRecursively$6(NodeTestTask.java:155)\r\n\tat org.junit.platform.engine.support.hierarchical.ThrowableCollector.execute(ThrowableCollector.java:73)\r\n\tat org.junit.platform.engine.support.hierarchical.NodeTestTask.lambda$executeRecursively$8(NodeTestTask.java:141)\r\n\tat org.junit.platform.engine.support.hierarchical.Node.around(Node.java:137)\r\n\tat org.junit.platform.engine.support.hierarchical.NodeTestTask.lambda$executeRecursively$9(NodeTestTask.java:139)\r\n\tat org.junit.platform.engine.support.hierarchical.ThrowableCollector.execute(ThrowableCollector.java:73)\r\n\tat org.junit.platform.engine.support.hierarchical.NodeTestTask.executeRecursively(NodeTestTask.java:138)\r\n\tat org.junit.platform.engine.support.hierarchical.NodeTestTask.execute(NodeTestTask.java:95)\r\n\tat org.junit.platform.engine.support.hierarchical.SameThreadHierarchicalTestExecutorService.submit(SameThreadHierarchicalTestExecutorService.java:35)\r\n\tat org.junit.platform.engine.support.hierarchical.HierarchicalTestExecutor.execute(HierarchicalTestExecutor.java:57)\r\n\tat org.junit.platform.engine.support.hierarchical.HierarchicalTestEngine.execute(HierarchicalTestEngine.java:54)\r\n\tat org.junit.platform.launcher.core.EngineExecutionOrchestrator.execute(EngineExecutionOrchestrator.java:147)\r\n\tat org.junit.platform.launcher.core.EngineExecutionOrchestrator.execute(EngineExecutionOrchestrator.java:127)\r\n\tat org.junit.platform.launcher.core.EngineExecutionOrchestrator.execute(EngineExecutionOrchestrator.java:90)\r\n\tat org.junit.platform.launcher.core.EngineExecutionOrchestrator.lambda$execute$0(EngineExecutionOrchestrator.java:55)\r\n\tat org.junit.platform.launcher.core.EngineExecutionOrchestrator.withInterceptedStreams(EngineExecutionOrchestrator.java:102)\r\n\tat org.junit.platform.launcher.core.EngineExecutionOrchestrator.execute(EngineExecutionOrchestrator.java:54)\r\n\tat org.junit.platform.launcher.core.DefaultLauncher.execute(DefaultLauncher.java:114)\r\n\tat org.junit.platform.launcher.core.DefaultLauncher.execute(DefaultLauncher.java:86)\r\n\tat org.junit.platform.launcher.core.DefaultLauncherSession$DelegatingLauncher.execute(DefaultLauncherSession.java:86)\r\n\tat org.junit.platform.launcher.core.SessionPerRequestLauncher.execute(SessionPerRequestLauncher.java:53)\r\n\tat com.intellij.junit5.JUnit5IdeaTestRunner.startRunnerWithArgs(JUnit5IdeaTestRunner.java:57)\r\n\tat com.intellij.rt.junit.IdeaTestRunner$Repeater$1.execute(IdeaTestRunner.java:38)\r\n\tat com.intellij.rt.execution.junit.TestsRepeater.repeat(TestsRepeater.java:11)\r\n\tat com.intellij.rt.junit.IdeaTestRunner$Repeater.startRunnerWithArgs(IdeaTestRunner.java:35)\r\n\tat com.intellij.rt.junit.JUnitStarter.prepareStreamsAndStart(JUnitStarter.java:232)\r\n\tat com.intellij.rt.junit.JUnitStarter.main(JUnitStarter.java:55)\r\nCaused by: org.openqa.selenium.ElementClickInterceptedException: element click intercepted: Element <label style=\"font-weight: normal;\" for=\"captura.tab.tercerosRelacionados\">...</label> is not clickable at point (542, 17). Other element would receive the click: <div class=\"collapse navbar-collapse\" id=\"navbarMainCollapse\">...</div>\n  (Session info: chrome=135.0.7049.96)\nBuild info: version: '4.19.1', revision: 'abe0ee07dc'\nSystem info: os.name: 'Windows 11', os.arch: 'amd64', os.version: '10.0', java.version: '24'\nDriver info: org.openqa.selenium.chrome.ChromeDriver\nCommand: [2c0f97c073c6fe79f92215c920f57758, clickElement {id=f.76070E5D60C29D55102C1A8C7275549A.d.E7B2729793B1187BFA8BBFFEBE4F2C0F.e.399}]\nCapabilities {acceptInsecureCerts: true, browserName: chrome, browserVersion: 135.0.7049.96, chrome: {chromedriverVersion: 135.0.7049.114 (63fd8a7d9d0..., userDataDir: C:\\Users\\JCARLO~1\\AppData\\L...}, fedcm:accounts: true, goog:chromeOptions: {debuggerAddress: localhost:56878}, networkConnectionEnabled: false, pageLoadStrategy: normal, platformName: windows, proxy: Proxy(), se:cdp: ws://localhost:56878/devtoo..., se:cdpVersion: 135.0.7049.96, setWindowRect: true, strictFileInteractability: false, timeouts: {implicit: 0, pageLoad: 300000, script: 30000}, unhandledPromptBehavior: accept, webauthn:extension:credBlob: true, webauthn:extension:largeBlob: true, webauthn:extension:minPinLength: true, webauthn:extension:prf: true, webauthn:virtualAuthenticators: true}\nElement: [[ChromeDriver: chrome on windows (2c0f97c073c6fe79f92215c920f57758)] -> xpath: /html/body/main/div/div[4]/div[1]/form/div[2]/ul/li[3]/a/label]\nSession ID: 2c0f97c073c6fe79f92215c920f57758\r\n\tat java.base/jdk.internal.reflect.DirectConstructorHandleAccessor.newInstance(DirectConstructorHandleAccessor.java:62)\r\n\tat java.base/java.lang.reflect.Constructor.newInstanceWithCaller(Constructor.java:499)\r\n\tat java.base/java.lang.reflect.Constructor.newInstance(Constructor.java:483)\r\n\tat org.openqa.selenium.remote.ErrorCodec.decode(ErrorCodec.java:167)\r\n\tat org.openqa.selenium.remote.codec.w3c.W3CHttpResponseCodec.decode(W3CHttpResponseCodec.java:138)\r\n\tat org.openqa.selenium.remote.codec.w3c.W3CHttpResponseCodec.decode(W3CHttpResponseCodec.java:50)\r\n\tat org.openqa.selenium.remote.HttpCommandExecutor.execute(HttpCommandExecutor.java:190)\r\n\tat org.openqa.selenium.remote.service.DriverCommandExecutor.invokeExecute(DriverCommandExecutor.java:216)\r\n\tat org.openqa.selenium.remote.service.DriverCommandExecutor.execute(DriverCommandExecutor.java:174)\r\n\tat org.openqa.selenium.remote.RemoteWebDriver.execute(RemoteWebDriver.java:518)\r\n\tat org.openqa.selenium.remote.RemoteWebElement.execute(RemoteWebElement.java:223)\r\n\tat org.openqa.selenium.remote.RemoteWebElement.click(RemoteWebElement.java:76)\r\n\tat com.codeborne.selenide.commands.Click.defaultClick(Click.java:106)\r\n\tat com.codeborne.selenide.commands.Click.doClick(Click.java:83)\r\n\tat com.codeborne.selenide.commands.Click.click(Click.java:59)\r\n\tat com.codeborne.selenide.commands.Click.execute(Click.java:34)\r\n\tat com.codeborne.selenide.commands.Click.execute(Click.java:26)\r\n\tat com.codeborne.selenide.commands.Commands.execute(Commands.java:162)\r\n\tat com.codeborne.selenide.impl.SelenideElementProxy.dispatchAndRetry(SelenideElementProxy.java:134)\r\n\t... 73 more\r\n"},"stage":"finished","steps":[],"attachments":[{"name":"Screenshot","source":"5473b60d-539e-4526-b1d8-febbdadf6f38-attachment.png","type":"image/png"},{"name":"Page source","source":"6ff72cdb-d434-4b69-a7da-30d484638655-attachment.html","type":"text/html"}],"parameters":[],"start":1745631003679,"stop":1745631016970}],"attachments":[],"parameters":[],"start":1745630889231,"stop":1745631018192}